Using Spark's default log4j profile: org/apache/spark/log4j-defaults.properties
17/03/27 15:32:02 INFO Remoting: Starting remoting
17/03/27 15:32:03 INFO Remoting: Remoting started; listening on addresses :[akka.tcp://sparkDriver@172.30.203.32:59394]
Hello World!11

***************** Parameters used for EXPERIMENT *****************
	filterToUse = CosineSim
	minSimilarityThreshold = 0.32
	cosineSimilarityWindowSize= 0.2
	minWmDistanceThreshold = 0.49
	webWord2VecBaseUri = http://localhost:5000/file_model/getvector/
	maxFpmWordsToPick = 35
	minFpmWordsDetected = 0
	refreshLocalWordVectors = false
	maxExperimentIterations = 20
	maxAuxTweetsToAddEachIteration = 20
	thresholdF1 = 0.98
	classifierType = Cnn
	folderNameForCnnClassifier = 
	auxiliaryThresholdExpectation = 0.01
	fileDelimiter = ,
	trainingDataFile = data/final/ebola_training_data.txt
	validationDataFile = data/final/ebola_validation_data.txt
	auxiliaryDataFile = data/final/ebola_auxiliary_data.txt
	supplementedCleanAuxiliaryFile = data/final/ebola_auxiliary_data.txt

***************** Parameters used for EXPERIMENT *****************


Initial F1=0.94
Precision=0.89
Recall=1.0
Initial - ConfusionMatrix:
23.0  3.0   
0.0   25.0  

0.19|air radioaktif fukushima bocor lagi pekerja terpapar air radioaktif fukushima
0.28|fukushima rod get close still fire create chain ows
0.29|csmonitor tokyo electric say earthquake fukushima damage trouble nuclear plant
0.3|new spot find fukushima plant health
0.32|tour fukushima daiichi nuclear power plant via youtube
0.21|festival plan saturday child fukushima fukushima kid welcome festival
0.18|map share facebook regard radiation spread across pacific
0.13|petition address single important issue planet right radiation
0.23|extraen peligrosas barras de combustible de la accidentada central nuclear de fukushima
0.01|wieder atomstrom erzeugen antiakw
0.2|disaster spiral control fukushima prime minister ask global help alternet
0.19|ozawa japanese bureaucrat fukushima
0.22|perspective chernobyl fukushima health effect learn eastern theatomicage
0.31|fukushima radiation hit west coast fukushima
0.18|reality december fukushima fuel melt unprecedented
0.07|god help big consequence
0.28|live world watcher spreaker current event fukushima japan news
0.48|liberia record ebola death despite declare ebola
0.37|hunger kill ebola consider significant problem since rich people die
0.09|southafrica allow entry arrive country
Retrieved 5 new auxiliary tweets.
0.0|southafrica allow entry arrive country
1.0|liberia record ebola death despite declare ebola
0.0|god help big consequence
1.0|hunger kill ebola consider significant problem since rich people die
0.0|wieder atomstrom erzeugen antiakw
()
Aux F1 - Iteration-1=0.94
Precision=0.89
Recall=1.0
Aux F1 - ConfusionMatrix:
23.0  3.0   
0.0   25.0  

Best F1 so far - 0.94 at iteration:0


0.32|ebola threat real allow african conference nyc risky stupid addthis
0.29|ebola diagnose texas first case find cc higherlifefdn
0.34|front page news mean important ebola
0.33|un get medical food aid gaza earth anyone think could west ebola
0.34|fkr ebola
0.28|egomaniakos nobody count run also mean number come ebola
0.24|un vaccin possible contre le virus ebola
0.13|fajr daily story via yogageneration
0.24|tritium level rise fukushima groundwater nuclear
0.22|japan raise severity radioactive leak nuke plant china daily scoopit
0.13|welp look like cali trip outta question think video
0.2|georgemonbiot sorry seem come across lot worry info fukushima calm carry type
0.29|storage tank fukushima daiichi nuclear power plant leak gallon contaminate water
0.29|elite coverup protest ourwallstreet fukushima show people power think
0.3|late leak fukushima plant contaminate worker tokyo six worker fukushima nuclear plant
0.24|sailor response fukushima emergency result cancer
0.39|mali ebola free health minister say day without new case
0.34|msgubot frieden keep lie ebola transmission low possibility spread
0.38|aidindanger great news ebola
0.32|article un hold emergency ebola meet ebola afrika un security council hold article
Retrieved 6 new auxiliary tweets.
1.0|fkr ebola
1.0|aidindanger great news ebola
1.0|msgubot frieden keep lie ebola transmission low possibility spread
1.0|mali ebola free health minister say day without new case
1.0|un get medical food aid gaza earth anyone think could west ebola
1.0|front page news mean important ebola
()
Aux F1 - Iteration-2=0.92
Precision=0.86
Recall=1.0
Aux F1 - ConfusionMatrix:
22.0  4.0   
0.0   25.0  

Best F1 so far - 0.94 at iteration:0


0.03|aabb learn ocular complication
0.32|panic ebola expert michaelsteuer say
0.42|hard hit ebola ebola eboflip
0.25|culturalxplorer decide safe enough travel via katieaune ebola ttot
0.21|japan remove fukushima fuel rod
0.23|fukushima descubren fuga de casi toneladas de agua contaminada cuba
0.26|take close look radioactive leak fukushima japan impact worldview wbez
0.15|denuncian por negligencia la operadora de fukushima ciudadanos japoneses presentan madero tampico
0.17|ocean boil coast japan runaway core fukushima wonder
0.09|msnnow radioactive cloud expect reach
0.24|nacional descubren una nueva fuga de cuatro toneladas de agua radiactiva en fukushima
0.23|well point know never get see guess good thing bucket fukushima
0.23|fukishima watch bad ever forget one know fish get
0.16|satu harapan pltn fukushima tidak terpengaruh gempa
0.27|fukushima worker
0.19|super excite haiyan join thingmonk see fukushima geiger counter
0.19|fukushima operator start dangerous
0.26|ghana disinformation president put shoe fukushima follow realdatill news
0.29|fukushima plant brace
0.24|well make feel warm fuzzy omarzaidmd real fukushima danger blog
Retrieved 3 new auxiliary tweets.
0.0|aabb learn ocular complication
0.0|msnnow radioactive cloud expect reach
1.0|hard hit ebola ebola eboflip
()
Aux F1 - Iteration-3=0.92
Precision=0.89
Recall=0.96
Aux F1 - ConfusionMatrix:
23.0  3.0   
1.0   24.0  

Best F1 so far - 0.94 at iteration:0


0.28|nuclear radiation effect fukushima update fukushima
0.21|remove regulatead area fukushima
0.28|fukushima radiation reach coast safe level nrc say bloomberg via bloombergnow
0.28|guardian fukushima worker low morale plague health woe say insider shit
0.23|japan issue warn fukushima leak
0.23|mt richardjwood tepco plan dump radioactive water store fukushima ocean instead contain
0.18|happen fukushima responsible mass animal
0.19|fukushima una bomba radioattiva fuori mondo tempo reale
0.16|scientist want fukushima everywhere throughout
0.24|read fukushima itk
0.24|fukushima daiichi operator handle shutdown say govern party guardian
0.0|fodeo negada fodeo
0.3|really hope people get message fukushima go away get bad make
0.04|rebharms stop iaea
0.21|japan remove fukushima fuel rod
0.19|tokyo host olympics feature meter fukushima nuclear puddle jump new olympic gold medal
0.23|jellyfish baby birth defect nuclear radiation fukushima nonuke radiation
0.24|comienza retirarse el combustible gastado del reactor de fukushima
0.26|sunday close fukushima tepco allhandsondeck
0.3|japan work massive project keep damage fukushima nuclear plant leak
Retrieved 2 new auxiliary tweets.
0.0|fodeo negada fodeo
0.0|rebharms stop iaea
()
Aux F1 - Iteration-4=0.92
Precision=0.89
Recall=0.96
Aux F1 - ConfusionMatrix:
23.0  3.0   
1.0   24.0  

Best F1 so far - 0.94 at iteration:0


0.17|hotosm please sign share petition crisis let voice
0.21|like youtube video fukushima san francisco human mural
0.27|turner horror get ride fukushima fuck doom tepco
0.25|fukushima diary washington via youtube
0.29|secretnews forecast show fukushima get eye wall typhoon wipha meteorology japan
0.21|inicia tepco paso clave para desmantelar central de fukushima elmundo
0.24|abductee tell comet ison impact fukushima disaster
0.0|conspiracy theory jesse category hurricane aim
0.25|water piece nuclear fuel come ocean floor fukushima tokyo professor
0.16|fukushima lay cloud prepare rain toxic poison upon reality
0.15|mrvop fukushima begin fuel rod removal
0.23|verbalstrahl fukushima erdbeben
0.3|coyotesings fukushima first time core nuclear reactor ever fukushima three
0.3|sign west coast absolutely fry nuclear radiation fukushima via
0.23|cbsphilly cbsnews earthquake hit fukushima
0.27|typhoon stoke fear cripple fukushima nuclear plant australian via sharethis
0.25|fukushima day eat pacific ocean fish via trueactivist
0.12|pray someone somewhere take global
0.24|massive radioactive steam detect fukushima reactor
0.23|fukushima come clean editorial unthinkable think britain plan new generation
Retrieved 2 new auxiliary tweets.
0.0|pray someone somewhere take global
0.0|conspiracy theory jesse category hurricane aim
()
Aux F1 - Iteration-5=0.94
Precision=0.89
Recall=1.0
Aux F1 - ConfusionMatrix:
23.0  3.0   
0.0   25.0  

Best F1 so far - 0.94 at iteration:0


0.24|fukushima harm commerce russia reject radioactive japanese car via healthranger
0.29|japan brace tepco prepare critical phase fukushima youtube news
0.15|durch atomkatastrophe transatlantisches via youtube
0.25|fukushima business usual nuclear turkey purchase new
0.19|hay nuevas fugas radiactivas en fukushima muy interesante
0.27|fukushima say combine read outside
0.12|terremoto fukushima forte scossa vicino alla centrale niente danni
0.19|worry california toxic water hit fukushima dilute enough
0.2|magnitude earthquake shake tokyo halt train nerve fray fukushima
0.16|crisis unit demand global common dream
0.3|abe tell lie world radioactive contamination water fukushima nuclear power plant
0.21|energy cost keep japan focus nuclear abc news economy
0.27|fukushima worker order cover detection device downplay radiation level jg vibe fukushima
0.26|earthquake hit fukushima via usatoday
0.16|fukushima official hang ask potassium iodide purchase
0.24|los color de fukushima yorokobuyorokobu
0.3|jasonbermas fallout researcher fukushima bad case scenario could result billion death letshopenot
0.06|onomen ngono ya mbh ibukne mbah kinjeng jangkrikk gusmanriyad kok os mbah kupu haha loh eman
0.26|hurt especially japan pas need embarrass let world fukushima
0.25|soar radiation fukushima groundwater common dream
Retrieved 2 new auxiliary tweets.
0.0|onomen ngono ya mbh ibukne mbah kinjeng jangkrikk gusmanriyad kok os mbah kupu haha loh eman
0.0|terremoto fukushima forte scossa vicino alla centrale niente danni
()
Aux F1 - Iteration-6=0.94
Precision=0.89
Recall=1.0
Aux F1 - ConfusionMatrix:
23.0  3.0   
0.0   25.0  

Best F1 so far - 0.94 at iteration:0


0.2|scocosse fukushima pa de poursuite criminelle contre le dirigeants de tepco
0.28|tepco verliest controle fukushima
0.2|fukushima coast earthquake jpquake
0.3|fukushima npp accident nuclear disaster even one die acute radiation sickness via exskf
0.21|expertos internacionales analizan la radiactividad del mar en fukushima
0.2|photo urajiri odaka city fukushima
0.26|fukushima failure decontamination system stop function article fukushima nuclear
0.2|fukushima release enough radioactive shit pacific ocean put know wtf
0.21|break live fukushima adventure serial trespasserbroken live fukushimathe first photothe
0.27|check date pr effort fukushima nuclear crisis separate fact fiction via youtube
0.23|mind unleash fukushima state emergency leak
0.26|japan protest french fukushima toon
0.32|fukushima nuclear disaster warn world say power company bos via guardian
0.15|gafe rajoy dice los temores sobre fukushima son infundados detecta una fuga quesequede
0.26|connect dot fukushima year nuclear fukushima faq frequently ask
0.21|tell un secgen world expert must oversee fukushima decommission irresponsible
0.23|nycjim horrible radioactivity fukushima poison world time face
0.26|fukushima world fuel melt
0.3|abe go make nuclear power plant disaster fukushima please forget
0.3|fukushima threaten tell obama redirect new nuke plant
Retrieved 0 new auxiliary tweets.
()
Aux F1 - Iteration-7=0.94
Precision=0.89
Recall=1.0
Aux F1 - ConfusionMatrix:
23.0  3.0   
0.0   25.0  

Best F1 so far - 0.94 at iteration:0


0.07|paul mycological remediation respon
0.31|fukushima suffer another setback tokyo operator cripple fukushima nuclear plant say
0.27|number one concern humanity radioactivity level find fukushima plant well ajw asahi shimbun
0.23|dot earth blog fukushima radiation pose california risk
0.2|fukushima break news warn pacific genocide typhoon kevin
0.24|removal fuel rod begin fukushima daiichi nuclear plant
0.25|world action fukushima harvey wasserman via
-0.02|pcv pressure suddenly decrease half reason verify
0.21|ewdolan fukushima nuclear evacuation zone photo available online
0.25|fukushima disaster advocate argue safe nuclear power none
0.26|fukushima radiation hit west coast hit felt canadian mexican citizen
0.23|question fukushima fish think
0.22|fukushima industry make unfortunate brand choice via qz
0.28|record radiation fukushima detect via sharethis
0.24|fukushima japan bad enuf also go spray chemtrails ty etoujyuuroku
0.2|post edit fukushima syria cyrus
0.32|drhcaldicott fukushima new normal nuclear via conversationedu
0.16|msm tell death climatewarning climate global kxl fracking
0.06|human mural ocean beach san francisco
0.31|bbc news fukushima leak bad lead
Retrieved 3 new auxiliary tweets.
0.0|pcv pressure suddenly decrease half reason verify
0.0|human mural ocean beach san francisco
0.0|paul mycological remediation respon
()
Aux F1 - Iteration-8=0.92
Precision=0.89
Recall=0.96
Aux F1 - ConfusionMatrix:
23.0  3.0   
1.0   24.0  

Best F1 so far - 0.94 at iteration:0


0.21|japan marine expert fukushima radioactive tank may already empty pacific ocean
0.18|tokyo governor slam fukushima coverage eve olympics vote
0.21|enenews mislead public inaccurate information fukushima
-0.01|enough
0.14|fukushima fish unsafe human ok pacific whale witness incredible suffer shameonus
0.21|next fukushima responsibility
0.2|apaajanews kebocoran reaktor nuklir fukushima memburuk
0.24|scion iq japan spend store radioactive fukushima watch hot girl
0.3|fukushima
0.14|anyone else worry fukushima genuinely japansfucked
0.22|la empresas japonesas contratan indigentes para limpiar la zona del desastre nuclear de fukushima
0.26|massive expensive untested wall ice keep fukushima via huffpostcanada
0.3|fukushima leak problem nuclear
0.26|fukushima reactor well water seawall thousand via yutakatheblues
0.24|new think fukushima wake shun get
0.31|fukushima news decontamination iaea via youtube
0.23|tornades entre fukushima et tokyo
0.21|lawsonbulk fukushima fishery resume trial fish sample prove safe japan time
0.23|giappone prima turbina eolica davanti alle coste di fukushima via newsrepublic
0.2|epkyrosis demand global fukushima hit critical mass harvey wasserman
Retrieved 1 new auxiliary tweets.
0.0|enough
()
Aux F1 - Iteration-9=0.94
Precision=0.89
Recall=1.0
Aux F1 - ConfusionMatrix:
23.0  3.0   
0.0   25.0  

Best F1 so far - 0.94 at iteration:0


0.27|radiation level spike fukushima plant radiation read near tank hold toxic water
0.23|bos jimcameron save pandora pull big gun pressure real cleanup fukushima savethepacific
0.11|may concern situation
0.28|japan radiation read spike fukushima nuclear plant bring company contaminate
0.07|fafafava amo esta noticia trucha
0.21|japan steuert auf fukushima zu via welt
0.23|report fukushima overwhelm radioactive water asiapacific
0.31|fukushima get two year situation stricken nuclear power plant
0.19|fukushima mutate sea
0.23|fukushima story via akaider goldhardshell
0.21|gaat nog raar worden daar fukushima en dus de rest van de
0.19|refuelrefire marwhoa play japan fukushima squidcocks thats uniform
0.22|accord pour surveiller fukushima et tchernobyl de science technologie
0.26|japan touch others fukushima water crisis
0.21|aaalrightythen world community must take charge fukushima moveon environnement worldhealth nucular
0.27|annoyedgamer rate fukushima radiation spread also get king ghidorah mothra rodan whole lot
0.28|fukushima usa prepare nuclear kill
0.22|current fukushima exclusion zone map via safecast
[Stage 460:>                                                        (0 + 2) / 2]0.23|official japan admit ton radioactive water fukushima enter pacific ocean
                                                                                0.14|fukushima kid yumi kikuchi fairewinds energy education
Retrieved 2 new auxiliary tweets.
0.0|fafafava amo esta noticia trucha
0.0|may concern situation
()
Aux F1 - Iteration-10=0.94
Precision=0.89
Recall=1.0
Aux F1 - ConfusionMatrix:
23.0  3.0   
0.0   25.0  

Best F1 so far - 0.94 at iteration:0


0.16|fukushima aktuell mangel lagertanks behindert grundwasserarbeiten japan
0.17|minute video show everything need know
0.19|pierrejparent freelancemother fukushima yet need independent task force take
0.16|sendyrenave fukushima collaboration heal perfecture earthquake ago
0.13|power reactor rarely demolish rather abandon watchfully leave chernobyl
0.22|us ronald reagan sailor report cancer fukushima rescue mission
0.28|japan spend million fix fukushima nuclear crisis tokyo japan set pledge
0.26|japan pm step deal fukushima
0.2|terrify secret fukushima
0.25|de la embajada keicho fukushima pasando por san francisco javier con visita solidaria fukushima
0.13|ockham fukushima niemand dood en toch het zo laten vol voor nucleair
0.18|giappone allerta tifone verso fukushima mondo via
0.0|baby two head bear
0.27|destruction heritage sit syria raise question cost democracy occupy ows occupywallstreet
0.32|nyc forecast overnight partly low temp occupywallstreet tpp
0.3|nyc forecast afternoon high temp occupywallstreet tpp sgp
[Stage 503:>                                                        (0 + 2) / 2]0.28|link city underwater year occupy ows occupywallstreet occupyhq grassroots usa
                                                                                0.26|vietnamese lawyer face obstruction ahead trial occupy ows occupywallstreet occupyhq grassroots
0.28|andrew curtin photo selfie occupy ows occupywallstreet occupyhq grassroots
0.32|nyc forecast wed night low temp occupywallstreet glennbeck tcot
Retrieved 1 new auxiliary tweets.
0.0|baby two head bear
()
Aux F1 - Iteration-11=0.94
Precision=0.89
Recall=1.0
Aux F1 - ConfusionMatrix:
23.0  3.0   
0.0   25.0  

Best F1 so far - 0.94 at iteration:0


0.3|alex schaefer burn bank occupy ows occupywallstreet occupyhq grassroots
0.03|study economic inequality lead downfall civilization
0.28|dome special slideshow occupy ows occupywallstreet occupyhq grassroots
0.28|cme break occupy ows occupywallstreet occupyhq
0.32|nyc forecast mon high temp get smart occupywallstreet sgp
0.35|preview death bin lade revisted nightly news video occupy ows occupywallstreet occupyhq
0.27|irs rule bitcoin property subject capital gain tax occupy ows occupywallstreet occupyhq grassroots
0.28|confession juiced journalist occupy ows occupywallstreet occupyhq grassroots
0.14|ows kitchen nostalgia submit
0.32|nyc forecast sit night partly low temp occupywallstreet tcot
0.32|nyc forecast fri night low temp occupywallstreet topprog glennbeck
0.3|israel gaza big picture occupy ows occupywallstreet occupyhq grassroots usa canada europe
0.32|nyc forecast sun night mostly low temp occupywallstreet tpp glennbeck
0.3|secretive turkish movement buy influence occupy ows occupywallstreet occupyhq grassroots usa
0.31|nyc forecast sit night mostly low temp occupywallstreet tcot tcot
0.3|nyc forecast afternoon high temp occupywallstreet tpp
0.18|buy custom nyc street sign may suggest
0.31|jesse jackson call symbolic protest clipper player occupy ows occupywallstreet occupyhq
[Stage 550:>                                                        (0 + 2) / 2]                                                                                0.31|brussels conference un stress need approach stabilize mali occupy ows occupywallstreet
0.17|occupywallstreet give nypd perfect excuse crack elderly veteran
Retrieved 2 new auxiliary tweets.
0.0|study economic inequality lead downfall civilization
1.0|preview death bin lade revisted nightly news video occupy ows occupywallstreet occupyhq
()
Aux F1 - Iteration-12=0.94
Precision=0.89
Recall=1.0
Aux F1 - ConfusionMatrix:
23.0  3.0   
0.0   25.0  

Best F1 so far - 0.94 at iteration:0


0.3|colombia justice peace law failure expert say occupy ows occupywallstreet occupyhq grassroots
0.3|soil association disown say resign trustee occupy ows occupywallstreet occupyhq
0.29|cull human herd century occupy ows occupywallstreet occupyhq grassroots
0.19|support brother sister occupygezi reoccupy zuccotti occupywallstreet
0.29|may ga reid park occupy ows occupywallstreet occupyhq grassroots usa canada
0.29|unhcr urge prevent refugee expulsion uae occupy ows occupywallstreet occupyhq grassroots
0.32|new corvette spytech record conversation video occupy ows occupywallstreet occupyhq grassroots usa
0.2|hilaryclinton run president hilary care olsx teamster occupywallstreet
0.3|japan next economic domino occupy ows occupywallstreet occupyhq grassroots
0.23|dear state department moral authority tell country treat protest occupywallstreet
0.16|together jefferson airplane occupywallstreet
0.31|politico rand paul marco rubio differ iraq action occupy ows occupywallstreet occupyhq grassroots
0.32|nyc forecast fri night mostly low temp get smart occupywallstreet tlot tlot
0.33|banky bbc news occupy ows occupywallstreet occupyhq grassroots
0.31|nyc forecast tue night low temp occupywallstreet teaparty
0.23|alliancebl give bank tab occupywallstreet
[Stage 593:>                                                        (0 + 2) / 2]0.27|ban kettle hairdryers help climate change occupy ows occupywallstreet
                                                                                0.2|fin fraud jp morgan agree pay record settle charge toxic mortgage occupywallstreet
0.29|shooter moncton phone report part video occupy ows occupywallstreet occupyhq
0.28|reason question investigate anniversary occupy ows occupywallstreet occupyhq
Retrieved 1 new auxiliary tweets.
1.0|banky bbc news occupy ows occupywallstreet occupyhq grassroots
()
Aux F1 - Iteration-13=0.92
Precision=0.86
Recall=1.0
Aux F1 - ConfusionMatrix:
22.0  4.0   
0.0   25.0  

Best F1 so far - 0.94 at iteration:0


0.25|government privatization support inequality occupy ows opesr occupyhq
0.29|welcome back lobbyist obama save seat capitol hill occupy ows occupywallstreet occupyhq
0.3|surveillance camera soon read lip video occupy ows occupywallstreet occupyhq grassroots
0.3|rand woman problem occupy ows occupywallstreet occupyhq grassroots
0.3|unhcr condemn deadly attack homs collective shelter occupy ows occupywallstreet occupyhq grassroots
0.3|nyc forecast wed high temp get smart occupywallstreet ocra teaparty
0.28|rat meat sell lamb china occupy ows occupywallstreet occupyhq grassroots
0.29|gunfail ix occupy ows occupywallstreet occupyhq grassroots
0.29|work poor welcome occupy ows occupywallstreet occupyhq grassroots usa canada
0.33|nyc forecast mon night low temp get smart occupywallstreet topprog glennbeck
0.05|maddowblog agenda reek radicalism turn notch
0.33|nyc forecast wed night low temp occupywallstreet sgp
0.25|green group accuse trash reputation overseas occupy ows occupywallstreet occupyhq
0.23|noamchomsky quote mymanatee ows occupywallstreet
0.21|santa give present rich occupywallstreet perpetuatingpoverty
[Stage 637:>                                                        (0 + 2) / 2][Stage 637:============================>                            (1 + 1) / 2]                                                                                0.02|il movimento mondiale osservato anche da nel andremo micah white
0.3|texas appalachia put body line occupy ows occupywallstreet occupyhq grassroots
0.18|shugdenlibrary dalai lama slave owner dalailama lamagate occupywallstreet
0.23|include contradiction democracy centralism leadership lead ows occupywallstreet
0.31|global may day protest austerity death bangladeshi worker via youtube ows occupywallstreet
Retrieved 4 new auxiliary tweets.
0.0|maddowblog agenda reek radicalism turn notch
0.0|il movimento mondiale osservato anche da nel andremo micah white
1.0|nyc forecast wed night low temp occupywallstreet sgp
1.0|nyc forecast mon night low temp get smart occupywallstreet topprog glennbeck
()
Aux F1 - Iteration-14=0.92
Precision=0.86
Recall=1.0
Aux F1 - ConfusionMatrix:
22.0  4.0   
0.0   25.0  

Best F1 so far - 0.94 at iteration:0


0.29|decolonize pipeline resistance interview freda huson occupy ows occupywallstreet occupyhq grassroots
0.32|nyc forecast thu night mostly low temp occupywallstreet tpp topprog
0.2|win mt gaypatriot occupywallstreet communist occupyhongkong
0.3|may day la schedule occupy ows occupywallstreet occupyhq grassroots
0.11|kelly thomas verdict cop license murder filmthepolice anonfamily opsafewinter occupywallstreet
0.29|hqoccupy sudanese trader kill south sudan ambush occupy ows occupywallstreet occupyhq grassroots
0.3|nyc forecast wed night low temp occupywallstreet ocra topprog
0.29|iran two ahwazi arab men risk imminent execution occupy ows occupywallstreet occupyhq grassroots
0.29|amateur activist occupy ows occupywallstreet occupyhq grassroots usa canada
0.29|nyc forecast sun high temp occupywallstreet tpp tpp
0.22|greek police arrest editor weekly magazine dissent ows occupygreece occupywallstreet
0.31|news november occupy ows occupywallstreet occupyhq grassroots usa canada
0.28|malala receive liberty medal occupy ows occupywallstreet occupyhq grassroots usa canada
[Stage 680:>                                                        (0 + 2) / 2]                                                                                0.3|pentagon ready train syrian rebel occupy ows occupywallstreet occupyhq grassroots usa
0.32|nyc forecast wed night mostly low temp occupywallstreet tpp topprog
0.3|turkey withstand hostage ordeal say turkish pm occupy ows occupywallstreet occupyhq grassroots usa
0.29|hardliner impeach moderate minister green movement protest occupy ows occupywallstreet
0.3|silent crisis bahrain opposition seek support international attention russia occupy ows occupywallstreet
0.29|celente world currency trouble occupy ows occupywallstreet occupyhq grassroots
0.21|return pluribus occupy opesr ows
Retrieved 1 new auxiliary tweets.
0.0|kelly thomas verdict cop license murder filmthepolice anonfamily opsafewinter occupywallstreet
()
Aux F1 - Iteration-15=0.94
Precision=0.89
Recall=1.0
Aux F1 - ConfusionMatrix:
23.0  3.0   
0.0   25.0  

Best F1 so far - 0.94 at iteration:0


0.15|bureau reclamation release additional flow avert klamath river fish occupy ows
0.32|nyc forecast mon night low temp occupywallstreet tlot sgp
0.26|phoenix last night cop kill unarm black man afraid prescription bottle occupy
0.32|nyc forecast mon night mostly low temp occupywallstreet topprog tcot
0.29|syria meet end solution occupy ows occupywallstreet occupyhq grassroots
0.13|giovalenzi il natale vince su tutto capodanno nella grande happy new year
0.31|nyc forecast sit night low temp occupywallstreet ocra sgp
0.32|nyc forecast wed night mostly low temp occupywallstreet tpp
0.23|alle reden zur deutsche bank hauptversammlung frankfurt occupy ows
0.31|nyc forecast fri partly high temp get smart occupywallstreet tlot topprog
0.12|qe backfire dividend quest usurp growth cut research quantitative ease may make
0.3|crisis southern new part occupy ows occupywallstreet occupyhq grassroots
0.24|occupywallstreet penney store close via huffpostbiz
0.31|one bad thing pet fish occupy ows occupywallstreet occupyhq
0.26|vadodara zoo special conducive environment animal summer occupy ows occupywallstreet occupyhq
0.32|nyc forecast sit night low temp occupywallstreet glennbeck
0.29|mexico new grave find hunt miss student occupy ows occupywallstreet occupyhq grassroots usa
0.3|nyc forecast sit partly high temp occupywallstreet tlot
0.29|german spy agency geopolitical consequence oil boom occupy ows occupywallstreet occupyhq grassroots
0.3|nyc forecast fri high temp occupywallstreet glennbeck tpp
Retrieved 1 new auxiliary tweets.
0.0|qe backfire dividend quest usurp growth cut research quantitative ease may make
()
Aux F1 - Iteration-16=0.92
Precision=0.89
Recall=0.96
Aux F1 - ConfusionMatrix:
23.0  3.0   
1.0   24.0  

Best F1 so far - 0.94 at iteration:0


0.31|hitchhiker save woman racist kook occupy ows occupywallstreet occupyhq grassroots
0.33|ensure bad outcome cyprus tell world occupy ows occupywallstreet occupyhq grassroots
0.28|tell congress bank must fix mistake credit report occupywallstreet nyc ohio
0.11|think might interest ebola awareness clown comedy serious
0.14|get ebolavirus guideline
0.19|dwoehrl frisch gebloggt ebola gibt noch viel zu woehrlwideweb
0.33|ebola warrior
0.24|liberia decide empty hospital easy enough ebola
0.26|difference mers ebola via timehealth
0.23|sierra leone ebola sierra leone warn level avoid nonessential travel travel credit car
Retrieved 3 new auxiliary tweets.
1.0|ensure bad outcome cyprus tell world occupy ows occupywallstreet occupyhq grassroots
0.0|think might interest ebola awareness clown comedy serious
1.0|ebola warrior
()
Aux F1 - Iteration-17=0.94
Precision=0.89
Recall=1.0
Aux F1 - ConfusionMatrix:
23.0  3.0   
0.0   25.0  

Best F1 so far - 0.94 at iteration:0


Exception in thread "main" java.lang.Exception: No more auxiliary tweets to retrieve.
	at Implementations.AuxiliaryDataRetrievers.FpmAuxiliaryFilter.retrieveAuxiliaryData(FpmAuxiliaryFilter.scala:39)
	at Implementations.AuxiliaryDataRetrievers.FpmAuxiliaryFilter.filter(FpmAuxiliaryFilter.scala:21)
	at main.scala.Implementations.AuxiliaryDataBasedExperiment.performExperiment(AuxiliaryDataBasedExperiment.scala:76)
	at main.scala.Implementations.AuxiliaryDataBasedExperiment.SetupAndRunExperiment(AuxiliaryDataBasedExperiment.scala:147)
	at main.scala.program$.main(program.scala:39)
	at main.scala.program.main(program.scala)
	at sun.reflect.NativeMethodAccessorImpl.invoke0(Native Method)
	at sun.reflect.NativeMethodAccessorImpl.invoke(NativeMethodAccessorImpl.java:62)
	at sun.reflect.DelegatingMethodAccessorImpl.invoke(DelegatingMethodAccessorImpl.java:43)
	at java.lang.reflect.Method.invoke(Method.java:497)
	at com.intellij.rt.execution.application.AppMain.main(AppMain.java:140)
