Using Spark's default log4j profile: org/apache/spark/log4j-defaults.properties
17/03/27 19:42:32 INFO Remoting: Starting remoting
17/03/27 19:42:32 INFO Remoting: Remoting started; listening on addresses :[akka.tcp://sparkDriver@172.30.203.32:55524]
Hello World!11

***************** Parameters used for EXPERIMENT *****************
	filterToUse = CosineSim
	minSimilarityThreshold = 0.8
	cosineSimilarityWindowSize= 0.3
	minWmDistanceThreshold = 0.49
	webWord2VecBaseUri = http://localhost:5000/getvector/
	maxFpmWordsToPick = 35
	minFpmWordsDetected = 0
	refreshLocalWordVectors = false
	maxExperimentIterations = 20
	maxAuxTweetsToAddEachIteration = 20
	thresholdF1 = 0.98
	classifierType = LogisticRegression
	folderNameForCnnClassifier = 
	auxiliaryThresholdExpectation = 0.01
	fileDelimiter = ,
	trainingDataFile = data/final/ebola_training_data.txt
	validationDataFile = data/final/ebola_validation_data.txt
	auxiliaryDataFile = data/final/ebola_auxiliary_data.txt
	supplementedCleanAuxiliaryFile = data/final/ebola_auxiliary_data.txt

***************** Parameters used for EXPERIMENT *****************

**********Omitting Tweet**********:research combat
**********Omitting Tweet**********:man possibly infect texas
**********Omitting Tweet**********:ynaija uche okorie open letter nigerian doctor
**********Omitting Tweet**********:research combat
**********Omitting Tweet**********:man possibly infect texas
**********Omitting Tweet**********:ynaija uche okorie open letter nigerian doctor
**********Omitting Tweet**********:research combat
**********Omitting Tweet**********:man possibly infect texas
**********Omitting Tweet**********:ynaija uche okorie open letter nigerian doctor
**********Omitting Tweet**********:research combat
**********Omitting Tweet**********:man possibly infect texas
**********Omitting Tweet**********:ynaija uche okorie open letter nigerian doctor
**********Omitting Tweet**********:research combat
**********Omitting Tweet**********:man possibly infect texas
**********Omitting Tweet**********:ynaija uche okorie open letter nigerian doctor
**********Omitting Tweet**********:research combat
**********Omitting Tweet**********:man possibly infect texas
**********Omitting Tweet**********:ynaija uche okorie open letter nigerian doctor
**********Omitting Tweet**********:research combat
**********Omitting Tweet**********:man possibly infect texas
**********Omitting Tweet**********:ynaija uche okorie open letter nigerian doctor

Initial F1=0.82
Precision=0.79
Recall=0.88
Initial - ConfusionMatrix:
20.0  6.0   
3.0   22.0  

**********Omitting Tweet**********:wieder atomstrom erzeugen antiakw
0.52|air radioaktif fukushima bocor lagi pekerja terpapar air radioaktif fukushima
0.38|fukushima rod get close still fire create chain ows
0.5|csmonitor tokyo electric say earthquake fukushima damage trouble nuclear plant
0.5|new spot find fukushima plant health
0.51|tour fukushima daiichi nuclear power plant via youtube
0.51|festival plan saturday child fukushima fukushima kid welcome festival
0.65|map share facebook regard radiation spread across pacific
0.51|petition address single important issue planet right radiation
0.52|extraen peligrosas barras de combustible de la accidentada central nuclear de fukushima
0.0|wieder atomstrom erzeugen antiakw
0.48|disaster spiral control fukushima prime minister ask global help alternet
0.52|ozawa japanese bureaucrat fukushima
0.54|perspective chernobyl fukushima health effect learn eastern theatomicage
0.53|fukushima radiation hit west coast fukushima
0.52|reality december fukushima fuel melt unprecedented
0.34|god help big consequence
0.49|live world watcher spreaker current event fukushima japan news
0.92|liberia record ebola death despite declare ebola
0.86|hunger kill ebola consider significant problem since rich people die
0.86|southafrica allow entry arrive country
Retrieved 10 new auxiliary tweets.
0.0|new spot find fukushima plant health
0.0|god help big consequence
0.0|wieder atomstrom erzeugen antiakw
0.0|disaster spiral control fukushima prime minister ask global help alternet
1.0|liberia record ebola death despite declare ebola
0.0|fukushima rod get close still fire create chain ows
0.0|csmonitor tokyo electric say earthquake fukushima damage trouble nuclear plant
1.0|hunger kill ebola consider significant problem since rich people die
1.0|southafrica allow entry arrive country
0.0|live world watcher spreaker current event fukushima japan news
()**********Omitting Tweet**********:wieder atomstrom erzeugen antiakw
**********Omitting Tweet**********:wieder atomstrom erzeugen antiakw
**********Omitting Tweet**********:wieder atomstrom erzeugen antiakw
**********Omitting Tweet**********:research combat
**********Omitting Tweet**********:man possibly infect texas
**********Omitting Tweet**********:ynaija uche okorie open letter nigerian doctor
**********Omitting Tweet**********:research combat
**********Omitting Tweet**********:man possibly infect texas
**********Omitting Tweet**********:ynaija uche okorie open letter nigerian doctor
**********Omitting Tweet**********:research combat
**********Omitting Tweet**********:man possibly infect texas
**********Omitting Tweet**********:ynaija uche okorie open letter nigerian doctor
**********Omitting Tweet**********:research combat
**********Omitting Tweet**********:man possibly infect texas
**********Omitting Tweet**********:ynaija uche okorie open letter nigerian doctor
**********Omitting Tweet**********:research combat
**********Omitting Tweet**********:man possibly infect texas
**********Omitting Tweet**********:ynaija uche okorie open letter nigerian doctor
**********Omitting Tweet**********:research combat
**********Omitting Tweet**********:man possibly infect texas
**********Omitting Tweet**********:ynaija uche okorie open letter nigerian doctor
**********Omitting Tweet**********:research combat
**********Omitting Tweet**********:man possibly infect texas
**********Omitting Tweet**********:ynaija uche okorie open letter nigerian doctor

Aux F1 - Iteration-1=0.82
Precision=0.79
Recall=0.88
Aux F1 - ConfusionMatrix:
20.0  6.0   
3.0   22.0  

Best F1 so far - 0.82 at iteration:0


0.59|ebola threat real allow african conference nyc risky stupid addthis
0.92|ebola diagnose texas first case find cc higherlifefdn
0.92|front page news mean important ebola
0.8|un get medical food aid gaza earth anyone think could west ebola
0.91|fkr ebola
0.91|egomaniakos nobody count run also mean number come ebola
0.92|un vaccin possible contre le virus ebola
0.62|fajr daily story via yogageneration
0.53|tritium level rise fukushima groundwater nuclear
0.51|japan raise severity radioactive leak nuke plant china daily scoopit
-0.08|welp look like cali trip outta question think video
0.49|georgemonbiot sorry seem come across lot worry info fukushima calm carry type
0.5|storage tank fukushima daiichi nuclear power plant leak gallon contaminate water
0.43|elite coverup protest ourwallstreet fukushima show people power think
0.51|late leak fukushima plant contaminate worker tokyo six worker fukushima nuclear plant
0.52|sailor response fukushima emergency result cancer
0.79|mali ebola free health minister say day without new case
0.91|msgubot frieden keep lie ebola transmission low possibility spread
0.92|aidindanger great news ebola
0.92|article un hold emergency ebola meet ebola afrika un security council hold article
Retrieved 12 new auxiliary tweets.
1.0|ebola diagnose texas first case find cc higherlifefdn
0.0|storage tank fukushima daiichi nuclear power plant leak gallon contaminate water
0.0|elite coverup protest ourwallstreet fukushima show people power think
1.0|msgubot frieden keep lie ebola transmission low possibility spread
1.0|aidindanger great news ebola
1.0|article un hold emergency ebola meet ebola afrika un security council hold article
0.0|georgemonbiot sorry seem come across lot worry info fukushima calm carry type
1.0|front page news mean important ebola
1.0|fkr ebola
1.0|un vaccin possible contre le virus ebola
0.0|welp look like cali trip outta question think video
1.0|egomaniakos nobody count run also mean number come ebola
()**********Omitting Tweet**********:research combat
**********Omitting Tweet**********:man possibly infect texas
**********Omitting Tweet**********:ynaija uche okorie open letter nigerian doctor
**********Omitting Tweet**********:research combat
**********Omitting Tweet**********:man possibly infect texas
**********Omitting Tweet**********:ynaija uche okorie open letter nigerian doctor
**********Omitting Tweet**********:research combat
**********Omitting Tweet**********:man possibly infect texas
**********Omitting Tweet**********:ynaija uche okorie open letter nigerian doctor
**********Omitting Tweet**********:research combat
**********Omitting Tweet**********:man possibly infect texas
**********Omitting Tweet**********:ynaija uche okorie open letter nigerian doctor
**********Omitting Tweet**********:research combat
**********Omitting Tweet**********:man possibly infect texas
**********Omitting Tweet**********:ynaija uche okorie open letter nigerian doctor
**********Omitting Tweet**********:research combat
**********Omitting Tweet**********:man possibly infect texas
**********Omitting Tweet**********:ynaija uche okorie open letter nigerian doctor
**********Omitting Tweet**********:research combat
**********Omitting Tweet**********:man possibly infect texas
**********Omitting Tweet**********:ynaija uche okorie open letter nigerian doctor

Aux F1 - Iteration-2=0.82
Precision=0.79
Recall=0.88
Aux F1 - ConfusionMatrix:
20.0  6.0   
3.0   22.0  

Best F1 so far - 0.82 at iteration:0


**********Omitting Tweet**********:aabb learn ocular complication
0.0|aabb learn ocular complication
0.91|panic ebola expert michaelsteuer say
0.91|hard hit ebola ebola eboflip
0.89|culturalxplorer decide safe enough travel via katieaune ebola ttot
0.52|japan remove fukushima fuel rod
0.52|fukushima descubren fuga de casi toneladas de agua contaminada cuba
0.48|take close look radioactive leak fukushima japan impact worldview wbez
0.52|denuncian por negligencia la operadora de fukushima ciudadanos japoneses presentan madero tampico
0.52|ocean boil coast japan runaway core fukushima wonder
0.52|msnnow radioactive cloud expect reach
0.52|nacional descubren una nueva fuga de cuatro toneladas de agua radiactiva en fukushima
0.47|well point know never get see guess good thing bucket fukushima
0.37|fukishima watch bad ever forget one know fish get
0.52|satu harapan pltn fukushima tidak terpengaruh gempa
0.52|fukushima worker
0.52|super excite haiyan join thingmonk see fukushima geiger counter
0.52|fukushima operator start dangerous
0.43|ghana disinformation president put shoe fukushima follow realdatill news
0.52|fukushima plant brace
0.49|well make feel warm fuzzy omarzaidmd real fukushima danger blog
Retrieved 9 new auxiliary tweets.
0.0|take close look radioactive leak fukushima japan impact worldview wbez
0.0|fukishima watch bad ever forget one know fish get
0.0|well point know never get see guess good thing bucket fukushima
1.0|panic ebola expert michaelsteuer say
1.0|hard hit ebola ebola eboflip
1.0|culturalxplorer decide safe enough travel via katieaune ebola ttot
0.0|ghana disinformation president put shoe fukushima follow realdatill news
0.0|well make feel warm fuzzy omarzaidmd real fukushima danger blog
0.0|aabb learn ocular complication
()**********Omitting Tweet**********:aabb learn ocular complication
**********Omitting Tweet**********:aabb learn ocular complication
**********Omitting Tweet**********:aabb learn ocular complication
**********Omitting Tweet**********:research combat
**********Omitting Tweet**********:man possibly infect texas
**********Omitting Tweet**********:ynaija uche okorie open letter nigerian doctor
**********Omitting Tweet**********:research combat
**********Omitting Tweet**********:man possibly infect texas
**********Omitting Tweet**********:ynaija uche okorie open letter nigerian doctor
**********Omitting Tweet**********:research combat
**********Omitting Tweet**********:man possibly infect texas
**********Omitting Tweet**********:ynaija uche okorie open letter nigerian doctor
**********Omitting Tweet**********:research combat
**********Omitting Tweet**********:man possibly infect texas
**********Omitting Tweet**********:ynaija uche okorie open letter nigerian doctor
**********Omitting Tweet**********:research combat
**********Omitting Tweet**********:man possibly infect texas
**********Omitting Tweet**********:ynaija uche okorie open letter nigerian doctor
**********Omitting Tweet**********:research combat
**********Omitting Tweet**********:man possibly infect texas
**********Omitting Tweet**********:ynaija uche okorie open letter nigerian doctor
**********Omitting Tweet**********:research combat
**********Omitting Tweet**********:man possibly infect texas
**********Omitting Tweet**********:ynaija uche okorie open letter nigerian doctor

Aux F1 - Iteration-3=0.82
Precision=0.79
Recall=0.88
Aux F1 - ConfusionMatrix:
20.0  6.0   
3.0   22.0  

Best F1 so far - 0.82 at iteration:0


**********Omitting Tweet**********:fodeo negada fodeo
0.52|nuclear radiation effect fukushima update fukushima
0.52|remove regulatead area fukushima
0.53|fukushima radiation reach coast safe level nrc say bloomberg via bloombergnow
0.41|guardian fukushima worker low morale plague health woe say insider shit
0.52|japan issue warn fukushima leak
0.5|mt richardjwood tepco plan dump radioactive water store fukushima ocean instead contain
0.49|happen fukushima responsible mass animal
0.52|fukushima una bomba radioattiva fuori mondo tempo reale
0.52|scientist want fukushima everywhere throughout
0.51|read fukushima itk
0.48|fukushima daiichi operator handle shutdown say govern party guardian
0.0|fodeo negada fodeo
0.43|really hope people get message fukushima go away get bad make
0.33|rebharms stop iaea
0.52|japan remove fukushima fuel rod
0.49|tokyo host olympics feature meter fukushima nuclear puddle jump new olympic gold medal
0.52|jellyfish baby birth defect nuclear radiation fukushima nonuke radiation
0.52|comienza retirarse el combustible gastado del reactor de fukushima
0.49|sunday close fukushima tepco allhandsondeck
0.51|japan work massive project keep damage fukushima nuclear plant leak
Retrieved 9 new auxiliary tweets.
0.0|fodeo negada fodeo
0.0|fukushima daiichi operator handle shutdown say govern party guardian
0.0|guardian fukushima worker low morale plague health woe say insider shit
0.0|happen fukushima responsible mass animal
0.0|rebharms stop iaea
0.0|mt richardjwood tepco plan dump radioactive water store fukushima ocean instead contain
0.0|tokyo host olympics feature meter fukushima nuclear puddle jump new olympic gold medal
0.0|sunday close fukushima tepco allhandsondeck
0.0|really hope people get message fukushima go away get bad make
()**********Omitting Tweet**********:fodeo negada fodeo
**********Omitting Tweet**********:fodeo negada fodeo
**********Omitting Tweet**********:fodeo negada fodeo
**********Omitting Tweet**********:research combat
**********Omitting Tweet**********:man possibly infect texas
**********Omitting Tweet**********:ynaija uche okorie open letter nigerian doctor
**********Omitting Tweet**********:research combat
**********Omitting Tweet**********:man possibly infect texas
**********Omitting Tweet**********:ynaija uche okorie open letter nigerian doctor
**********Omitting Tweet**********:research combat
**********Omitting Tweet**********:man possibly infect texas
**********Omitting Tweet**********:ynaija uche okorie open letter nigerian doctor
**********Omitting Tweet**********:research combat
**********Omitting Tweet**********:man possibly infect texas
**********Omitting Tweet**********:ynaija uche okorie open letter nigerian doctor
**********Omitting Tweet**********:research combat
**********Omitting Tweet**********:man possibly infect texas
**********Omitting Tweet**********:ynaija uche okorie open letter nigerian doctor
**********Omitting Tweet**********:research combat
**********Omitting Tweet**********:man possibly infect texas
**********Omitting Tweet**********:ynaija uche okorie open letter nigerian doctor
**********Omitting Tweet**********:research combat
**********Omitting Tweet**********:man possibly infect texas
**********Omitting Tweet**********:ynaija uche okorie open letter nigerian doctor

Aux F1 - Iteration-4=0.82
Precision=0.79
Recall=0.88
Aux F1 - ConfusionMatrix:
20.0  6.0   
3.0   22.0  

Best F1 so far - 0.82 at iteration:0


**********Omitting Tweet**********:conspiracy theory jesse category hurricane aim
0.45|hotosm please sign share petition crisis let voice
0.48|like youtube video fukushima san francisco human mural
0.48|turner horror get ride fukushima fuck doom tepco
0.52|fukushima diary washington via youtube
0.45|secretnews forecast show fukushima get eye wall typhoon wipha meteorology japan
0.52|inicia tepco paso clave para desmantelar central de fukushima elmundo
0.48|abductee tell comet ison impact fukushima disaster
0.0|conspiracy theory jesse category hurricane aim
0.5|water piece nuclear fuel come ocean floor fukushima tokyo professor
0.52|fukushima lay cloud prepare rain toxic poison upon reality
0.52|mrvop fukushima begin fuel rod removal
0.52|verbalstrahl fukushima erdbeben
0.49|coyotesings fukushima first time core nuclear reactor ever fukushima three
0.54|sign west coast absolutely fry nuclear radiation fukushima via
0.52|cbsphilly cbsnews earthquake hit fukushima
0.53|typhoon stoke fear cripple fukushima nuclear plant australian via sharethis
0.52|fukushima day eat pacific ocean fish via trueactivist
0.34|pray someone somewhere take global
0.52|massive radioactive steam detect fukushima reactor
0.46|fukushima come clean editorial unthinkable think britain plan new generation
Retrieved 10 new auxiliary tweets.
0.0|conspiracy theory jesse category hurricane aim
0.0|water piece nuclear fuel come ocean floor fukushima tokyo professor
0.0|pray someone somewhere take global
0.0|fukushima come clean editorial unthinkable think britain plan new generation
0.0|coyotesings fukushima first time core nuclear reactor ever fukushima three
0.0|hotosm please sign share petition crisis let voice
0.0|secretnews forecast show fukushima get eye wall typhoon wipha meteorology japan
0.0|abductee tell comet ison impact fukushima disaster
0.0|like youtube video fukushima san francisco human mural
0.0|turner horror get ride fukushima fuck doom tepco
()**********Omitting Tweet**********:conspiracy theory jesse category hurricane aim
**********Omitting Tweet**********:conspiracy theory jesse category hurricane aim
**********Omitting Tweet**********:conspiracy theory jesse category hurricane aim
**********Omitting Tweet**********:research combat
**********Omitting Tweet**********:man possibly infect texas
**********Omitting Tweet**********:ynaija uche okorie open letter nigerian doctor
**********Omitting Tweet**********:research combat
**********Omitting Tweet**********:man possibly infect texas
**********Omitting Tweet**********:ynaija uche okorie open letter nigerian doctor
**********Omitting Tweet**********:research combat
**********Omitting Tweet**********:man possibly infect texas
**********Omitting Tweet**********:ynaija uche okorie open letter nigerian doctor
**********Omitting Tweet**********:research combat
**********Omitting Tweet**********:man possibly infect texas
**********Omitting Tweet**********:ynaija uche okorie open letter nigerian doctor
**********Omitting Tweet**********:research combat
**********Omitting Tweet**********:man possibly infect texas
**********Omitting Tweet**********:ynaija uche okorie open letter nigerian doctor
**********Omitting Tweet**********:research combat
**********Omitting Tweet**********:man possibly infect texas
**********Omitting Tweet**********:ynaija uche okorie open letter nigerian doctor
**********Omitting Tweet**********:research combat
**********Omitting Tweet**********:man possibly infect texas
**********Omitting Tweet**********:ynaija uche okorie open letter nigerian doctor

Aux F1 - Iteration-5=0.82
Precision=0.79
Recall=0.88
Aux F1 - ConfusionMatrix:
20.0  6.0   
3.0   22.0  

Best F1 so far - 0.82 at iteration:0


**********Omitting Tweet**********:onomen ngono ya mbh ibukne mbah kinjeng jangkrikk gusmanriyad kok os mbah kupu haha loh eman
0.54|fukushima harm commerce russia reject radioactive japanese car via healthranger
0.48|japan brace tepco prepare critical phase fukushima youtube news
0.53|durch atomkatastrophe transatlantisches via youtube
0.48|fukushima business usual nuclear turkey purchase new
0.52|hay nuevas fugas radiactivas en fukushima muy interesante
0.46|fukushima say combine read outside
0.52|terremoto fukushima forte scossa vicino alla centrale niente danni
0.55|worry california toxic water hit fukushima dilute enough
0.52|magnitude earthquake shake tokyo halt train nerve fray fukushima
0.54|crisis unit demand global common dream
0.49|abe tell lie world radioactive contamination water fukushima nuclear power plant
0.48|energy cost keep japan focus nuclear abc news economy
0.53|fukushima worker order cover detection device downplay radiation level jg vibe fukushima
0.54|earthquake hit fukushima via usatoday
0.5|fukushima official hang ask potassium iodide purchase
0.52|los color de fukushima yorokobuyorokobu
0.49|jasonbermas fallout researcher fukushima bad case scenario could result billion death letshopenot
0.0|onomen ngono ya mbh ibukne mbah kinjeng jangkrikk gusmanriyad kok os mbah kupu haha loh eman
0.5|hurt especially japan pas need embarrass let world fukushima
0.52|soar radiation fukushima groundwater common dream
Retrieved 9 new auxiliary tweets.
0.0|abe tell lie world radioactive contamination water fukushima nuclear power plant
0.0|japan brace tepco prepare critical phase fukushima youtube news
0.0|jasonbermas fallout researcher fukushima bad case scenario could result billion death letshopenot
0.0|energy cost keep japan focus nuclear abc news economy
0.0|fukushima business usual nuclear turkey purchase new
0.0|onomen ngono ya mbh ibukne mbah kinjeng jangkrikk gusmanriyad kok os mbah kupu haha loh eman
0.0|hurt especially japan pas need embarrass let world fukushima
0.0|fukushima official hang ask potassium iodide purchase
0.0|fukushima say combine read outside
()**********Omitting Tweet**********:onomen ngono ya mbh ibukne mbah kinjeng jangkrikk gusmanriyad kok os mbah kupu haha loh eman
**********Omitting Tweet**********:onomen ngono ya mbh ibukne mbah kinjeng jangkrikk gusmanriyad kok os mbah kupu haha loh eman
**********Omitting Tweet**********:onomen ngono ya mbh ibukne mbah kinjeng jangkrikk gusmanriyad kok os mbah kupu haha loh eman
**********Omitting Tweet**********:research combat
**********Omitting Tweet**********:man possibly infect texas
**********Omitting Tweet**********:ynaija uche okorie open letter nigerian doctor
**********Omitting Tweet**********:research combat
**********Omitting Tweet**********:man possibly infect texas
**********Omitting Tweet**********:ynaija uche okorie open letter nigerian doctor
**********Omitting Tweet**********:research combat
**********Omitting Tweet**********:man possibly infect texas
**********Omitting Tweet**********:ynaija uche okorie open letter nigerian doctor
**********Omitting Tweet**********:research combat
**********Omitting Tweet**********:man possibly infect texas
**********Omitting Tweet**********:ynaija uche okorie open letter nigerian doctor
**********Omitting Tweet**********:research combat
**********Omitting Tweet**********:man possibly infect texas
**********Omitting Tweet**********:ynaija uche okorie open letter nigerian doctor
**********Omitting Tweet**********:research combat
**********Omitting Tweet**********:man possibly infect texas
**********Omitting Tweet**********:ynaija uche okorie open letter nigerian doctor
**********Omitting Tweet**********:research combat
**********Omitting Tweet**********:man possibly infect texas
**********Omitting Tweet**********:ynaija uche okorie open letter nigerian doctor

Aux F1 - Iteration-6=0.82
Precision=0.79
Recall=0.88
Aux F1 - ConfusionMatrix:
20.0  6.0   
3.0   22.0  

Best F1 so far - 0.82 at iteration:0


0.54|scocosse fukushima pa de poursuite criminelle contre le dirigeants de tepco
0.52|tepco verliest controle fukushima
0.52|fukushima coast earthquake jpquake
0.53|fukushima npp accident nuclear disaster even one die acute radiation sickness via exskf
0.52|expertos internacionales analizan la radiactividad del mar en fukushima
0.45|photo urajiri odaka city fukushima
0.51|fukushima failure decontamination system stop function article fukushima nuclear
0.51|fukushima release enough radioactive shit pacific ocean put know wtf
0.49|break live fukushima adventure serial trespasserbroken live fukushimathe first photothe
0.52|check date pr effort fukushima nuclear crisis separate fact fiction via youtube
0.5|mind unleash fukushima state emergency leak
0.46|japan protest french fukushima toon
0.5|fukushima nuclear disaster warn world say power company bos via guardian
0.52|gafe rajoy dice los temores sobre fukushima son infundados detecta una fuga quesequede
0.5|connect dot fukushima year nuclear fukushima faq frequently ask
0.5|tell un secgen world expert must oversee fukushima decommission irresponsible
0.46|nycjim horrible radioactivity fukushima poison world time face
0.5|fukushima world fuel melt
0.48|abe go make nuclear power plant disaster fukushima please forget
0.45|fukushima threaten tell obama redirect new nuke plant
Retrieved 11 new auxiliary tweets.
0.0|mind unleash fukushima state emergency leak
0.0|japan protest french fukushima toon
0.0|fukushima world fuel melt
0.0|connect dot fukushima year nuclear fukushima faq frequently ask
0.0|tell un secgen world expert must oversee fukushima decommission irresponsible
0.0|nycjim horrible radioactivity fukushima poison world time face
0.0|photo urajiri odaka city fukushima
0.0|fukushima nuclear disaster warn world say power company bos via guardian
0.0|break live fukushima adventure serial trespasserbroken live fukushimathe first photothe
0.0|abe go make nuclear power plant disaster fukushima please forget
0.0|fukushima threaten tell obama redirect new nuke plant
()**********Omitting Tweet**********:research combat
**********Omitting Tweet**********:man possibly infect texas
**********Omitting Tweet**********:ynaija uche okorie open letter nigerian doctor
**********Omitting Tweet**********:research combat
**********Omitting Tweet**********:man possibly infect texas
**********Omitting Tweet**********:ynaija uche okorie open letter nigerian doctor
**********Omitting Tweet**********:research combat
**********Omitting Tweet**********:man possibly infect texas
**********Omitting Tweet**********:ynaija uche okorie open letter nigerian doctor
**********Omitting Tweet**********:research combat
**********Omitting Tweet**********:man possibly infect texas
**********Omitting Tweet**********:ynaija uche okorie open letter nigerian doctor
**********Omitting Tweet**********:research combat
**********Omitting Tweet**********:man possibly infect texas
**********Omitting Tweet**********:ynaija uche okorie open letter nigerian doctor
**********Omitting Tweet**********:research combat
**********Omitting Tweet**********:man possibly infect texas
**********Omitting Tweet**********:ynaija uche okorie open letter nigerian doctor
**********Omitting Tweet**********:research combat
**********Omitting Tweet**********:man possibly infect texas
**********Omitting Tweet**********:ynaija uche okorie open letter nigerian doctor

Aux F1 - Iteration-7=0.82
Precision=0.79
Recall=0.88
Aux F1 - ConfusionMatrix:
20.0  6.0   
3.0   22.0  

Best F1 so far - 0.82 at iteration:0


**********Omitting Tweet**********:pcv pressure suddenly decrease half reason verify
**********Omitting Tweet**********:paul mycological remediation respon
0.0|paul mycological remediation respon
0.51|fukushima suffer another setback tokyo operator cripple fukushima nuclear plant say
0.53|number one concern humanity radioactivity level find fukushima plant well ajw asahi shimbun
0.52|dot earth blog fukushima radiation pose california risk
0.5|fukushima break news warn pacific genocide typhoon kevin
0.52|removal fuel rod begin fukushima daiichi nuclear plant
0.53|world action fukushima harvey wasserman via
0.0|pcv pressure suddenly decrease half reason verify
0.5|ewdolan fukushima nuclear evacuation zone photo available online
0.49|fukushima disaster advocate argue safe nuclear power none
0.53|fukushima radiation hit west coast hit felt canadian mexican citizen
0.52|question fukushima fish think
0.52|fukushima industry make unfortunate brand choice via qz
0.54|record radiation fukushima detect via sharethis
0.49|fukushima japan bad enuf also go spray chemtrails ty etoujyuuroku
0.45|post edit fukushima syria cyrus
0.51|drhcaldicott fukushima new normal nuclear via conversationedu
0.49|msm tell death climatewarning climate global kxl fracking
0.5|human mural ocean beach san francisco
0.45|bbc news fukushima leak bad lead
Retrieved 10 new auxiliary tweets.
0.0|fukushima break news warn pacific genocide typhoon kevin
0.0|human mural ocean beach san francisco
0.0|bbc news fukushima leak bad lead
0.0|msm tell death climatewarning climate global kxl fracking
0.0|post edit fukushima syria cyrus
0.0|fukushima japan bad enuf also go spray chemtrails ty etoujyuuroku
0.0|pcv pressure suddenly decrease half reason verify
0.0|ewdolan fukushima nuclear evacuation zone photo available online
0.0|fukushima disaster advocate argue safe nuclear power none
0.0|paul mycological remediation respon
()**********Omitting Tweet**********:paul mycological remediation respon
**********Omitting Tweet**********:pcv pressure suddenly decrease half reason verify
**********Omitting Tweet**********:paul mycological remediation respon
**********Omitting Tweet**********:pcv pressure suddenly decrease half reason verify
**********Omitting Tweet**********:paul mycological remediation respon
**********Omitting Tweet**********:pcv pressure suddenly decrease half reason verify
**********Omitting Tweet**********:research combat
**********Omitting Tweet**********:man possibly infect texas
**********Omitting Tweet**********:ynaija uche okorie open letter nigerian doctor
**********Omitting Tweet**********:research combat
**********Omitting Tweet**********:man possibly infect texas
**********Omitting Tweet**********:ynaija uche okorie open letter nigerian doctor
**********Omitting Tweet**********:research combat
**********Omitting Tweet**********:man possibly infect texas
**********Omitting Tweet**********:ynaija uche okorie open letter nigerian doctor
**********Omitting Tweet**********:research combat
**********Omitting Tweet**********:man possibly infect texas
**********Omitting Tweet**********:ynaija uche okorie open letter nigerian doctor
**********Omitting Tweet**********:research combat
**********Omitting Tweet**********:man possibly infect texas
**********Omitting Tweet**********:ynaija uche okorie open letter nigerian doctor
**********Omitting Tweet**********:research combat
**********Omitting Tweet**********:man possibly infect texas
**********Omitting Tweet**********:ynaija uche okorie open letter nigerian doctor
**********Omitting Tweet**********:research combat
**********Omitting Tweet**********:man possibly infect texas
**********Omitting Tweet**********:ynaija uche okorie open letter nigerian doctor

Aux F1 - Iteration-8=0.82
Precision=0.79
Recall=0.88
Aux F1 - ConfusionMatrix:
20.0  6.0   
3.0   22.0  

Best F1 so far - 0.82 at iteration:0


0.52|japan marine expert fukushima radioactive tank may already empty pacific ocean
0.49|tokyo governor slam fukushima coverage eve olympics vote
0.52|enenews mislead public inaccurate information fukushima
0.81|enough
0.52|fukushima fish unsafe human ok pacific whale witness incredible suffer shameonus
0.52|next fukushima responsibility
0.52|apaajanews kebocoran reaktor nuklir fukushima memburuk
0.52|scion iq japan spend store radioactive fukushima watch hot girl
0.52|fukushima
0.52|anyone else worry fukushima genuinely japansfucked
0.52|la empresas japonesas contratan indigentes para limpiar la zona del desastre nuclear de fukushima
0.53|massive expensive untested wall ice keep fukushima via huffpostcanada
0.51|fukushima leak problem nuclear
0.53|fukushima reactor well water seawall thousand via yutakatheblues
0.46|new think fukushima wake shun get
0.5|fukushima news decontamination iaea via youtube
0.52|tornades entre fukushima et tokyo
0.48|lawsonbulk fukushima fishery resume trial fish sample prove safe japan time
0.55|giappone prima turbina eolica davanti alle coste di fukushima via newsrepublic
0.5|epkyrosis demand global fukushima hit critical mass harvey wasserman
Retrieved 6 new auxiliary tweets.
0.0|lawsonbulk fukushima fishery resume trial fish sample prove safe japan time
1.0|enough
0.0|fukushima news decontamination iaea via youtube
0.0|new think fukushima wake shun get
0.0|tokyo governor slam fukushima coverage eve olympics vote
0.0|epkyrosis demand global fukushima hit critical mass harvey wasserman
()**********Omitting Tweet**********:research combat
**********Omitting Tweet**********:man possibly infect texas
**********Omitting Tweet**********:ynaija uche okorie open letter nigerian doctor
**********Omitting Tweet**********:research combat
**********Omitting Tweet**********:man possibly infect texas
**********Omitting Tweet**********:ynaija uche okorie open letter nigerian doctor
**********Omitting Tweet**********:research combat
**********Omitting Tweet**********:man possibly infect texas
**********Omitting Tweet**********:ynaija uche okorie open letter nigerian doctor
**********Omitting Tweet**********:research combat
**********Omitting Tweet**********:man possibly infect texas
**********Omitting Tweet**********:ynaija uche okorie open letter nigerian doctor
**********Omitting Tweet**********:research combat
**********Omitting Tweet**********:man possibly infect texas
**********Omitting Tweet**********:ynaija uche okorie open letter nigerian doctor
**********Omitting Tweet**********:research combat
**********Omitting Tweet**********:man possibly infect texas
**********Omitting Tweet**********:ynaija uche okorie open letter nigerian doctor
**********Omitting Tweet**********:research combat
**********Omitting Tweet**********:man possibly infect texas
**********Omitting Tweet**********:ynaija uche okorie open letter nigerian doctor

Aux F1 - Iteration-9=0.82
Precision=0.79
Recall=0.88
Aux F1 - ConfusionMatrix:
20.0  6.0   
3.0   22.0  

Best F1 so far - 0.82 at iteration:0


**********Omitting Tweet**********:fafafava amo esta noticia trucha
0.52|radiation level spike fukushima plant radiation read near tank hold toxic water
0.51|bos jimcameron save pandora pull big gun pressure real cleanup fukushima savethepacific
-0.47|may concern situation
0.51|japan radiation read spike fukushima nuclear plant bring company contaminate
0.0|fafafava amo esta noticia trucha
0.54|japan steuert auf fukushima zu via welt
0.5|report fukushima overwhelm radioactive water asiapacific
0.48|fukushima get two year situation stricken nuclear power plant
0.52|fukushima mutate sea
0.55|fukushima story via akaider goldhardshell
0.52|gaat nog raar worden daar fukushima en dus de rest van de
0.52|refuelrefire marwhoa play japan fukushima squidcocks thats uniform
0.52|accord pour surveiller fukushima et tchernobyl de science technologie
0.52|japan touch others fukushima water crisis
0.47|aaalrightythen world community must take charge fukushima moveon environnement worldhealth nucular
0.55|annoyedgamer rate fukushima radiation spread also get king ghidorah mothra rodan whole lot
0.46|fukushima usa prepare nuclear kill
0.55|current fukushima exclusion zone map via safecast
0.52|official japan admit ton radioactive water fukushima enter pacific ocean
0.52|fukushima kid yumi kikuchi fairewinds energy education
Retrieved 6 new auxiliary tweets.
0.0|aaalrightythen world community must take charge fukushima moveon environnement worldhealth nucular
0.0|fukushima usa prepare nuclear kill
0.0|may concern situation
0.0|fafafava amo esta noticia trucha
0.0|fukushima get two year situation stricken nuclear power plant
0.0|report fukushima overwhelm radioactive water asiapacific
()**********Omitting Tweet**********:fafafava amo esta noticia trucha
**********Omitting Tweet**********:fafafava amo esta noticia trucha
**********Omitting Tweet**********:fafafava amo esta noticia trucha
**********Omitting Tweet**********:research combat
**********Omitting Tweet**********:man possibly infect texas
**********Omitting Tweet**********:ynaija uche okorie open letter nigerian doctor
**********Omitting Tweet**********:research combat
**********Omitting Tweet**********:man possibly infect texas
**********Omitting Tweet**********:ynaija uche okorie open letter nigerian doctor
**********Omitting Tweet**********:research combat
**********Omitting Tweet**********:man possibly infect texas
**********Omitting Tweet**********:ynaija uche okorie open letter nigerian doctor
**********Omitting Tweet**********:research combat
**********Omitting Tweet**********:man possibly infect texas
**********Omitting Tweet**********:ynaija uche okorie open letter nigerian doctor
**********Omitting Tweet**********:research combat
**********Omitting Tweet**********:man possibly infect texas
**********Omitting Tweet**********:ynaija uche okorie open letter nigerian doctor
**********Omitting Tweet**********:research combat
**********Omitting Tweet**********:man possibly infect texas
**********Omitting Tweet**********:ynaija uche okorie open letter nigerian doctor
**********Omitting Tweet**********:research combat
**********Omitting Tweet**********:man possibly infect texas
**********Omitting Tweet**********:ynaija uche okorie open letter nigerian doctor

Aux F1 - Iteration-10=0.82
Precision=0.79
Recall=0.88
Aux F1 - ConfusionMatrix:
20.0  6.0   
3.0   22.0  

Best F1 so far - 0.82 at iteration:0


**********Omitting Tweet**********:baby two head bear
0.52|fukushima aktuell mangel lagertanks behindert grundwasserarbeiten japan
0.08|minute video show everything need know
0.47|pierrejparent freelancemother fukushima yet need independent task force take
0.52|sendyrenave fukushima collaboration heal perfecture earthquake ago
0.39|power reactor rarely demolish rather abandon watchfully leave chernobyl
0.5|us ronald reagan sailor report cancer fukushima rescue mission
0.52|japan spend million fix fukushima nuclear crisis tokyo japan set pledge
0.49|japan pm step deal fukushima
0.52|terrify secret fukushima
0.52|de la embajada keicho fukushima pasando por san francisco javier con visita solidaria fukushima
0.52|ockham fukushima niemand dood en toch het zo laten vol voor nucleair
0.55|giappone allerta tifone verso fukushima mondo via
0.0|baby two head bear
-0.58|destruction heritage sit syria raise question cost democracy occupy ows occupywallstreet
-0.59|nyc forecast overnight partly low temp occupywallstreet tpp
-0.57|nyc forecast afternoon high temp occupywallstreet tpp sgp
-0.54|link city underwater year occupy ows occupywallstreet occupyhq grassroots usa
-0.52|vietnamese lawyer face obstruction ahead trial occupy ows occupywallstreet occupyhq grassroots
-0.52|andrew curtin photo selfie occupy ows occupywallstreet occupyhq grassroots
-0.59|nyc forecast wed night low temp occupywallstreet glennbeck tcot
Retrieved 13 new auxiliary tweets.
0.0|japan pm step deal fukushima
0.0|baby two head bear
0.0|nyc forecast afternoon high temp occupywallstreet tpp sgp
0.0|andrew curtin photo selfie occupy ows occupywallstreet occupyhq grassroots
0.0|nyc forecast wed night low temp occupywallstreet glennbeck tcot
0.0|link city underwater year occupy ows occupywallstreet occupyhq grassroots usa
0.0|vietnamese lawyer face obstruction ahead trial occupy ows occupywallstreet occupyhq grassroots
0.0|us ronald reagan sailor report cancer fukushima rescue mission
0.0|pierrejparent freelancemother fukushima yet need independent task force take
0.0|power reactor rarely demolish rather abandon watchfully leave chernobyl
0.0|minute video show everything need know
0.0|destruction heritage sit syria raise question cost democracy occupy ows occupywallstreet
0.0|nyc forecast overnight partly low temp occupywallstreet tpp
()**********Omitting Tweet**********:baby two head bear
**********Omitting Tweet**********:baby two head bear
**********Omitting Tweet**********:baby two head bear
**********Omitting Tweet**********:research combat
**********Omitting Tweet**********:man possibly infect texas
**********Omitting Tweet**********:ynaija uche okorie open letter nigerian doctor
**********Omitting Tweet**********:research combat
**********Omitting Tweet**********:man possibly infect texas
**********Omitting Tweet**********:ynaija uche okorie open letter nigerian doctor
**********Omitting Tweet**********:research combat
**********Omitting Tweet**********:man possibly infect texas
**********Omitting Tweet**********:ynaija uche okorie open letter nigerian doctor
**********Omitting Tweet**********:research combat
**********Omitting Tweet**********:man possibly infect texas
**********Omitting Tweet**********:ynaija uche okorie open letter nigerian doctor
**********Omitting Tweet**********:research combat
**********Omitting Tweet**********:man possibly infect texas
**********Omitting Tweet**********:ynaija uche okorie open letter nigerian doctor
**********Omitting Tweet**********:research combat
**********Omitting Tweet**********:man possibly infect texas
**********Omitting Tweet**********:ynaija uche okorie open letter nigerian doctor
**********Omitting Tweet**********:research combat
**********Omitting Tweet**********:man possibly infect texas
**********Omitting Tweet**********:ynaija uche okorie open letter nigerian doctor

Aux F1 - Iteration-11=0.82
Precision=0.79
Recall=0.88
Aux F1 - ConfusionMatrix:
20.0  6.0   
3.0   22.0  

Best F1 so far - 0.82 at iteration:0


**********Omitting Tweet**********:study economic inequality lead downfall civilization
-0.52|alex schaefer burn bank occupy ows occupywallstreet occupyhq grassroots
0.0|study economic inequality lead downfall civilization
-0.52|dome special slideshow occupy ows occupywallstreet occupyhq grassroots
-0.5|cme break occupy ows occupywallstreet occupyhq
-0.59|nyc forecast mon high temp get smart occupywallstreet sgp
-0.5|preview death bin lade revisted nightly news video occupy ows occupywallstreet occupyhq
-0.52|irs rule bitcoin property subject capital gain tax occupy ows occupywallstreet occupyhq grassroots
-0.52|confession juiced journalist occupy ows occupywallstreet occupyhq grassroots
-0.53|ows kitchen nostalgia submit
-0.6|nyc forecast sit night partly low temp occupywallstreet tcot
-0.59|nyc forecast fri night low temp occupywallstreet topprog glennbeck
-0.56|israel gaza big picture occupy ows occupywallstreet occupyhq grassroots usa canada europe
-0.59|nyc forecast sun night mostly low temp occupywallstreet tpp glennbeck
-0.52|secretive turkish movement buy influence occupy ows occupywallstreet occupyhq grassroots usa
-0.6|nyc forecast sit night mostly low temp occupywallstreet tcot tcot
-0.57|nyc forecast afternoon high temp occupywallstreet tpp
-0.6|buy custom nyc street sign may suggest
-0.55|jesse jackson call symbolic protest clipper player occupy ows occupywallstreet occupyhq
-0.52|brussels conference un stress need approach stabilize mali occupy ows occupywallstreet
-0.46|occupywallstreet give nypd perfect excuse crack elderly veteran
Retrieved 20 new auxiliary tweets.
0.0|nyc forecast afternoon high temp occupywallstreet tpp
0.0|buy custom nyc street sign may suggest
0.0|alex schaefer burn bank occupy ows occupywallstreet occupyhq grassroots
0.0|study economic inequality lead downfall civilization
0.0|confession juiced journalist occupy ows occupywallstreet occupyhq grassroots
0.0|ows kitchen nostalgia submit
0.0|nyc forecast sit night partly low temp occupywallstreet tcot
0.0|preview death bin lade revisted nightly news video occupy ows occupywallstreet occupyhq
0.0|irs rule bitcoin property subject capital gain tax occupy ows occupywallstreet occupyhq grassroots
0.0|dome special slideshow occupy ows occupywallstreet occupyhq grassroots
0.0|cme break occupy ows occupywallstreet occupyhq
0.0|nyc forecast mon high temp get smart occupywallstreet sgp
0.0|nyc forecast sun night mostly low temp occupywallstreet tpp glennbeck
0.0|secretive turkish movement buy influence occupy ows occupywallstreet occupyhq grassroots usa
0.0|nyc forecast sit night mostly low temp occupywallstreet tcot tcot
0.0|nyc forecast fri night low temp occupywallstreet topprog glennbeck
0.0|israel gaza big picture occupy ows occupywallstreet occupyhq grassroots usa canada europe
0.0|jesse jackson call symbolic protest clipper player occupy ows occupywallstreet occupyhq
0.0|brussels conference un stress need approach stabilize mali occupy ows occupywallstreet
0.0|occupywallstreet give nypd perfect excuse crack elderly veteran
()**********Omitting Tweet**********:study economic inequality lead downfall civilization
**********Omitting Tweet**********:study economic inequality lead downfall civilization
**********Omitting Tweet**********:study economic inequality lead downfall civilization
**********Omitting Tweet**********:research combat
**********Omitting Tweet**********:man possibly infect texas
**********Omitting Tweet**********:ynaija uche okorie open letter nigerian doctor
**********Omitting Tweet**********:research combat
**********Omitting Tweet**********:man possibly infect texas
**********Omitting Tweet**********:ynaija uche okorie open letter nigerian doctor
**********Omitting Tweet**********:research combat
**********Omitting Tweet**********:man possibly infect texas
**********Omitting Tweet**********:ynaija uche okorie open letter nigerian doctor
**********Omitting Tweet**********:research combat
**********Omitting Tweet**********:man possibly infect texas
**********Omitting Tweet**********:ynaija uche okorie open letter nigerian doctor
**********Omitting Tweet**********:research combat
**********Omitting Tweet**********:man possibly infect texas
**********Omitting Tweet**********:ynaija uche okorie open letter nigerian doctor
**********Omitting Tweet**********:research combat
**********Omitting Tweet**********:man possibly infect texas
**********Omitting Tweet**********:ynaija uche okorie open letter nigerian doctor
**********Omitting Tweet**********:research combat
**********Omitting Tweet**********:man possibly infect texas
**********Omitting Tweet**********:ynaija uche okorie open letter nigerian doctor
Adding 20 auxiliary tweets to the training data.

Aux F1 - Iteration-12=0.84
Precision=0.81
Recall=0.88
Aux F1 - ConfusionMatrix:
21.0  5.0   
3.0   22.0  

Best F1 so far - 0.84 at iteration:12


**********Omitting Tweet**********:study economic inequality lead downfall civilization
-0.53|colombia justice peace law failure expert say occupy ows occupywallstreet occupyhq grassroots
**********Omitting Tweet**********:study economic inequality lead downfall civilization
-0.51|soil association disown say resign trustee occupy ows occupywallstreet occupyhq
**********Omitting Tweet**********:study economic inequality lead downfall civilization
-0.52|cull human herd century occupy ows occupywallstreet occupyhq grassroots
**********Omitting Tweet**********:study economic inequality lead downfall civilization
-0.43|support brother sister occupygezi reoccupy zuccotti occupywallstreet
**********Omitting Tweet**********:study economic inequality lead downfall civilization
-0.53|may ga reid park occupy ows occupywallstreet occupyhq grassroots usa canada
**********Omitting Tweet**********:study economic inequality lead downfall civilization
-0.52|unhcr urge prevent refugee expulsion uae occupy ows occupywallstreet occupyhq grassroots
**********Omitting Tweet**********:study economic inequality lead downfall civilization
-0.53|new corvette spytech record conversation video occupy ows occupywallstreet occupyhq grassroots usa
**********Omitting Tweet**********:study economic inequality lead downfall civilization
-0.48|hilaryclinton run president hilary care olsx teamster occupywallstreet
**********Omitting Tweet**********:study economic inequality lead downfall civilization
-0.51|japan next economic domino occupy ows occupywallstreet occupyhq grassroots
**********Omitting Tweet**********:study economic inequality lead downfall civilization
-0.16|dear state department moral authority tell country treat protest occupywallstreet
**********Omitting Tweet**********:study economic inequality lead downfall civilization
-0.46|together jefferson airplane occupywallstreet
**********Omitting Tweet**********:study economic inequality lead downfall civilization
-0.52|politico rand paul marco rubio differ iraq action occupy ows occupywallstreet occupyhq grassroots
**********Omitting Tweet**********:study economic inequality lead downfall civilization
-0.61|nyc forecast fri night mostly low temp get smart occupywallstreet tlot tlot
**********Omitting Tweet**********:study economic inequality lead downfall civilization
-0.52|banky bbc news occupy ows occupywallstreet occupyhq grassroots
**********Omitting Tweet**********:study economic inequality lead downfall civilization
-0.6|nyc forecast tue night low temp occupywallstreet teaparty
**********Omitting Tweet**********:study economic inequality lead downfall civilization
-0.48|alliancebl give bank tab occupywallstreet
**********Omitting Tweet**********:study economic inequality lead downfall civilization
-0.52|ban kettle hairdryers help climate change occupy ows occupywallstreet
**********Omitting Tweet**********:study economic inequality lead downfall civilization
-0.46|fin fraud jp morgan agree pay record settle charge toxic mortgage occupywallstreet
**********Omitting Tweet**********:study economic inequality lead downfall civilization
-0.5|shooter moncton phone report part video occupy ows occupywallstreet occupyhq
**********Omitting Tweet**********:study economic inequality lead downfall civilization
-0.5|reason question investigate anniversary occupy ows occupywallstreet occupyhq
Retrieved 20 new auxiliary tweets.
0.0|cull human herd century occupy ows occupywallstreet occupyhq grassroots
0.0|support brother sister occupygezi reoccupy zuccotti occupywallstreet
0.0|may ga reid park occupy ows occupywallstreet occupyhq grassroots usa canada
0.0|fin fraud jp morgan agree pay record settle charge toxic mortgage occupywallstreet
0.0|shooter moncton phone report part video occupy ows occupywallstreet occupyhq
0.0|reason question investigate anniversary occupy ows occupywallstreet occupyhq
0.0|alliancebl give bank tab occupywallstreet
0.0|ban kettle hairdryers help climate change occupy ows occupywallstreet
0.0|nyc forecast fri night mostly low temp get smart occupywallstreet tlot tlot
0.0|banky bbc news occupy ows occupywallstreet occupyhq grassroots
0.0|nyc forecast tue night low temp occupywallstreet teaparty
0.0|unhcr urge prevent refugee expulsion uae occupy ows occupywallstreet occupyhq grassroots
0.0|new corvette spytech record conversation video occupy ows occupywallstreet occupyhq grassroots usa
0.0|together jefferson airplane occupywallstreet
0.0|politico rand paul marco rubio differ iraq action occupy ows occupywallstreet occupyhq grassroots
0.0|hilaryclinton run president hilary care olsx teamster occupywallstreet
0.0|japan next economic domino occupy ows occupywallstreet occupyhq grassroots
0.0|dear state department moral authority tell country treat protest occupywallstreet
0.0|colombia justice peace law failure expert say occupy ows occupywallstreet occupyhq grassroots
0.0|soil association disown say resign trustee occupy ows occupywallstreet occupyhq
()**********Omitting Tweet**********:research combat
**********Omitting Tweet**********:man possibly infect texas
**********Omitting Tweet**********:ynaija uche okorie open letter nigerian doctor
**********Omitting Tweet**********:research combat
**********Omitting Tweet**********:man possibly infect texas
**********Omitting Tweet**********:ynaija uche okorie open letter nigerian doctor
**********Omitting Tweet**********:research combat
**********Omitting Tweet**********:man possibly infect texas
**********Omitting Tweet**********:ynaija uche okorie open letter nigerian doctor
**********Omitting Tweet**********:research combat
**********Omitting Tweet**********:man possibly infect texas
**********Omitting Tweet**********:ynaija uche okorie open letter nigerian doctor
**********Omitting Tweet**********:research combat
**********Omitting Tweet**********:man possibly infect texas
**********Omitting Tweet**********:ynaija uche okorie open letter nigerian doctor
**********Omitting Tweet**********:research combat
**********Omitting Tweet**********:man possibly infect texas
**********Omitting Tweet**********:ynaija uche okorie open letter nigerian doctor
**********Omitting Tweet**********:research combat
**********Omitting Tweet**********:man possibly infect texas
**********Omitting Tweet**********:ynaija uche okorie open letter nigerian doctor

Aux F1 - Iteration-13=0.84
Precision=0.81
Recall=0.88
Aux F1 - ConfusionMatrix:
21.0  5.0   
3.0   22.0  

Best F1 so far - 0.84 at iteration:12


**********Omitting Tweet**********:maddowblog agenda reek radicalism turn notch
**********Omitting Tweet**********:il movimento mondiale osservato anche da nel andremo micah white
**********Omitting Tweet**********:study economic inequality lead downfall civilization
-0.5|government privatization support inequality occupy ows opesr occupyhq
**********Omitting Tweet**********:study economic inequality lead downfall civilization
-0.51|welcome back lobbyist obama save seat capitol hill occupy ows occupywallstreet occupyhq
**********Omitting Tweet**********:study economic inequality lead downfall civilization
-0.52|surveillance camera soon read lip video occupy ows occupywallstreet occupyhq grassroots
**********Omitting Tweet**********:study economic inequality lead downfall civilization
-0.51|rand woman problem occupy ows occupywallstreet occupyhq grassroots
**********Omitting Tweet**********:study economic inequality lead downfall civilization
-0.53|unhcr condemn deadly attack homs collective shelter occupy ows occupywallstreet occupyhq grassroots
**********Omitting Tweet**********:study economic inequality lead downfall civilization
-0.59|nyc forecast wed high temp get smart occupywallstreet ocra teaparty
**********Omitting Tweet**********:study economic inequality lead downfall civilization
-0.52|rat meat sell lamb china occupy ows occupywallstreet occupyhq grassroots
**********Omitting Tweet**********:study economic inequality lead downfall civilization
-0.52|gunfail ix occupy ows occupywallstreet occupyhq grassroots
**********Omitting Tweet**********:study economic inequality lead downfall civilization
-0.52|work poor welcome occupy ows occupywallstreet occupyhq grassroots usa canada
**********Omitting Tweet**********:study economic inequality lead downfall civilization
-0.61|nyc forecast mon night low temp get smart occupywallstreet topprog glennbeck
**********Omitting Tweet**********:study economic inequality lead downfall civilization
0.0|maddowblog agenda reek radicalism turn notch
**********Omitting Tweet**********:study economic inequality lead downfall civilization
-0.6|nyc forecast wed night low temp occupywallstreet sgp
**********Omitting Tweet**********:study economic inequality lead downfall civilization
-0.5|green group accuse trash reputation overseas occupy ows occupywallstreet occupyhq
**********Omitting Tweet**********:study economic inequality lead downfall civilization
-0.5|noamchomsky quote mymanatee ows occupywallstreet
**********Omitting Tweet**********:study economic inequality lead downfall civilization
-0.46|santa give present rich occupywallstreet perpetuatingpoverty
**********Omitting Tweet**********:study economic inequality lead downfall civilization
0.0|il movimento mondiale osservato anche da nel andremo micah white
**********Omitting Tweet**********:study economic inequality lead downfall civilization
-0.52|texas appalachia put body line occupy ows occupywallstreet occupyhq grassroots
**********Omitting Tweet**********:study economic inequality lead downfall civilization
-0.46|shugdenlibrary dalai lama slave owner dalailama lamagate occupywallstreet
**********Omitting Tweet**********:study economic inequality lead downfall civilization
-0.5|include contradiction democracy centralism leadership lead ows occupywallstreet
**********Omitting Tweet**********:study economic inequality lead downfall civilization
-0.46|global may day protest austerity death bangladeshi worker via youtube ows occupywallstreet
Retrieved 20 new auxiliary tweets.
0.0|gunfail ix occupy ows occupywallstreet occupyhq grassroots
0.0|work poor welcome occupy ows occupywallstreet occupyhq grassroots usa canada
0.0|nyc forecast mon night low temp get smart occupywallstreet topprog glennbeck
0.0|shugdenlibrary dalai lama slave owner dalailama lamagate occupywallstreet
0.0|include contradiction democracy centralism leadership lead ows occupywallstreet
0.0|global may day protest austerity death bangladeshi worker via youtube ows occupywallstreet
0.0|surveillance camera soon read lip video occupy ows occupywallstreet occupyhq grassroots
0.0|rand woman problem occupy ows occupywallstreet occupyhq grassroots
0.0|unhcr condemn deadly attack homs collective shelter occupy ows occupywallstreet occupyhq grassroots
0.0|il movimento mondiale osservato anche da nel andremo micah white
0.0|texas appalachia put body line occupy ows occupywallstreet occupyhq grassroots
0.0|maddowblog agenda reek radicalism turn notch
0.0|nyc forecast wed night low temp occupywallstreet sgp
0.0|green group accuse trash reputation overseas occupy ows occupywallstreet occupyhq
0.0|noamchomsky quote mymanatee ows occupywallstreet
0.0|santa give present rich occupywallstreet perpetuatingpoverty
0.0|government privatization support inequality occupy ows opesr occupyhq
0.0|welcome back lobbyist obama save seat capitol hill occupy ows occupywallstreet occupyhq
0.0|nyc forecast wed high temp get smart occupywallstreet ocra teaparty
0.0|rat meat sell lamb china occupy ows occupywallstreet occupyhq grassroots
()**********Omitting Tweet**********:maddowblog agenda reek radicalism turn notch
**********Omitting Tweet**********:il movimento mondiale osservato anche da nel andremo micah white
**********Omitting Tweet**********:maddowblog agenda reek radicalism turn notch
**********Omitting Tweet**********:il movimento mondiale osservato anche da nel andremo micah white
**********Omitting Tweet**********:maddowblog agenda reek radicalism turn notch
**********Omitting Tweet**********:il movimento mondiale osservato anche da nel andremo micah white
**********Omitting Tweet**********:research combat
**********Omitting Tweet**********:man possibly infect texas
**********Omitting Tweet**********:ynaija uche okorie open letter nigerian doctor
**********Omitting Tweet**********:research combat
**********Omitting Tweet**********:man possibly infect texas
**********Omitting Tweet**********:ynaija uche okorie open letter nigerian doctor
**********Omitting Tweet**********:research combat
**********Omitting Tweet**********:man possibly infect texas
**********Omitting Tweet**********:ynaija uche okorie open letter nigerian doctor
**********Omitting Tweet**********:research combat
**********Omitting Tweet**********:man possibly infect texas
**********Omitting Tweet**********:ynaija uche okorie open letter nigerian doctor
**********Omitting Tweet**********:research combat
**********Omitting Tweet**********:man possibly infect texas
**********Omitting Tweet**********:ynaija uche okorie open letter nigerian doctor
**********Omitting Tweet**********:research combat
**********Omitting Tweet**********:man possibly infect texas
**********Omitting Tweet**********:ynaija uche okorie open letter nigerian doctor
**********Omitting Tweet**********:research combat
**********Omitting Tweet**********:man possibly infect texas
**********Omitting Tweet**********:ynaija uche okorie open letter nigerian doctor

Aux F1 - Iteration-14=0.84
Precision=0.81
Recall=0.88
Aux F1 - ConfusionMatrix:
21.0  5.0   
3.0   22.0  

Best F1 so far - 0.84 at iteration:12


**********Omitting Tweet**********:study economic inequality lead downfall civilization
-0.52|decolonize pipeline resistance interview freda huson occupy ows occupywallstreet occupyhq grassroots
**********Omitting Tweet**********:study economic inequality lead downfall civilization
-0.59|nyc forecast thu night mostly low temp occupywallstreet tpp topprog
**********Omitting Tweet**********:study economic inequality lead downfall civilization
-0.46|win mt gaypatriot occupywallstreet communist occupyhongkong
**********Omitting Tweet**********:study economic inequality lead downfall civilization
-0.53|may day la schedule occupy ows occupywallstreet occupyhq grassroots
**********Omitting Tweet**********:study economic inequality lead downfall civilization
-0.46|kelly thomas verdict cop license murder filmthepolice anonfamily opsafewinter occupywallstreet
**********Omitting Tweet**********:study economic inequality lead downfall civilization
-0.53|hqoccupy sudanese trader kill south sudan ambush occupy ows occupywallstreet occupyhq grassroots
**********Omitting Tweet**********:study economic inequality lead downfall civilization
-0.59|nyc forecast wed night low temp occupywallstreet ocra topprog
**********Omitting Tweet**********:study economic inequality lead downfall civilization
-0.52|iran two ahwazi arab men risk imminent execution occupy ows occupywallstreet occupyhq grassroots
**********Omitting Tweet**********:study economic inequality lead downfall civilization
-0.52|amateur activist occupy ows occupywallstreet occupyhq grassroots usa canada
**********Omitting Tweet**********:study economic inequality lead downfall civilization
-0.57|nyc forecast sun high temp occupywallstreet tpp tpp
**********Omitting Tweet**********:study economic inequality lead downfall civilization
-0.5|greek police arrest editor weekly magazine dissent ows occupygreece occupywallstreet
**********Omitting Tweet**********:study economic inequality lead downfall civilization
-0.53|news november occupy ows occupywallstreet occupyhq grassroots usa canada
**********Omitting Tweet**********:study economic inequality lead downfall civilization
-0.52|malala receive liberty medal occupy ows occupywallstreet occupyhq grassroots usa canada
**********Omitting Tweet**********:study economic inequality lead downfall civilization
-0.52|pentagon ready train syrian rebel occupy ows occupywallstreet occupyhq grassroots usa
**********Omitting Tweet**********:study economic inequality lead downfall civilization
-0.59|nyc forecast wed night mostly low temp occupywallstreet tpp topprog
**********Omitting Tweet**********:study economic inequality lead downfall civilization
-0.55|turkey withstand hostage ordeal say turkish pm occupy ows occupywallstreet occupyhq grassroots usa
**********Omitting Tweet**********:study economic inequality lead downfall civilization
-0.59|hardliner impeach moderate minister green movement protest occupy ows occupywallstreet
**********Omitting Tweet**********:study economic inequality lead downfall civilization
-0.56|silent crisis bahrain opposition seek support international attention russia occupy ows occupywallstreet
**********Omitting Tweet**********:study economic inequality lead downfall civilization
-0.52|celente world currency trouble occupy ows occupywallstreet occupyhq grassroots
**********Omitting Tweet**********:study economic inequality lead downfall civilization
-0.54|return pluribus occupy opesr ows
Retrieved 20 new auxiliary tweets.
0.0|greek police arrest editor weekly magazine dissent ows occupygreece occupywallstreet
0.0|news november occupy ows occupywallstreet occupyhq grassroots usa canada
0.0|silent crisis bahrain opposition seek support international attention russia occupy ows occupywallstreet
0.0|celente world currency trouble occupy ows occupywallstreet occupyhq grassroots
0.0|return pluribus occupy opesr ows
0.0|turkey withstand hostage ordeal say turkish pm occupy ows occupywallstreet occupyhq grassroots usa
0.0|hardliner impeach moderate minister green movement protest occupy ows occupywallstreet
0.0|malala receive liberty medal occupy ows occupywallstreet occupyhq grassroots usa canada
0.0|pentagon ready train syrian rebel occupy ows occupywallstreet occupyhq grassroots usa
0.0|nyc forecast wed night mostly low temp occupywallstreet tpp topprog
0.0|hqoccupy sudanese trader kill south sudan ambush occupy ows occupywallstreet occupyhq grassroots
0.0|nyc forecast wed night low temp occupywallstreet ocra topprog
0.0|decolonize pipeline resistance interview freda huson occupy ows occupywallstreet occupyhq grassroots
0.0|nyc forecast thu night mostly low temp occupywallstreet tpp topprog
0.0|win mt gaypatriot occupywallstreet communist occupyhongkong
0.0|may day la schedule occupy ows occupywallstreet occupyhq grassroots
0.0|kelly thomas verdict cop license murder filmthepolice anonfamily opsafewinter occupywallstreet
0.0|iran two ahwazi arab men risk imminent execution occupy ows occupywallstreet occupyhq grassroots
0.0|amateur activist occupy ows occupywallstreet occupyhq grassroots usa canada
0.0|nyc forecast sun high temp occupywallstreet tpp tpp
()**********Omitting Tweet**********:research combat
**********Omitting Tweet**********:man possibly infect texas
**********Omitting Tweet**********:ynaija uche okorie open letter nigerian doctor
**********Omitting Tweet**********:research combat
**********Omitting Tweet**********:man possibly infect texas
**********Omitting Tweet**********:ynaija uche okorie open letter nigerian doctor
**********Omitting Tweet**********:research combat
**********Omitting Tweet**********:man possibly infect texas
**********Omitting Tweet**********:ynaija uche okorie open letter nigerian doctor
**********Omitting Tweet**********:research combat
**********Omitting Tweet**********:man possibly infect texas
**********Omitting Tweet**********:ynaija uche okorie open letter nigerian doctor
**********Omitting Tweet**********:research combat
**********Omitting Tweet**********:man possibly infect texas
**********Omitting Tweet**********:ynaija uche okorie open letter nigerian doctor
**********Omitting Tweet**********:research combat
**********Omitting Tweet**********:man possibly infect texas
**********Omitting Tweet**********:ynaija uche okorie open letter nigerian doctor
**********Omitting Tweet**********:research combat
**********Omitting Tweet**********:man possibly infect texas
**********Omitting Tweet**********:ynaija uche okorie open letter nigerian doctor

Aux F1 - Iteration-15=0.84
Precision=0.81
Recall=0.88
Aux F1 - ConfusionMatrix:
21.0  5.0   
3.0   22.0  

Best F1 so far - 0.84 at iteration:12


**********Omitting Tweet**********:study economic inequality lead downfall civilization
-0.56|bureau reclamation release additional flow avert klamath river fish occupy ows
**********Omitting Tweet**********:study economic inequality lead downfall civilization
-0.6|nyc forecast mon night low temp occupywallstreet tlot sgp
**********Omitting Tweet**********:study economic inequality lead downfall civilization
-0.63|phoenix last night cop kill unarm black man afraid prescription bottle occupy
**********Omitting Tweet**********:study economic inequality lead downfall civilization
-0.6|nyc forecast mon night mostly low temp occupywallstreet topprog tcot
**********Omitting Tweet**********:study economic inequality lead downfall civilization
-0.56|syria meet end solution occupy ows occupywallstreet occupyhq grassroots
**********Omitting Tweet**********:study economic inequality lead downfall civilization
0.32|giovalenzi il natale vince su tutto capodanno nella grande happy new year
**********Omitting Tweet**********:study economic inequality lead downfall civilization
-0.6|nyc forecast sit night low temp occupywallstreet ocra sgp
**********Omitting Tweet**********:study economic inequality lead downfall civilization
-0.59|nyc forecast wed night mostly low temp occupywallstreet tpp
**********Omitting Tweet**********:study economic inequality lead downfall civilization
-0.54|alle reden zur deutsche bank hauptversammlung frankfurt occupy ows
**********Omitting Tweet**********:study economic inequality lead downfall civilization
-0.59|nyc forecast fri partly high temp get smart occupywallstreet tlot topprog
**********Omitting Tweet**********:study economic inequality lead downfall civilization
0.39|qe backfire dividend quest usurp growth cut research quantitative ease may make
**********Omitting Tweet**********:study economic inequality lead downfall civilization
-0.53|crisis southern new part occupy ows occupywallstreet occupyhq grassroots
**********Omitting Tweet**********:study economic inequality lead downfall civilization
-0.23|occupywallstreet penney store close via huffpostbiz
**********Omitting Tweet**********:study economic inequality lead downfall civilization
-0.5|one bad thing pet fish occupy ows occupywallstreet occupyhq
**********Omitting Tweet**********:study economic inequality lead downfall civilization
-0.5|vadodara zoo special conducive environment animal summer occupy ows occupywallstreet occupyhq
**********Omitting Tweet**********:study economic inequality lead downfall civilization
-0.6|nyc forecast sit night low temp occupywallstreet glennbeck
**********Omitting Tweet**********:study economic inequality lead downfall civilization
-0.54|mexico new grave find hunt miss student occupy ows occupywallstreet occupyhq grassroots usa
**********Omitting Tweet**********:study economic inequality lead downfall civilization
-0.58|nyc forecast sit partly high temp occupywallstreet tlot
**********Omitting Tweet**********:study economic inequality lead downfall civilization
-0.52|german spy agency geopolitical consequence oil boom occupy ows occupywallstreet occupyhq grassroots
**********Omitting Tweet**********:study economic inequality lead downfall civilization
-0.57|nyc forecast fri high temp occupywallstreet glennbeck tpp
Retrieved 20 new auxiliary tweets.
0.0|giovalenzi il natale vince su tutto capodanno nella grande happy new year
0.0|nyc forecast sit night low temp occupywallstreet ocra sgp
0.0|nyc forecast sit partly high temp occupywallstreet tlot
0.0|german spy agency geopolitical consequence oil boom occupy ows occupywallstreet occupyhq grassroots
0.0|nyc forecast fri high temp occupywallstreet glennbeck tpp
0.0|phoenix last night cop kill unarm black man afraid prescription bottle occupy
0.0|nyc forecast mon night mostly low temp occupywallstreet topprog tcot
0.0|syria meet end solution occupy ows occupywallstreet occupyhq grassroots
0.0|occupywallstreet penney store close via huffpostbiz
0.0|one bad thing pet fish occupy ows occupywallstreet occupyhq
0.0|vadodara zoo special conducive environment animal summer occupy ows occupywallstreet occupyhq
0.0|qe backfire dividend quest usurp growth cut research quantitative ease may make
0.0|crisis southern new part occupy ows occupywallstreet occupyhq grassroots
0.0|nyc forecast sit night low temp occupywallstreet glennbeck
0.0|mexico new grave find hunt miss student occupy ows occupywallstreet occupyhq grassroots usa
0.0|nyc forecast wed night mostly low temp occupywallstreet tpp
0.0|alle reden zur deutsche bank hauptversammlung frankfurt occupy ows
0.0|nyc forecast fri partly high temp get smart occupywallstreet tlot topprog
0.0|bureau reclamation release additional flow avert klamath river fish occupy ows
0.0|nyc forecast mon night low temp occupywallstreet tlot sgp
()**********Omitting Tweet**********:research combat
**********Omitting Tweet**********:man possibly infect texas
**********Omitting Tweet**********:ynaija uche okorie open letter nigerian doctor
**********Omitting Tweet**********:research combat
**********Omitting Tweet**********:man possibly infect texas
**********Omitting Tweet**********:ynaija uche okorie open letter nigerian doctor
**********Omitting Tweet**********:research combat
**********Omitting Tweet**********:man possibly infect texas
**********Omitting Tweet**********:ynaija uche okorie open letter nigerian doctor
**********Omitting Tweet**********:research combat
**********Omitting Tweet**********:man possibly infect texas
**********Omitting Tweet**********:ynaija uche okorie open letter nigerian doctor
**********Omitting Tweet**********:research combat
**********Omitting Tweet**********:man possibly infect texas
**********Omitting Tweet**********:ynaija uche okorie open letter nigerian doctor
**********Omitting Tweet**********:research combat
**********Omitting Tweet**********:man possibly infect texas
**********Omitting Tweet**********:ynaija uche okorie open letter nigerian doctor
**********Omitting Tweet**********:research combat
**********Omitting Tweet**********:man possibly infect texas
**********Omitting Tweet**********:ynaija uche okorie open letter nigerian doctor

Aux F1 - Iteration-16=0.84
Precision=0.81
Recall=0.88
Aux F1 - ConfusionMatrix:
21.0  5.0   
3.0   22.0  

Best F1 so far - 0.84 at iteration:12


**********Omitting Tweet**********:study economic inequality lead downfall civilization
-0.51|hitchhiker save woman racist kook occupy ows occupywallstreet occupyhq grassroots
**********Omitting Tweet**********:study economic inequality lead downfall civilization
-0.54|ensure bad outcome cyprus tell world occupy ows occupywallstreet occupyhq grassroots
**********Omitting Tweet**********:study economic inequality lead downfall civilization
-0.56|tell congress bank must fix mistake credit report occupywallstreet nyc ohio
**********Omitting Tweet**********:study economic inequality lead downfall civilization
0.92|think might interest ebola awareness clown comedy serious
**********Omitting Tweet**********:study economic inequality lead downfall civilization
0.28|get ebolavirus guideline
**********Omitting Tweet**********:study economic inequality lead downfall civilization
0.91|dwoehrl frisch gebloggt ebola gibt noch viel zu woehrlwideweb
**********Omitting Tweet**********:study economic inequality lead downfall civilization
0.91|ebola warrior
**********Omitting Tweet**********:study economic inequality lead downfall civilization
0.92|liberia decide empty hospital easy enough ebola
**********Omitting Tweet**********:study economic inequality lead downfall civilization
0.91|difference mers ebola via timehealth
**********Omitting Tweet**********:study economic inequality lead downfall civilization
0.89|sierra leone ebola sierra leone warn level avoid nonessential travel travel credit car
Retrieved 10 new auxiliary tweets.
0.0|tell congress bank must fix mistake credit report occupywallstreet nyc ohio
1.0|liberia decide empty hospital easy enough ebola
1.0|difference mers ebola via timehealth
1.0|sierra leone ebola sierra leone warn level avoid nonessential travel travel credit car
1.0|dwoehrl frisch gebloggt ebola gibt noch viel zu woehrlwideweb
1.0|ebola warrior
0.0|ensure bad outcome cyprus tell world occupy ows occupywallstreet occupyhq grassroots
1.0|think might interest ebola awareness clown comedy serious
0.0|get ebolavirus guideline
0.0|hitchhiker save woman racist kook occupy ows occupywallstreet occupyhq grassroots
()**********Omitting Tweet**********:research combat
**********Omitting Tweet**********:man possibly infect texas
**********Omitting Tweet**********:ynaija uche okorie open letter nigerian doctor
**********Omitting Tweet**********:research combat
**********Omitting Tweet**********:man possibly infect texas
**********Omitting Tweet**********:ynaija uche okorie open letter nigerian doctor
**********Omitting Tweet**********:research combat
**********Omitting Tweet**********:man possibly infect texas
**********Omitting Tweet**********:ynaija uche okorie open letter nigerian doctor
**********Omitting Tweet**********:research combat
**********Omitting Tweet**********:man possibly infect texas
**********Omitting Tweet**********:ynaija uche okorie open letter nigerian doctor
**********Omitting Tweet**********:research combat
**********Omitting Tweet**********:man possibly infect texas
**********Omitting Tweet**********:ynaija uche okorie open letter nigerian doctor
**********Omitting Tweet**********:research combat
**********Omitting Tweet**********:man possibly infect texas
**********Omitting Tweet**********:ynaija uche okorie open letter nigerian doctor
**********Omitting Tweet**********:research combat
**********Omitting Tweet**********:man possibly infect texas
**********Omitting Tweet**********:ynaija uche okorie open letter nigerian doctor

Aux F1 - Iteration-17=0.84
Precision=0.81
Recall=0.88
Aux F1 - ConfusionMatrix:
21.0  5.0   
3.0   22.0  

Best F1 so far - 0.84 at iteration:12


Exception in thread "main" java.lang.Exception: No more auxiliary tweets to retrieve.
	at Implementations.AuxiliaryDataRetrievers.FpmAuxiliaryFilter.retrieveAuxiliaryData(FpmAuxiliaryFilter.scala:39)
	at Implementations.AuxiliaryDataRetrievers.FpmAuxiliaryFilter.filter(FpmAuxiliaryFilter.scala:21)
	at main.scala.Implementations.AuxiliaryDataBasedExperiment.performExperiment(AuxiliaryDataBasedExperiment.scala:76)
	at main.scala.Implementations.AuxiliaryDataBasedExperiment.SetupAndRunExperiment(AuxiliaryDataBasedExperiment.scala:147)
	at main.scala.program$.main(program.scala:39)
	at main.scala.program.main(program.scala)
	at sun.reflect.NativeMethodAccessorImpl.invoke0(Native Method)
	at sun.reflect.NativeMethodAccessorImpl.invoke(NativeMethodAccessorImpl.java:62)
	at sun.reflect.DelegatingMethodAccessorImpl.invoke(DelegatingMethodAccessorImpl.java:43)
	at java.lang.reflect.Method.invoke(Method.java:497)
	at com.intellij.rt.execution.application.AppMain.main(AppMain.java:140)
