Hello World!11
Reset successful
***************** Parameters used for EXPERIMENT *****************
	filterToUse = CosineSim
	minSimilarityThreshold = 0.55
	cosineSimilarityWindowSize= 0.2
	minWmDistanceThreshold = 0.49
	vectorType= google
	webWord2VecBaseUri = http://localhost:5000/getvector/
	cnnClassifierBaseUri = http://localhost:5000/cnn_train_and_get_prediction_labels
	maxFpmWordsToPick = 35
	minFpmWordsDetected = 0
	refreshLocalWordVectors = false
	maxExperimentIterations = 20
	maxAuxTweetsToAddEachIteration = 20
	thresholdF1 = 0.98
	classifierType = Cnn
	folderNameForCnnClassifier = 
	auxiliaryThresholdExpectation = 0.01
	fileDelimiter = ,
	experimentSet = ebola
	experimentSetNumber = 
	trainingDataFile = data/final/ebola_training_data.txt
	validationDataFile = data/final/ebola_validation_data.txt
	auxiliaryDataFile = data/final/ebola_auxiliary_data.txt
	supplementedCleanAuxiliaryFile = data/final/ebola_auxiliary_data.txt

***************** Parameters used for EXPERIMENT *****************

Getting CNN classification labels from http://localhost:5000/cnn_train_and_get_prediction_labels?trainingFolder=12805b06-adb4-465c-93fa-39c5d7d969a3-ebola-Iteration-0&ngram=3

Initial F1=0.94
Precision=0.89
Recall=1.0
Initial - ConfusionMatrix:
23.0  3.0   
0.0   25.0  

Replacing occupywallstreet with ows. Choices [ows,occupywallstreet].
Replacing occupyhq with occupy. Choices [occupyhq,occupy].
Replacing morsi with egypt. Choices [morsi,egypt].
Replacing fukushima with nuclear. Choices [nuclear,fukushima].
0.2|air radioaktif fukushima bocor lagi pekerja terpapar air radioaktif fukushima
0.44|fukushima rod get close still fire create chain ows
0.38|csmonitor tokyo electric say earthquake fukushima damage trouble nuclear plant
0.41|new spot find fukushima plant health
0.32|tour fukushima daiichi nuclear power plant via youtube
0.3|festival plan saturday child fukushima fukushima kid welcome festival
0.42|map share facebook regard radiation spread across pacific
0.37|petition address single important issue planet right radiation
0.24|extraen peligrosas barras de combustible de la accidentada central nuclear de fukushima
0.17|wieder atomstrom erzeugen antiakw
0.45|disaster spiral control fukushima prime minister ask global help alternet
0.19|ozawa japanese bureaucrat fukushima
0.37|perspective chernobyl fukushima health effect learn eastern theatomicage
0.28|fukushima radiation hit west coast fukushima
0.31|reality december fukushima fuel melt unprecedented
0.43|god help big consequence
0.37|live world watcher spreaker current event fukushima japan news
0.6|liberia record ebola death despite declare ebola
0.61|hunger kill ebola consider significant problem since rich people die
0.29|southafrica allow entry arrive country
Retrieved 11 new auxiliary tweets.
0.0|tour fukushima daiichi nuclear power plant via youtube
0.0|festival plan saturday child fukushima fukushima kid welcome festival
0.0|air radioaktif fukushima bocor lagi pekerja terpapar air radioaktif fukushima
0.0|extraen peligrosas barras de combustible de la accidentada central nuclear de fukushima
0.0|ozawa japanese bureaucrat fukushima
1.0|liberia record ebola death despite declare ebola
0.0|wieder atomstrom erzeugen antiakw
0.0|fukushima radiation hit west coast fukushima
0.0|reality december fukushima fuel melt unprecedented
1.0|hunger kill ebola consider significant problem since rich people die
0.0|southafrica allow entry arrive country
()Getting CNN classification labels from http://localhost:5000/cnn_train_and_get_prediction_labels?trainingFolder=a162eebe-dfd4-41a3-8f36-a7ee849c6b8f-ebola-Iteration-1&ngram=3

Aux F1 - Iteration-1=0.9
Precision=0.88
Recall=0.92
Aux F1 - ConfusionMatrix:
23.0  3.0   
2.0   23.0  

Best F1 so far - 0.94 at iteration:0


0.59|ebola threat real allow african conference nyc risky stupid addthis
0.58|ebola diagnose texas first case find cc higherlifefdn
0.54|front page news mean important ebola
0.57|un get medical food aid gaza earth anyone think could west ebola
0.48|fkr ebola
0.53|egomaniakos nobody count run also mean number come ebola
0.47|un vaccin possible contre le virus ebola
0.26|fajr daily story via yogageneration
0.24|tritium level rise fukushima groundwater nuclear
0.37|japan raise severity radioactive leak nuke plant china daily scoopit
0.46|welp look like cali trip outta question think video
0.51|georgemonbiot sorry seem come across lot worry info fukushima calm carry type
0.29|storage tank fukushima daiichi nuclear power plant leak gallon contaminate water
0.42|elite coverup protest ourwallstreet fukushima show people power think
0.33|late leak fukushima plant contaminate worker tokyo six worker fukushima nuclear plant
0.36|sailor response fukushima emergency result cancer
0.61|mali ebola free health minister say day without new case
0.6|msgubot frieden keep lie ebola transmission low possibility spread
0.55|aidindanger great news ebola
0.49|article un hold emergency ebola meet ebola afrika un security council hold article
Retrieved 9 new auxiliary tweets.
0.0|fajr daily story via yogageneration
0.0|late leak fukushima plant contaminate worker tokyo six worker fukushima nuclear plant
1.0|un get medical food aid gaza earth anyone think could west ebola
1.0|mali ebola free health minister say day without new case
1.0|msgubot frieden keep lie ebola transmission low possibility spread
0.0|tritium level rise fukushima groundwater nuclear
0.0|storage tank fukushima daiichi nuclear power plant leak gallon contaminate water
1.0|ebola diagnose texas first case find cc higherlifefdn
1.0|ebola threat real allow african conference nyc risky stupid addthis
()Getting CNN classification labels from http://localhost:5000/cnn_train_and_get_prediction_labels?trainingFolder=80f2e740-f6b0-441d-9e5c-fe748ae52a02-ebola-Iteration-2&ngram=3

Aux F1 - Iteration-2=0.94
Precision=0.89
Recall=1.0
Aux F1 - ConfusionMatrix:
23.0  3.0   
0.0   25.0  

Best F1 so far - 0.94 at iteration:0


0.29|aabb learn ocular complication
0.51|panic ebola expert michaelsteuer say
0.54|hard hit ebola ebola eboflip
0.51|culturalxplorer decide safe enough travel via katieaune ebola ttot
0.3|japan remove fukushima fuel rod
0.19|fukushima descubren fuga de casi toneladas de agua contaminada cuba
0.43|take close look radioactive leak fukushima japan impact worldview wbez
0.18|denuncian por negligencia la operadora de fukushima ciudadanos japoneses presentan madero tampico
0.37|ocean boil coast japan runaway core fukushima wonder
0.31|msnnow radioactive cloud expect reach
0.17|nacional descubren una nueva fuga de cuatro toneladas de agua radiactiva en fukushima
0.47|well point know never get see guess good thing bucket fukushima
0.49|fukishima watch bad ever forget one know fish get
0.2|satu harapan pltn fukushima tidak terpengaruh gempa
0.1|fukushima worker
0.37|super excite haiyan join thingmonk see fukushima geiger counter
0.32|fukushima operator start dangerous
0.4|ghana disinformation president put shoe fukushima follow realdatill news
0.18|fukushima plant brace
0.44|well make feel warm fuzzy omarzaidmd real fukushima danger blog
Retrieved 10 new auxiliary tweets.
0.0|fukushima descubren fuga de casi toneladas de agua contaminada cuba
0.0|japan remove fukushima fuel rod
0.0|nacional descubren una nueva fuga de cuatro toneladas de agua radiactiva en fukushima
0.0|aabb learn ocular complication
0.0|satu harapan pltn fukushima tidak terpengaruh gempa
0.0|denuncian por negligencia la operadora de fukushima ciudadanos japoneses presentan madero tampico
0.0|msnnow radioactive cloud expect reach
0.0|fukushima operator start dangerous
0.0|fukushima plant brace
0.0|fukushima worker
()Getting CNN classification labels from http://localhost:5000/cnn_train_and_get_prediction_labels?trainingFolder=337ce9af-9ba7-4a23-be75-54f5513b419d-ebola-Iteration-3&ngram=3

Aux F1 - Iteration-3=0.88
Precision=0.88
Recall=0.88
Aux F1 - ConfusionMatrix:
23.0  3.0   
3.0   22.0  

Best F1 so far - 0.94 at iteration:0


0.27|nuclear radiation effect fukushima update fukushima
0.23|remove regulatead area fukushima
0.42|fukushima radiation reach coast safe level nrc say bloomberg via bloombergnow
0.48|guardian fukushima worker low morale plague health woe say insider shit
0.39|japan issue warn fukushima leak
0.35|mt richardjwood tepco plan dump radioactive water store fukushima ocean instead contain
0.38|happen fukushima responsible mass animal
0.24|fukushima una bomba radioattiva fuori mondo tempo reale
0.38|scientist want fukushima everywhere throughout
0.21|read fukushima itk
0.32|fukushima daiichi operator handle shutdown say govern party guardian
0.0|fodeo negada fodeo
0.47|really hope people get message fukushima go away get bad make
0.28|rebharms stop iaea
0.3|japan remove fukushima fuel rod
0.33|tokyo host olympics feature meter fukushima nuclear puddle jump new olympic gold medal
0.29|jellyfish baby birth defect nuclear radiation fukushima nonuke radiation
0.21|comienza retirarse el combustible gastado del reactor de fukushima
0.29|sunday close fukushima tepco allhandsondeck
0.39|japan work massive project keep damage fukushima nuclear plant leak
Retrieved 13 new auxiliary tweets.
0.0|comienza retirarse el combustible gastado del reactor de fukushima
0.0|sunday close fukushima tepco allhandsondeck
0.0|fodeo negada fodeo
0.0|rebharms stop iaea
0.0|nuclear radiation effect fukushima update fukushima
0.0|remove regulatead area fukushima
0.0|mt richardjwood tepco plan dump radioactive water store fukushima ocean instead contain
0.0|japan remove fukushima fuel rod
0.0|fukushima una bomba radioattiva fuori mondo tempo reale
0.0|tokyo host olympics feature meter fukushima nuclear puddle jump new olympic gold medal
0.0|jellyfish baby birth defect nuclear radiation fukushima nonuke radiation
0.0|read fukushima itk
0.0|fukushima daiichi operator handle shutdown say govern party guardian
()Getting CNN classification labels from http://localhost:5000/cnn_train_and_get_prediction_labels?trainingFolder=21fbf02e-f8d9-44e5-9ebf-b76c14bf370f-ebola-Iteration-4&ngram=3

Aux F1 - Iteration-4=0.88
Precision=0.88
Recall=0.88
Aux F1 - ConfusionMatrix:
23.0  3.0   
3.0   22.0  

Best F1 so far - 0.94 at iteration:0


0.38|hotosm please sign share petition crisis let voice
0.35|like youtube video fukushima san francisco human mural
0.4|turner horror get ride fukushima fuck doom tepco
0.27|fukushima diary washington via youtube
0.38|secretnews forecast show fukushima get eye wall typhoon wipha meteorology japan
0.2|inicia tepco paso clave para desmantelar central de fukushima elmundo
0.36|abductee tell comet ison impact fukushima disaster
0.36|conspiracy theory jesse category hurricane aim
0.35|water piece nuclear fuel come ocean floor fukushima tokyo professor
0.37|fukushima lay cloud prepare rain toxic poison upon reality
0.25|mrvop fukushima begin fuel rod removal
0.0|verbalstrahl fukushima erdbeben
0.33|coyotesings fukushima first time core nuclear reactor ever fukushima three
0.4|sign west coast absolutely fry nuclear radiation fukushima via
0.2|cbsphilly cbsnews earthquake hit fukushima
0.41|typhoon stoke fear cripple fukushima nuclear plant australian via sharethis
0.33|fukushima day eat pacific ocean fish via trueactivist
0.43|pray someone somewhere take global
0.28|massive radioactive steam detect fukushima reactor
0.46|fukushima come clean editorial unthinkable think britain plan new generation
Retrieved 10 new auxiliary tweets.
0.0|like youtube video fukushima san francisco human mural
0.0|inicia tepco paso clave para desmantelar central de fukushima elmundo
0.0|fukushima diary washington via youtube
0.0|cbsphilly cbsnews earthquake hit fukushima
0.0|verbalstrahl fukushima erdbeben
0.0|water piece nuclear fuel come ocean floor fukushima tokyo professor
0.0|mrvop fukushima begin fuel rod removal
0.0|coyotesings fukushima first time core nuclear reactor ever fukushima three
0.0|fukushima day eat pacific ocean fish via trueactivist
0.0|massive radioactive steam detect fukushima reactor
()Getting CNN classification labels from http://localhost:5000/cnn_train_and_get_prediction_labels?trainingFolder=451c9ef3-9ab4-4e54-8b11-9e57756898ee-ebola-Iteration-5&ngram=3

Aux F1 - Iteration-5=0.92
Precision=0.89
Recall=0.96
Aux F1 - ConfusionMatrix:
23.0  3.0   
1.0   24.0  

Best F1 so far - 0.94 at iteration:0


0.4|fukushima harm commerce russia reject radioactive japanese car via healthranger
0.38|japan brace tepco prepare critical phase fukushima youtube news
0.23|durch atomkatastrophe transatlantisches via youtube
0.3|fukushima business usual nuclear turkey purchase new
0.25|hay nuevas fugas radiactivas en fukushima muy interesante
0.37|fukushima say combine read outside
0.18|terremoto fukushima forte scossa vicino alla centrale niente danni
0.44|worry california toxic water hit fukushima dilute enough
0.34|magnitude earthquake shake tokyo halt train nerve fray fukushima
0.34|crisis unit demand global common dream
0.41|abe tell lie world radioactive contamination water fukushima nuclear power plant
0.39|energy cost keep japan focus nuclear abc news economy
0.39|fukushima worker order cover detection device downplay radiation level jg vibe fukushima
0.25|earthquake hit fukushima via usatoday
0.33|fukushima official hang ask potassium iodide purchase
0.18|los color de fukushima yorokobuyorokobu
0.47|jasonbermas fallout researcher fukushima bad case scenario could result billion death letshopenot
0.28|onomen ngono ya mbh ibukne mbah kinjeng jangkrikk gusmanriyad kok os mbah kupu haha loh eman
0.47|hurt especially japan pas need embarrass let world fukushima
0.32|soar radiation fukushima groundwater common dream
Retrieved 11 new auxiliary tweets.
0.0|crisis unit demand global common dream
0.0|fukushima business usual nuclear turkey purchase new
0.0|earthquake hit fukushima via usatoday
0.0|fukushima official hang ask potassium iodide purchase
0.0|los color de fukushima yorokobuyorokobu
0.0|onomen ngono ya mbh ibukne mbah kinjeng jangkrikk gusmanriyad kok os mbah kupu haha loh eman
0.0|soar radiation fukushima groundwater common dream
0.0|magnitude earthquake shake tokyo halt train nerve fray fukushima
0.0|hay nuevas fugas radiactivas en fukushima muy interesante
0.0|terremoto fukushima forte scossa vicino alla centrale niente danni
0.0|durch atomkatastrophe transatlantisches via youtube
()Getting CNN classification labels from http://localhost:5000/cnn_train_and_get_prediction_labels?trainingFolder=72637659-e6d1-49ce-90bb-d35e42a122b2-ebola-Iteration-6&ngram=3

Aux F1 - Iteration-6=0.84
Precision=0.87
Recall=0.8
Aux F1 - ConfusionMatrix:
23.0  3.0   
5.0   20.0  

Best F1 so far - 0.94 at iteration:0


0.18|scocosse fukushima pa de poursuite criminelle contre le dirigeants de tepco
0.22|tepco verliest controle fukushima
0.16|fukushima coast earthquake jpquake
0.51|fukushima npp accident nuclear disaster even one die acute radiation sickness via exskf
0.17|expertos internacionales analizan la radiactividad del mar en fukushima
0.15|photo urajiri odaka city fukushima
0.37|fukushima failure decontamination system stop function article fukushima nuclear
0.47|fukushima release enough radioactive shit pacific ocean put know wtf
0.36|break live fukushima adventure serial trespasserbroken live fukushimathe first photothe
0.44|check date pr effort fukushima nuclear crisis separate fact fiction via youtube
0.39|mind unleash fukushima state emergency leak
0.26|japan protest french fukushima toon
0.45|fukushima nuclear disaster warn world say power company bos via guardian
0.24|gafe rajoy dice los temores sobre fukushima son infundados detecta una fuga quesequede
0.39|connect dot fukushima year nuclear fukushima faq frequently ask
0.4|tell un secgen world expert must oversee fukushima decommission irresponsible
0.44|nycjim horrible radioactivity fukushima poison world time face
0.25|fukushima world fuel melt
0.42|abe go make nuclear power plant disaster fukushima please forget
0.46|fukushima threaten tell obama redirect new nuke plant
Retrieved 8 new auxiliary tweets.
0.0|japan protest french fukushima toon
0.0|scocosse fukushima pa de poursuite criminelle contre le dirigeants de tepco
0.0|tepco verliest controle fukushima
0.0|expertos internacionales analizan la radiactividad del mar en fukushima
0.0|fukushima coast earthquake jpquake
0.0|photo urajiri odaka city fukushima
0.0|gafe rajoy dice los temores sobre fukushima son infundados detecta una fuga quesequede
0.0|fukushima world fuel melt
()Getting CNN classification labels from http://localhost:5000/cnn_train_and_get_prediction_labels?trainingFolder=638850d5-0dcb-4de1-8b29-9d9b9334ed9f-ebola-Iteration-7&ngram=3

Aux F1 - Iteration-7=0.88
Precision=0.88
Recall=0.88
Aux F1 - ConfusionMatrix:
23.0  3.0   
3.0   22.0  

Best F1 so far - 0.94 at iteration:0


0.24|paul mycological remediation respon
0.45|fukushima suffer another setback tokyo operator cripple fukushima nuclear plant say
0.46|number one concern humanity radioactivity level find fukushima plant well ajw asahi shimbun
0.35|dot earth blog fukushima radiation pose california risk
0.44|fukushima break news warn pacific genocide typhoon kevin
0.27|removal fuel rod begin fukushima daiichi nuclear plant
0.35|world action fukushima harvey wasserman via
0.39|pcv pressure suddenly decrease half reason verify
0.29|ewdolan fukushima nuclear evacuation zone photo available online
0.43|fukushima disaster advocate argue safe nuclear power none
0.37|fukushima radiation hit west coast hit felt canadian mexican citizen
0.37|question fukushima fish think
0.32|fukushima industry make unfortunate brand choice via qz
0.32|record radiation fukushima detect via sharethis
0.47|fukushima japan bad enuf also go spray chemtrails ty etoujyuuroku
0.32|post edit fukushima syria cyrus
0.33|drhcaldicott fukushima new normal nuclear via conversationedu
0.44|msm tell death climatewarning climate global kxl fracking
0.26|human mural ocean beach san francisco
0.39|bbc news fukushima leak bad lead
Retrieved 10 new auxiliary tweets.
0.0|paul mycological remediation respon
0.0|dot earth blog fukushima radiation pose california risk
0.0|world action fukushima harvey wasserman via
0.0|ewdolan fukushima nuclear evacuation zone photo available online
0.0|removal fuel rod begin fukushima daiichi nuclear plant
0.0|drhcaldicott fukushima new normal nuclear via conversationedu
0.0|human mural ocean beach san francisco
0.0|fukushima industry make unfortunate brand choice via qz
0.0|post edit fukushima syria cyrus
0.0|record radiation fukushima detect via sharethis
()Getting CNN classification labels from http://localhost:5000/cnn_train_and_get_prediction_labels?trainingFolder=b4a9d77b-9ffd-4268-a5da-794f84275b56-ebola-Iteration-8&ngram=3

Aux F1 - Iteration-8=0.86
Precision=0.88
Recall=0.84
Aux F1 - ConfusionMatrix:
23.0  3.0   
4.0   21.0  

Best F1 so far - 0.94 at iteration:0


0.37|japan marine expert fukushima radioactive tank may already empty pacific ocean
0.33|tokyo governor slam fukushima coverage eve olympics vote
0.27|enenews mislead public inaccurate information fukushima
0.28|enough
0.43|fukushima fish unsafe human ok pacific whale witness incredible suffer shameonus
0.24|next fukushima responsibility
0.0|apaajanews kebocoran reaktor nuklir fukushima memburuk
0.37|scion iq japan spend store radioactive fukushima watch hot girl
0.0|fukushima
0.4|anyone else worry fukushima genuinely japansfucked
0.19|la empresas japonesas contratan indigentes para limpiar la zona del desastre nuclear de fukushima
0.39|massive expensive untested wall ice keep fukushima via huffpostcanada
0.31|fukushima leak problem nuclear
0.28|fukushima reactor well water seawall thousand via yutakatheblues
0.45|new think fukushima wake shun get
0.34|fukushima news decontamination iaea via youtube
0.2|tornades entre fukushima et tokyo
0.42|lawsonbulk fukushima fishery resume trial fish sample prove safe japan time
0.19|giappone prima turbina eolica davanti alle coste di fukushima via newsrepublic
0.36|epkyrosis demand global fukushima hit critical mass harvey wasserman
Retrieved 12 new auxiliary tweets.
0.0|tornades entre fukushima et tokyo
0.0|giappone prima turbina eolica davanti alle coste di fukushima via newsrepublic
0.0|la empresas japonesas contratan indigentes para limpiar la zona del desastre nuclear de fukushima
0.0|enenews mislead public inaccurate information fukushima
0.0|enough
0.0|fukushima leak problem nuclear
0.0|fukushima reactor well water seawall thousand via yutakatheblues
0.0|apaajanews kebocoran reaktor nuklir fukushima memburuk
0.0|fukushima
0.0|tokyo governor slam fukushima coverage eve olympics vote
0.0|fukushima news decontamination iaea via youtube
0.0|next fukushima responsibility
()Getting CNN classification labels from http://localhost:5000/cnn_train_and_get_prediction_labels?trainingFolder=8653c5c1-6055-41c9-852c-418be7390626-ebola-Iteration-9&ngram=3

Aux F1 - Iteration-9=0.9
Precision=0.88
Recall=0.92
Aux F1 - ConfusionMatrix:
23.0  3.0   
2.0   23.0  

Best F1 so far - 0.94 at iteration:0


0.37|radiation level spike fukushima plant radiation read near tank hold toxic water
0.45|bos jimcameron save pandora pull big gun pressure real cleanup fukushima savethepacific
0.36|may concern situation
0.39|japan radiation read spike fukushima nuclear plant bring company contaminate
0.24|fafafava amo esta noticia trucha
0.23|japan steuert auf fukushima zu via welt
0.3|report fukushima overwhelm radioactive water asiapacific
0.43|fukushima get two year situation stricken nuclear power plant
0.23|fukushima mutate sea
0.23|fukushima story via akaider goldhardshell
0.22|gaat nog raar worden daar fukushima en dus de rest van de
0.37|refuelrefire marwhoa play japan fukushima squidcocks thats uniform
0.24|accord pour surveiller fukushima et tchernobyl de science technologie
0.39|japan touch others fukushima water crisis
0.41|aaalrightythen world community must take charge fukushima moveon environnement worldhealth nucular
0.49|annoyedgamer rate fukushima radiation spread also get king ghidorah mothra rodan whole lot
0.36|fukushima usa prepare nuclear kill
0.31|current fukushima exclusion zone map via safecast
0.38|official japan admit ton radioactive water fukushima enter pacific ocean
0.26|fukushima kid yumi kikuchi fairewinds energy education
Retrieved 9 new auxiliary tweets.
0.0|gaat nog raar worden daar fukushima en dus de rest van de
0.0|fukushima story via akaider goldhardshell
0.0|japan steuert auf fukushima zu via welt
0.0|fukushima mutate sea
0.0|fafafava amo esta noticia trucha
0.0|accord pour surveiller fukushima et tchernobyl de science technologie
0.0|report fukushima overwhelm radioactive water asiapacific
0.0|current fukushima exclusion zone map via safecast
0.0|fukushima kid yumi kikuchi fairewinds energy education
()Getting CNN classification labels from http://localhost:5000/cnn_train_and_get_prediction_labels?trainingFolder=dbf42d88-eaea-42cc-92ad-a609905cabb0-ebola-Iteration-10&ngram=3

Aux F1 - Iteration-10=0.86
Precision=0.88
Recall=0.84
Aux F1 - ConfusionMatrix:
23.0  3.0   
4.0   21.0  

Best F1 so far - 0.94 at iteration:0


0.17|fukushima aktuell mangel lagertanks behindert grundwasserarbeiten japan
0.4|minute video show everything need know
0.36|pierrejparent freelancemother fukushima yet need independent task force take
0.22|sendyrenave fukushima collaboration heal perfecture earthquake ago
0.35|power reactor rarely demolish rather abandon watchfully leave chernobyl
0.37|us ronald reagan sailor report cancer fukushima rescue mission
0.38|japan spend million fix fukushima nuclear crisis tokyo japan set pledge
0.32|japan pm step deal fukushima
0.28|terrify secret fukushima
0.19|de la embajada keicho fukushima pasando por san francisco javier con visita solidaria fukushima
0.22|ockham fukushima niemand dood en toch het zo laten vol voor nucleair
0.18|giappone allerta tifone verso fukushima mondo via
0.3|baby two head bear
0.41|destruction heritage sit syria raise question cost democracy occupy ows occupywallstreet
0.32|nyc forecast overnight partly low temp occupywallstreet tpp
0.29|nyc forecast afternoon high temp occupywallstreet tpp sgp
0.36|link city underwater year occupy ows occupywallstreet occupyhq grassroots usa
0.36|vietnamese lawyer face obstruction ahead trial occupy ows occupywallstreet occupyhq grassroots
0.28|andrew curtin photo selfie occupy ows occupywallstreet occupyhq grassroots
0.31|nyc forecast wed night low temp occupywallstreet glennbeck tcot
Retrieved 13 new auxiliary tweets.
0.0|andrew curtin photo selfie occupy ows occupywallstreet occupyhq grassroots
0.0|nyc forecast wed night low temp occupywallstreet glennbeck tcot
0.0|sendyrenave fukushima collaboration heal perfecture earthquake ago
0.0|power reactor rarely demolish rather abandon watchfully leave chernobyl
0.0|ockham fukushima niemand dood en toch het zo laten vol voor nucleair
0.0|giappone allerta tifone verso fukushima mondo via
0.0|terrify secret fukushima
0.0|de la embajada keicho fukushima pasando por san francisco javier con visita solidaria fukushima
0.0|baby two head bear
0.0|japan pm step deal fukushima
0.0|fukushima aktuell mangel lagertanks behindert grundwasserarbeiten japan
0.0|nyc forecast overnight partly low temp occupywallstreet tpp
0.0|nyc forecast afternoon high temp occupywallstreet tpp sgp
()Getting CNN classification labels from http://localhost:5000/cnn_train_and_get_prediction_labels?trainingFolder=a94b825b-c2fe-48c1-b597-b46564bdfc56-ebola-Iteration-11&ngram=3

Aux F1 - Iteration-11=0.92
Precision=0.89
Recall=0.96
Aux F1 - ConfusionMatrix:
23.0  3.0   
1.0   24.0  

Best F1 so far - 0.94 at iteration:0


0.32|alex schaefer burn bank occupy ows occupywallstreet occupyhq grassroots
0.29|study economic inequality lead downfall civilization
0.27|dome special slideshow occupy ows occupywallstreet occupyhq grassroots
0.28|cme break occupy ows occupywallstreet occupyhq
0.39|nyc forecast mon high temp get smart occupywallstreet sgp
0.36|preview death bin lade revisted nightly news video occupy ows occupywallstreet occupyhq
0.33|irs rule bitcoin property subject capital gain tax occupy ows occupywallstreet occupyhq grassroots
0.29|confession juiced journalist occupy ows occupywallstreet occupyhq grassroots
0.24|ows kitchen nostalgia submit
0.36|nyc forecast sit night partly low temp occupywallstreet tcot
0.29|nyc forecast fri night low temp occupywallstreet topprog glennbeck
0.35|israel gaza big picture occupy ows occupywallstreet occupyhq grassroots usa canada europe
0.32|nyc forecast sun night mostly low temp occupywallstreet tpp glennbeck
0.34|secretive turkish movement buy influence occupy ows occupywallstreet occupyhq grassroots usa
0.36|nyc forecast sit night mostly low temp occupywallstreet tcot tcot
0.29|nyc forecast afternoon high temp occupywallstreet tpp
0.39|buy custom nyc street sign may suggest
0.36|jesse jackson call symbolic protest clipper player occupy ows occupywallstreet occupyhq
0.41|brussels conference un stress need approach stabilize mali occupy ows occupywallstreet
0.36|occupywallstreet give nypd perfect excuse crack elderly veteran
Retrieved 12 new auxiliary tweets.
0.0|secretive turkish movement buy influence occupy ows occupywallstreet occupyhq grassroots usa
0.0|nyc forecast afternoon high temp occupywallstreet tpp
0.0|cme break occupy ows occupywallstreet occupyhq
0.0|irs rule bitcoin property subject capital gain tax occupy ows occupywallstreet occupyhq grassroots
0.0|confession juiced journalist occupy ows occupywallstreet occupyhq grassroots
0.0|nyc forecast fri night low temp occupywallstreet topprog glennbeck
0.0|israel gaza big picture occupy ows occupywallstreet occupyhq grassroots usa canada europe
0.0|nyc forecast sun night mostly low temp occupywallstreet tpp glennbeck
0.0|alex schaefer burn bank occupy ows occupywallstreet occupyhq grassroots
0.0|ows kitchen nostalgia submit
0.0|study economic inequality lead downfall civilization
0.0|dome special slideshow occupy ows occupywallstreet occupyhq grassroots
()Getting CNN classification labels from http://localhost:5000/cnn_train_and_get_prediction_labels?trainingFolder=fd3b78ff-b61f-47f0-9ea1-677636f8a6c2-ebola-Iteration-12&ngram=3

Aux F1 - Iteration-12=0.92
Precision=0.89
Recall=0.96
Aux F1 - ConfusionMatrix:
23.0  3.0   
1.0   24.0  

Best F1 so far - 0.94 at iteration:0


0.39|colombia justice peace law failure expert say occupy ows occupywallstreet occupyhq grassroots
0.31|soil association disown say resign trustee occupy ows occupywallstreet occupyhq
0.35|cull human herd century occupy ows occupywallstreet occupyhq grassroots
0.22|support brother sister occupygezi reoccupy zuccotti occupywallstreet
0.34|may ga reid park occupy ows occupywallstreet occupyhq grassroots usa canada
0.36|unhcr urge prevent refugee expulsion uae occupy ows occupywallstreet occupyhq grassroots
0.37|new corvette spytech record conversation video occupy ows occupywallstreet occupyhq grassroots usa
0.29|hilaryclinton run president hilary care olsx teamster occupywallstreet
0.35|japan next economic domino occupy ows occupywallstreet occupyhq grassroots
0.42|dear state department moral authority tell country treat protest occupywallstreet
0.29|together jefferson airplane occupywallstreet
0.36|politico rand paul marco rubio differ iraq action occupy ows occupywallstreet occupyhq grassroots
0.39|nyc forecast fri night mostly low temp get smart occupywallstreet tlot tlot
0.3|banky bbc news occupy ows occupywallstreet occupyhq grassroots
0.34|nyc forecast tue night low temp occupywallstreet teaparty
0.25|alliancebl give bank tab occupywallstreet
0.36|ban kettle hairdryers help climate change occupy ows occupywallstreet
0.39|fin fraud jp morgan agree pay record settle charge toxic mortgage occupywallstreet
0.33|shooter moncton phone report part video occupy ows occupywallstreet occupyhq
0.35|reason question investigate anniversary occupy ows occupywallstreet occupyhq
Retrieved 12 new auxiliary tweets.
0.0|hilaryclinton run president hilary care olsx teamster occupywallstreet
0.0|japan next economic domino occupy ows occupywallstreet occupyhq grassroots
0.0|shooter moncton phone report part video occupy ows occupywallstreet occupyhq
0.0|reason question investigate anniversary occupy ows occupywallstreet occupyhq
0.0|soil association disown say resign trustee occupy ows occupywallstreet occupyhq
0.0|banky bbc news occupy ows occupywallstreet occupyhq grassroots
0.0|nyc forecast tue night low temp occupywallstreet teaparty
0.0|may ga reid park occupy ows occupywallstreet occupyhq grassroots usa canada
0.0|alliancebl give bank tab occupywallstreet
0.0|cull human herd century occupy ows occupywallstreet occupyhq grassroots
0.0|support brother sister occupygezi reoccupy zuccotti occupywallstreet
0.0|together jefferson airplane occupywallstreet
()Getting CNN classification labels from http://localhost:5000/cnn_train_and_get_prediction_labels?trainingFolder=fcccc0c2-9ca1-457a-bab4-7bb4324e8cde-ebola-Iteration-13&ngram=3

Aux F1 - Iteration-13=0.92
Precision=0.89
Recall=0.96
Aux F1 - ConfusionMatrix:
23.0  3.0   
1.0   24.0  

Best F1 so far - 0.94 at iteration:0


0.3|government privatization support inequality occupy ows opesr occupyhq
0.36|welcome back lobbyist obama save seat capitol hill occupy ows occupywallstreet occupyhq
0.38|surveillance camera soon read lip video occupy ows occupywallstreet occupyhq grassroots
0.37|rand woman problem occupy ows occupywallstreet occupyhq grassroots
0.39|unhcr condemn deadly attack homs collective shelter occupy ows occupywallstreet occupyhq grassroots
0.41|nyc forecast wed high temp get smart occupywallstreet ocra teaparty
0.34|rat meat sell lamb china occupy ows occupywallstreet occupyhq grassroots
0.24|gunfail ix occupy ows occupywallstreet occupyhq grassroots
0.36|work poor welcome occupy ows occupywallstreet occupyhq grassroots usa canada
0.38|nyc forecast mon night low temp get smart occupywallstreet topprog glennbeck
0.32|maddowblog agenda reek radicalism turn notch
0.31|nyc forecast wed night low temp occupywallstreet sgp
0.34|green group accuse trash reputation overseas occupy ows occupywallstreet occupyhq
0.2|noamchomsky quote mymanatee ows occupywallstreet
0.32|santa give present rich occupywallstreet perpetuatingpoverty
0.19|il movimento mondiale osservato anche da nel andremo micah white
0.38|texas appalachia put body line occupy ows occupywallstreet occupyhq grassroots
0.13|shugdenlibrary dalai lama slave owner dalailama lamagate occupywallstreet
0.3|include contradiction democracy centralism leadership lead ows occupywallstreet
0.42|global may day protest austerity death bangladeshi worker via youtube ows occupywallstreet
Retrieved 11 new auxiliary tweets.
0.0|il movimento mondiale osservato anche da nel andremo micah white
0.0|government privatization support inequality occupy ows opesr occupyhq
0.0|noamchomsky quote mymanatee ows occupywallstreet
0.0|santa give present rich occupywallstreet perpetuatingpoverty
0.0|rat meat sell lamb china occupy ows occupywallstreet occupyhq grassroots
0.0|green group accuse trash reputation overseas occupy ows occupywallstreet occupyhq
0.0|shugdenlibrary dalai lama slave owner dalailama lamagate occupywallstreet
0.0|include contradiction democracy centralism leadership lead ows occupywallstreet
0.0|gunfail ix occupy ows occupywallstreet occupyhq grassroots
0.0|maddowblog agenda reek radicalism turn notch
0.0|nyc forecast wed night low temp occupywallstreet sgp
()Getting CNN classification labels from http://localhost:5000/cnn_train_and_get_prediction_labels?trainingFolder=a9671c81-ec04-4ea8-b53f-1b05241e1769-ebola-Iteration-14&ngram=3

Aux F1 - Iteration-14=0.92
Precision=0.89
Recall=0.96
Aux F1 - ConfusionMatrix:
23.0  3.0   
1.0   24.0  

Best F1 so far - 0.94 at iteration:0


0.32|decolonize pipeline resistance interview freda huson occupy ows occupywallstreet occupyhq grassroots
0.32|nyc forecast thu night mostly low temp occupywallstreet tpp topprog
0.23|win mt gaypatriot occupywallstreet communist occupyhongkong
0.36|may day la schedule occupy ows occupywallstreet occupyhq grassroots
0.29|kelly thomas verdict cop license murder filmthepolice anonfamily opsafewinter occupywallstreet
0.38|hqoccupy sudanese trader kill south sudan ambush occupy ows occupywallstreet occupyhq grassroots
0.31|nyc forecast wed night low temp occupywallstreet ocra topprog
0.42|iran two ahwazi arab men risk imminent execution occupy ows occupywallstreet occupyhq grassroots
0.27|amateur activist occupy ows occupywallstreet occupyhq grassroots usa canada
0.29|nyc forecast sun high temp occupywallstreet tpp tpp
0.23|greek police arrest editor weekly magazine dissent ows occupygreece occupywallstreet
0.31|news november occupy ows occupywallstreet occupyhq grassroots usa canada
0.32|malala receive liberty medal occupy ows occupywallstreet occupyhq grassroots usa canada
0.37|pentagon ready train syrian rebel occupy ows occupywallstreet occupyhq grassroots usa
0.33|nyc forecast wed night mostly low temp occupywallstreet tpp topprog
0.41|turkey withstand hostage ordeal say turkish pm occupy ows occupywallstreet occupyhq grassroots usa
0.29|hardliner impeach moderate minister green movement protest occupy ows occupywallstreet
0.4|silent crisis bahrain opposition seek support international attention russia occupy ows occupywallstreet
0.33|celente world currency trouble occupy ows occupywallstreet occupyhq grassroots
0.21|return pluribus occupy opesr ows
Retrieved 14 new auxiliary tweets.
0.0|decolonize pipeline resistance interview freda huson occupy ows occupywallstreet occupyhq grassroots
0.0|nyc forecast thu night mostly low temp occupywallstreet tpp topprog
0.0|win mt gaypatriot occupywallstreet communist occupyhongkong
0.0|greek police arrest editor weekly magazine dissent ows occupygreece occupywallstreet
0.0|nyc forecast wed night mostly low temp occupywallstreet tpp topprog
0.0|hardliner impeach moderate minister green movement protest occupy ows occupywallstreet
0.0|kelly thomas verdict cop license murder filmthepolice anonfamily opsafewinter occupywallstreet
0.0|nyc forecast wed night low temp occupywallstreet ocra topprog
0.0|news november occupy ows occupywallstreet occupyhq grassroots usa canada
0.0|malala receive liberty medal occupy ows occupywallstreet occupyhq grassroots usa canada
0.0|amateur activist occupy ows occupywallstreet occupyhq grassroots usa canada
0.0|nyc forecast sun high temp occupywallstreet tpp tpp
0.0|celente world currency trouble occupy ows occupywallstreet occupyhq grassroots
0.0|return pluribus occupy opesr ows
()Getting CNN classification labels from http://localhost:5000/cnn_train_and_get_prediction_labels?trainingFolder=e4c00009-dab7-4cd7-adc9-f696be3eb54c-ebola-Iteration-15&ngram=3

Aux F1 - Iteration-15=0.92
Precision=0.89
Recall=0.96
Aux F1 - ConfusionMatrix:
23.0  3.0   
1.0   24.0  

Best F1 so far - 0.94 at iteration:0


0.33|bureau reclamation release additional flow avert klamath river fish occupy ows
0.3|nyc forecast mon night low temp occupywallstreet tlot sgp
0.44|phoenix last night cop kill unarm black man afraid prescription bottle occupy
0.33|nyc forecast mon night mostly low temp occupywallstreet topprog tcot
0.36|syria meet end solution occupy ows occupywallstreet occupyhq grassroots
0.31|giovalenzi il natale vince su tutto capodanno nella grande happy new year
0.34|nyc forecast sit night low temp occupywallstreet ocra sgp
0.33|nyc forecast wed night mostly low temp occupywallstreet tpp
0.18|alle reden zur deutsche bank hauptversammlung frankfurt occupy ows
0.39|nyc forecast fri partly high temp get smart occupywallstreet tlot topprog
0.37|qe backfire dividend quest usurp growth cut research quantitative ease may make
0.36|crisis southern new part occupy ows occupywallstreet occupyhq grassroots
0.29|occupywallstreet penney store close via huffpostbiz
0.46|one bad thing pet fish occupy ows occupywallstreet occupyhq
0.36|vadodara zoo special conducive environment animal summer occupy ows occupywallstreet occupyhq
0.34|nyc forecast sit night low temp occupywallstreet glennbeck
0.45|mexico new grave find hunt miss student occupy ows occupywallstreet occupyhq grassroots usa
0.35|nyc forecast sit partly high temp occupywallstreet tlot
0.39|german spy agency geopolitical consequence oil boom occupy ows occupywallstreet occupyhq grassroots
0.28|nyc forecast fri high temp occupywallstreet glennbeck tpp
Retrieved 11 new auxiliary tweets.
0.0|nyc forecast wed night mostly low temp occupywallstreet tpp
0.0|nyc forecast sit night low temp occupywallstreet glennbeck
0.0|alle reden zur deutsche bank hauptversammlung frankfurt occupy ows
0.0|occupywallstreet penney store close via huffpostbiz
0.0|nyc forecast sit partly high temp occupywallstreet tlot
0.0|nyc forecast fri high temp occupywallstreet glennbeck tpp
0.0|nyc forecast mon night mostly low temp occupywallstreet topprog tcot
0.0|giovalenzi il natale vince su tutto capodanno nella grande happy new year
0.0|nyc forecast sit night low temp occupywallstreet ocra sgp
0.0|nyc forecast mon night low temp occupywallstreet tlot sgp
0.0|bureau reclamation release additional flow avert klamath river fish occupy ows
()Getting CNN classification labels from http://localhost:5000/cnn_train_and_get_prediction_labels?trainingFolder=20edb61b-d7a5-43cd-aaff-369e0a720232-ebola-Iteration-16&ngram=3

Aux F1 - Iteration-16=0.92
Precision=0.89
Recall=0.96
Aux F1 - ConfusionMatrix:
23.0  3.0   
1.0   24.0  

Best F1 so far - 0.94 at iteration:0


0.35|hitchhiker save woman racist kook occupy ows occupywallstreet occupyhq grassroots
0.47|ensure bad outcome cyprus tell world occupy ows occupywallstreet occupyhq grassroots
0.45|tell congress bank must fix mistake credit report occupywallstreet nyc ohio
0.52|think might interest ebola awareness clown comedy serious
0.31|get ebolavirus guideline
0.25|dwoehrl frisch gebloggt ebola gibt noch viel zu woehrlwideweb
0.43|ebola warrior
0.5|liberia decide empty hospital easy enough ebola
0.44|difference mers ebola via timehealth
0.44|sierra leone ebola sierra leone warn level avoid nonessential travel travel credit car
Retrieved 3 new auxiliary tweets.
0.0|hitchhiker save woman racist kook occupy ows occupywallstreet occupyhq grassroots
0.0|get ebolavirus guideline
0.0|dwoehrl frisch gebloggt ebola gibt noch viel zu woehrlwideweb
()Getting CNN classification labels from http://localhost:5000/cnn_train_and_get_prediction_labels?trainingFolder=cd135993-a116-4b60-a368-063456bc7abf-ebola-Iteration-17&ngram=3

Aux F1 - Iteration-17=0.92
Precision=0.89
Recall=0.96
Aux F1 - ConfusionMatrix:
23.0  3.0   
1.0   24.0  

Best F1 so far - 0.94 at iteration:0


