Starting experiment at 2017-04-02T18:13:01.929-04:00
Reset successful
***************** Parameters used for EXPERIMENT *****************
	filterToUse = CosineSim
	minSimilarityThreshold = 0.6
	cosineSimilarityWindowSize= 0.35
	minWmDistanceThreshold = 0.49
	vectorType= google
	webWord2VecBaseUri = http://localhost:5000/getvector/
	cnnClassifierBaseUri = http://localhost:5000/cnn_train_and_get_prediction_labels
	maxFpmWordsToPick = 35
	minFpmWordsDetected = 0
	refreshLocalWordVectors = false
	maxExperimentIterations = 20
	maxAuxTweetsToAddEachIteration = 20
	thresholdF1 = 0.98
	classifierType = LogisticRegression
	folderNameForCnnClassifier = 
	auxiliaryThresholdExpectation = 0.01
	fileDelimiter = ,
	experimentSet = egypt
	experimentSetNumber = 2
	trainingDataFile = data/final/egypt_training_data2.txt
	validationDataFile = data/final/egypt_validation_data.txt
	auxiliaryDataFile = data/final/egypt_auxiliary_data.txt
	supplementedCleanAuxiliaryFile = data/final/egypt_auxiliary_data.txt

***************** Parameters used for EXPERIMENT *****************

Replacing morsi with egypt. Choices [morsi,egypt].
Replacing sinai with egypt. Choices [sinai,egypt].
Replacing fukushima with nuclear. Choices [nuclear,fukushima].

Initial F1=0.86
Precision=0.91
Recall=0.87
Initial - ConfusionMatrix:
13.0  2.0   
3.0   20.0  

0.41|match report tunis al ahly cafchampionsleague football soccer africa
0.53|monaeltahawy female journalist savagely attack cairo egypt
0.56|egypt alien
0.45|another question head referendum committee hour leave round egypt
0.63|proud egyptian fb tahrir egypt
0.41|per ogni sorpresina di oggi dobbiamo sempre ringraziare tantawi per quella notte tragica cui sciolse il parlamento per egypt
0.6|photography update anti muslim brotherhood protest egypt mb ikhwan morsi
0.47|egypt fat black girl get spank big cock lol
0.48|ianinegypt scene outside presidential egypt
0.66|egypt
0.64|egypt salafists order coptic church land egypt salafist copt
0.6|translate egypt clash alexandria phase referendum egyptian
0.61|egypt protest morsi power grab first flower arabspring shalom cohen
0.6|eyeoncambodia egypt right obama egypt murder violation human right eh
0.58|brotherhood become psychiatrist via ahramonline morsi islamist salafists egypt
0.37|miss summer weather sky instaweather instaweatherpro outdoors nature el dokki egypt day autumn
0.58|ibrahim eissa host hamdeen sabbahi tonight al qahera wal na egypt
0.62|say gaddafi take state full tahrir egypt
0.5|tt nilenewschannel greek president israel take gas oil resource
0.43|love hate egyptian
Retrieved 5 new auxiliary tweets.
1.0|proud egyptian fb tahrir egypt
1.0|egypt
1.0|say gaddafi take state full tahrir egypt
1.0|egypt salafists order coptic church land egypt salafist copt
1.0|egypt protest morsi power grab first flower arabspring shalom cohen
()
Aux F1 - Iteration-1=0.79
Precision=0.79
Recall=0.96
Aux F1 - ConfusionMatrix:
9.0  6.0   
1.0  22.0  

Best F1 so far - 0.86 at iteration:0


0.6|egypt islamist moron proudly present item threaten book christ cartridge
0.41|vote period extend due high turnout say sec lack egypt
0.58|shalandawilkers flagman egypt camel israel give terrorist
0.54|mt koertdebeuf baradei cnn ready national first postpone dialogue damoclese egypt
0.54|egypt draw
0.6|egypt masr april leader quit constituent assembly sinai
0.47|antonywahba protest firework laser egypt palace
0.49|safarkhan art egypt november exhibition wael darwish pm till november
0.46|egypt footage wow nostalgia
0.54|egypt love much hahaha
0.52|egypt semi retard
0.43|egypt little reason celebrate south first birthday
0.54|muslim hq set ablaze office egypt ikhwan
0.53|morsy talk hand create presidential palace civil war egypt
0.53|ankh british museum hieroglyphic egypt ankh
0.63|islamist egypt morsi tahrir auc
0.52|destruction heritage sit syria raise question cost democracy occupy ows occupywallstreet
0.26|nyc forecast overnight partly low temp occupywallstreet tpp
0.24|nyc forecast afternoon high temp occupywallstreet tpp sgp
0.48|link city underwater year occupy ows occupywallstreet occupyhq grassroots usa
Retrieved 2 new auxiliary tweets.
0.0|nyc forecast afternoon high temp occupywallstreet tpp sgp
1.0|islamist egypt morsi tahrir auc
()Replacing occupywallstreet with ows. Choices [ows,occupywallstreet].
Replacing tpp with temp. Choices [tpp,temp].
Adding 2 auxiliary tweets to the training data.

Aux F1 - Iteration-2=0.89
Precision=0.91
Recall=0.91
Aux F1 - ConfusionMatrix:
13.0  2.0   
2.0   21.0  

Best F1 so far - 0.89 at iteration:2


0.42|vietnamese lawyer face obstruction ahead trial occupy ows occupywallstreet occupyhq grassroots
0.48|andrew curtin photo selfie occupy ows occupywallstreet occupyhq grassroots
0.28|nyc forecast wed night low temp occupywallstreet glennbeck tcot
0.47|alex schaefer burn bank occupy ows occupywallstreet occupyhq grassroots
0.27|study economic inequality lead downfall civilization
0.38|dome special slideshow occupy ows occupywallstreet occupyhq grassroots
0.42|cme break occupy ows occupywallstreet occupyhq
0.34|nyc forecast mon high temp get smart occupywallstreet sgp
0.42|preview death bin lade revisted nightly news video occupy ows occupywallstreet occupyhq
0.38|irs rule bitcoin property subject capital gain tax occupy ows occupywallstreet occupyhq grassroots
0.39|confession juiced journalist occupy ows occupywallstreet occupyhq grassroots
0.3|ows kitchen nostalgia submit
0.28|nyc forecast sit night partly low temp occupywallstreet tcot
0.31|nyc forecast fri night low temp occupywallstreet topprog glennbeck
0.63|israel gaza big picture occupy ows occupywallstreet occupyhq grassroots usa canada europe
0.26|nyc forecast sun night mostly low temp occupywallstreet tpp glennbeck
0.54|secretive turkish movement buy influence occupy ows occupywallstreet occupyhq grassroots usa
0.28|nyc forecast sit night mostly low temp occupywallstreet tcot tcot
0.23|nyc forecast afternoon high temp occupywallstreet tpp
0.36|buy custom nyc street sign may suggest
Retrieved 2 new auxiliary tweets.
1.0|israel gaza big picture occupy ows occupywallstreet occupyhq grassroots usa canada europe
0.0|nyc forecast afternoon high temp occupywallstreet tpp
()Replacing occupyhq with occupy. Choices [occupyhq,occupy].

Aux F1 - Iteration-3=0.86
Precision=0.91
Recall=0.87
Aux F1 - ConfusionMatrix:
13.0  2.0   
3.0   20.0  

Best F1 so far - 0.89 at iteration:2


0.52|jesse jackson call symbolic protest clipper player occupy ows occupywallstreet occupyhq
0.45|brussels conference un stress need approach stabilize mali occupy ows occupywallstreet
0.19|occupywallstreet give nypd perfect excuse crack elderly veteran
0.52|colombia justice peace law failure expert say occupy ows occupywallstreet occupyhq grassroots
0.38|soil association disown say resign trustee occupy ows occupywallstreet occupyhq
0.36|cull human herd century occupy ows occupywallstreet occupyhq grassroots
0.22|support brother sister occupygezi reoccupy zuccotti occupywallstreet
0.56|may ga reid park occupy ows occupywallstreet occupyhq grassroots usa canada
0.51|unhcr urge prevent refugee expulsion uae occupy ows occupywallstreet occupyhq grassroots
0.49|new corvette spytech record conversation video occupy ows occupywallstreet occupyhq grassroots usa
0.33|hilaryclinton run president hilary care olsx teamster occupywallstreet
0.48|japan next economic domino occupy ows occupywallstreet occupyhq grassroots
0.37|dear state department moral authority tell country treat protest occupywallstreet
0.35|together jefferson airplane occupywallstreet
0.57|politico rand paul marco rubio differ iraq action occupy ows occupywallstreet occupyhq grassroots
0.32|nyc forecast fri night mostly low temp get smart occupywallstreet tlot tlot
0.49|banky bbc news occupy ows occupywallstreet occupyhq grassroots
0.4|nyc forecast tue night low temp occupywallstreet teaparty
0.18|alliancebl give bank tab occupywallstreet
0.35|ban kettle hairdryers help climate change occupy ows occupywallstreet
Retrieved 3 new auxiliary tweets.
0.0|support brother sister occupygezi reoccupy zuccotti occupywallstreet
0.0|occupywallstreet give nypd perfect excuse crack elderly veteran
0.0|alliancebl give bank tab occupywallstreet
()
Aux F1 - Iteration-4=0.84
Precision=0.95
Recall=0.78
Aux F1 - ConfusionMatrix:
14.0  1.0   
5.0   18.0  

Best F1 so far - 0.89 at iteration:2


0.36|fin fraud jp morgan agree pay record settle charge toxic mortgage occupywallstreet
0.32|shooter moncton phone report part video occupy ows occupywallstreet occupyhq
0.35|reason question investigate anniversary occupy ows occupywallstreet occupyhq
0.41|government privatization support inequality occupy ows opesr occupyhq
0.41|welcome back lobbyist obama save seat capitol hill occupy ows occupywallstreet occupyhq
0.39|surveillance camera soon read lip video occupy ows occupywallstreet occupyhq grassroots
0.39|rand woman problem occupy ows occupywallstreet occupyhq grassroots
0.41|unhcr condemn deadly attack homs collective shelter occupy ows occupywallstreet occupyhq grassroots
0.37|nyc forecast wed high temp get smart occupywallstreet ocra teaparty
0.39|rat meat sell lamb china occupy ows occupywallstreet occupyhq grassroots
0.4|gunfail ix occupy ows occupywallstreet occupyhq grassroots
0.5|work poor welcome occupy ows occupywallstreet occupyhq grassroots usa canada
0.33|nyc forecast mon night low temp get smart occupywallstreet topprog glennbeck
0.29|maddowblog agenda reek radicalism turn notch
0.28|nyc forecast wed night low temp occupywallstreet sgp
0.3|green group accuse trash reputation overseas occupy ows occupywallstreet occupyhq
0.35|noamchomsky quote mymanatee ows occupywallstreet
0.3|santa give present rich occupywallstreet perpetuatingpoverty
0.39|il movimento mondiale osservato anche da nel andremo micah white
0.41|texas appalachia put body line occupy ows occupywallstreet occupyhq grassroots
Retrieved 0 new auxiliary tweets.
()
Aux F1 - Iteration-5=0.86
Precision=0.91
Recall=0.87
Aux F1 - ConfusionMatrix:
13.0  2.0   
3.0   20.0  

Best F1 so far - 0.89 at iteration:2


0.26|shugdenlibrary dalai lama slave owner dalailama lamagate occupywallstreet
0.37|include contradiction democracy centralism leadership lead ows occupywallstreet
0.45|global may day protest austerity death bangladeshi worker via youtube ows occupywallstreet
0.4|decolonize pipeline resistance interview freda huson occupy ows occupywallstreet occupyhq grassroots
0.3|nyc forecast thu night mostly low temp occupywallstreet tpp topprog
0.25|win mt gaypatriot occupywallstreet communist occupyhongkong
0.41|may day la schedule occupy ows occupywallstreet occupyhq grassroots
0.37|kelly thomas verdict cop license murder filmthepolice anonfamily opsafewinter occupywallstreet
0.46|hqoccupy sudanese trader kill south sudan ambush occupy ows occupywallstreet occupyhq grassroots
0.28|nyc forecast wed night low temp occupywallstreet ocra topprog
0.53|iran two ahwazi arab men risk imminent execution occupy ows occupywallstreet occupyhq grassroots
0.5|amateur activist occupy ows occupywallstreet occupyhq grassroots usa canada
0.27|nyc forecast sun high temp occupywallstreet tpp tpp
0.34|greek police arrest editor weekly magazine dissent ows occupygreece occupywallstreet
0.56|news november occupy ows occupywallstreet occupyhq grassroots usa canada
0.53|malala receive liberty medal occupy ows occupywallstreet occupyhq grassroots usa canada
0.59|pentagon ready train syrian rebel occupy ows occupywallstreet occupyhq grassroots usa
0.27|nyc forecast wed night mostly low temp occupywallstreet tpp topprog
0.54|turkey withstand hostage ordeal say turkish pm occupy ows occupywallstreet occupyhq grassroots usa
0.45|hardliner impeach moderate minister green movement protest occupy ows occupywallstreet
Retrieved 1 new auxiliary tweets.
0.0|win mt gaypatriot occupywallstreet communist occupyhongkong
()
Aux F1 - Iteration-6=0.86
Precision=0.91
Recall=0.87
Aux F1 - ConfusionMatrix:
13.0  2.0   
3.0   20.0  

Best F1 so far - 0.89 at iteration:2


0.51|silent crisis bahrain opposition seek support international attention russia occupy ows occupywallstreet
0.41|celente world currency trouble occupy ows occupywallstreet occupyhq grassroots
0.37|return pluribus occupy opesr ows
0.32|bureau reclamation release additional flow avert klamath river fish occupy ows
0.33|nyc forecast mon night low temp occupywallstreet tlot sgp
0.33|phoenix last night cop kill unarm black man afraid prescription bottle occupy
0.32|nyc forecast mon night mostly low temp occupywallstreet topprog tcot
0.49|syria meet end solution occupy ows occupywallstreet occupyhq grassroots
0.42|giovalenzi il natale vince su tutto capodanno nella grande happy new year
0.28|nyc forecast sit night low temp occupywallstreet ocra sgp
0.27|nyc forecast wed night mostly low temp occupywallstreet tpp
0.43|alle reden zur deutsche bank hauptversammlung frankfurt occupy ows
0.33|nyc forecast fri partly high temp get smart occupywallstreet tlot topprog
0.22|qe backfire dividend quest usurp growth cut research quantitative ease may make
0.41|crisis southern new part occupy ows occupywallstreet occupyhq grassroots
0.58|egypt wassssssuuuuuupppp ur horny watch lol
0.6|get egypt
0.62|sumofmind sumofmind sumofmind archive sexually harass keep amman cairo egypt jordan sexu
0.53|egypt serious
0.54|egypt jordan work hard employ disable worker tahrir
Retrieved 2 new auxiliary tweets.
0.0|qe backfire dividend quest usurp growth cut research quantitative ease may make
1.0|sumofmind sumofmind sumofmind archive sexually harass keep amman cairo egypt jordan sexu
()
Aux F1 - Iteration-7=0.86
Precision=0.91
Recall=0.87
Aux F1 - ConfusionMatrix:
13.0  2.0   
3.0   20.0  

Best F1 so far - 0.89 at iteration:2


0.4|sun truth europe
0.56|bbm pin add mufc manchesterunited bbmshare bbpins egypt blackberrypins blackberrymessenger dubai manchesterbbmpins
0.64|sharm el sheikh egypt weather fair sharm egypt
0.63|riiiiiposo morsi polipo itihadeya egypt os circondato da csf army
0.62|alexandria egypt weather fair alexandria egypt
0.46|egypt giggle rear end ofhttp
0.67|egypt masr uk move towards syria opposition sinai
0.6|spanish court uphold decision hand salem spain egypt
0.63|usa russia fsa gain grind putin obama eu uk turkey lebanon egypt
0.57|palestinianleadership overseasleadership hamas page iran mqmtelevision
0.47|askliam ok go sometime go egypt
0.53|egypt uae oxycodone liver toxicity buy tramadol glitter antique saudi ksa bhr
0.6|notice tomorrow safar make egypt islam
0.45|egypt two son make cry
0.51|egypt visit place
0.64|egypt condition cairo eg eet egyweather
0.65|egyindependent four egyptian activist gaza injure israeli fire convoy palestine egypt
0.54|egypt douche bag mousterbates pic alien lol
0.66|remember place kuwait egypt london lebanon syria instapic instaphoto instamood
0.47|break central bank governor resign post news aswat masriya egypt
Retrieved 8 new auxiliary tweets.
1.0|sharm el sheikh egypt weather fair sharm egypt
1.0|alexandria egypt weather fair alexandria egypt
1.0|egypt masr uk move towards syria opposition sinai
1.0|egyindependent four egyptian activist gaza injure israeli fire convoy palestine egypt
1.0|remember place kuwait egypt london lebanon syria instapic instaphoto instamood
1.0|egypt condition cairo eg eet egyweather
1.0|riiiiiposo morsi polipo itihadeya egypt os circondato da csf army
1.0|usa russia fsa gain grind putin obama eu uk turkey lebanon egypt
()Replacing alexandria with egypt. Choices [alexandria,egypt].

Aux F1 - Iteration-8=0.83
Precision=0.84
Recall=0.91
Aux F1 - ConfusionMatrix:
11.0  4.0   
2.0   21.0  

Best F1 so far - 0.89 at iteration:2


0.65|mrsedky dear unite state bitch dictator morsi obama egypt politics tahrir
0.59|beautiful sunset cairo egypt
0.52|egypt believe back
0.4|rachidh wasp date egypt insect rachidh nature photo
0.58|egypt uae child try ok follow study buy nfl football jersey saudi ksa bhr
0.49|chill beach class egypt alexandria beach sunshine sand relax arabic egyptian
0.59|cairo contagion lethargy political egyconstitution egypt
0.27|must read
0.56|call egypt sway palestinian end hostility official say gazaunderattack
0.54|tahrir awe horizontal greed love egypt watchingandlearning
0.5|pitapolicy egypt must forget street child write via lamamaksosa poverty
0.58|girl need furniture offer egypt cairo
0.41|dioscorusboles yes constitution sake divine
0.53|nothing make happy pack arrival hall cairo international tourism egypt backontopbitches
0.49|ikhwanweb mubarak sentence prison base knowledge event lack action prevent egypt
0.52|rawyarageh elbaradei moussa sabbahi press conf tgthr egypt
0.47|karshaf groppi bear rovio swiss board ship egypt early country full opportunity
0.38|egypt flood wise time fill middle wide exhaust black hole lighten wait
0.44|egypt live pastor turn church near tahrir field hospital say police fire teargas
0.49|wow end thousand myth remember maspero egypt
Retrieved 1 new auxiliary tweets.
1.0|mrsedky dear unite state bitch dictator morsi obama egypt politics tahrir
()
Aux F1 - Iteration-9=0.86
Precision=0.91
Recall=0.87
Aux F1 - ConfusionMatrix:
13.0  2.0   
3.0   20.0  

Best F1 so far - 0.89 at iteration:2


0.51|monaeltahawy esteem salafi know sexual car old support egypt porn ban ht
0.56|sventruenorth eye egypt constitutional peace globalpolitics canpoli
0.52|etribune australia urge ban cattle export egypt
0.58|mt eu rightfully change policy towards egypt stand universal right peo
0.62|egypt masr egyptian stage mass rally sinai
0.54|dailynewsegypt thousand demonstrator front presidential palace sing national egypt dne via
0.5|anything interest go egypt
0.56|mt clash cairo egypt plunge deep crisis afp video
0.61|egypt country
0.34|shit
0.65|demonstration surround presidential palace tahrir cairo egypt morsi ikh
0.61|hear mr see auc marchtomorsi tuesday egypt
0.6|matthewjbell must quite sight egypt presidential palace cairo
0.35|long time egypt time travel
0.39|yallabreak follow new baby yscoreboard new update foodiesinthehouse review egypt yallabreak
0.59|egypt receive bn eu presidency via ahramonline
0.61|egypt lord
0.49|egypt matt receive quit class regard publish stacyis photo
0.66|first info website arab spring youth egypt tahrir bahrain syria
0.38|lorion syria go offline prepare since saw happen rev medium center
Retrieved 6 new auxiliary tweets.
1.0|hear mr see auc marchtomorsi tuesday egypt
1.0|egypt lord
1.0|egypt masr egyptian stage mass rally sinai
1.0|demonstration surround presidential palace tahrir cairo egypt morsi ikh
1.0|first info website arab spring youth egypt tahrir bahrain syria
1.0|egypt country
()
Aux F1 - Iteration-10=0.77
Precision=0.8
Recall=0.87
Aux F1 - ConfusionMatrix:
10.0  5.0   
3.0   20.0  

Best F1 so far - 0.89 at iteration:2


0.67|egypt masr israel hammer hamas gaza offensive sinai
0.52|baradei dont respect pole make people decide wheather constitution good bad egypt news
0.52|egypt mull arm sinai bedouin security force
0.36|adamakary azza best ice cream egypt icecream bahary vanilla awesome
0.55|egypt salafi front establish new political party call promote islamist interest via ahramonline
0.19|triplem go back welcome
0.55|yes mb militia yes yes care egyptian old news fact egypt
0.48|martyr mostafa abdullah age die suez gunshot egypt
0.49|weak people ear return replace pg article egypt mursi
0.57|ya gonna visit egypt
0.5|ghazalairshad dostoor party security line anticipation arrival tahrir moment egypt
0.52|egypt absolutely draw
0.57|fresh clash erupt egypt president morsy via cnn
0.47|egypt launch ppp project build port qena assiut sohag
0.63|hamas meshaal say israel must stop war first accept hamas condition include lift blockade gaza egypt gazaunderattack
0.41|ppl chant know nothing chant bunch terrorist
0.6|clash outside egypt presidential palace cairo
0.45|medium accreditation much trouble get egypt referendum
0.52|xarabic egypt republican guard say demonstrator must evacuate area around presidential palace pm
0.39|calm storm storm egypt
Retrieved 3 new auxiliary tweets.
0.0|triplem go back welcome
1.0|egypt masr israel hammer hamas gaza offensive sinai
1.0|hamas meshaal say israel must stop war first accept hamas condition include lift blockade gaza egypt gazaunderattack
()
Aux F1 - Iteration-11=0.86
Precision=0.88
Recall=0.91
Aux F1 - ConfusionMatrix:
12.0  3.0   
2.0   21.0  

Best F1 so far - 0.89 at iteration:2


0.58|egypt totally
0.42|ashrafkhalil two different tahrir prayer group follow different imam different egypt
0.48|egypt masr senior state department official remove sinai
0.44|know fix every problem egypt morsi fuckoff
0.5|microsoft window launch event live blogging via texnomic egypt
0.69|egypt
0.46|amaheer probably reason egypt morsi mb many hashtags trend
0.32|good ahramonline internet user increase pct facebook user reach mln report
0.53|wluml blog nihalsaad endsh vaw egypt harassment feminism
0.66|ship carry iranian weapon money seize offshore yemen iran arab bbc yemen gcc canada cnn egypt
0.6|kalnaga national outrage bloodshed peaceful egyptian oppose dictator one morsi must court egypt
0.69|itsbeco egypt voteno voteno voteno voteno voteno voteno voteno voteno voteno voteno voteno voteno voteno voteno voteno voteno
0.56|egypt two police officer assault lead jan revolution activist nac tahrir
0.43|egypt uae premarin prescription cost buy generic premarin online premarin buy premarin
0.65|alarabiya egypt palestine tie eye israel say khartoum aid gaza arm smuggle via egypt
0.58|samar dahmash arabvoicesspeak live ontveg check watch egypt jo jordan usa
0.41|egypt find pay hour sexual intercourse sit problem beside
0.59|egypt merkel defend austerity cut portugal masr
0.6|fifa rank ivorycoast algeria mali ghana zambia egypt tunisia centralafrican gabon nigeria
0.68|egypt tahrir scaf
Retrieved 5 new auxiliary tweets.
1.0|alarabiya egypt palestine tie eye israel say khartoum aid gaza arm smuggle via egypt
1.0|egypt
1.0|egypt tahrir scaf
1.0|itsbeco egypt voteno voteno voteno voteno voteno voteno voteno voteno voteno voteno voteno voteno voteno voteno voteno voteno
1.0|ship carry iranian weapon money seize offshore yemen iran arab bbc yemen gcc canada cnn egypt
()
Aux F1 - Iteration-12=0.66
Precision=0.7
Recall=0.91
Aux F1 - ConfusionMatrix:
6.0  9.0   
2.0  21.0  

Best F1 so far - 0.89 at iteration:2


0.36|get mid november still nowhere close get cold time soon egypt weather winter morsydamnyou
0.51|egypt arrest within day opposition back mubarak day religious form
0.36|sky cloud weather thismoment chase rainwall rain come huge sea aboker alexandria egypt
0.63|proud people egypt fight freedom egypt
0.45|nytjim egypt tank deploy presidential palace barb wire string separate protester
0.69|standforislam rule rightly guide umar egypt syria palestine pakistan indonesia
0.63|fbnpc alqaeda benghazi iran egypt saudiarabia africa libya iraq pakistan lnyhbt omg
0.23|camel balcony camel park alaa
0.46|egypt anyone ever make
0.34|bloody night atlantic
0.55|beltrew historic person convoy gaza end mohamed mahmoud
0.45|washinstitute lawlessness sinai feed gaza conflict yaari
0.68|hentai black kuwait saudi syria sex ksa egypt bahrain
0.58|egypt must keep outlook policy steady imf loan review reuters egypt
0.54|egypt concert
0.46|desperate people sth believe far go defense belief find egypt
0.47|egyindependent pm govt prepare law strict sexual harassment penalty egypt endsh
0.52|egypt odds reelection intrade bet site rise course tahrir
0.66|usa support regime kill people name egypt tahrir
0.68|egypt tahrir scaf
Retrieved 7 new auxiliary tweets.
1.0|usa support regime kill people name egypt tahrir
1.0|hentai black kuwait saudi syria sex ksa egypt bahrain
0.0|camel balcony camel park alaa
1.0|fbnpc alqaeda benghazi iran egypt saudiarabia africa libya iraq pakistan lnyhbt omg
1.0|proud people egypt fight freedom egypt
1.0|standforislam rule rightly guide umar egypt syria palestine pakistan indonesia
1.0|egypt tahrir scaf
()Replacing ksa with egypt. Choices [ksa,egypt].

Aux F1 - Iteration-13=0.86
Precision=0.91
Recall=0.87
Aux F1 - ConfusionMatrix:
13.0  2.0   
3.0   20.0  

Best F1 so far - 0.89 at iteration:2


0.65|israeli enter egypt attack gaza
0.64|buddy concur publicly kill tcot obama israel egypt islam
0.69|egypt
0.46|state department spokeswoman victoria nuland expect discus situation egypt watch live
0.43|egypt serious doubt whether morsi control presidency
0.4|egypt potential become split state along line mass internal
0.66|cairo syria cairo egypt damascus solidarity cairo syria cairo
0.62|hammametsou egyptian really vote via ahramonline egypt
0.65|parade kuwait saudi sandy sex ksa egypt bahrain
0.46|ahramonlinearts egypt underground musician leave negotiation table sour rouelshimi via ahramonline
0.5|people listen much egypt
0.47|egypt eu aid billion loan way commit billion way le power
0.58|analysis egypt prove peace role survive arab spring reuters
0.46|coward politician west condone massacre people tahrir square appeasement
0.68|karen cheerleader humiliate kuwait saudi syria sex ksa egypt bahrain
0.54|perrymarvan pick troll egypt
0.54|either morsi thug put military cairo fight dare syria tango
0.47|aelmassry egypt court preacher khaledabdullah ban broadcast day sheeesh
0.53|egypt perform
0.42|egypt referendum nsoliman design voteno need print house print free please please
Retrieved 7 new auxiliary tweets.
1.0|hammametsou egyptian really vote via ahramonline egypt
1.0|egypt
1.0|israeli enter egypt attack gaza
1.0|buddy concur publicly kill tcot obama israel egypt islam
1.0|cairo syria cairo egypt damascus solidarity cairo syria cairo
1.0|karen cheerleader humiliate kuwait saudi syria sex ksa egypt bahrain
1.0|parade kuwait saudi sandy sex ksa egypt bahrain
()
Aux F1 - Iteration-14=0.86
Precision=0.88
Recall=0.91
Aux F1 - ConfusionMatrix:
12.0  3.0   
2.0   21.0  

Best F1 so far - 0.89 at iteration:2


0.45|morning tweepes rabena yostor today egypt morsy
0.59|egypt masr official promise fail halt china protest
0.45|assume stay power face believe morsi egypt
0.48|think egypt good take care transportation rather porn sit wala eh
0.59|joekaldas love egypt
0.6|dictatorship fuck depress morsi egypt
0.66|egypt israeli foreign minister lieberman resign masr
0.41|one person constituent assembly even remotely close represent egypt
0.59|pray peace israel lord let beat brake egypt
0.62|egypt clash lebanese army syrian rebel break border tahrir
0.39|egypt attitude toward grow hostile despite support lynndebate
0.47|egypt damn reason personally like woman
0.55|egypt partner cant believe
0.42|saharazizlaw return inspire trip egypt earlaegypt mmabrouk
0.51|rhreid ap news egypt ask imf delay loan due turmoil
0.59|morsi egypt opinion become dictator marijuana peace democracy gothp
0.55|egypt leak britney toe rofl
0.51|irish say mistake goat beard fine replace goat ikhwan egypt iran
0.52|people friend tatto egypt illuminati freemason wallpaper instanesia iphonesia instaworld
0.51|miss old egypt menak lelah ya morsy
Retrieved 2 new auxiliary tweets.
1.0|egypt israeli foreign minister lieberman resign masr
1.0|egypt clash lebanese army syrian rebel break border tahrir
()
Aux F1 - Iteration-15=0.86
Precision=0.91
Recall=0.87
Aux F1 - ConfusionMatrix:
13.0  2.0   
3.0   20.0  

Best F1 so far - 0.89 at iteration:2


0.6|south african constitution several clause outlaw death prolly pas justathought egypt
0.59|egyptian court stop work protest morsi move via cbsnews poli egypt uspoli
0.6|ikhwan say copt protest yeah islamist bad egypt
0.48|new poll put president approval rat egypt morsi
0.43|egypt make cry pray get well soon
0.52|cleric warn egypt may lose bln qatari investment people vote constitution tandem post
0.52|unconfirmed beltrew name kill tonight outside presidential palace hahellyer emadeffat myrnaemad rip egypt
0.49|photo near palace moneloky epic egypt
0.49|egypt romney supporter resort stunt crazy
0.61|kareemlailah aljazeera correspondent report clash tahrir cairo egypt
0.5|morsi allow ok stop commit egypt
0.23|critic wonder morsy next strongman
0.47|mask gunman attack opposition protester crowd gather rally egypt tahrir
0.51|ajelive speech azhar preacher occasion eid morsi call syria regime halt bloodshed
0.45|ap egypt top court decide whether disband panel draft new constitution
0.41|egypt try kind upon photographic camera
0.59|egypt drink lol ye
0.49|forensics investigation egypt determine bullet shoot protestors come muslim brotherhood member
0.52|salam alaykom prayer time luxor city dhuhr pray luxor egypt
0.63|war islam new liberalism egypt
Retrieved 3 new auxiliary tweets.
1.0|war islam new liberalism egypt
0.0|critic wonder morsy next strongman
1.0|kareemlailah aljazeera correspondent report clash tahrir cairo egypt
()
Aux F1 - Iteration-16=0.83
Precision=0.87
Recall=0.87
Aux F1 - ConfusionMatrix:
12.0  3.0   
3.0   20.0  

Best F1 so far - 0.89 at iteration:2


0.66|obama thank egypt world leader hail hamas truce via telegraph gaza mursi
0.59|holiness dalai lama speak abt middle east peace watch live webcast syria egypt dalailama
0.49|egypt uae strategy healthy balance might diet household good saudi ksa bhr
0.49|bennu tell basta project scan day night egypt
0.64|protest march tahrir egypt dailynewsegypt cairo morsi mohamedmahmoud csf moi via acarvin
0.52|minorityrights christian woman hair forcibly cut metro egypt minority mrg
0.62|islamist march support president egypt
0.62|alexandria egypt weather fair alexandria egypt
0.6|egypt masr turkey consider deployment missile syria border
0.43|flyegyptair hr flight delay far official announcement egypt egyptair board today fail
0.49|morsi go batshit crazy egypt
0.63|aleikhemshalom prosyriana fight palestine europe africa america egypt
0.69|egyptian tahrir egypt morsi
0.42|cairowire coptic presidential assistant decide resign presidential team hold urgent meet egypt
0.59|egyptian stage mass morsi rally tahrir square egypt news
0.47|egypt defender hegazy miss action month fiorentina via ahramonline football soccer seriea italy
0.62|salam alaykom prayer time cairo city maghrib pray cairo egypt
0.42|pic take camera little saturation edit mobile egypt
0.38|egypt love rate murder career give early heart
0.5|huge famous series shop mall egypt name albanian omar effendi arnaut
Retrieved 7 new auxiliary tweets.
1.0|obama thank egypt world leader hail hamas truce via telegraph gaza mursi
1.0|alexandria egypt weather fair alexandria egypt
1.0|aleikhemshalom prosyriana fight palestine europe africa america egypt
1.0|islamist march support president egypt
1.0|egyptian tahrir egypt morsi
1.0|salam alaykom prayer time cairo city maghrib pray cairo egypt
1.0|protest march tahrir egypt dailynewsegypt cairo morsi mohamedmahmoud csf moi via acarvin
()
Aux F1 - Iteration-17=0.8
Precision=0.81
Recall=0.91
Aux F1 - ConfusionMatrix:
10.0  5.0   
2.0   21.0  

Best F1 so far - 0.89 at iteration:2


0.37|make noise make noise effective healthy twitter egypt
0.39|yusuralbahrani right organization rule saber sign religious dictatorship
0.37|think copy indian well
0.52|rosanwo grind action virtually bibi insist test new gaza israel
0.69|egypt
0.58|tool use internet disaster war syria egypt indyvote
0.58|corruption mb egypt egyptbusiness egypt slip corruption index
0.56|arminvanbuuren please forget egypt
0.5|ever see display last time north america egypt mummy pacificsciencecenter
0.64|egypt egyptian death storm ministry say masr
0.48|egypt know make cry laughter omfg emphasis ahahahahahaha
0.34|arabic judge high council say meet morsi message accurate
0.45|clash get bad protester low number trap mb thug egypt
0.7|egypt masr islamist protest cairo call islamic law sinai
0.57|johannesburg via youtube un gaza palestine
0.6|egypt stop depart plan damascus syria
0.48|egypt dwindle option
0.44|sultanalqassemi el baradei constitution end dustbin history
0.55|ihavealwayswanted country clean egypt
0.55|year citizen medium protest expose gov screen qasr al aini wall egypt
Retrieved 3 new auxiliary tweets.
1.0|egypt
1.0|egypt egyptian death storm ministry say masr
1.0|egypt masr islamist protest cairo call islamic law sinai
()
Aux F1 - Iteration-18=0.89
Precision=0.91
Recall=0.91
Aux F1 - ConfusionMatrix:
13.0  2.0   
2.0   21.0  

Best F1 so far - 0.89 at iteration:2


0.57|egypt democracy always possible still chomskyauc tahrir
0.41|morsy prefer defend muslim brotherhood offer compromise sake
0.49|need maze salim constitutional declaration also cannot repeal egypt
0.52|aymondo come tear motherfucker egypt
0.61|egypt therefore
0.69|egypt
0.67|egypt cairo court examine case mubarak pardon tahrir
0.6|yep eg syria egypt afiyanesss ibnfaqih people die right take muslimvote yallachange
0.46|break medic need near al injury egypt
0.6|vianney nsimbe time caf president hayatou friday go africa egypt
0.56|oritperlov nervous nile minority fear end secularism egypt via spiegelonline
0.66|bahrain ksa kuwait uae oman qatar iraq syria egypt tunisia morroco libya yemen iran
0.62|egypt democrat reid leave hospital crash tahrir
0.54|sherinet alert egypt
0.43|egypt court sentence atheist year imprisonment insult religion religion atheism freedomofexpression
0.53|egypt make cry
0.63|egyptian passport kaman bardo lazem el destor abl ah aw think egypt
0.47|ajelive egypt president morsi appeal people evidence trust elect
0.58|morsi protect islamist hijack constitution egypt crisis morsi give army arrest power vote
0.54|egypt photo gallery worshipper fill mosque courtyard start eid tahrir
Retrieved 6 new auxiliary tweets.
1.0|egyptian passport kaman bardo lazem el destor abl ah aw think egypt
1.0|egypt democrat reid leave hospital crash tahrir
1.0|egypt
1.0|egypt therefore
1.0|egypt cairo court examine case mubarak pardon tahrir
1.0|bahrain ksa kuwait uae oman qatar iraq syria egypt tunisia morroco libya yemen iran
()
Aux F1 - Iteration-19=0.89
Precision=0.91
Recall=0.91
Aux F1 - ConfusionMatrix:
13.0  2.0   
2.0   21.0  

Best F1 so far - 0.89 at iteration:2


0.57|egypt realestate
0.5|protester sing egypt national anthem march get close presidential palace
0.5|new content pinterest board global economy financial egypt italy oil
0.46|morsi speak egypt reminder similar speech bad
0.5|breakingnews judge across egypt refuse oversee controversial constitutional referendum
0.48|come back egypt
0.56|difference mubarak morsi people get choose latter justsaying egypt
0.64|egypt afghan presidential vote due april tahrir
0.51|seriously egypt alber saber hosni tell way tora
0.65|hamadeabdulla history ottoman woman turkey egypt uae bahrain saudi oman qatar kuwait
0.63|bahrain pathetic see show low alwefaq egypt gcc kuwait ksa uk usa
0.5|egypt brother lose bet french kiss mom lolll
0.64|prime minister egypt plan long egypt gaza
0.58|egypt masr iraqi kill suspect sectarian attack sinai
0.62|norshek feel sympathy towards gaza leave morsi egypt gaza
0.48|egypt uneducated rural inhabitant desire serfdom beat something worship step
0.64|chant tahrir egypt arabic
0.55|constitution pas yet transitional constitution even intend egypt
0.5|anyone keep log many chief pm oust since jan egypt
0.52|egypt feature person utilise
Retrieved 6 new auxiliary tweets.
1.0|norshek feel sympathy towards gaza leave morsi egypt gaza
1.0|prime minister egypt plan long egypt gaza
1.0|bahrain pathetic see show low alwefaq egypt gcc kuwait ksa uk usa
1.0|hamadeabdulla history ottoman woman turkey egypt uae bahrain saudi oman qatar kuwait
1.0|egypt afghan presidential vote due april tahrir
1.0|chant tahrir egypt arabic
()
Aux F1 - Iteration-20=0.8
Precision=0.83
Recall=0.87
Aux F1 - ConfusionMatrix:
11.0  4.0   
3.0   20.0  

Best F1 so far - 0.89 at iteration:2


Total time taken for experiment:2016.132 seconds.
				************* SAVE THE RESULTS ******************
Ending experiment at 2017-04-02T18:46:38.098-04:00
