Hello World!11
Reset successful
***************** Parameters used for EXPERIMENT *****************
	filterToUse = CosineSim
	minSimilarityThreshold = 0.5
	cosineSimilarityWindowSize= 0.2
	minWmDistanceThreshold = 0.49
	vectorType= google
	webWord2VecBaseUri = http://localhost:5000/getvector/
	cnnClassifierBaseUri = http://localhost:5000/cnn_train_and_get_prediction_labels
	maxFpmWordsToPick = 35
	minFpmWordsDetected = 0
	refreshLocalWordVectors = false
	maxExperimentIterations = 20
	maxAuxTweetsToAddEachIteration = 20
	thresholdF1 = 0.98
	classifierType = Cnn
	folderNameForCnnClassifier = 
	auxiliaryThresholdExpectation = 0.01
	fileDelimiter = ,
	experimentSet = egypt
	experimentSetNumber = 
	trainingDataFile = data/final/egypt_training_data.txt
	validationDataFile = data/final/egypt_validation_data.txt
	auxiliaryDataFile = data/final/egypt_auxiliary_data.txt
	supplementedCleanAuxiliaryFile = data/final/egypt_auxiliary_data.txt

***************** Parameters used for EXPERIMENT *****************

Getting CNN classification labels from http://localhost:5000/cnn_train_and_get_prediction_labels?trainingFolder=2e3e44a9-17bc-4155-a1cc-c4b328db4105-egypt-Iteration-0&ngram=3

Initial F1=0.89
Precision=0.95
Recall=0.87
Initial - ConfusionMatrix:
14.0  1.0   
3.0   20.0  

Replacing fukushima with nuclear. Choices [nuclear,fukushima].
0.32|match report tunis al ahly cafchampionsleague football soccer africa
0.42|monaeltahawy female journalist savagely attack cairo egypt
0.42|egypt alien
0.45|another question head referendum committee hour leave round egypt
0.49|proud egyptian fb tahrir egypt
0.27|per ogni sorpresina di oggi dobbiamo sempre ringraziare tantawi per quella notte tragica cui sciolse il parlamento per egypt
0.53|photography update anti muslim brotherhood protest egypt mb ikhwan morsi
0.43|egypt fat black girl get spank big cock lol
0.47|ianinegypt scene outside presidential egypt
0.45|egypt
0.51|egypt salafists order coptic church land egypt salafist copt
0.5|translate egypt clash alexandria phase referendum egyptian
0.5|egypt protest morsi power grab first flower arabspring shalom cohen
0.51|eyeoncambodia egypt right obama egypt murder violation human right eh
0.5|brotherhood become psychiatrist via ahramonline morsi islamist salafists egypt
0.34|miss summer weather sky instaweather instaweatherpro outdoors nature el dokki egypt day autumn
0.4|ibrahim eissa host hamdeen sabbahi tonight al qahera wal na egypt
0.55|say gaddafi take state full tahrir egypt
0.38|tt nilenewschannel greek president israel take gas oil resource
0.38|love hate egyptian
Retrieved 5 new auxiliary tweets.
1.0|eyeoncambodia egypt right obama egypt murder violation human right eh
0.0|per ogni sorpresina di oggi dobbiamo sempre ringraziare tantawi per quella notte tragica cui sciolse il parlamento per egypt
1.0|egypt salafists order coptic church land egypt salafist copt
1.0|photography update anti muslim brotherhood protest egypt mb ikhwan morsi
1.0|say gaddafi take state full tahrir egypt
()Getting CNN classification labels from http://localhost:5000/cnn_train_and_get_prediction_labels?trainingFolder=fbda84bf-234d-4c69-a850-f86d4faeab5c-egypt-Iteration-1&ngram=3

Aux F1 - Iteration-1=0.88
Precision=0.85
Recall=1.0
Aux F1 - ConfusionMatrix:
11.0  4.0   
0.0   23.0  

Best F1 so far - 0.89 at iteration:0


0.52|egypt islamist moron proudly present item threaten book christ cartridge
0.43|vote period extend due high turnout say sec lack egypt
0.46|shalandawilkers flagman egypt camel israel give terrorist
0.46|mt koertdebeuf baradei cnn ready national first postpone dialogue damoclese egypt
0.43|egypt draw
0.47|egypt masr april leader quit constituent assembly sinai
0.44|antonywahba protest firework laser egypt palace
0.38|safarkhan art egypt november exhibition wael darwish pm till november
0.39|egypt footage wow nostalgia
0.43|egypt love much hahaha
0.38|egypt semi retard
0.41|egypt little reason celebrate south first birthday
0.47|muslim hq set ablaze office egypt ikhwan
0.51|morsy talk hand create presidential palace civil war egypt
0.39|ankh british museum hieroglyphic egypt ankh
0.48|islamist egypt morsi tahrir auc
0.47|destruction heritage sit syria raise question cost democracy occupy ows occupywallstreet
0.28|nyc forecast overnight partly low temp occupywallstreet tpp
0.26|nyc forecast afternoon high temp occupywallstreet tpp sgp
0.43|link city underwater year occupy ows occupywallstreet occupyhq grassroots usa
Retrieved 4 new auxiliary tweets.
1.0|egypt islamist moron proudly present item threaten book christ cartridge
1.0|morsy talk hand create presidential palace civil war egypt
0.0|nyc forecast overnight partly low temp occupywallstreet tpp
0.0|nyc forecast afternoon high temp occupywallstreet tpp sgp
()Getting CNN classification labels from http://localhost:5000/cnn_train_and_get_prediction_labels?trainingFolder=bb6b8d9f-b3e0-4cd6-8e37-2647e62ebbf0-egypt-Iteration-2&ngram=3
Adding 4 auxiliary tweets to the training data.

Aux F1 - Iteration-2=0.92
Precision=0.92
Recall=0.96
Aux F1 - ConfusionMatrix:
13.0  2.0   
1.0   22.0  

Best F1 so far - 0.92 at iteration:2


Replacing occupywallstreet with ows. Choices [ows,occupywallstreet].
Replacing tpp with temp. Choices [tpp,temp].
0.41|vietnamese lawyer face obstruction ahead trial occupy ows occupywallstreet occupyhq grassroots
0.4|andrew curtin photo selfie occupy ows occupywallstreet occupyhq grassroots
0.3|nyc forecast wed night low temp occupywallstreet glennbeck tcot
0.41|alex schaefer burn bank occupy ows occupywallstreet occupyhq grassroots
0.3|study economic inequality lead downfall civilization
0.37|dome special slideshow occupy ows occupywallstreet occupyhq grassroots
0.34|cme break occupy ows occupywallstreet occupyhq
0.34|nyc forecast mon high temp get smart occupywallstreet sgp
0.39|preview death bin lade revisted nightly news video occupy ows occupywallstreet occupyhq
0.37|irs rule bitcoin property subject capital gain tax occupy ows occupywallstreet occupyhq grassroots
0.37|confession juiced journalist occupy ows occupywallstreet occupyhq grassroots
0.29|ows kitchen nostalgia submit
0.33|nyc forecast sit night partly low temp occupywallstreet tcot
0.3|nyc forecast fri night low temp occupywallstreet topprog glennbeck
0.48|israel gaza big picture occupy ows occupywallstreet occupyhq grassroots usa canada europe
0.28|nyc forecast sun night mostly low temp occupywallstreet tpp glennbeck
0.45|secretive turkish movement buy influence occupy ows occupywallstreet occupyhq grassroots usa
0.32|nyc forecast sit night mostly low temp occupywallstreet tcot tcot
0.25|nyc forecast afternoon high temp occupywallstreet tpp
0.38|buy custom nyc street sign may suggest
Retrieved 6 new auxiliary tweets.
0.0|nyc forecast afternoon high temp occupywallstreet tpp
0.0|study economic inequality lead downfall civilization
0.0|nyc forecast wed night low temp occupywallstreet glennbeck tcot
0.0|ows kitchen nostalgia submit
0.0|nyc forecast sun night mostly low temp occupywallstreet tpp glennbeck
0.0|nyc forecast fri night low temp occupywallstreet topprog glennbeck
()Getting CNN classification labels from http://localhost:5000/cnn_train_and_get_prediction_labels?trainingFolder=c92cb4d6-45ed-4e30-abba-c8d63a62bfc4-egypt-Iteration-3&ngram=3

Aux F1 - Iteration-3=0.84
Precision=0.95
Recall=0.78
Aux F1 - ConfusionMatrix:
14.0  1.0   
5.0   18.0  

Best F1 so far - 0.92 at iteration:2


0.47|jesse jackson call symbolic protest clipper player occupy ows occupywallstreet occupyhq
0.39|brussels conference un stress need approach stabilize mali occupy ows occupywallstreet
0.28|occupywallstreet give nypd perfect excuse crack elderly veteran
0.47|colombia justice peace law failure expert say occupy ows occupywallstreet occupyhq grassroots
0.35|soil association disown say resign trustee occupy ows occupywallstreet occupyhq
0.35|cull human herd century occupy ows occupywallstreet occupyhq grassroots
0.22|support brother sister occupygezi reoccupy zuccotti occupywallstreet
0.42|may ga reid park occupy ows occupywallstreet occupyhq grassroots usa canada
0.46|unhcr urge prevent refugee expulsion uae occupy ows occupywallstreet occupyhq grassroots
0.44|new corvette spytech record conversation video occupy ows occupywallstreet occupyhq grassroots usa
0.33|hilaryclinton run president hilary care olsx teamster occupywallstreet
0.41|japan next economic domino occupy ows occupywallstreet occupyhq grassroots
0.43|dear state department moral authority tell country treat protest occupywallstreet
0.34|together jefferson airplane occupywallstreet
0.46|politico rand paul marco rubio differ iraq action occupy ows occupywallstreet occupyhq grassroots
0.34|nyc forecast fri night mostly low temp get smart occupywallstreet tlot tlot
0.39|banky bbc news occupy ows occupywallstreet occupyhq grassroots
0.38|nyc forecast tue night low temp occupywallstreet teaparty
0.25|alliancebl give bank tab occupywallstreet
0.35|ban kettle hairdryers help climate change occupy ows occupywallstreet
Retrieved 3 new auxiliary tweets.
0.0|occupywallstreet give nypd perfect excuse crack elderly veteran
0.0|alliancebl give bank tab occupywallstreet
0.0|support brother sister occupygezi reoccupy zuccotti occupywallstreet
()Getting CNN classification labels from http://localhost:5000/cnn_train_and_get_prediction_labels?trainingFolder=c213b39d-51dc-4e5e-9bf2-dd22fe70f096-egypt-Iteration-4&ngram=3

Aux F1 - Iteration-4=0.84
Precision=0.95
Recall=0.78
Aux F1 - ConfusionMatrix:
14.0  1.0   
5.0   18.0  

Best F1 so far - 0.92 at iteration:2


0.37|fin fraud jp morgan agree pay record settle charge toxic mortgage occupywallstreet
0.36|shooter moncton phone report part video occupy ows occupywallstreet occupyhq
0.37|reason question investigate anniversary occupy ows occupywallstreet occupyhq
0.37|government privatization support inequality occupy ows opesr occupyhq
0.41|welcome back lobbyist obama save seat capitol hill occupy ows occupywallstreet occupyhq
0.42|surveillance camera soon read lip video occupy ows occupywallstreet occupyhq grassroots
0.38|rand woman problem occupy ows occupywallstreet occupyhq grassroots
0.42|unhcr condemn deadly attack homs collective shelter occupy ows occupywallstreet occupyhq grassroots
0.4|nyc forecast wed high temp get smart occupywallstreet ocra teaparty
0.36|rat meat sell lamb china occupy ows occupywallstreet occupyhq grassroots
0.31|gunfail ix occupy ows occupywallstreet occupyhq grassroots
0.42|work poor welcome occupy ows occupywallstreet occupyhq grassroots usa canada
0.35|nyc forecast mon night low temp get smart occupywallstreet topprog glennbeck
0.34|maddowblog agenda reek radicalism turn notch
0.3|nyc forecast wed night low temp occupywallstreet sgp
0.32|green group accuse trash reputation overseas occupy ows occupywallstreet occupyhq
0.26|noamchomsky quote mymanatee ows occupywallstreet
0.32|santa give present rich occupywallstreet perpetuatingpoverty
0.24|il movimento mondiale osservato anche da nel andremo micah white
0.39|texas appalachia put body line occupy ows occupywallstreet occupyhq grassroots
Retrieved 3 new auxiliary tweets.
0.0|nyc forecast wed night low temp occupywallstreet sgp
0.0|il movimento mondiale osservato anche da nel andremo micah white
0.0|noamchomsky quote mymanatee ows occupywallstreet
()Getting CNN classification labels from http://localhost:5000/cnn_train_and_get_prediction_labels?trainingFolder=d69562e1-eac5-45de-812f-82b36422a215-egypt-Iteration-5&ngram=3

Aux F1 - Iteration-5=0.92
Precision=0.95
Recall=0.91
Aux F1 - ConfusionMatrix:
14.0  1.0   
2.0   21.0  

Best F1 so far - 0.92 at iteration:2


0.21|shugdenlibrary dalai lama slave owner dalailama lamagate occupywallstreet
0.34|include contradiction democracy centralism leadership lead ows occupywallstreet
0.47|global may day protest austerity death bangladeshi worker via youtube ows occupywallstreet
0.37|decolonize pipeline resistance interview freda huson occupy ows occupywallstreet occupyhq grassroots
0.3|nyc forecast thu night mostly low temp occupywallstreet tpp topprog
0.27|win mt gaypatriot occupywallstreet communist occupyhongkong
0.38|may day la schedule occupy ows occupywallstreet occupyhq grassroots
0.33|kelly thomas verdict cop license murder filmthepolice anonfamily opsafewinter occupywallstreet
0.42|hqoccupy sudanese trader kill south sudan ambush occupy ows occupywallstreet occupyhq grassroots
0.3|nyc forecast wed night low temp occupywallstreet ocra topprog
0.46|iran two ahwazi arab men risk imminent execution occupy ows occupywallstreet occupyhq grassroots
0.4|amateur activist occupy ows occupywallstreet occupyhq grassroots usa canada
0.26|nyc forecast sun high temp occupywallstreet tpp tpp
0.35|greek police arrest editor weekly magazine dissent ows occupygreece occupywallstreet
0.42|news november occupy ows occupywallstreet occupyhq grassroots usa canada
0.44|malala receive liberty medal occupy ows occupywallstreet occupyhq grassroots usa canada
0.5|pentagon ready train syrian rebel occupy ows occupywallstreet occupyhq grassroots usa
0.3|nyc forecast wed night mostly low temp occupywallstreet tpp topprog
0.5|turkey withstand hostage ordeal say turkish pm occupy ows occupywallstreet occupyhq grassroots usa
0.43|hardliner impeach moderate minister green movement protest occupy ows occupywallstreet
Retrieved 6 new auxiliary tweets.
0.0|win mt gaypatriot occupywallstreet communist occupyhongkong
0.0|nyc forecast thu night mostly low temp occupywallstreet tpp topprog
0.0|nyc forecast wed night mostly low temp occupywallstreet tpp topprog
0.0|nyc forecast sun high temp occupywallstreet tpp tpp
0.0|shugdenlibrary dalai lama slave owner dalailama lamagate occupywallstreet
0.0|nyc forecast wed night low temp occupywallstreet ocra topprog
()Getting CNN classification labels from http://localhost:5000/cnn_train_and_get_prediction_labels?trainingFolder=5459b3da-ebbd-4390-8956-15c12c6f8e45-egypt-Iteration-6&ngram=3

Aux F1 - Iteration-6=0.84
Precision=0.95
Recall=0.78
Aux F1 - ConfusionMatrix:
14.0  1.0   
5.0   18.0  

Best F1 so far - 0.92 at iteration:2


0.46|silent crisis bahrain opposition seek support international attention russia occupy ows occupywallstreet
0.39|celente world currency trouble occupy ows occupywallstreet occupyhq grassroots
0.26|return pluribus occupy opesr ows
0.31|bureau reclamation release additional flow avert klamath river fish occupy ows
0.3|nyc forecast mon night low temp occupywallstreet tlot sgp
0.41|phoenix last night cop kill unarm black man afraid prescription bottle occupy
0.31|nyc forecast mon night mostly low temp occupywallstreet topprog tcot
0.44|syria meet end solution occupy ows occupywallstreet occupyhq grassroots
0.3|giovalenzi il natale vince su tutto capodanno nella grande happy new year
0.32|nyc forecast sit night low temp occupywallstreet ocra sgp
0.3|nyc forecast wed night mostly low temp occupywallstreet tpp
0.26|alle reden zur deutsche bank hauptversammlung frankfurt occupy ows
0.34|nyc forecast fri partly high temp get smart occupywallstreet tlot topprog
0.29|qe backfire dividend quest usurp growth cut research quantitative ease may make
0.39|crisis southern new part occupy ows occupywallstreet occupyhq grassroots
0.45|egypt wassssssuuuuuupppp ur horny watch lol
0.5|get egypt
0.47|sumofmind sumofmind sumofmind archive sexually harass keep amman cairo egypt jordan sexu
0.45|egypt serious
0.48|egypt jordan work hard employ disable worker tahrir
Retrieved 6 new auxiliary tweets.
0.0|qe backfire dividend quest usurp growth cut research quantitative ease may make
0.0|giovalenzi il natale vince su tutto capodanno nella grande happy new year
0.0|return pluribus occupy opesr ows
0.0|nyc forecast wed night mostly low temp occupywallstreet tpp
0.0|alle reden zur deutsche bank hauptversammlung frankfurt occupy ows
0.0|nyc forecast mon night low temp occupywallstreet tlot sgp
()Getting CNN classification labels from http://localhost:5000/cnn_train_and_get_prediction_labels?trainingFolder=203e977b-8899-4d98-b139-3f6e43b6bcaa-egypt-Iteration-7&ngram=3

Aux F1 - Iteration-7=0.76
Precision=0.94
Recall=0.65
Aux F1 - ConfusionMatrix:
14.0  1.0   
8.0   15.0  

Best F1 so far - 0.92 at iteration:2


0.33|sun truth europe
0.44|bbm pin add mufc manchesterunited bbmshare bbpins egypt blackberrypins blackberrymessenger dubai manchesterbbmpins
0.45|sharm el sheikh egypt weather fair sharm egypt
0.44|riiiiiposo morsi polipo itihadeya egypt os circondato da csf army
0.46|alexandria egypt weather fair alexandria egypt
0.4|egypt giggle rear end ofhttp
0.54|egypt masr uk move towards syria opposition sinai
0.47|spanish court uphold decision hand salem spain egypt
0.46|usa russia fsa gain grind putin obama eu uk turkey lebanon egypt
0.45|palestinianleadership overseasleadership hamas page iran mqmtelevision
0.43|askliam ok go sometime go egypt
0.4|egypt uae oxycodone liver toxicity buy tramadol glitter antique saudi ksa bhr
0.49|notice tomorrow safar make egypt islam
0.44|egypt two son make cry
0.43|egypt visit place
0.44|egypt condition cairo eg eet egyweather
0.51|egyindependent four egyptian activist gaza injure israeli fire convoy palestine egypt
0.44|egypt douche bag mousterbates pic alien lol
0.49|remember place kuwait egypt london lebanon syria instapic instaphoto instamood
0.44|break central bank governor resign post news aswat masriya egypt
Retrieved 2 new auxiliary tweets.
1.0|egypt masr uk move towards syria opposition sinai
1.0|egyindependent four egyptian activist gaza injure israeli fire convoy palestine egypt
()Getting CNN classification labels from http://localhost:5000/cnn_train_and_get_prediction_labels?trainingFolder=a1ee1b07-5148-42cf-8d59-3ba5c06061b7-egypt-Iteration-8&ngram=3
Adding 2 auxiliary tweets to the training data.

Aux F1 - Iteration-8=0.94
Precision=0.92
Recall=1.0
Aux F1 - ConfusionMatrix:
13.0  2.0   
0.0   23.0  

Best F1 so far - 0.94 at iteration:8


Replacing sinai with egypt. Choices [sinai,egypt].
0.6|mrsedky dear unite state bitch dictator morsi obama egypt politics tahrir
0.47|beautiful sunset cairo egypt
0.5|egypt believe back
0.38|rachidh wasp date egypt insect rachidh nature photo
0.51|egypt uae child try ok follow study buy nfl football jersey saudi ksa bhr
0.43|chill beach class egypt alexandria beach sunshine sand relax arabic egyptian
0.5|cairo contagion lethargy political egyconstitution egypt
0.29|must read
0.56|call egypt sway palestinian end hostility official say gazaunderattack
0.5|tahrir awe horizontal greed love egypt watchingandlearning
0.51|pitapolicy egypt must forget street child write via lamamaksosa poverty
0.5|girl need furniture offer egypt cairo
0.4|dioscorusboles yes constitution sake divine
0.5|nothing make happy pack arrival hall cairo international tourism egypt backontopbitches
0.48|ikhwanweb mubarak sentence prison base knowledge event lack action prevent egypt
0.43|rawyarageh elbaradei moussa sabbahi press conf tgthr egypt
0.44|karshaf groppi bear rovio swiss board ship egypt early country full opportunity
0.4|egypt flood wise time fill middle wide exhaust black hole lighten wait
0.48|egypt live pastor turn church near tahrir field hospital say police fire teargas
0.48|wow end thousand myth remember maspero egypt
Retrieved 5 new auxiliary tweets.
1.0|pitapolicy egypt must forget street child write via lamamaksosa poverty
1.0|egypt uae child try ok follow study buy nfl football jersey saudi ksa bhr
1.0|call egypt sway palestinian end hostility official say gazaunderattack
1.0|mrsedky dear unite state bitch dictator morsi obama egypt politics tahrir
0.0|must read
()Getting CNN classification labels from http://localhost:5000/cnn_train_and_get_prediction_labels?trainingFolder=a0c5acba-88fe-495e-b7ba-484a3d18c5e3-egypt-Iteration-9&ngram=3

Aux F1 - Iteration-9=0.91
Precision=0.88
Recall=1.0
Aux F1 - ConfusionMatrix:
12.0  3.0   
0.0   23.0  

Best F1 so far - 0.94 at iteration:8


0.5|monaeltahawy esteem salafi know sexual car old support egypt porn ban ht
0.49|sventruenorth eye egypt constitutional peace globalpolitics canpoli
0.46|etribune australia urge ban cattle export egypt
0.52|mt eu rightfully change policy towards egypt stand universal right peo
0.54|egypt masr egyptian stage mass rally sinai
0.53|dailynewsegypt thousand demonstrator front presidential palace sing national egypt dne via
0.48|anything interest go egypt
0.51|mt clash cairo egypt plunge deep crisis afp video
0.5|egypt country
0.33|shit
0.56|demonstration surround presidential palace tahrir cairo egypt morsi ikh
0.5|hear mr see auc marchtomorsi tuesday egypt
0.54|matthewjbell must quite sight egypt presidential palace cairo
0.36|long time egypt time travel
0.33|yallabreak follow new baby yscoreboard new update foodiesinthehouse review egypt yallabreak
0.49|egypt receive bn eu presidency via ahramonline
0.47|egypt lord
0.45|egypt matt receive quit class regard publish stacyis photo
0.56|first info website arab spring youth egypt tahrir bahrain syria
0.42|lorion syria go offline prepare since saw happen rev medium center
Retrieved 7 new auxiliary tweets.
1.0|demonstration surround presidential palace tahrir cairo egypt morsi ikh
1.0|egypt masr egyptian stage mass rally sinai
1.0|first info website arab spring youth egypt tahrir bahrain syria
1.0|dailynewsegypt thousand demonstrator front presidential palace sing national egypt dne via
1.0|mt clash cairo egypt plunge deep crisis afp video
1.0|matthewjbell must quite sight egypt presidential palace cairo
1.0|mt eu rightfully change policy towards egypt stand universal right peo
()Getting CNN classification labels from http://localhost:5000/cnn_train_and_get_prediction_labels?trainingFolder=3520071a-9c66-4b15-9bd3-dd4558b6de3f-egypt-Iteration-10&ngram=3

Aux F1 - Iteration-10=0.91
Precision=0.88
Recall=1.0
Aux F1 - ConfusionMatrix:
12.0  3.0   
0.0   23.0  

Best F1 so far - 0.94 at iteration:8


0.55|egypt masr israel hammer hamas gaza offensive sinai
0.5|baradei dont respect pole make people decide wheather constitution good bad egypt news
0.46|egypt mull arm sinai bedouin security force
0.33|adamakary azza best ice cream egypt icecream bahary vanilla awesome
0.55|egypt salafi front establish new political party call promote islamist interest via ahramonline
0.26|triplem go back welcome
0.52|yes mb militia yes yes care egyptian old news fact egypt
0.45|martyr mostafa abdullah age die suez gunshot egypt
0.45|weak people ear return replace pg article egypt mursi
0.49|ya gonna visit egypt
0.49|ghazalairshad dostoor party security line anticipation arrival tahrir moment egypt
0.48|egypt absolutely draw
0.51|fresh clash erupt egypt president morsy via cnn
0.41|egypt launch ppp project build port qena assiut sohag
0.56|hamas meshaal say israel must stop war first accept hamas condition include lift blockade gaza egypt gazaunderattack
0.44|ppl chant know nothing chant bunch terrorist
0.54|clash outside egypt presidential palace cairo
0.46|medium accreditation much trouble get egypt referendum
0.54|xarabic egypt republican guard say demonstrator must evacuate area around presidential palace pm
0.36|calm storm storm egypt
Retrieved 8 new auxiliary tweets.
1.0|egypt salafi front establish new political party call promote islamist interest via ahramonline
1.0|clash outside egypt presidential palace cairo
1.0|xarabic egypt republican guard say demonstrator must evacuate area around presidential palace pm
1.0|egypt masr israel hammer hamas gaza offensive sinai
1.0|yes mb militia yes yes care egyptian old news fact egypt
1.0|fresh clash erupt egypt president morsy via cnn
1.0|hamas meshaal say israel must stop war first accept hamas condition include lift blockade gaza egypt gazaunderattack
0.0|triplem go back welcome
()Getting CNN classification labels from http://localhost:5000/cnn_train_and_get_prediction_labels?trainingFolder=0b8022a2-630b-475a-be1c-768a7e591c33-egypt-Iteration-11&ngram=3

Aux F1 - Iteration-11=0.88
Precision=0.85
Recall=1.0
Aux F1 - ConfusionMatrix:
11.0  4.0   
0.0   23.0  

Best F1 so far - 0.94 at iteration:8


0.47|egypt totally
0.43|ashrafkhalil two different tahrir prayer group follow different imam different egypt
0.43|egypt masr senior state department official remove sinai
0.46|know fix every problem egypt morsi fuckoff
0.48|microsoft window launch event live blogging via texnomic egypt
0.51|egypt
0.45|amaheer probably reason egypt morsi mb many hashtags trend
0.34|good ahramonline internet user increase pct facebook user reach mln report
0.46|wluml blog nihalsaad endsh vaw egypt harassment feminism
0.56|ship carry iranian weapon money seize offshore yemen iran arab bbc yemen gcc canada cnn egypt
0.59|kalnaga national outrage bloodshed peaceful egyptian oppose dictator one morsi must court egypt
0.51|itsbeco egypt voteno voteno voteno voteno voteno voteno voteno voteno voteno voteno voteno voteno voteno voteno voteno voteno
0.51|egypt two police officer assault lead jan revolution activist nac tahrir
0.36|egypt uae premarin prescription cost buy generic premarin online premarin buy premarin
0.57|alarabiya egypt palestine tie eye israel say khartoum aid gaza arm smuggle via egypt
0.49|samar dahmash arabvoicesspeak live ontveg check watch egypt jo jordan usa
0.43|egypt find pay hour sexual intercourse sit problem beside
0.5|egypt merkel defend austerity cut portugal masr
0.46|fifa rank ivorycoast algeria mali ghana zambia egypt tunisia centralafrican gabon nigeria
0.54|egypt tahrir scaf
Retrieved 7 new auxiliary tweets.
1.0|itsbeco egypt voteno voteno voteno voteno voteno voteno voteno voteno voteno voteno voteno voteno voteno voteno voteno voteno
1.0|kalnaga national outrage bloodshed peaceful egyptian oppose dictator one morsi must court egypt
1.0|egypt tahrir scaf
1.0|ship carry iranian weapon money seize offshore yemen iran arab bbc yemen gcc canada cnn egypt
1.0|egypt two police officer assault lead jan revolution activist nac tahrir
1.0|egypt
1.0|alarabiya egypt palestine tie eye israel say khartoum aid gaza arm smuggle via egypt
()Getting CNN classification labels from http://localhost:5000/cnn_train_and_get_prediction_labels?trainingFolder=e1610b0c-24ca-4cfc-ac1a-6f14af66480a-egypt-Iteration-12&ngram=3

Aux F1 - Iteration-12=0.88
Precision=0.85
Recall=1.0
Aux F1 - ConfusionMatrix:
11.0  4.0   
0.0   23.0  

Best F1 so far - 0.94 at iteration:8


0.39|get mid november still nowhere close get cold time soon egypt weather winter morsydamnyou
0.54|egypt arrest within day opposition back mubarak day religious form
0.37|sky cloud weather thismoment chase rainwall rain come huge sea aboker alexandria egypt
0.56|proud people egypt fight freedom egypt
0.47|nytjim egypt tank deploy presidential palace barb wire string separate protester
0.56|standforislam rule rightly guide umar egypt syria palestine pakistan indonesia
0.5|fbnpc alqaeda benghazi iran egypt saudiarabia africa libya iraq pakistan lnyhbt omg
0.26|camel balcony camel park alaa
0.44|egypt anyone ever make
0.36|bloody night atlantic
0.5|beltrew historic person convoy gaza end mohamed mahmoud
0.41|washinstitute lawlessness sinai feed gaza conflict yaari
0.53|hentai black kuwait saudi syria sex ksa egypt bahrain
0.49|egypt must keep outlook policy steady imf loan review reuters egypt
0.44|egypt concert
0.47|desperate people sth believe far go defense belief find egypt
0.44|egyindependent pm govt prepare law strict sexual harassment penalty egypt endsh
0.51|egypt odds reelection intrade bet site rise course tahrir
0.59|usa support regime kill people name egypt tahrir
0.54|egypt tahrir scaf
Retrieved 8 new auxiliary tweets.
1.0|standforislam rule rightly guide umar egypt syria palestine pakistan indonesia
1.0|egypt odds reelection intrade bet site rise course tahrir
1.0|hentai black kuwait saudi syria sex ksa egypt bahrain
1.0|usa support regime kill people name egypt tahrir
1.0|egypt arrest within day opposition back mubarak day religious form
1.0|proud people egypt fight freedom egypt
1.0|egypt tahrir scaf
0.0|camel balcony camel park alaa
()Getting CNN classification labels from http://localhost:5000/cnn_train_and_get_prediction_labels?trainingFolder=abbcac91-16b0-41f8-99e4-33930af69f78-egypt-Iteration-13&ngram=3

Aux F1 - Iteration-13=0.78
Precision=0.77
Recall=1.0
Aux F1 - ConfusionMatrix:
8.0  7.0   
0.0  23.0  

Best F1 so far - 0.94 at iteration:8


0.52|israeli enter egypt attack gaza
0.56|buddy concur publicly kill tcot obama israel egypt islam
0.51|egypt
0.45|state department spokeswoman victoria nuland expect discus situation egypt watch live
0.44|egypt serious doubt whether morsi control presidency
0.41|egypt potential become split state along line mass internal
0.5|cairo syria cairo egypt damascus solidarity cairo syria cairo
0.57|hammametsou egyptian really vote via ahramonline egypt
0.51|parade kuwait saudi sandy sex ksa egypt bahrain
0.48|ahramonlinearts egypt underground musician leave negotiation table sour rouelshimi via ahramonline
0.48|people listen much egypt
0.42|egypt eu aid billion loan way commit billion way le power
0.52|analysis egypt prove peace role survive arab spring reuters
0.49|coward politician west condone massacre people tahrir square appeasement
0.54|karen cheerleader humiliate kuwait saudi syria sex ksa egypt bahrain
0.47|perrymarvan pick troll egypt
0.54|either morsi thug put military cairo fight dare syria tango
0.46|aelmassry egypt court preacher khaledabdullah ban broadcast day sheeesh
0.43|egypt perform
0.43|egypt referendum nsoliman design voteno need print house print free please please
Retrieved 8 new auxiliary tweets.
1.0|either morsi thug put military cairo fight dare syria tango
1.0|egypt
1.0|karen cheerleader humiliate kuwait saudi syria sex ksa egypt bahrain
1.0|israeli enter egypt attack gaza
1.0|parade kuwait saudi sandy sex ksa egypt bahrain
1.0|analysis egypt prove peace role survive arab spring reuters
1.0|hammametsou egyptian really vote via ahramonline egypt
1.0|buddy concur publicly kill tcot obama israel egypt islam
()Getting CNN classification labels from http://localhost:5000/cnn_train_and_get_prediction_labels?trainingFolder=45b00274-b82b-4b98-bb4d-12dd88fb3a3d-egypt-Iteration-14&ngram=3

Aux F1 - Iteration-14=0.78
Precision=0.77
Recall=1.0
Aux F1 - ConfusionMatrix:
8.0  7.0   
0.0  23.0  

Best F1 so far - 0.94 at iteration:8


0.39|morning tweepes rabena yostor today egypt morsy
0.56|egypt masr official promise fail halt china protest
0.44|assume stay power face believe morsi egypt
0.47|think egypt good take care transportation rather porn sit wala eh
0.48|joekaldas love egypt
0.53|dictatorship fuck depress morsi egypt
0.55|egypt israeli foreign minister lieberman resign masr
0.45|one person constituent assembly even remotely close represent egypt
0.54|pray peace israel lord let beat brake egypt
0.56|egypt clash lebanese army syrian rebel break border tahrir
0.39|egypt attitude toward grow hostile despite support lynndebate
0.48|egypt damn reason personally like woman
0.48|egypt partner cant believe
0.4|saharazizlaw return inspire trip egypt earlaegypt mmabrouk
0.46|rhreid ap news egypt ask imf delay loan due turmoil
0.51|morsi egypt opinion become dictator marijuana peace democracy gothp
0.48|egypt leak britney toe rofl
0.47|irish say mistake goat beard fine replace goat ikhwan egypt iran
0.47|people friend tatto egypt illuminati freemason wallpaper instanesia iphonesia instaworld
0.44|miss old egypt menak lelah ya morsy
Retrieved 6 new auxiliary tweets.
1.0|morsi egypt opinion become dictator marijuana peace democracy gothp
1.0|egypt clash lebanese army syrian rebel break border tahrir
1.0|egypt masr official promise fail halt china protest
1.0|pray peace israel lord let beat brake egypt
1.0|dictatorship fuck depress morsi egypt
1.0|egypt israeli foreign minister lieberman resign masr
()Getting CNN classification labels from http://localhost:5000/cnn_train_and_get_prediction_labels?trainingFolder=97db9a78-f7c7-44e9-8ac5-0fe0b9c75c57-egypt-Iteration-15&ngram=3

Aux F1 - Iteration-15=0.88
Precision=0.85
Recall=1.0
Aux F1 - ConfusionMatrix:
11.0  4.0   
0.0   23.0  

Best F1 so far - 0.94 at iteration:8


0.52|south african constitution several clause outlaw death prolly pas justathought egypt
0.57|egyptian court stop work protest morsi move via cbsnews poli egypt uspoli
0.59|ikhwan say copt protest yeah islamist bad egypt
0.43|new poll put president approval rat egypt morsi
0.44|egypt make cry pray get well soon
0.51|cleric warn egypt may lose bln qatari investment people vote constitution tandem post
0.53|unconfirmed beltrew name kill tonight outside presidential palace hahellyer emadeffat myrnaemad rip egypt
0.47|photo near palace moneloky epic egypt
0.48|egypt romney supporter resort stunt crazy
0.52|kareemlailah aljazeera correspondent report clash tahrir cairo egypt
0.48|morsi allow ok stop commit egypt
0.28|critic wonder morsy next strongman
0.5|mask gunman attack opposition protester crowd gather rally egypt tahrir
0.51|ajelive speech azhar preacher occasion eid morsi call syria regime halt bloodshed
0.42|ap egypt top court decide whether disband panel draft new constitution
0.43|egypt try kind upon photographic camera
0.47|egypt drink lol ye
0.51|forensics investigation egypt determine bullet shoot protestors come muslim brotherhood member
0.48|salam alaykom prayer time luxor city dhuhr pray luxor egypt
0.53|war islam new liberalism egypt
Retrieved 10 new auxiliary tweets.
1.0|south african constitution several clause outlaw death prolly pas justathought egypt
0.0|critic wonder morsy next strongman
1.0|ajelive speech azhar preacher occasion eid morsi call syria regime halt bloodshed
1.0|cleric warn egypt may lose bln qatari investment people vote constitution tandem post
1.0|unconfirmed beltrew name kill tonight outside presidential palace hahellyer emadeffat myrnaemad rip egypt
1.0|forensics investigation egypt determine bullet shoot protestors come muslim brotherhood member
1.0|war islam new liberalism egypt
1.0|kareemlailah aljazeera correspondent report clash tahrir cairo egypt
1.0|egyptian court stop work protest morsi move via cbsnews poli egypt uspoli
1.0|ikhwan say copt protest yeah islamist bad egypt
()Getting CNN classification labels from http://localhost:5000/cnn_train_and_get_prediction_labels?trainingFolder=34f81d4e-0656-4579-977c-455f81e57cc8-egypt-Iteration-16&ngram=3

Aux F1 - Iteration-16=0.85
Precision=0.82
Recall=1.0
Aux F1 - ConfusionMatrix:
10.0  5.0   
0.0   23.0  

Best F1 so far - 0.94 at iteration:8


0.57|obama thank egypt world leader hail hamas truce via telegraph gaza mursi
0.53|holiness dalai lama speak abt middle east peace watch live webcast syria egypt dalailama
0.44|egypt uae strategy healthy balance might diet household good saudi ksa bhr
0.5|bennu tell basta project scan day night egypt
0.56|protest march tahrir egypt dailynewsegypt cairo morsi mohamedmahmoud csf moi via acarvin
0.47|minorityrights christian woman hair forcibly cut metro egypt minority mrg
0.53|islamist march support president egypt
0.49|alexandria egypt weather fair alexandria egypt
0.53|egypt masr turkey consider deployment missile syria border
0.42|flyegyptair hr flight delay far official announcement egypt egyptair board today fail
0.48|morsi go batshit crazy egypt
0.51|aleikhemshalom prosyriana fight palestine europe africa america egypt
0.54|egyptian tahrir egypt morsi
0.43|cairowire coptic presidential assistant decide resign presidential team hold urgent meet egypt
0.53|egyptian stage mass morsi rally tahrir square egypt news
0.43|egypt defender hegazy miss action month fiorentina via ahramonline football soccer seriea italy
0.52|salam alaykom prayer time cairo city maghrib pray cairo egypt
0.43|pic take camera little saturation edit mobile egypt
0.4|egypt love rate murder career give early heart
0.28|happen fukushima responsible mass animal
Retrieved 10 new auxiliary tweets.
1.0|obama thank egypt world leader hail hamas truce via telegraph gaza mursi
1.0|egyptian stage mass morsi rally tahrir square egypt news
1.0|holiness dalai lama speak abt middle east peace watch live webcast syria egypt dalailama
1.0|aleikhemshalom prosyriana fight palestine europe africa america egypt
1.0|egyptian tahrir egypt morsi
1.0|salam alaykom prayer time cairo city maghrib pray cairo egypt
0.0|happen fukushima responsible mass animal
1.0|islamist march support president egypt
1.0|egypt masr turkey consider deployment missile syria border
1.0|protest march tahrir egypt dailynewsegypt cairo morsi mohamedmahmoud csf moi via acarvin
()Getting CNN classification labels from http://localhost:5000/cnn_train_and_get_prediction_labels?trainingFolder=e18dfb13-58f5-4efc-97b8-99a19308eeb9-egypt-Iteration-17&ngram=3

Aux F1 - Iteration-17=0.85
Precision=0.82
Recall=1.0
Aux F1 - ConfusionMatrix:
10.0  5.0   
0.0   23.0  

Best F1 so far - 0.94 at iteration:8


0.53|holiness dalai lama speak abt middle east peace watch live webcast syria egypt dalailama
0.44|egypt uae strategy healthy balance might diet household good saudi ksa bhr
0.5|bennu tell basta project scan day night egypt
0.56|protest march tahrir egypt dailynewsegypt cairo morsi mohamedmahmoud csf moi via acarvin
0.47|minorityrights christian woman hair forcibly cut metro egypt minority mrg
0.53|islamist march support president egypt
0.49|alexandria egypt weather fair alexandria egypt
0.53|egypt masr turkey consider deployment missile syria border
0.42|flyegyptair hr flight delay far official announcement egypt egyptair board today fail
0.48|morsi go batshit crazy egypt
0.51|aleikhemshalom prosyriana fight palestine europe africa america egypt
0.54|egyptian tahrir egypt morsi
0.43|cairowire coptic presidential assistant decide resign presidential team hold urgent meet egypt
0.53|egyptian stage mass morsi rally tahrir square egypt news
0.43|egypt defender hegazy miss action month fiorentina via ahramonline football soccer seriea italy
0.52|salam alaykom prayer time cairo city maghrib pray cairo egypt
0.43|pic take camera little saturation edit mobile egypt
0.4|egypt love rate murder career give early heart
0.29|fukushima una bomba radioattiva fuori mondo tempo reale
0.28|scientist want fukushima everywhere throughout
Retrieved 10 new auxiliary tweets.
0.0|fukushima una bomba radioattiva fuori mondo tempo reale
0.0|scientist want fukushima everywhere throughout
1.0|protest march tahrir egypt dailynewsegypt cairo morsi mohamedmahmoud csf moi via acarvin
1.0|holiness dalai lama speak abt middle east peace watch live webcast syria egypt dalailama
1.0|egyptian stage mass morsi rally tahrir square egypt news
1.0|egyptian tahrir egypt morsi
1.0|islamist march support president egypt
1.0|salam alaykom prayer time cairo city maghrib pray cairo egypt
1.0|egypt masr turkey consider deployment missile syria border
1.0|aleikhemshalom prosyriana fight palestine europe africa america egypt
()Getting CNN classification labels from http://localhost:5000/cnn_train_and_get_prediction_labels?trainingFolder=2b287670-0f8f-4dac-b9a9-525bb112fb19-egypt-Iteration-18&ngram=3

Aux F1 - Iteration-18=0.88
Precision=0.85
Recall=1.0
Aux F1 - ConfusionMatrix:
11.0  4.0   
0.0   23.0  

Best F1 so far - 0.94 at iteration:8


0.5|bennu tell basta project scan day night egypt
0.56|protest march tahrir egypt dailynewsegypt cairo morsi mohamedmahmoud csf moi via acarvin
0.47|minorityrights christian woman hair forcibly cut metro egypt minority mrg
0.53|islamist march support president egypt
0.49|alexandria egypt weather fair alexandria egypt
0.53|egypt masr turkey consider deployment missile syria border
0.42|flyegyptair hr flight delay far official announcement egypt egyptair board today fail
0.48|morsi go batshit crazy egypt
0.51|aleikhemshalom prosyriana fight palestine europe africa america egypt
0.54|egyptian tahrir egypt morsi
0.43|cairowire coptic presidential assistant decide resign presidential team hold urgent meet egypt
0.53|egyptian stage mass morsi rally tahrir square egypt news
0.43|egypt defender hegazy miss action month fiorentina via ahramonline football soccer seriea italy
0.52|salam alaykom prayer time cairo city maghrib pray cairo egypt
0.43|pic take camera little saturation edit mobile egypt
0.4|egypt love rate murder career give early heart
0.24|read fukushima itk
0.35|fukushima daiichi operator handle shutdown say govern party guardian
0.0|fodeo negada fodeo
0.36|really hope people get message fukushima go away get bad make
Retrieved 9 new auxiliary tweets.
1.0|egypt masr turkey consider deployment missile syria border
0.0|read fukushima itk
0.0|fodeo negada fodeo
1.0|egyptian tahrir egypt morsi
1.0|egyptian stage mass morsi rally tahrir square egypt news
1.0|salam alaykom prayer time cairo city maghrib pray cairo egypt
1.0|aleikhemshalom prosyriana fight palestine europe africa america egypt
1.0|protest march tahrir egypt dailynewsegypt cairo morsi mohamedmahmoud csf moi via acarvin
1.0|islamist march support president egypt
()Getting CNN classification labels from http://localhost:5000/cnn_train_and_get_prediction_labels?trainingFolder=ffd62397-f558-4f8b-9806-20127754a339-egypt-Iteration-19&ngram=3

Aux F1 - Iteration-19=0.92
Precision=0.92
Recall=0.96
Aux F1 - ConfusionMatrix:
13.0  2.0   
1.0   22.0  

Best F1 so far - 0.94 at iteration:8


0.49|alexandria egypt weather fair alexandria egypt
0.53|egypt masr turkey consider deployment missile syria border
0.42|flyegyptair hr flight delay far official announcement egypt egyptair board today fail
0.48|morsi go batshit crazy egypt
0.51|aleikhemshalom prosyriana fight palestine europe africa america egypt
0.54|egyptian tahrir egypt morsi
0.43|cairowire coptic presidential assistant decide resign presidential team hold urgent meet egypt
0.53|egyptian stage mass morsi rally tahrir square egypt news
0.43|egypt defender hegazy miss action month fiorentina via ahramonline football soccer seriea italy
0.52|salam alaykom prayer time cairo city maghrib pray cairo egypt
0.43|pic take camera little saturation edit mobile egypt
0.4|egypt love rate murder career give early heart
0.29|rebharms stop iaea
0.39|like youtube video fukushima san francisco human mural
0.37|turner horror get ride fukushima fuck doom tepco
0.39|fukushima diary washington via youtube
0.35|secretnews forecast show fukushima get eye wall typhoon wipha meteorology japan
0.24|inicia tepco paso clave para desmantelar central de fukushima elmundo
0.28|abductee tell comet ison impact fukushima disaster
0.36|conspiracy theory jesse category hurricane aim
Retrieved 8 new auxiliary tweets.
1.0|aleikhemshalom prosyriana fight palestine europe africa america egypt
0.0|rebharms stop iaea
0.0|inicia tepco paso clave para desmantelar central de fukushima elmundo
1.0|egyptian tahrir egypt morsi
1.0|salam alaykom prayer time cairo city maghrib pray cairo egypt
1.0|egypt masr turkey consider deployment missile syria border
1.0|egyptian stage mass morsi rally tahrir square egypt news
0.0|abductee tell comet ison impact fukushima disaster
()Getting CNN classification labels from http://localhost:5000/cnn_train_and_get_prediction_labels?trainingFolder=d2e7450d-1ab2-4e2c-9622-98163868d1aa-egypt-Iteration-20&ngram=3

Aux F1 - Iteration-20=0.89
Precision=0.91
Recall=0.91
Aux F1 - ConfusionMatrix:
13.0  2.0   
2.0   21.0  

Best F1 so far - 0.94 at iteration:8


Total time taken for experiment:1798.166 seconds.
				************* SAVE THE RESULTS ******************
