Starting experiment at 2017-04-02T20:14:05.744-04:00
Reset successful
***************** Parameters used for EXPERIMENT *****************
	filterToUse = CosineSim
	minSimilarityThreshold = 0.5
	cosineSimilarityWindowSize= 0.18
	minWmDistanceThreshold = 0.49
	vectorType= local
	webWord2VecBaseUri = http://localhost:5000/file_model/getvector/
	cnnClassifierBaseUri = http://localhost:5000/cnn_train_and_get_prediction_labels_local
	maxFpmWordsToPick = 35
	minFpmWordsDetected = 0
	refreshLocalWordVectors = false
	maxExperimentIterations = 20
	maxAuxTweetsToAddEachIteration = 20
	thresholdF1 = 0.98
	classifierType = LogisticRegression
	folderNameForCnnClassifier = 
	auxiliaryThresholdExpectation = 0.01
	fileDelimiter = ,
	experimentSet = egypt
	experimentSetNumber = 3
	trainingDataFile = data/final/egypt_training_data3.txt
	validationDataFile = data/final/egypt_validation_data.txt
	auxiliaryDataFile = data/final/egypt_auxiliary_data.txt
	supplementedCleanAuxiliaryFile = data/final/egypt_auxiliary_data.txt

***************** Parameters used for EXPERIMENT *****************


Initial F1=0.86
Precision=0.85
Recall=0.96
Initial - ConfusionMatrix:
11.0  4.0   
1.0   22.0  

0.24|match report tunis al ahly cafchampionsleague football soccer africa
0.53|monaeltahawy female journalist savagely attack cairo egypt
0.58|egypt alien
0.46|another question head referendum committee hour leave round egypt
0.57|proud egyptian fb tahrir egypt
0.31|per ogni sorpresina di oggi dobbiamo sempre ringraziare tantawi per quella notte tragica cui sciolse il parlamento per egypt
0.58|photography update anti muslim brotherhood protest egypt mb ikhwan morsi
0.52|egypt fat black girl get spank big cock lol
0.56|ianinegypt scene outside presidential egypt
0.67|egypt
0.57|egypt salafists order coptic church land egypt salafist copt
0.57|translate egypt clash alexandria phase referendum egyptian
0.54|egypt protest morsi power grab first flower arabspring shalom cohen
0.57|eyeoncambodia egypt right obama egypt murder violation human right eh
0.58|brotherhood become psychiatrist via ahramonline morsi islamist salafists egypt
0.37|miss summer weather sky instaweather instaweatherpro outdoors nature el dokki egypt day autumn
0.4|ibrahim eissa host hamdeen sabbahi tonight al qahera wal na egypt
0.58|say gaddafi take state full tahrir egypt
0.2|tt nilenewschannel greek president israel take gas oil resource
0.18|love hate egyptian
Retrieved 17 new auxiliary tweets.
0.0|per ogni sorpresina di oggi dobbiamo sempre ringraziare tantawi per quella notte tragica cui sciolse il parlamento per egypt
1.0|photography update anti muslim brotherhood protest egypt mb ikhwan morsi
1.0|eyeoncambodia egypt right obama egypt murder violation human right eh
1.0|brotherhood become psychiatrist via ahramonline morsi islamist salafists egypt
0.0|match report tunis al ahly cafchampionsleague football soccer africa
1.0|monaeltahawy female journalist savagely attack cairo egypt
1.0|egypt alien
1.0|proud egyptian fb tahrir egypt
1.0|translate egypt clash alexandria phase referendum egyptian
1.0|egypt protest morsi power grab first flower arabspring shalom cohen
1.0|egypt
1.0|egypt salafists order coptic church land egypt salafist copt
1.0|egypt fat black girl get spank big cock lol
1.0|ianinegypt scene outside presidential egypt
1.0|say gaddafi take state full tahrir egypt
0.0|tt nilenewschannel greek president israel take gas oil resource
0.0|love hate egyptian
()Adding 17 auxiliary tweets to the training data.

Aux F1 - Iteration-1=0.88
Precision=0.85
Recall=1.0
Aux F1 - ConfusionMatrix:
11.0  4.0   
0.0   23.0  

Best F1 so far - 0.88 at iteration:1


0.38|egypt islamist moron proudly present item threaten book christ cartridge
0.54|vote period extend due high turnout say sec lack egypt
0.52|shalandawilkers flagman egypt camel israel give terrorist
0.38|mt koertdebeuf baradei cnn ready national first postpone dialogue damoclese egypt
0.63|egypt draw
0.48|egypt masr april leader quit constituent assembly sinai
0.55|antonywahba protest firework laser egypt palace
0.43|safarkhan art egypt november exhibition wael darwish pm till november
0.53|egypt footage wow nostalgia
0.53|egypt love much hahaha
0.55|egypt semi retard
0.46|egypt little reason celebrate south first birthday
0.49|muslim hq set ablaze office egypt ikhwan
0.52|morsy talk hand create presidential palace civil war egypt
0.42|ankh british museum hieroglyphic egypt ankh
0.62|islamist egypt morsi tahrir auc
0.46|destruction heritage sit syria raise question cost democracy occupy ows occupywallstreet
0.42|nyc forecast overnight partly low temp occupywallstreet tpp
0.41|nyc forecast afternoon high temp occupywallstreet tpp sgp
0.5|link city underwater year occupy ows occupywallstreet occupyhq grassroots usa
Retrieved 9 new auxiliary tweets.
1.0|egypt draw
1.0|antonywahba protest firework laser egypt palace
1.0|egypt footage wow nostalgia
1.0|shalandawilkers flagman egypt camel israel give terrorist
1.0|vote period extend due high turnout say sec lack egypt
1.0|morsy talk hand create presidential palace civil war egypt
1.0|islamist egypt morsi tahrir auc
1.0|egypt semi retard
1.0|egypt love much hahaha
()
Aux F1 - Iteration-2=0.88
Precision=0.85
Recall=1.0
Aux F1 - ConfusionMatrix:
11.0  4.0   
0.0   23.0  

Best F1 so far - 0.88 at iteration:1


0.43|vietnamese lawyer face obstruction ahead trial occupy ows occupywallstreet occupyhq grassroots
0.44|andrew curtin photo selfie occupy ows occupywallstreet occupyhq grassroots
0.46|nyc forecast wed night low temp occupywallstreet glennbeck tcot
0.45|alex schaefer burn bank occupy ows occupywallstreet occupyhq grassroots
0.13|study economic inequality lead downfall civilization
0.45|dome special slideshow occupy ows occupywallstreet occupyhq grassroots
0.48|cme break occupy ows occupywallstreet occupyhq
0.48|nyc forecast mon high temp get smart occupywallstreet sgp
0.49|preview death bin lade revisted nightly news video occupy ows occupywallstreet occupyhq
0.42|irs rule bitcoin property subject capital gain tax occupy ows occupywallstreet occupyhq grassroots
0.44|confession juiced journalist occupy ows occupywallstreet occupyhq grassroots
0.23|ows kitchen nostalgia submit
0.45|nyc forecast sit night partly low temp occupywallstreet tcot
0.45|nyc forecast fri night low temp occupywallstreet topprog glennbeck
0.52|israel gaza big picture occupy ows occupywallstreet occupyhq grassroots usa canada europe
0.44|nyc forecast sun night mostly low temp occupywallstreet tpp glennbeck
0.48|secretive turkish movement buy influence occupy ows occupywallstreet occupyhq grassroots usa
0.44|nyc forecast sit night mostly low temp occupywallstreet tcot tcot
0.41|nyc forecast afternoon high temp occupywallstreet tpp
0.26|buy custom nyc street sign may suggest
Retrieved 4 new auxiliary tweets.
0.0|study economic inequality lead downfall civilization
1.0|israel gaza big picture occupy ows occupywallstreet occupyhq grassroots usa canada europe
0.0|ows kitchen nostalgia submit
0.0|buy custom nyc street sign may suggest
()
Aux F1 - Iteration-3=0.82
Precision=0.81
Recall=0.96
Aux F1 - ConfusionMatrix:
10.0  5.0   
1.0   22.0  

Best F1 so far - 0.88 at iteration:1


0.44|jesse jackson call symbolic protest clipper player occupy ows occupywallstreet occupyhq
0.4|brussels conference un stress need approach stabilize mali occupy ows occupywallstreet
0.25|occupywallstreet give nypd perfect excuse crack elderly veteran
0.5|colombia justice peace law failure expert say occupy ows occupywallstreet occupyhq grassroots
0.49|soil association disown say resign trustee occupy ows occupywallstreet occupyhq
0.46|cull human herd century occupy ows occupywallstreet occupyhq grassroots
0.28|support brother sister occupygezi reoccupy zuccotti occupywallstreet
0.46|may ga reid park occupy ows occupywallstreet occupyhq grassroots usa canada
0.43|unhcr urge prevent refugee expulsion uae occupy ows occupywallstreet occupyhq grassroots
0.53|new corvette spytech record conversation video occupy ows occupywallstreet occupyhq grassroots usa
0.31|hilaryclinton run president hilary care olsx teamster occupywallstreet
0.45|japan next economic domino occupy ows occupywallstreet occupyhq grassroots
0.39|dear state department moral authority tell country treat protest occupywallstreet
0.26|together jefferson airplane occupywallstreet
0.42|politico rand paul marco rubio differ iraq action occupy ows occupywallstreet occupyhq grassroots
0.48|nyc forecast fri night mostly low temp get smart occupywallstreet tlot tlot
0.49|banky bbc news occupy ows occupywallstreet occupyhq grassroots
0.45|nyc forecast tue night low temp occupywallstreet teaparty
0.38|alliancebl give bank tab occupywallstreet
0.44|ban kettle hairdryers help climate change occupy ows occupywallstreet
Retrieved 5 new auxiliary tweets.
1.0|new corvette spytech record conversation video occupy ows occupywallstreet occupyhq grassroots usa
0.0|together jefferson airplane occupywallstreet
0.0|support brother sister occupygezi reoccupy zuccotti occupywallstreet
0.0|hilaryclinton run president hilary care olsx teamster occupywallstreet
0.0|occupywallstreet give nypd perfect excuse crack elderly veteran
()
Aux F1 - Iteration-4=0.73
Precision=0.75
Recall=0.91
Aux F1 - ConfusionMatrix:
8.0  7.0   
2.0  21.0  

Best F1 so far - 0.88 at iteration:1


0.25|fin fraud jp morgan agree pay record settle charge toxic mortgage occupywallstreet
0.46|shooter moncton phone report part video occupy ows occupywallstreet occupyhq
0.46|reason question investigate anniversary occupy ows occupywallstreet occupyhq
0.43|government privatization support inequality occupy ows opesr occupyhq
0.44|welcome back lobbyist obama save seat capitol hill occupy ows occupywallstreet occupyhq
0.47|surveillance camera soon read lip video occupy ows occupywallstreet occupyhq grassroots
0.48|rand woman problem occupy ows occupywallstreet occupyhq grassroots
0.46|unhcr condemn deadly attack homs collective shelter occupy ows occupywallstreet occupyhq grassroots
0.45|nyc forecast wed high temp get smart occupywallstreet ocra teaparty
0.44|rat meat sell lamb china occupy ows occupywallstreet occupyhq grassroots
0.45|gunfail ix occupy ows occupywallstreet occupyhq grassroots
0.49|work poor welcome occupy ows occupywallstreet occupyhq grassroots usa canada
0.49|nyc forecast mon night low temp get smart occupywallstreet topprog glennbeck
0.09|maddowblog agenda reek radicalism turn notch
0.46|nyc forecast wed night low temp occupywallstreet sgp
0.4|green group accuse trash reputation overseas occupy ows occupywallstreet occupyhq
0.35|noamchomsky quote mymanatee ows occupywallstreet
0.27|santa give present rich occupywallstreet perpetuatingpoverty
0.06|il movimento mondiale osservato anche da nel andremo micah white
0.44|texas appalachia put body line occupy ows occupywallstreet occupyhq grassroots
Retrieved 4 new auxiliary tweets.
0.0|fin fraud jp morgan agree pay record settle charge toxic mortgage occupywallstreet
0.0|il movimento mondiale osservato anche da nel andremo micah white
0.0|santa give present rich occupywallstreet perpetuatingpoverty
0.0|maddowblog agenda reek radicalism turn notch
()
Aux F1 - Iteration-5=0.8
Precision=0.83
Recall=0.87
Aux F1 - ConfusionMatrix:
11.0  4.0   
3.0   20.0  

Best F1 so far - 0.88 at iteration:1


0.31|shugdenlibrary dalai lama slave owner dalailama lamagate occupywallstreet
0.38|include contradiction democracy centralism leadership lead ows occupywallstreet
0.48|global may day protest austerity death bangladeshi worker via youtube ows occupywallstreet
0.43|decolonize pipeline resistance interview freda huson occupy ows occupywallstreet occupyhq grassroots
0.42|nyc forecast thu night mostly low temp occupywallstreet tpp topprog
0.22|win mt gaypatriot occupywallstreet communist occupyhongkong
0.48|may day la schedule occupy ows occupywallstreet occupyhq grassroots
0.25|kelly thomas verdict cop license murder filmthepolice anonfamily opsafewinter occupywallstreet
0.47|hqoccupy sudanese trader kill south sudan ambush occupy ows occupywallstreet occupyhq grassroots
0.43|nyc forecast wed night low temp occupywallstreet ocra topprog
0.46|iran two ahwazi arab men risk imminent execution occupy ows occupywallstreet occupyhq grassroots
0.49|amateur activist occupy ows occupywallstreet occupyhq grassroots usa canada
0.37|nyc forecast sun high temp occupywallstreet tpp tpp
0.33|greek police arrest editor weekly magazine dissent ows occupygreece occupywallstreet
0.5|news november occupy ows occupywallstreet occupyhq grassroots usa canada
0.48|malala receive liberty medal occupy ows occupywallstreet occupyhq grassroots usa canada
0.47|pentagon ready train syrian rebel occupy ows occupywallstreet occupyhq grassroots usa
0.44|nyc forecast wed night mostly low temp occupywallstreet tpp topprog
0.52|turkey withstand hostage ordeal say turkish pm occupy ows occupywallstreet occupyhq grassroots usa
0.45|hardliner impeach moderate minister green movement protest occupy ows occupywallstreet
Retrieved 4 new auxiliary tweets.
1.0|turkey withstand hostage ordeal say turkish pm occupy ows occupywallstreet occupyhq grassroots usa
0.0|win mt gaypatriot occupywallstreet communist occupyhongkong
0.0|shugdenlibrary dalai lama slave owner dalailama lamagate occupywallstreet
0.0|kelly thomas verdict cop license murder filmthepolice anonfamily opsafewinter occupywallstreet
()
Aux F1 - Iteration-6=0.77
Precision=0.78
Recall=0.91
Aux F1 - ConfusionMatrix:
9.0  6.0   
2.0  21.0  

Best F1 so far - 0.88 at iteration:1


0.49|silent crisis bahrain opposition seek support international attention russia occupy ows occupywallstreet
0.47|celente world currency trouble occupy ows occupywallstreet occupyhq grassroots
0.38|return pluribus occupy opesr ows
0.28|bureau reclamation release additional flow avert klamath river fish occupy ows
0.46|nyc forecast mon night low temp occupywallstreet tlot sgp
0.37|phoenix last night cop kill unarm black man afraid prescription bottle occupy
0.44|nyc forecast mon night mostly low temp occupywallstreet topprog tcot
0.51|syria meet end solution occupy ows occupywallstreet occupyhq grassroots
0.24|giovalenzi il natale vince su tutto capodanno nella grande happy new year
0.44|nyc forecast sit night low temp occupywallstreet ocra sgp
0.45|nyc forecast wed night mostly low temp occupywallstreet tpp
0.31|alle reden zur deutsche bank hauptversammlung frankfurt occupy ows
0.46|nyc forecast fri partly high temp get smart occupywallstreet tlot topprog
0.25|qe backfire dividend quest usurp growth cut research quantitative ease may make
0.49|crisis southern new part occupy ows occupywallstreet occupyhq grassroots
0.49|egypt wassssssuuuuuupppp ur horny watch lol
0.68|get egypt
0.44|sumofmind sumofmind sumofmind archive sexually harass keep amman cairo egypt jordan sexu
0.6|egypt serious
0.54|egypt jordan work hard employ disable worker tahrir
Retrieved 8 new auxiliary tweets.
1.0|egypt serious
0.0|alle reden zur deutsche bank hauptversammlung frankfurt occupy ows
1.0|get egypt
1.0|egypt jordan work hard employ disable worker tahrir
1.0|syria meet end solution occupy ows occupywallstreet occupyhq grassroots
0.0|qe backfire dividend quest usurp growth cut research quantitative ease may make
0.0|giovalenzi il natale vince su tutto capodanno nella grande happy new year
0.0|bureau reclamation release additional flow avert klamath river fish occupy ows
()
Aux F1 - Iteration-7=0.88
Precision=0.85
Recall=1.0
Aux F1 - ConfusionMatrix:
11.0  4.0   
0.0   23.0  

Best F1 so far - 0.88 at iteration:1


0.04|sun truth europe
0.41|bbm pin add mufc manchesterunited bbmshare bbpins egypt blackberrypins blackberrymessenger dubai manchesterbbmpins
0.59|sharm el sheikh egypt weather fair sharm egypt
0.5|riiiiiposo morsi polipo itihadeya egypt os circondato da csf army
0.63|alexandria egypt weather fair alexandria egypt
0.54|egypt giggle rear end ofhttp
0.58|egypt masr uk move towards syria opposition sinai
0.46|spanish court uphold decision hand salem spain egypt
0.52|usa russia fsa gain grind putin obama eu uk turkey lebanon egypt
0.08|palestinianleadership overseasleadership hamas page iran mqmtelevision
0.45|askliam ok go sometime go egypt
0.5|egypt uae oxycodone liver toxicity buy tramadol glitter antique saudi ksa bhr
0.52|notice tomorrow safar make egypt islam
0.58|egypt two son make cry
0.54|egypt visit place
0.53|egypt condition cairo eg eet egyweather
0.56|egyindependent four egyptian activist gaza injure israeli fire convoy palestine egypt
0.48|egypt douche bag mousterbates pic alien lol
0.53|remember place kuwait egypt london lebanon syria instapic instaphoto instamood
0.5|break central bank governor resign post news aswat masriya egypt
Retrieved 13 new auxiliary tweets.
1.0|egypt giggle rear end ofhttp
1.0|egyindependent four egyptian activist gaza injure israeli fire convoy palestine egypt
1.0|remember place kuwait egypt london lebanon syria instapic instaphoto instamood
0.0|palestinianleadership overseasleadership hamas page iran mqmtelevision
1.0|notice tomorrow safar make egypt islam
1.0|egypt two son make cry
1.0|egypt masr uk move towards syria opposition sinai
1.0|usa russia fsa gain grind putin obama eu uk turkey lebanon egypt
1.0|egypt visit place
1.0|egypt condition cairo eg eet egyweather
1.0|sharm el sheikh egypt weather fair sharm egypt
1.0|alexandria egypt weather fair alexandria egypt
0.0|sun truth europe
()
Aux F1 - Iteration-8=0.86
Precision=0.85
Recall=0.96
Aux F1 - ConfusionMatrix:
11.0  4.0   
1.0   22.0  

Best F1 so far - 0.88 at iteration:1


0.57|mrsedky dear unite state bitch dictator morsi obama egypt politics tahrir
0.57|beautiful sunset cairo egypt
0.58|egypt believe back
0.43|rachidh wasp date egypt insect rachidh nature photo
0.52|egypt uae child try ok follow study buy nfl football jersey saudi ksa bhr
0.46|chill beach class egypt alexandria beach sunshine sand relax arabic egyptian
0.5|cairo contagion lethargy political egyconstitution egypt
0.16|must read
0.57|call egypt sway palestinian end hostility official say gazaunderattack
0.47|tahrir awe horizontal greed love egypt watchingandlearning
0.52|pitapolicy egypt must forget street child write via lamamaksosa poverty
0.57|girl need furniture offer egypt cairo
0.25|dioscorusboles yes constitution sake divine
0.56|nothing make happy pack arrival hall cairo international tourism egypt backontopbitches
0.4|ikhwanweb mubarak sentence prison base knowledge event lack action prevent egypt
0.43|rawyarageh elbaradei moussa sabbahi press conf tgthr egypt
0.41|karshaf groppi bear rovio swiss board ship egypt early country full opportunity
0.45|egypt flood wise time fill middle wide exhaust black hole lighten wait
0.53|egypt live pastor turn church near tahrir field hospital say police fire teargas
0.47|wow end thousand myth remember maspero egypt
Retrieved 11 new auxiliary tweets.
1.0|egypt believe back
1.0|egypt uae child try ok follow study buy nfl football jersey saudi ksa bhr
1.0|call egypt sway palestinian end hostility official say gazaunderattack
0.0|must read
1.0|pitapolicy egypt must forget street child write via lamamaksosa poverty
1.0|girl need furniture offer egypt cairo
1.0|beautiful sunset cairo egypt
1.0|mrsedky dear unite state bitch dictator morsi obama egypt politics tahrir
0.0|dioscorusboles yes constitution sake divine
1.0|nothing make happy pack arrival hall cairo international tourism egypt backontopbitches
1.0|egypt live pastor turn church near tahrir field hospital say police fire teargas
()
Aux F1 - Iteration-9=0.82
Precision=0.81
Recall=0.96
Aux F1 - ConfusionMatrix:
10.0  5.0   
1.0   22.0  

Best F1 so far - 0.88 at iteration:1


0.46|monaeltahawy esteem salafi know sexual car old support egypt porn ban ht
0.46|sventruenorth eye egypt constitutional peace globalpolitics canpoli
0.47|etribune australia urge ban cattle export egypt
0.45|mt eu rightfully change policy towards egypt stand universal right peo
0.55|egypt masr egyptian stage mass rally sinai
0.57|dailynewsegypt thousand demonstrator front presidential palace sing national egypt dne via
0.53|anything interest go egypt
0.54|mt clash cairo egypt plunge deep crisis afp video
0.64|egypt country
0.0|shit
0.65|demonstration surround presidential palace tahrir cairo egypt morsi ikh
0.48|hear mr see auc marchtomorsi tuesday egypt
0.61|matthewjbell must quite sight egypt presidential palace cairo
0.57|long time egypt time travel
0.45|yallabreak follow new baby yscoreboard new update foodiesinthehouse review egypt yallabreak
0.56|egypt receive bn eu presidency via ahramonline
0.62|egypt lord
0.4|egypt matt receive quit class regard publish stacyis photo
0.57|first info website arab spring youth egypt tahrir bahrain syria
0.29|lorion syria go offline prepare since saw happen rev medium center
Retrieved 13 new auxiliary tweets.
1.0|egypt masr egyptian stage mass rally sinai
1.0|dailynewsegypt thousand demonstrator front presidential palace sing national egypt dne via
1.0|anything interest go egypt
1.0|egypt receive bn eu presidency via ahramonline
1.0|egypt lord
1.0|long time egypt time travel
1.0|mt clash cairo egypt plunge deep crisis afp video
1.0|egypt country
0.0|shit
1.0|first info website arab spring youth egypt tahrir bahrain syria
0.0|lorion syria go offline prepare since saw happen rev medium center
1.0|demonstration surround presidential palace tahrir cairo egypt morsi ikh
1.0|matthewjbell must quite sight egypt presidential palace cairo
()
Aux F1 - Iteration-10=0.82
Precision=0.81
Recall=0.96
Aux F1 - ConfusionMatrix:
10.0  5.0   
1.0   22.0  

Best F1 so far - 0.88 at iteration:1


0.56|egypt masr israel hammer hamas gaza offensive sinai
0.56|baradei dont respect pole make people decide wheather constitution good bad egypt news
0.5|egypt mull arm sinai bedouin security force
0.35|adamakary azza best ice cream egypt icecream bahary vanilla awesome
0.55|egypt salafi front establish new political party call promote islamist interest via ahramonline
0.16|triplem go back welcome
0.47|yes mb militia yes yes care egyptian old news fact egypt
0.42|martyr mostafa abdullah age die suez gunshot egypt
0.52|weak people ear return replace pg article egypt mursi
0.52|ya gonna visit egypt
0.51|ghazalairshad dostoor party security line anticipation arrival tahrir moment egypt
0.58|egypt absolutely draw
0.57|fresh clash erupt egypt president morsy via cnn
0.45|egypt launch ppp project build port qena assiut sohag
0.54|hamas meshaal say israel must stop war first accept hamas condition include lift blockade gaza egypt gazaunderattack
0.09|ppl chant know nothing chant bunch terrorist
0.66|clash outside egypt presidential palace cairo
0.59|medium accreditation much trouble get egypt referendum
0.56|xarabic egypt republican guard say demonstrator must evacuate area around presidential palace pm
0.42|calm storm storm egypt
Retrieved 14 new auxiliary tweets.
1.0|baradei dont respect pole make people decide wheather constitution good bad egypt news
1.0|medium accreditation much trouble get egypt referendum
1.0|egypt salafi front establish new political party call promote islamist interest via ahramonline
1.0|xarabic egypt republican guard say demonstrator must evacuate area around presidential palace pm
1.0|fresh clash erupt egypt president morsy via cnn
1.0|hamas meshaal say israel must stop war first accept hamas condition include lift blockade gaza egypt gazaunderattack
0.0|ppl chant know nothing chant bunch terrorist
1.0|clash outside egypt presidential palace cairo
0.0|triplem go back welcome
1.0|weak people ear return replace pg article egypt mursi
1.0|egypt absolutely draw
1.0|ya gonna visit egypt
1.0|ghazalairshad dostoor party security line anticipation arrival tahrir moment egypt
1.0|egypt masr israel hammer hamas gaza offensive sinai
()
Aux F1 - Iteration-11=0.82
Precision=0.81
Recall=0.96
Aux F1 - ConfusionMatrix:
10.0  5.0   
1.0   22.0  

Best F1 so far - 0.88 at iteration:1


0.6|egypt totally
0.42|ashrafkhalil two different tahrir prayer group follow different imam different egypt
0.55|egypt masr senior state department official remove sinai
0.56|know fix every problem egypt morsi fuckoff
0.48|microsoft window launch event live blogging via texnomic egypt
0.72|egypt
0.54|amaheer probably reason egypt morsi mb many hashtags trend
0.26|good ahramonline internet user increase pct facebook user reach mln report
0.41|wluml blog nihalsaad endsh vaw egypt harassment feminism
0.42|ship carry iranian weapon money seize offshore yemen iran arab bbc yemen gcc canada cnn egypt
0.54|kalnaga national outrage bloodshed peaceful egyptian oppose dictator one morsi must court egypt
0.17|itsbeco egypt voteno voteno voteno voteno voteno voteno voteno voteno voteno voteno voteno voteno voteno voteno voteno voteno
0.47|egypt two police officer assault lead jan revolution activist nac tahrir
0.39|egypt uae premarin prescription cost buy generic premarin online premarin buy premarin
0.65|alarabiya egypt palestine tie eye israel say khartoum aid gaza arm smuggle via egypt
0.45|samar dahmash arabvoicesspeak live ontveg check watch egypt jo jordan usa
0.49|egypt find pay hour sexual intercourse sit problem beside
0.51|egypt merkel defend austerity cut portugal masr
0.4|fifa rank ivorycoast algeria mali ghana zambia egypt tunisia centralafrican gabon nigeria
0.6|egypt tahrir scaf
Retrieved 11 new auxiliary tweets.
0.0|good ahramonline internet user increase pct facebook user reach mln report
1.0|kalnaga national outrage bloodshed peaceful egyptian oppose dictator one morsi must court egypt
0.0|itsbeco egypt voteno voteno voteno voteno voteno voteno voteno voteno voteno voteno voteno voteno voteno voteno voteno voteno
1.0|alarabiya egypt palestine tie eye israel say khartoum aid gaza arm smuggle via egypt
1.0|egypt masr senior state department official remove sinai
1.0|egypt totally
1.0|amaheer probably reason egypt morsi mb many hashtags trend
1.0|know fix every problem egypt morsi fuckoff
1.0|egypt
1.0|egypt merkel defend austerity cut portugal masr
1.0|egypt tahrir scaf
()
Aux F1 - Iteration-12=0.79
Precision=0.79
Recall=0.96
Aux F1 - ConfusionMatrix:
9.0  6.0   
1.0  22.0  

Best F1 so far - 0.88 at iteration:1


0.55|get mid november still nowhere close get cold time soon egypt weather winter morsydamnyou
0.49|egypt arrest within day opposition back mubarak day religious form
0.44|sky cloud weather thismoment chase rainwall rain come huge sea aboker alexandria egypt
0.67|proud people egypt fight freedom egypt
0.51|nytjim egypt tank deploy presidential palace barb wire string separate protester
0.51|standforislam rule rightly guide umar egypt syria palestine pakistan indonesia
0.44|fbnpc alqaeda benghazi iran egypt saudiarabia africa libya iraq pakistan lnyhbt omg
0.03|camel balcony camel park alaa
0.6|egypt anyone ever make
0.24|bloody night atlantic
0.24|beltrew historic person convoy gaza end mohamed mahmoud
0.29|washinstitute lawlessness sinai feed gaza conflict yaari
0.57|hentai black kuwait saudi syria sex ksa egypt bahrain
0.62|egypt must keep outlook policy steady imf loan review reuters egypt
0.61|egypt concert
0.51|desperate people sth believe far go defense belief find egypt
0.45|egyindependent pm govt prepare law strict sexual harassment penalty egypt endsh
0.45|egypt odds reelection intrade bet site rise course tahrir
0.6|usa support regime kill people name egypt tahrir
0.6|egypt tahrir scaf
Retrieved 15 new auxiliary tweets.
1.0|egypt concert
1.0|desperate people sth believe far go defense belief find egypt
1.0|standforislam rule rightly guide umar egypt syria palestine pakistan indonesia
0.0|camel balcony camel park alaa
1.0|get mid november still nowhere close get cold time soon egypt weather winter morsydamnyou
1.0|egypt anyone ever make
0.0|bloody night atlantic
1.0|proud people egypt fight freedom egypt
1.0|nytjim egypt tank deploy presidential palace barb wire string separate protester
1.0|hentai black kuwait saudi syria sex ksa egypt bahrain
1.0|egypt must keep outlook policy steady imf loan review reuters egypt
0.0|beltrew historic person convoy gaza end mohamed mahmoud
0.0|washinstitute lawlessness sinai feed gaza conflict yaari
1.0|usa support regime kill people name egypt tahrir
1.0|egypt tahrir scaf
()
Aux F1 - Iteration-13=0.8
Precision=0.81
Recall=0.91
Aux F1 - ConfusionMatrix:
10.0  5.0   
2.0   21.0  

Best F1 so far - 0.88 at iteration:1


0.59|israeli enter egypt attack gaza
0.51|buddy concur publicly kill tcot obama israel egypt islam
0.72|egypt
0.5|state department spokeswoman victoria nuland expect discus situation egypt watch live
0.48|egypt serious doubt whether morsi control presidency
0.51|egypt potential become split state along line mass internal
0.53|cairo syria cairo egypt damascus solidarity cairo syria cairo
0.6|hammametsou egyptian really vote via ahramonline egypt
0.55|parade kuwait saudi sandy sex ksa egypt bahrain
0.48|ahramonlinearts egypt underground musician leave negotiation table sour rouelshimi via ahramonline
0.6|people listen much egypt
0.46|egypt eu aid billion loan way commit billion way le power
0.45|analysis egypt prove peace role survive arab spring reuters
0.31|coward politician west condone massacre people tahrir square appeasement
0.54|karen cheerleader humiliate kuwait saudi syria sex ksa egypt bahrain
0.52|perrymarvan pick troll egypt
0.37|either morsi thug put military cairo fight dare syria tango
0.46|aelmassry egypt court preacher khaledabdullah ban broadcast day sheeesh
0.63|egypt perform
0.41|egypt referendum nsoliman design voteno need print house print free please please
Retrieved 12 new auxiliary tweets.
1.0|buddy concur publicly kill tcot obama israel egypt islam
1.0|egypt
1.0|perrymarvan pick troll egypt
1.0|egypt perform
1.0|cairo syria cairo egypt damascus solidarity cairo syria cairo
1.0|hammametsou egyptian really vote via ahramonline egypt
1.0|people listen much egypt
0.0|coward politician west condone massacre people tahrir square appeasement
1.0|israeli enter egypt attack gaza
1.0|egypt potential become split state along line mass internal
1.0|karen cheerleader humiliate kuwait saudi syria sex ksa egypt bahrain
1.0|parade kuwait saudi sandy sex ksa egypt bahrain
()
Aux F1 - Iteration-14=0.83
Precision=0.84
Recall=0.91
Aux F1 - ConfusionMatrix:
11.0  4.0   
2.0   21.0  

Best F1 so far - 0.88 at iteration:1


0.41|morning tweepes rabena yostor today egypt morsy
0.52|egypt masr official promise fail halt china protest
0.56|assume stay power face believe morsi egypt
0.44|think egypt good take care transportation rather porn sit wala eh
0.59|joekaldas love egypt
0.59|dictatorship fuck depress morsi egypt
0.54|egypt israeli foreign minister lieberman resign masr
0.48|one person constituent assembly even remotely close represent egypt
0.53|pray peace israel lord let beat brake egypt
0.53|egypt clash lebanese army syrian rebel break border tahrir
0.45|egypt attitude toward grow hostile despite support lynndebate
0.52|egypt damn reason personally like woman
0.54|egypt partner cant believe
0.44|saharazizlaw return inspire trip egypt earlaegypt mmabrouk
0.45|rhreid ap news egypt ask imf delay loan due turmoil
0.55|morsi egypt opinion become dictator marijuana peace democracy gothp
0.54|egypt leak britney toe rofl
0.46|irish say mistake goat beard fine replace goat ikhwan egypt iran
0.54|people friend tatto egypt illuminati freemason wallpaper instanesia iphonesia instaworld
0.48|miss old egypt menak lelah ya morsy
Retrieved 12 new auxiliary tweets.
1.0|egypt damn reason personally like woman
1.0|egypt partner cant believe
1.0|egypt clash lebanese army syrian rebel break border tahrir
1.0|egypt israeli foreign minister lieberman resign masr
1.0|pray peace israel lord let beat brake egypt
1.0|morsi egypt opinion become dictator marijuana peace democracy gothp
1.0|egypt masr official promise fail halt china protest
1.0|assume stay power face believe morsi egypt
1.0|joekaldas love egypt
1.0|dictatorship fuck depress morsi egypt
1.0|egypt leak britney toe rofl
1.0|people friend tatto egypt illuminati freemason wallpaper instanesia iphonesia instaworld
()
Aux F1 - Iteration-15=0.88
Precision=0.85
Recall=1.0
Aux F1 - ConfusionMatrix:
11.0  4.0   
0.0   23.0  

Best F1 so far - 0.88 at iteration:1


0.43|south african constitution several clause outlaw death prolly pas justathought egypt
0.6|egyptian court stop work protest morsi move via cbsnews poli egypt uspoli
0.6|ikhwan say copt protest yeah islamist bad egypt
0.57|new poll put president approval rat egypt morsi
0.58|egypt make cry pray get well soon
0.5|cleric warn egypt may lose bln qatari investment people vote constitution tandem post
0.53|unconfirmed beltrew name kill tonight outside presidential palace hahellyer emadeffat myrnaemad rip egypt
0.5|photo near palace moneloky epic egypt
0.53|egypt romney supporter resort stunt crazy
0.56|kareemlailah aljazeera correspondent report clash tahrir cairo egypt
0.58|morsi allow ok stop commit egypt
0.07|critic wonder morsy next strongman
0.52|mask gunman attack opposition protester crowd gather rally egypt tahrir
0.32|ajelive speech azhar preacher occasion eid morsi call syria regime halt bloodshed
0.52|ap egypt top court decide whether disband panel draft new constitution
0.47|egypt try kind upon photographic camera
0.56|egypt drink lol ye
0.39|forensics investigation egypt determine bullet shoot protestors come muslim brotherhood member
0.52|salam alaykom prayer time luxor city dhuhr pray luxor egypt
0.54|war islam new liberalism egypt
Retrieved 15 new auxiliary tweets.
1.0|ikhwan say copt protest yeah islamist bad egypt
1.0|new poll put president approval rat egypt morsi
1.0|salam alaykom prayer time luxor city dhuhr pray luxor egypt
1.0|war islam new liberalism egypt
1.0|ap egypt top court decide whether disband panel draft new constitution
1.0|egypt drink lol ye
1.0|mask gunman attack opposition protester crowd gather rally egypt tahrir
0.0|ajelive speech azhar preacher occasion eid morsi call syria regime halt bloodshed
1.0|egypt romney supporter resort stunt crazy
1.0|kareemlailah aljazeera correspondent report clash tahrir cairo egypt
1.0|egypt make cry pray get well soon
1.0|unconfirmed beltrew name kill tonight outside presidential palace hahellyer emadeffat myrnaemad rip egypt
1.0|morsi allow ok stop commit egypt
0.0|critic wonder morsy next strongman
1.0|egyptian court stop work protest morsi move via cbsnews poli egypt uspoli
()
Aux F1 - Iteration-16=0.82
Precision=0.81
Recall=0.96
Aux F1 - ConfusionMatrix:
10.0  5.0   
1.0   22.0  

Best F1 so far - 0.88 at iteration:1


0.57|obama thank egypt world leader hail hamas truce via telegraph gaza mursi
0.54|holiness dalai lama speak abt middle east peace watch live webcast syria egypt dalailama
0.5|egypt uae strategy healthy balance might diet household good saudi ksa bhr
0.52|bennu tell basta project scan day night egypt
0.61|protest march tahrir egypt dailynewsegypt cairo morsi mohamedmahmoud csf moi via acarvin
0.43|minorityrights christian woman hair forcibly cut metro egypt minority mrg
0.57|islamist march support president egypt
0.63|alexandria egypt weather fair alexandria egypt
0.56|egypt masr turkey consider deployment missile syria border
0.37|flyegyptair hr flight delay far official announcement egypt egyptair board today fail
0.61|morsi go batshit crazy egypt
0.52|aleikhemshalom prosyriana fight palestine europe africa america egypt
0.68|egyptian tahrir egypt morsi
0.49|cairowire coptic presidential assistant decide resign presidential team hold urgent meet egypt
0.6|egyptian stage mass morsi rally tahrir square egypt news
0.5|egypt defender hegazy miss action month fiorentina via ahramonline football soccer seriea italy
0.58|salam alaykom prayer time cairo city maghrib pray cairo egypt
0.43|pic take camera little saturation edit mobile egypt
0.52|egypt love rate murder career give early heart
0.4|huge famous series shop mall egypt name albanian omar effendi arnaut
Retrieved 13 new auxiliary tweets.
1.0|egypt masr turkey consider deployment missile syria border
1.0|morsi go batshit crazy egypt
1.0|aleikhemshalom prosyriana fight palestine europe africa america egypt
1.0|egyptian tahrir egypt morsi
1.0|egyptian stage mass morsi rally tahrir square egypt news
1.0|islamist march support president egypt
1.0|alexandria egypt weather fair alexandria egypt
1.0|obama thank egypt world leader hail hamas truce via telegraph gaza mursi
1.0|protest march tahrir egypt dailynewsegypt cairo morsi mohamedmahmoud csf moi via acarvin
1.0|holiness dalai lama speak abt middle east peace watch live webcast syria egypt dalailama
1.0|bennu tell basta project scan day night egypt
1.0|salam alaykom prayer time cairo city maghrib pray cairo egypt
1.0|egypt love rate murder career give early heart
()
Aux F1 - Iteration-17=0.82
Precision=0.81
Recall=0.96
Aux F1 - ConfusionMatrix:
10.0  5.0   
1.0   22.0  

Best F1 so far - 0.88 at iteration:1


0.44|make noise make noise effective healthy twitter egypt
0.18|yusuralbahrani right organization rule saber sign religious dictatorship
0.05|think copy indian well
0.3|rosanwo grind action virtually bibi insist test new gaza israel
0.72|egypt
0.51|tool use internet disaster war syria egypt indyvote
0.54|corruption mb egypt egyptbusiness egypt slip corruption index
0.59|arminvanbuuren please forget egypt
0.52|ever see display last time north america egypt mummy pacificsciencecenter
0.62|egypt egyptian death storm ministry say masr
0.45|egypt know make cry laughter omfg emphasis ahahahahahaha
0.43|arabic judge high council say meet morsi message accurate
0.61|clash get bad protester low number trap mb thug egypt
0.6|egypt masr islamist protest cairo call islamic law sinai
0.4|johannesburg via youtube un gaza palestine
0.52|egypt stop depart plan damascus syria
0.58|egypt dwindle option
0.27|sultanalqassemi el baradei constitution end dustbin history
0.51|ihavealwayswanted country clean egypt
0.51|year citizen medium protest expose gov screen qasr al aini wall egypt
Retrieved 16 new auxiliary tweets.
1.0|tool use internet disaster war syria egypt indyvote
1.0|corruption mb egypt egyptbusiness egypt slip corruption index
1.0|arminvanbuuren please forget egypt
1.0|ever see display last time north america egypt mummy pacificsciencecenter
1.0|egypt dwindle option
0.0|sultanalqassemi el baradei constitution end dustbin history
0.0|rosanwo grind action virtually bibi insist test new gaza israel
1.0|egypt
1.0|egypt egyptian death storm ministry say masr
1.0|clash get bad protester low number trap mb thug egypt
1.0|egypt masr islamist protest cairo call islamic law sinai
1.0|egypt stop depart plan damascus syria
0.0|yusuralbahrani right organization rule saber sign religious dictatorship
0.0|think copy indian well
1.0|ihavealwayswanted country clean egypt
1.0|year citizen medium protest expose gov screen qasr al aini wall egypt
()
Aux F1 - Iteration-18=0.86
Precision=0.85
Recall=0.96
Aux F1 - ConfusionMatrix:
11.0  4.0   
1.0   22.0  

Best F1 so far - 0.88 at iteration:1


0.54|egypt democracy always possible still chomskyauc tahrir
0.18|morsy prefer defend muslim brotherhood offer compromise sake
0.43|need maze salim constitutional declaration also cannot repeal egypt
0.51|aymondo come tear motherfucker egypt
0.64|egypt therefore
0.72|egypt
0.59|egypt cairo court examine case mubarak pardon tahrir
0.53|yep eg syria egypt afiyanesss ibnfaqih people die right take muslimvote yallachange
0.52|break medic need near al injury egypt
0.52|vianney nsimbe time caf president hayatou friday go africa egypt
0.51|oritperlov nervous nile minority fear end secularism egypt via spiegelonline
0.51|bahrain ksa kuwait uae oman qatar iraq syria egypt tunisia morroco libya yemen iran
0.55|egypt democrat reid leave hospital crash tahrir
0.5|sherinet alert egypt
0.46|egypt court sentence atheist year imprisonment insult religion religion atheism freedomofexpression
0.62|egypt make cry
0.39|egyptian passport kaman bardo lazem el destor abl ah aw think egypt
0.55|ajelive egypt president morsi appeal people evidence trust elect
0.61|morsi protect islamist hijack constitution egypt crisis morsi give army arrest power vote
0.48|egypt photo gallery worshipper fill mosque courtyard start eid tahrir
Retrieved 15 new auxiliary tweets.
1.0|egypt democrat reid leave hospital crash tahrir
1.0|egypt make cry
1.0|oritperlov nervous nile minority fear end secularism egypt via spiegelonline
1.0|bahrain ksa kuwait uae oman qatar iraq syria egypt tunisia morroco libya yemen iran
1.0|egypt therefore
1.0|egypt
1.0|egypt democracy always possible still chomskyauc tahrir
0.0|morsy prefer defend muslim brotherhood offer compromise sake
1.0|aymondo come tear motherfucker egypt
1.0|break medic need near al injury egypt
1.0|vianney nsimbe time caf president hayatou friday go africa egypt
1.0|ajelive egypt president morsi appeal people evidence trust elect
1.0|morsi protect islamist hijack constitution egypt crisis morsi give army arrest power vote
1.0|egypt cairo court examine case mubarak pardon tahrir
1.0|yep eg syria egypt afiyanesss ibnfaqih people die right take muslimvote yallachange
()
Aux F1 - Iteration-19=0.86
Precision=0.85
Recall=0.96
Aux F1 - ConfusionMatrix:
11.0  4.0   
1.0   22.0  

Best F1 so far - 0.88 at iteration:1


0.62|egypt realestate
0.59|protester sing egypt national anthem march get close presidential palace
0.41|new content pinterest board global economy financial egypt italy oil
0.56|morsi speak egypt reminder similar speech bad
0.45|breakingnews judge across egypt refuse oversee controversial constitutional referendum
0.56|come back egypt
0.59|difference mubarak morsi people get choose latter justsaying egypt
0.59|egypt afghan presidential vote due april tahrir
0.48|seriously egypt alber saber hosni tell way tora
0.52|hamadeabdulla history ottoman woman turkey egypt uae bahrain saudi oman qatar kuwait
0.54|bahrain pathetic see show low alwefaq egypt gcc kuwait ksa uk usa
0.43|egypt brother lose bet french kiss mom lolll
0.64|prime minister egypt plan long egypt gaza
0.54|egypt masr iraqi kill suspect sectarian attack sinai
0.56|norshek feel sympathy towards gaza leave morsi egypt gaza
0.41|egypt uneducated rural inhabitant desire serfdom beat something worship step
0.59|chant tahrir egypt arabic
0.51|constitution pas yet transitional constitution even intend egypt
0.46|anyone keep log many chief pm oust since jan egypt
0.49|egypt feature person utilise
Retrieved 13 new auxiliary tweets.
1.0|come back egypt
1.0|protester sing egypt national anthem march get close presidential palace
1.0|morsi speak egypt reminder similar speech bad
1.0|prime minister egypt plan long egypt gaza
1.0|egypt masr iraqi kill suspect sectarian attack sinai
1.0|norshek feel sympathy towards gaza leave morsi egypt gaza
1.0|hamadeabdulla history ottoman woman turkey egypt uae bahrain saudi oman qatar kuwait
1.0|bahrain pathetic see show low alwefaq egypt gcc kuwait ksa uk usa
1.0|difference mubarak morsi people get choose latter justsaying egypt
1.0|egypt afghan presidential vote due april tahrir
1.0|chant tahrir egypt arabic
1.0|constitution pas yet transitional constitution even intend egypt
1.0|egypt realestate
()
Aux F1 - Iteration-20=0.86
Precision=0.85
Recall=0.96
Aux F1 - ConfusionMatrix:
11.0  4.0   
1.0   22.0  

Best F1 so far - 0.88 at iteration:1


Total time taken for experiment:1355.894 seconds.
				************* SAVE THE RESULTS ******************
Ending experiment at 2017-04-02T20:36:41.675-04:00
