Starting experiment at 2017-04-02T20:04:24.946-04:00
Reset successful
***************** Parameters used for EXPERIMENT *****************
	filterToUse = CosineSim
	minSimilarityThreshold = 0.55
	cosineSimilarityWindowSize= 0.3
	minWmDistanceThreshold = 0.49
	vectorType= local
	webWord2VecBaseUri = http://localhost:5000/file_model/getvector/
	cnnClassifierBaseUri = http://localhost:5000/cnn_train_and_get_prediction_labels_local
	maxFpmWordsToPick = 35
	minFpmWordsDetected = 0
	refreshLocalWordVectors = false
	maxExperimentIterations = 20
	maxAuxTweetsToAddEachIteration = 20
	thresholdF1 = 0.98
	classifierType = LogisticRegression
	folderNameForCnnClassifier = 
	auxiliaryThresholdExpectation = 0.01
	fileDelimiter = ,
	experimentSet = egypt
	experimentSetNumber = 2
	trainingDataFile = data/final/egypt_training_data2.txt
	validationDataFile = data/final/egypt_validation_data.txt
	auxiliaryDataFile = data/final/egypt_auxiliary_data.txt
	supplementedCleanAuxiliaryFile = data/final/egypt_auxiliary_data.txt

***************** Parameters used for EXPERIMENT *****************


Initial F1=0.56
Precision=0.66
Recall=1.0
Initial - ConfusionMatrix:
3.0  12.0  
0.0  23.0  

0.24|match report tunis al ahly cafchampionsleague football soccer africa
0.53|monaeltahawy female journalist savagely attack cairo egypt
0.57|egypt alien
0.47|another question head referendum committee hour leave round egypt
0.56|proud egyptian fb tahrir egypt
0.32|per ogni sorpresina di oggi dobbiamo sempre ringraziare tantawi per quella notte tragica cui sciolse il parlamento per egypt
0.54|photography update anti muslim brotherhood protest egypt mb ikhwan morsi
0.51|egypt fat black girl get spank big cock lol
0.5|ianinegypt scene outside presidential egypt
0.67|egypt
0.55|egypt salafists order coptic church land egypt salafist copt
0.57|translate egypt clash alexandria phase referendum egyptian
0.54|egypt protest morsi power grab first flower arabspring shalom cohen
0.54|eyeoncambodia egypt right obama egypt murder violation human right eh
0.57|brotherhood become psychiatrist via ahramonline morsi islamist salafists egypt
0.37|miss summer weather sky instaweather instaweatherpro outdoors nature el dokki egypt day autumn
0.41|ibrahim eissa host hamdeen sabbahi tonight al qahera wal na egypt
0.54|say gaddafi take state full tahrir egypt
0.23|tt nilenewschannel greek president israel take gas oil resource
0.23|love hate egyptian
Retrieved 8 new auxiliary tweets.
0.0|match report tunis al ahly cafchampionsleague football soccer africa
1.0|egypt
1.0|brotherhood become psychiatrist via ahramonline morsi islamist salafists egypt
0.0|tt nilenewschannel greek president israel take gas oil resource
1.0|translate egypt clash alexandria phase referendum egyptian
1.0|egypt alien
1.0|proud egyptian fb tahrir egypt
0.0|love hate egyptian
()
Aux F1 - Iteration-1=0.54
Precision=0.65
Recall=0.96
Aux F1 - ConfusionMatrix:
3.0  12.0  
1.0  22.0  

Best F1 so far - 0.56 at iteration:0


0.36|egypt islamist moron proudly present item threaten book christ cartridge
0.51|vote period extend due high turnout say sec lack egypt
0.49|shalandawilkers flagman egypt camel israel give terrorist
0.35|mt koertdebeuf baradei cnn ready national first postpone dialogue damoclese egypt
0.58|egypt draw
0.45|egypt masr april leader quit constituent assembly sinai
0.54|antonywahba protest firework laser egypt palace
0.41|safarkhan art egypt november exhibition wael darwish pm till november
0.49|egypt footage wow nostalgia
0.5|egypt love much hahaha
0.51|egypt semi retard
0.43|egypt little reason celebrate south first birthday
0.44|muslim hq set ablaze office egypt ikhwan
0.51|morsy talk hand create presidential palace civil war egypt
0.38|ankh british museum hieroglyphic egypt ankh
0.59|islamist egypt morsi tahrir auc
0.46|destruction heritage sit syria raise question cost democracy occupy ows occupywallstreet
0.43|nyc forecast overnight partly low temp occupywallstreet tpp
0.42|nyc forecast afternoon high temp occupywallstreet tpp sgp
0.5|link city underwater year occupy ows occupywallstreet occupyhq grassroots usa
Retrieved 2 new auxiliary tweets.
1.0|islamist egypt morsi tahrir auc
1.0|egypt draw
()
Aux F1 - Iteration-2=0.54
Precision=0.65
Recall=0.96
Aux F1 - ConfusionMatrix:
3.0  12.0  
1.0  22.0  

Best F1 so far - 0.56 at iteration:0


0.43|vietnamese lawyer face obstruction ahead trial occupy ows occupywallstreet occupyhq grassroots
0.47|andrew curtin photo selfie occupy ows occupywallstreet occupyhq grassroots
0.45|nyc forecast wed night low temp occupywallstreet glennbeck tcot
0.48|alex schaefer burn bank occupy ows occupywallstreet occupyhq grassroots
0.12|study economic inequality lead downfall civilization
0.47|dome special slideshow occupy ows occupywallstreet occupyhq grassroots
0.49|cme break occupy ows occupywallstreet occupyhq
0.48|nyc forecast mon high temp get smart occupywallstreet sgp
0.49|preview death bin lade revisted nightly news video occupy ows occupywallstreet occupyhq
0.45|irs rule bitcoin property subject capital gain tax occupy ows occupywallstreet occupyhq grassroots
0.46|confession juiced journalist occupy ows occupywallstreet occupyhq grassroots
0.21|ows kitchen nostalgia submit
0.46|nyc forecast sit night partly low temp occupywallstreet tcot
0.43|nyc forecast fri night low temp occupywallstreet topprog glennbeck
0.55|israel gaza big picture occupy ows occupywallstreet occupyhq grassroots usa canada europe
0.43|nyc forecast sun night mostly low temp occupywallstreet tpp glennbeck
0.48|secretive turkish movement buy influence occupy ows occupywallstreet occupyhq grassroots usa
0.45|nyc forecast sit night mostly low temp occupywallstreet tcot tcot
0.42|nyc forecast afternoon high temp occupywallstreet tpp
0.23|buy custom nyc street sign may suggest
Retrieved 3 new auxiliary tweets.
0.0|study economic inequality lead downfall civilization
0.0|ows kitchen nostalgia submit
0.0|buy custom nyc street sign may suggest
()Adding 3 auxiliary tweets to the training data.

Aux F1 - Iteration-3=0.63
Precision=0.69
Recall=0.87
Aux F1 - ConfusionMatrix:
6.0  9.0   
3.0  20.0  

Best F1 so far - 0.63 at iteration:3


0.45|jesse jackson call symbolic protest clipper player occupy ows occupywallstreet occupyhq
0.39|brussels conference un stress need approach stabilize mali occupy ows occupywallstreet
0.22|occupywallstreet give nypd perfect excuse crack elderly veteran
0.5|colombia justice peace law failure expert say occupy ows occupywallstreet occupyhq grassroots
0.48|soil association disown say resign trustee occupy ows occupywallstreet occupyhq
0.46|cull human herd century occupy ows occupywallstreet occupyhq grassroots
0.29|support brother sister occupygezi reoccupy zuccotti occupywallstreet
0.47|may ga reid park occupy ows occupywallstreet occupyhq grassroots usa canada
0.44|unhcr urge prevent refugee expulsion uae occupy ows occupywallstreet occupyhq grassroots
0.53|new corvette spytech record conversation video occupy ows occupywallstreet occupyhq grassroots usa
0.34|hilaryclinton run president hilary care olsx teamster occupywallstreet
0.46|japan next economic domino occupy ows occupywallstreet occupyhq grassroots
0.35|dear state department moral authority tell country treat protest occupywallstreet
0.24|together jefferson airplane occupywallstreet
0.44|politico rand paul marco rubio differ iraq action occupy ows occupywallstreet occupyhq grassroots
0.46|nyc forecast fri night mostly low temp get smart occupywallstreet tlot tlot
0.5|banky bbc news occupy ows occupywallstreet occupyhq grassroots
0.45|nyc forecast tue night low temp occupywallstreet teaparty
0.37|alliancebl give bank tab occupywallstreet
0.44|ban kettle hairdryers help climate change occupy ows occupywallstreet
Retrieved 2 new auxiliary tweets.
0.0|together jefferson airplane occupywallstreet
0.0|occupywallstreet give nypd perfect excuse crack elderly veteran
()Adding 2 auxiliary tweets to the training data.

Aux F1 - Iteration-4=0.66
Precision=0.7
Recall=0.91
Aux F1 - ConfusionMatrix:
6.0  9.0   
2.0  21.0  

Best F1 so far - 0.66 at iteration:4


0.25|fin fraud jp morgan agree pay record settle charge toxic mortgage occupywallstreet
0.45|shooter moncton phone report part video occupy ows occupywallstreet occupyhq
0.47|reason question investigate anniversary occupy ows occupywallstreet occupyhq
0.43|government privatization support inequality occupy ows opesr occupyhq
0.45|welcome back lobbyist obama save seat capitol hill occupy ows occupywallstreet occupyhq
0.46|surveillance camera soon read lip video occupy ows occupywallstreet occupyhq grassroots
0.49|rand woman problem occupy ows occupywallstreet occupyhq grassroots
0.48|unhcr condemn deadly attack homs collective shelter occupy ows occupywallstreet occupyhq grassroots
0.44|nyc forecast wed high temp get smart occupywallstreet ocra teaparty
0.45|rat meat sell lamb china occupy ows occupywallstreet occupyhq grassroots
0.47|gunfail ix occupy ows occupywallstreet occupyhq grassroots
0.49|work poor welcome occupy ows occupywallstreet occupyhq grassroots usa canada
0.47|nyc forecast mon night low temp get smart occupywallstreet topprog glennbeck
0.09|maddowblog agenda reek radicalism turn notch
0.46|nyc forecast wed night low temp occupywallstreet sgp
0.42|green group accuse trash reputation overseas occupy ows occupywallstreet occupyhq
0.34|noamchomsky quote mymanatee ows occupywallstreet
0.27|santa give present rich occupywallstreet perpetuatingpoverty
0.04|il movimento mondiale osservato anche da nel andremo micah white
0.46|texas appalachia put body line occupy ows occupywallstreet occupyhq grassroots
Retrieved 3 new auxiliary tweets.
0.0|il movimento mondiale osservato anche da nel andremo micah white
0.0|fin fraud jp morgan agree pay record settle charge toxic mortgage occupywallstreet
0.0|maddowblog agenda reek radicalism turn notch
()
Aux F1 - Iteration-5=0.62
Precision=0.68
Recall=0.91
Aux F1 - ConfusionMatrix:
5.0  10.0  
2.0  21.0  

Best F1 so far - 0.66 at iteration:4


0.33|shugdenlibrary dalai lama slave owner dalailama lamagate occupywallstreet
0.37|include contradiction democracy centralism leadership lead ows occupywallstreet
0.45|global may day protest austerity death bangladeshi worker via youtube ows occupywallstreet
0.44|decolonize pipeline resistance interview freda huson occupy ows occupywallstreet occupyhq grassroots
0.42|nyc forecast thu night mostly low temp occupywallstreet tpp topprog
0.22|win mt gaypatriot occupywallstreet communist occupyhongkong
0.48|may day la schedule occupy ows occupywallstreet occupyhq grassroots
0.23|kelly thomas verdict cop license murder filmthepolice anonfamily opsafewinter occupywallstreet
0.48|hqoccupy sudanese trader kill south sudan ambush occupy ows occupywallstreet occupyhq grassroots
0.42|nyc forecast wed night low temp occupywallstreet ocra topprog
0.45|iran two ahwazi arab men risk imminent execution occupy ows occupywallstreet occupyhq grassroots
0.49|amateur activist occupy ows occupywallstreet occupyhq grassroots usa canada
0.37|nyc forecast sun high temp occupywallstreet tpp tpp
0.32|greek police arrest editor weekly magazine dissent ows occupygreece occupywallstreet
0.51|news november occupy ows occupywallstreet occupyhq grassroots usa canada
0.49|malala receive liberty medal occupy ows occupywallstreet occupyhq grassroots usa canada
0.49|pentagon ready train syrian rebel occupy ows occupywallstreet occupyhq grassroots usa
0.44|nyc forecast wed night mostly low temp occupywallstreet tpp topprog
0.53|turkey withstand hostage ordeal say turkish pm occupy ows occupywallstreet occupyhq grassroots usa
0.44|hardliner impeach moderate minister green movement protest occupy ows occupywallstreet
Retrieved 2 new auxiliary tweets.
0.0|win mt gaypatriot occupywallstreet communist occupyhongkong
0.0|kelly thomas verdict cop license murder filmthepolice anonfamily opsafewinter occupywallstreet
()
Aux F1 - Iteration-6=0.55
Precision=0.65
Recall=0.87
Aux F1 - ConfusionMatrix:
4.0  11.0  
3.0  20.0  

Best F1 so far - 0.66 at iteration:4


0.48|silent crisis bahrain opposition seek support international attention russia occupy ows occupywallstreet
0.48|celente world currency trouble occupy ows occupywallstreet occupyhq grassroots
0.39|return pluribus occupy opesr ows
0.29|bureau reclamation release additional flow avert klamath river fish occupy ows
0.46|nyc forecast mon night low temp occupywallstreet tlot sgp
0.38|phoenix last night cop kill unarm black man afraid prescription bottle occupy
0.45|nyc forecast mon night mostly low temp occupywallstreet topprog tcot
0.51|syria meet end solution occupy ows occupywallstreet occupyhq grassroots
0.26|giovalenzi il natale vince su tutto capodanno nella grande happy new year
0.44|nyc forecast sit night low temp occupywallstreet ocra sgp
0.45|nyc forecast wed night mostly low temp occupywallstreet tpp
0.33|alle reden zur deutsche bank hauptversammlung frankfurt occupy ows
0.44|nyc forecast fri partly high temp get smart occupywallstreet tlot topprog
0.22|qe backfire dividend quest usurp growth cut research quantitative ease may make
0.51|crisis southern new part occupy ows occupywallstreet occupyhq grassroots
0.47|egypt wassssssuuuuuupppp ur horny watch lol
0.63|get egypt
0.4|sumofmind sumofmind sumofmind archive sexually harass keep amman cairo egypt jordan sexu
0.56|egypt serious
0.53|egypt jordan work hard employ disable worker tahrir
Retrieved 3 new auxiliary tweets.
0.0|qe backfire dividend quest usurp growth cut research quantitative ease may make
1.0|get egypt
1.0|egypt serious
()
Aux F1 - Iteration-7=0.57
Precision=0.66
Recall=0.91
Aux F1 - ConfusionMatrix:
4.0  11.0  
2.0  21.0  

Best F1 so far - 0.66 at iteration:4


0.07|sun truth europe
0.38|bbm pin add mufc manchesterunited bbmshare bbpins egypt blackberrypins blackberrymessenger dubai manchesterbbmpins
0.56|sharm el sheikh egypt weather fair sharm egypt
0.49|riiiiiposo morsi polipo itihadeya egypt os circondato da csf army
0.6|alexandria egypt weather fair alexandria egypt
0.52|egypt giggle rear end ofhttp
0.54|egypt masr uk move towards syria opposition sinai
0.45|spanish court uphold decision hand salem spain egypt
0.48|usa russia fsa gain grind putin obama eu uk turkey lebanon egypt
0.04|palestinianleadership overseasleadership hamas page iran mqmtelevision
0.42|askliam ok go sometime go egypt
0.48|egypt uae oxycodone liver toxicity buy tramadol glitter antique saudi ksa bhr
0.49|notice tomorrow safar make egypt islam
0.53|egypt two son make cry
0.48|egypt visit place
0.49|egypt condition cairo eg eet egyweather
0.55|egyindependent four egyptian activist gaza injure israeli fire convoy palestine egypt
0.44|egypt douche bag mousterbates pic alien lol
0.49|remember place kuwait egypt london lebanon syria instapic instaphoto instamood
0.49|break central bank governor resign post news aswat masriya egypt
Retrieved 4 new auxiliary tweets.
1.0|sharm el sheikh egypt weather fair sharm egypt
0.0|palestinianleadership overseasleadership hamas page iran mqmtelevision
1.0|alexandria egypt weather fair alexandria egypt
0.0|sun truth europe
()
Aux F1 - Iteration-8=0.59
Precision=0.67
Recall=0.96
Aux F1 - ConfusionMatrix:
4.0  11.0  
1.0  22.0  

Best F1 so far - 0.66 at iteration:4


0.55|mrsedky dear unite state bitch dictator morsi obama egypt politics tahrir
0.54|beautiful sunset cairo egypt
0.55|egypt believe back
0.43|rachidh wasp date egypt insect rachidh nature photo
0.5|egypt uae child try ok follow study buy nfl football jersey saudi ksa bhr
0.45|chill beach class egypt alexandria beach sunshine sand relax arabic egyptian
0.48|cairo contagion lethargy political egyconstitution egypt
0.14|must read
0.54|call egypt sway palestinian end hostility official say gazaunderattack
0.43|tahrir awe horizontal greed love egypt watchingandlearning
0.48|pitapolicy egypt must forget street child write via lamamaksosa poverty
0.53|girl need furniture offer egypt cairo
0.27|dioscorusboles yes constitution sake divine
0.52|nothing make happy pack arrival hall cairo international tourism egypt backontopbitches
0.42|ikhwanweb mubarak sentence prison base knowledge event lack action prevent egypt
0.38|rawyarageh elbaradei moussa sabbahi press conf tgthr egypt
0.39|karshaf groppi bear rovio swiss board ship egypt early country full opportunity
0.43|egypt flood wise time fill middle wide exhaust black hole lighten wait
0.49|egypt live pastor turn church near tahrir field hospital say police fire teargas
0.45|wow end thousand myth remember maspero egypt
Retrieved 1 new auxiliary tweets.
0.0|must read
()
Aux F1 - Iteration-9=0.66
Precision=0.7
Recall=1.0
Aux F1 - ConfusionMatrix:
5.0  10.0  
0.0  23.0  

Best F1 so far - 0.66 at iteration:4


0.44|monaeltahawy esteem salafi know sexual car old support egypt porn ban ht
0.43|sventruenorth eye egypt constitutional peace globalpolitics canpoli
0.44|etribune australia urge ban cattle export egypt
0.42|mt eu rightfully change policy towards egypt stand universal right peo
0.55|egypt masr egyptian stage mass rally sinai
0.54|dailynewsegypt thousand demonstrator front presidential palace sing national egypt dne via
0.48|anything interest go egypt
0.52|mt clash cairo egypt plunge deep crisis afp video
0.6|egypt country
0.0|shit
0.62|demonstration surround presidential palace tahrir cairo egypt morsi ikh
0.46|hear mr see auc marchtomorsi tuesday egypt
0.57|matthewjbell must quite sight egypt presidential palace cairo
0.55|long time egypt time travel
0.45|yallabreak follow new baby yscoreboard new update foodiesinthehouse review egypt yallabreak
0.54|egypt receive bn eu presidency via ahramonline
0.58|egypt lord
0.39|egypt matt receive quit class regard publish stacyis photo
0.54|first info website arab spring youth egypt tahrir bahrain syria
0.29|lorion syria go offline prepare since saw happen rev medium center
Retrieved 5 new auxiliary tweets.
1.0|egypt country
0.0|shit
1.0|demonstration surround presidential palace tahrir cairo egypt morsi ikh
1.0|matthewjbell must quite sight egypt presidential palace cairo
1.0|egypt lord
()
Aux F1 - Iteration-10=0.54
Precision=0.65
Recall=0.96
Aux F1 - ConfusionMatrix:
3.0  12.0  
1.0  22.0  

Best F1 so far - 0.66 at iteration:4


0.57|egypt masr israel hammer hamas gaza offensive sinai
0.52|baradei dont respect pole make people decide wheather constitution good bad egypt news
0.48|egypt mull arm sinai bedouin security force
0.34|adamakary azza best ice cream egypt icecream bahary vanilla awesome
0.53|egypt salafi front establish new political party call promote islamist interest via ahramonline
0.14|triplem go back welcome
0.46|yes mb militia yes yes care egyptian old news fact egypt
0.4|martyr mostafa abdullah age die suez gunshot egypt
0.51|weak people ear return replace pg article egypt mursi
0.49|ya gonna visit egypt
0.47|ghazalairshad dostoor party security line anticipation arrival tahrir moment egypt
0.54|egypt absolutely draw
0.55|fresh clash erupt egypt president morsy via cnn
0.43|egypt launch ppp project build port qena assiut sohag
0.52|hamas meshaal say israel must stop war first accept hamas condition include lift blockade gaza egypt gazaunderattack
0.08|ppl chant know nothing chant bunch terrorist
0.62|clash outside egypt presidential palace cairo
0.54|medium accreditation much trouble get egypt referendum
0.53|xarabic egypt republican guard say demonstrator must evacuate area around presidential palace pm
0.39|calm storm storm egypt
Retrieved 4 new auxiliary tweets.
1.0|clash outside egypt presidential palace cairo
0.0|triplem go back welcome
1.0|egypt masr israel hammer hamas gaza offensive sinai
0.0|ppl chant know nothing chant bunch terrorist
()
Aux F1 - Iteration-11=0.64
Precision=0.69
Recall=0.96
Aux F1 - ConfusionMatrix:
5.0  10.0  
1.0  22.0  

Best F1 so far - 0.66 at iteration:4


0.53|egypt totally
0.39|ashrafkhalil two different tahrir prayer group follow different imam different egypt
0.51|egypt masr senior state department official remove sinai
0.54|know fix every problem egypt morsi fuckoff
0.46|microsoft window launch event live blogging via texnomic egypt
0.67|egypt
0.52|amaheer probably reason egypt morsi mb many hashtags trend
0.22|good ahramonline internet user increase pct facebook user reach mln report
0.35|wluml blog nihalsaad endsh vaw egypt harassment feminism
0.38|ship carry iranian weapon money seize offshore yemen iran arab bbc yemen gcc canada cnn egypt
0.54|kalnaga national outrage bloodshed peaceful egyptian oppose dictator one morsi must court egypt
0.18|itsbeco egypt voteno voteno voteno voteno voteno voteno voteno voteno voteno voteno voteno voteno voteno voteno voteno voteno
0.43|egypt two police officer assault lead jan revolution activist nac tahrir
0.37|egypt uae premarin prescription cost buy generic premarin online premarin buy premarin
0.64|alarabiya egypt palestine tie eye israel say khartoum aid gaza arm smuggle via egypt
0.43|samar dahmash arabvoicesspeak live ontveg check watch egypt jo jordan usa
0.49|egypt find pay hour sexual intercourse sit problem beside
0.5|egypt merkel defend austerity cut portugal masr
0.39|fifa rank ivorycoast algeria mali ghana zambia egypt tunisia centralafrican gabon nigeria
0.56|egypt tahrir scaf
Retrieved 5 new auxiliary tweets.
0.0|itsbeco egypt voteno voteno voteno voteno voteno voteno voteno voteno voteno voteno voteno voteno voteno voteno voteno voteno
0.0|good ahramonline internet user increase pct facebook user reach mln report
1.0|alarabiya egypt palestine tie eye israel say khartoum aid gaza arm smuggle via egypt
1.0|egypt
1.0|egypt tahrir scaf
()
Aux F1 - Iteration-12=0.61
Precision=0.68
Recall=1.0
Aux F1 - ConfusionMatrix:
4.0  11.0  
0.0  23.0  

Best F1 so far - 0.66 at iteration:4


0.5|get mid november still nowhere close get cold time soon egypt weather winter morsydamnyou
0.45|egypt arrest within day opposition back mubarak day religious form
0.41|sky cloud weather thismoment chase rainwall rain come huge sea aboker alexandria egypt
0.62|proud people egypt fight freedom egypt
0.46|nytjim egypt tank deploy presidential palace barb wire string separate protester
0.49|standforislam rule rightly guide umar egypt syria palestine pakistan indonesia
0.41|fbnpc alqaeda benghazi iran egypt saudiarabia africa libya iraq pakistan lnyhbt omg
0.05|camel balcony camel park alaa
0.56|egypt anyone ever make
0.22|bloody night atlantic
0.26|beltrew historic person convoy gaza end mohamed mahmoud
0.3|washinstitute lawlessness sinai feed gaza conflict yaari
0.53|hentai black kuwait saudi syria sex ksa egypt bahrain
0.57|egypt must keep outlook policy steady imf loan review reuters egypt
0.57|egypt concert
0.49|desperate people sth believe far go defense belief find egypt
0.42|egyindependent pm govt prepare law strict sexual harassment penalty egypt endsh
0.42|egypt odds reelection intrade bet site rise course tahrir
0.58|usa support regime kill people name egypt tahrir
0.56|egypt tahrir scaf
Retrieved 8 new auxiliary tweets.
1.0|egypt anyone ever make
1.0|proud people egypt fight freedom egypt
1.0|egypt concert
1.0|egypt must keep outlook policy steady imf loan review reuters egypt
0.0|bloody night atlantic
0.0|camel balcony camel park alaa
1.0|egypt tahrir scaf
1.0|usa support regime kill people name egypt tahrir
()
Aux F1 - Iteration-13=0.59
Precision=0.67
Recall=0.96
Aux F1 - ConfusionMatrix:
4.0  11.0  
1.0  22.0  

Best F1 so far - 0.66 at iteration:4


0.58|israeli enter egypt attack gaza
0.5|buddy concur publicly kill tcot obama israel egypt islam
0.67|egypt
0.46|state department spokeswoman victoria nuland expect discus situation egypt watch live
0.46|egypt serious doubt whether morsi control presidency
0.48|egypt potential become split state along line mass internal
0.51|cairo syria cairo egypt damascus solidarity cairo syria cairo
0.58|hammametsou egyptian really vote via ahramonline egypt
0.53|parade kuwait saudi sandy sex ksa egypt bahrain
0.46|ahramonlinearts egypt underground musician leave negotiation table sour rouelshimi via ahramonline
0.57|people listen much egypt
0.45|egypt eu aid billion loan way commit billion way le power
0.43|analysis egypt prove peace role survive arab spring reuters
0.31|coward politician west condone massacre people tahrir square appeasement
0.51|karen cheerleader humiliate kuwait saudi syria sex ksa egypt bahrain
0.47|perrymarvan pick troll egypt
0.38|either morsi thug put military cairo fight dare syria tango
0.41|aelmassry egypt court preacher khaledabdullah ban broadcast day sheeesh
0.58|egypt perform
0.4|egypt referendum nsoliman design voteno need print house print free please please
Retrieved 5 new auxiliary tweets.
1.0|egypt perform
1.0|israeli enter egypt attack gaza
1.0|hammametsou egyptian really vote via ahramonline egypt
1.0|people listen much egypt
1.0|egypt
()
Aux F1 - Iteration-14=0.59
Precision=0.67
Recall=0.96
Aux F1 - ConfusionMatrix:
4.0  11.0  
1.0  22.0  

Best F1 so far - 0.66 at iteration:4


0.37|morning tweepes rabena yostor today egypt morsy
0.52|egypt masr official promise fail halt china protest
0.54|assume stay power face believe morsi egypt
0.41|think egypt good take care transportation rather porn sit wala eh
0.54|joekaldas love egypt
0.57|dictatorship fuck depress morsi egypt
0.5|egypt israeli foreign minister lieberman resign masr
0.45|one person constituent assembly even remotely close represent egypt
0.52|pray peace israel lord let beat brake egypt
0.51|egypt clash lebanese army syrian rebel break border tahrir
0.43|egypt attitude toward grow hostile despite support lynndebate
0.48|egypt damn reason personally like woman
0.51|egypt partner cant believe
0.42|saharazizlaw return inspire trip egypt earlaegypt mmabrouk
0.41|rhreid ap news egypt ask imf delay loan due turmoil
0.61|morsi egypt opinion become dictator marijuana peace democracy gothp
0.5|egypt leak britney toe rofl
0.43|irish say mistake goat beard fine replace goat ikhwan egypt iran
0.51|people friend tatto egypt illuminati freemason wallpaper instanesia iphonesia instaworld
0.44|miss old egypt menak lelah ya morsy
Retrieved 2 new auxiliary tweets.
1.0|dictatorship fuck depress morsi egypt
1.0|morsi egypt opinion become dictator marijuana peace democracy gothp
()
Aux F1 - Iteration-15=0.59
Precision=0.67
Recall=0.96
Aux F1 - ConfusionMatrix:
4.0  11.0  
1.0  22.0  

Best F1 so far - 0.66 at iteration:4


0.43|south african constitution several clause outlaw death prolly pas justathought egypt
0.59|egyptian court stop work protest morsi move via cbsnews poli egypt uspoli
0.55|ikhwan say copt protest yeah islamist bad egypt
0.6|new poll put president approval rat egypt morsi
0.55|egypt make cry pray get well soon
0.48|cleric warn egypt may lose bln qatari investment people vote constitution tandem post
0.5|unconfirmed beltrew name kill tonight outside presidential palace hahellyer emadeffat myrnaemad rip egypt
0.48|photo near palace moneloky epic egypt
0.49|egypt romney supporter resort stunt crazy
0.53|kareemlailah aljazeera correspondent report clash tahrir cairo egypt
0.56|morsi allow ok stop commit egypt
0.07|critic wonder morsy next strongman
0.5|mask gunman attack opposition protester crowd gather rally egypt tahrir
0.32|ajelive speech azhar preacher occasion eid morsi call syria regime halt bloodshed
0.53|ap egypt top court decide whether disband panel draft new constitution
0.45|egypt try kind upon photographic camera
0.52|egypt drink lol ye
0.31|forensics investigation egypt determine bullet shoot protestors come muslim brotherhood member
0.5|salam alaykom prayer time luxor city dhuhr pray luxor egypt
0.55|war islam new liberalism egypt
Retrieved 4 new auxiliary tweets.
0.0|critic wonder morsy next strongman
1.0|morsi allow ok stop commit egypt
1.0|egyptian court stop work protest morsi move via cbsnews poli egypt uspoli
1.0|new poll put president approval rat egypt morsi
()
Aux F1 - Iteration-16=0.64
Precision=0.69
Recall=0.96
Aux F1 - ConfusionMatrix:
5.0  10.0  
1.0  22.0  

Best F1 so far - 0.66 at iteration:4


0.56|obama thank egypt world leader hail hamas truce via telegraph gaza mursi
0.51|holiness dalai lama speak abt middle east peace watch live webcast syria egypt dalailama
0.47|egypt uae strategy healthy balance might diet household good saudi ksa bhr
0.47|bennu tell basta project scan day night egypt
0.59|protest march tahrir egypt dailynewsegypt cairo morsi mohamedmahmoud csf moi via acarvin
0.4|minorityrights christian woman hair forcibly cut metro egypt minority mrg
0.57|islamist march support president egypt
0.6|alexandria egypt weather fair alexandria egypt
0.55|egypt masr turkey consider deployment missile syria border
0.34|flyegyptair hr flight delay far official announcement egypt egyptair board today fail
0.58|morsi go batshit crazy egypt
0.5|aleikhemshalom prosyriana fight palestine europe africa america egypt
0.67|egyptian tahrir egypt morsi
0.45|cairowire coptic presidential assistant decide resign presidential team hold urgent meet egypt
0.61|egyptian stage mass morsi rally tahrir square egypt news
0.44|egypt defender hegazy miss action month fiorentina via ahramonline football soccer seriea italy
0.56|salam alaykom prayer time cairo city maghrib pray cairo egypt
0.4|pic take camera little saturation edit mobile egypt
0.49|egypt love rate murder career give early heart
0.37|huge famous series shop mall egypt name albanian omar effendi arnaut
Retrieved 8 new auxiliary tweets.
1.0|islamist march support president egypt
1.0|salam alaykom prayer time cairo city maghrib pray cairo egypt
1.0|alexandria egypt weather fair alexandria egypt
1.0|protest march tahrir egypt dailynewsegypt cairo morsi mohamedmahmoud csf moi via acarvin
1.0|egyptian stage mass morsi rally tahrir square egypt news
1.0|morsi go batshit crazy egypt
1.0|egyptian tahrir egypt morsi
1.0|obama thank egypt world leader hail hamas truce via telegraph gaza mursi
()
Aux F1 - Iteration-17=0.43
Precision=0.61
Recall=0.96
Aux F1 - ConfusionMatrix:
1.0  14.0  
1.0  22.0  

Best F1 so far - 0.66 at iteration:4


0.4|make noise make noise effective healthy twitter egypt
0.18|yusuralbahrani right organization rule saber sign religious dictatorship
0.07|think copy indian well
0.35|rosanwo grind action virtually bibi insist test new gaza israel
0.67|egypt
0.49|tool use internet disaster war syria egypt indyvote
0.51|corruption mb egypt egyptbusiness egypt slip corruption index
0.56|arminvanbuuren please forget egypt
0.5|ever see display last time north america egypt mummy pacificsciencecenter
0.61|egypt egyptian death storm ministry say masr
0.44|egypt know make cry laughter omfg emphasis ahahahahahaha
0.46|arabic judge high council say meet morsi message accurate
0.57|clash get bad protester low number trap mb thug egypt
0.57|egypt masr islamist protest cairo call islamic law sinai
0.4|johannesburg via youtube un gaza palestine
0.49|egypt stop depart plan damascus syria
0.53|egypt dwindle option
0.28|sultanalqassemi el baradei constitution end dustbin history
0.49|ihavealwayswanted country clean egypt
0.48|year citizen medium protest expose gov screen qasr al aini wall egypt
Retrieved 7 new auxiliary tweets.
0.0|think copy indian well
1.0|egypt masr islamist protest cairo call islamic law sinai
1.0|clash get bad protester low number trap mb thug egypt
1.0|egypt egyptian death storm ministry say masr
1.0|arminvanbuuren please forget egypt
0.0|yusuralbahrani right organization rule saber sign religious dictatorship
1.0|egypt
()
Aux F1 - Iteration-18=0.51
Precision=0.64
Recall=1.0
Aux F1 - ConfusionMatrix:
2.0  13.0  
0.0  23.0  

Best F1 so far - 0.66 at iteration:4


0.5|egypt democracy always possible still chomskyauc tahrir
0.16|morsy prefer defend muslim brotherhood offer compromise sake
0.41|need maze salim constitutional declaration also cannot repeal egypt
0.48|aymondo come tear motherfucker egypt
0.6|egypt therefore
0.67|egypt
0.58|egypt cairo court examine case mubarak pardon tahrir
0.5|yep eg syria egypt afiyanesss ibnfaqih people die right take muslimvote yallachange
0.5|break medic need near al injury egypt
0.52|vianney nsimbe time caf president hayatou friday go africa egypt
0.49|oritperlov nervous nile minority fear end secularism egypt via spiegelonline
0.48|bahrain ksa kuwait uae oman qatar iraq syria egypt tunisia morroco libya yemen iran
0.51|egypt democrat reid leave hospital crash tahrir
0.49|sherinet alert egypt
0.46|egypt court sentence atheist year imprisonment insult religion religion atheism freedomofexpression
0.58|egypt make cry
0.39|egyptian passport kaman bardo lazem el destor abl ah aw think egypt
0.59|ajelive egypt president morsi appeal people evidence trust elect
0.6|morsi protect islamist hijack constitution egypt crisis morsi give army arrest power vote
0.44|egypt photo gallery worshipper fill mosque courtyard start eid tahrir
Retrieved 7 new auxiliary tweets.
1.0|egypt cairo court examine case mubarak pardon tahrir
1.0|egypt
1.0|ajelive egypt president morsi appeal people evidence trust elect
1.0|egypt therefore
1.0|morsi protect islamist hijack constitution egypt crisis morsi give army arrest power vote
1.0|egypt make cry
0.0|morsy prefer defend muslim brotherhood offer compromise sake
()
Aux F1 - Iteration-19=0.53
Precision=0.64
Recall=0.91
Aux F1 - ConfusionMatrix:
3.0  12.0  
2.0  21.0  

Best F1 so far - 0.66 at iteration:4


0.57|egypt realestate
0.57|protester sing egypt national anthem march get close presidential palace
0.37|new content pinterest board global economy financial egypt italy oil
0.55|morsi speak egypt reminder similar speech bad
0.42|breakingnews judge across egypt refuse oversee controversial constitutional referendum
0.52|come back egypt
0.58|difference mubarak morsi people get choose latter justsaying egypt
0.51|egypt afghan presidential vote due april tahrir
0.45|seriously egypt alber saber hosni tell way tora
0.47|hamadeabdulla history ottoman woman turkey egypt uae bahrain saudi oman qatar kuwait
0.53|bahrain pathetic see show low alwefaq egypt gcc kuwait ksa uk usa
0.41|egypt brother lose bet french kiss mom lolll
0.61|prime minister egypt plan long egypt gaza
0.51|egypt masr iraqi kill suspect sectarian attack sinai
0.57|norshek feel sympathy towards gaza leave morsi egypt gaza
0.39|egypt uneducated rural inhabitant desire serfdom beat something worship step
0.55|chant tahrir egypt arabic
0.51|constitution pas yet transitional constitution even intend egypt
0.46|anyone keep log many chief pm oust since jan egypt
0.46|egypt feature person utilise
Retrieved 5 new auxiliary tweets.
1.0|protester sing egypt national anthem march get close presidential palace
1.0|norshek feel sympathy towards gaza leave morsi egypt gaza
1.0|prime minister egypt plan long egypt gaza
1.0|egypt realestate
1.0|difference mubarak morsi people get choose latter justsaying egypt
()
Aux F1 - Iteration-20=0.51
Precision=0.64
Recall=1.0
Aux F1 - ConfusionMatrix:
2.0  13.0  
0.0  23.0  

Best F1 so far - 0.66 at iteration:4


Total time taken for experiment:577.228 seconds.
				************* SAVE THE RESULTS ******************
Ending experiment at 2017-04-02T20:14:02.217-04:00
