Starting experiment at 2017-04-08T16:11:02.761-04:00
Reset successful
***************** Parameters used for EXPERIMENT *****************
	filterToUse = CosineSim
	minSimilarityThreshold = 0.43
	cosineSimilarityWindowSize= 0.3
	minWmDistanceThreshold = 0.49
	vectorType= local
	webWord2VecBaseUri = http://localhost:5000/file_model/getvector/
	cnnClassifierBaseUri = http://localhost:5000/cnn_train_and_get_prediction_labels_local
	maxFpmWordsToPick = 35
	minFpmWordsDetected = 0
	refreshLocalWordVectors = false
	maxExperimentIterations = 20
	maxAuxTweetsToAddEachIteration = 20
	thresholdF1 = 0.98
	classifierType = LogisticRegression
	folderNameForCnnClassifier = 
	auxiliaryThresholdExpectation = 0.01
	fileDelimiter = ,
	experimentSet = environment
	experimentSetNumber = 
	trainingDataFile = data/final/environment_training_data.txt
	validationDataFile = data/final/environment_validation_data.txt
	auxiliaryDataFile = data/final/environment_auxiliary_data.txt
	supplementedCleanAuxiliaryFile = data/final/environment_auxiliary_data.txt

***************** Parameters used for EXPERIMENT *****************


Initial F1=0.58
Precision=0.53
Recall=0.84
Initial - ConfusionMatrix:
9.0  14.0  
3.0  16.0  

0.34|oreohulahoop like reach maximum population billion lifetime food environment
0.2|epa need gun ammo armor protect via sharethis
0.09|un scientist criticise uk government renewableenergy policy
0.07|toyotamotorcorp mull launch fuel lexus nikkei via reuters
0.09|ourcarbon san francisco deal sea level wall restore
0.36|american taxpayer dollar use protect environment mar important stuff
0.3|sandiegocounty control tech environment health science california careerarc latino black ushcc
0.15|pa think deface countryside amuse way protester make respect
0.17|world pas crucial global warm limit expert warn
0.15|global shift towards vegan diet vital save world hunger fuel poverty bad impact
0.37|jebbush bro really fuck iraq create toxic environment abroad
0.08|vegaslager human drive sixth mass extinction guardian
-0.01|magpasikatvhongryan
0.16|uk solar power industry propose emergency plan save renewables
0.0|welcome joanne new librarian bioscience psychology sport
0.11|blog farrellandclark change dynamic student facility accommodation
0.1|haringeycouncil know get vast majority bulky household item collect
0.22|deirdrekent coral reef worth four time much uk economy find
0.07|ship lade nuclear waste head australia despite safety concern
0.31|depend lot factor mood environment etc
Retrieved 9 new auxiliary tweets.
0.0|haringeycouncil know get vast majority bulky household item collect
0.0|ourcarbon san francisco deal sea level wall restore
0.0|ship lade nuclear waste head australia despite safety concern
0.0|welcome joanne new librarian bioscience psychology sport
0.0|blog farrellandclark change dynamic student facility accommodation
0.0|un scientist criticise uk government renewableenergy policy
0.0|magpasikatvhongryan
0.0|vegaslager human drive sixth mass extinction guardian
0.0|toyotamotorcorp mull launch fuel lexus nikkei via reuters
()Adding 9 auxiliary tweets to the training data.

Aux F1 - Iteration-1=0.67
Precision=0.6
Recall=0.79
Aux F1 - ConfusionMatrix:
13.0  10.0  
4.0   15.0  

Best F1 so far - 0.67 at iteration:1


0.3|solar impulse plane start pacific ocean cross power sun water environment green
0.0|fallacious process could never succeed even subsidy lax regulation tax break
0.09|adozioni nel mondo animale
0.37|guardian crowdsources tip fight carbon footprint climate change expert environment
0.16|average bike steal day dublin say bike theft group whatmatters
0.3|worldwellnessus lisa kamen help lose ability control environment lifecoach
0.04|maxjulivn rise bloom fix change
0.17|congressional skeptic global warm demand record climate scientist
0.34|vegan care vegan care environment world child live
0.4|money environment via sharethis agw climatechange
0.24|bat save billion dollar year via motherjones
0.37|right whitewater get plenty stuff like environment
0.29|still want sort point click visual novel environment puzzle also character growth
0.06|exomars preference oxia planum
0.35|yall know environment cover ab
0.12|activity map make stable
0.35|like kampung environment definitely calm beautiful say subang always heart
0.17|scientist say dramatic worldwide coral bleach event underway
0.06|oil company deny joint climate pledge lip service
0.12|viral cat video warm planet via guardian
Retrieved 7 new auxiliary tweets.
0.0|activity map make stable
0.0|viral cat video warm planet via guardian
0.0|exomars preference oxia planum
0.0|maxjulivn rise bloom fix change
0.0|adozioni nel mondo animale
0.0|oil company deny joint climate pledge lip service
0.0|fallacious process could never succeed even subsidy lax regulation tax break
()
Aux F1 - Iteration-2=0.55
Precision=0.5
Recall=0.68
Aux F1 - ConfusionMatrix:
10.0  13.0  
6.0   13.0  

Best F1 so far - 0.67 at iteration:1


0.09|make green graphene energy turbine windpower
0.1|sander hold oil company responsible lie climate change
0.11|good see north east combine authority still run finger
0.11|iwfbuckley people follow instinct lala land ayn rand stateless
0.33|green environment crunch climate talk halt start rappler rapplercrunch wild planet earth
0.31|apple launch clean energy program china reduce environmental impact supplier environment
0.19|like big question climate change
0.34|cash question dominate climate talk environment
0.14|wildlife photographer year winner picture
0.36|president defend wildlife environment congressional
0.11|well go telegraph intention lock go target rich
0.18|tedcruz climate change really
0.11|easy follow tutorial outline everything need know business
0.26|environment desert storm card stock lb cover smooth recycle per package
0.1|climate change could triple amazon drought study find ounw
0.37|coachosterman want create environment let coach
0.3|colorado spill heighten debate future old mine water environment green
0.17|world pas crucial global warm limit expert warn
0.07|people raise
0.29|iaeaorg put atom work environment sustainable development globalgoals
Retrieved 8 new auxiliary tweets.
0.0|good see north east combine authority still run finger
0.0|easy follow tutorial outline everything need know business
0.0|iwfbuckley people follow instinct lala land ayn rand stateless
0.0|well go telegraph intention lock go target rich
0.0|sander hold oil company responsible lie climate change
0.0|make green graphene energy turbine windpower
0.0|climate change could triple amazon drought study find ounw
0.0|people raise
()
Aux F1 - Iteration-3=0.61
Precision=0.55
Recall=0.84
Aux F1 - ConfusionMatrix:
10.0  13.0  
3.0   16.0  

Best F1 so far - 0.67 at iteration:1


0.11|bioheatfuel gsbiofuels carbon pollution good bad ugly denial
0.08|forbid fruit transgenic papaya thailand
0.28|amazon hit back nyt report work environment
0.31|partnership fail create sound environment celebrate open ogp
0.32|yazoodrinks bottle price nothing environment
0.16|professor neil ormerod acu speak school sustainability
0.0|insane photo believe photoshopped
0.17|wonder trudeau mean energy may want
0.3|enjoy environment book pnfmg whenever need
0.31|really enjoy environment friendly staff calm think would also good place groupon happycustomer
0.06|correa prepare ideological battle via euractiv
0.12|wolf introduce want know read gatekeeper kaysexton
0.04|enter win gogo squeez fruit pouch prize pack worth giveaway
0.08|look
0.01|sneeze monkey upturned face weird specie animal
0.27|davidguetta come sunburngoa whole environment fill pop sunburnfestival
0.29|karnataka minister forest ecology environment ramanath rai order immediate clean via
0.36|nature environment daily story via ucsusa tritag sfbaywildlife
0.04|agree office great show jim pam fall love dysfunctional work
0.0|allanmargolin csmonitor outdated political one specious
Retrieved 10 new auxiliary tweets.
0.0|insane photo believe photoshopped
0.0|correa prepare ideological battle via euractiv
0.0|wolf introduce want know read gatekeeper kaysexton
0.0|forbid fruit transgenic papaya thailand
0.0|sneeze monkey upturned face weird specie animal
0.0|look
0.0|enter win gogo squeez fruit pouch prize pack worth giveaway
0.0|bioheatfuel gsbiofuels carbon pollution good bad ugly denial
0.0|agree office great show jim pam fall love dysfunctional work
0.0|allanmargolin csmonitor outdated political one specious
()
Aux F1 - Iteration-4=0.62
Precision=0.58
Recall=0.58
Aux F1 - ConfusionMatrix:
15.0  8.0   
8.0   11.0  

Best F1 so far - 0.67 at iteration:1


0.16|would like meet local business relax network join shout social next friday eastzeast
0.42|wastewater water environment canada polqc
0.1|climatechange heighten risk naturaldisaster
0.11|large windfarm set connect remote kenya grid keepitintheground
0.26|dribbblebest environment brad hansen dribbble tech design webdesign ux ui
0.29|lilbthebasedgod people le affluent lot kid yes affluent consumer fuck environment
0.06|mauritius gourmet rice point bright future sustainable rice farm
0.13|country stop global keepitintheground
0.08|leader today create engage calipercorp
0.04|shersustainable gm crop proposal vote european parliament
0.25|diesel car emit four time toxic pollution bus data reveal
0.06|marine conservationist claim japanese fisherman dump dolphin corps sea
0.43|environment shape change environment change attitude toward
0.35|justavian tillman student rob barber reflect create inclusive respectful environment black
0.31|civicjob environment america fellowship early application due post work boston
0.31|natural gas lead clean environment richardgearl
0.04|joshgroban orphan baby owl oakley surrogate monstermash duet partner
0.14|apple announce dramatic new solar plan china solar
0.27|photo melt snow patch may reveal artifact culture history environment arctic
-0.01|camden late night end date november
Retrieved 9 new auxiliary tweets.
0.0|mauritius gourmet rice point bright future sustainable rice farm
0.0|climatechange heighten risk naturaldisaster
0.0|marine conservationist claim japanese fisherman dump dolphin corps sea
0.0|leader today create engage calipercorp
0.0|large windfarm set connect remote kenya grid keepitintheground
0.0|country stop global keepitintheground
0.0|joshgroban orphan baby owl oakley surrogate monstermash duet partner
0.0|camden late night end date november
0.0|shersustainable gm crop proposal vote european parliament
()
Aux F1 - Iteration-5=0.55
Precision=0.5
Recall=0.68
Aux F1 - ConfusionMatrix:
10.0  13.0  
6.0   13.0  

Best F1 so far - 0.67 at iteration:1


0.27|grimmmond source mutation environment mutagen erroneous dna repair pathogen
0.29|ourocean state arctic update drill past week deliver environment ocean
0.17|reuters oslo aim make city center within four year
0.21|follow want curated list climate sustainability activism
0.11|diesel nox level match regulatory test carmaker join vw
0.12|obama sue state coal rule hill
0.35|connect community environment public art sxsweco
0.08|golden gate hunter jam ivey bag first black bear first day florida bear hunt golden gate hunter
0.25|soccer game like becoz give concentration thing environment stadium simply awesome swiftplayer
0.09|sixteenth century church water drought
0.15|bank canada commit enhance diverse inclusive work
0.44|please follow environment
0.07|probability equivalent apple fall tree hit thank nasa
0.11|aquapendulum argument improve instance ghetto city live
0.35|electric environment sun earth connect way similar electrical equipment
0.33|hate environment play game human tragic many minimax
0.11|industry responsible bee listen discussion bee loss pesticide
0.36|reason every day go green clean environment
0.07|great chat personal brand podcast
0.11|app give health advice base air quality health healthtech travel
Retrieved 10 new auxiliary tweets.
0.0|great chat personal brand podcast
0.0|app give health advice base air quality health healthtech travel
0.0|golden gate hunter jam ivey bag first black bear first day florida bear hunt golden gate hunter
0.0|aquapendulum argument improve instance ghetto city live
0.0|diesel nox level match regulatory test carmaker join vw
0.0|obama sue state coal rule hill
0.0|sixteenth century church water drought
1.0|please follow environment
0.0|industry responsible bee listen discussion bee loss pesticide
0.0|probability equivalent apple fall tree hit thank nasa
()
Aux F1 - Iteration-6=0.6
Precision=0.55
Recall=0.63
Aux F1 - ConfusionMatrix:
13.0  10.0  
7.0   12.0  

Best F1 so far - 0.67 at iteration:1


0.34|nprhealth renewable energy business strategy destroy environment
0.09|profit die agriculture poison soil human health
-0.02|article dolphin behave thecove
0.27|greghuntmp sell moronic odious cruel joke clearly give damn environment
0.02|nickatfp crocodile sleep one eye open accord study australia
0.35|environment canada say centimeter snow already fall pretty river valley provincial
0.11|polar bear new enemy italian oil giant vow drill arctic alternet
0.35|human animal plant asaram bapu ji take care society environment every saintforhumanity
0.11|retweeted organic view independent research use determine
0.04|chinese charge smuggle elephant tusk
0.22|hunt say australian coalition effort climate change climatechange
0.17|scientist south china discover teeth belong modern human date least year
0.02|scary truth face paint uniteblue
0.3|dyk pr important role play help explain issue tolerance environment
0.33|burgeon environmental movement news environment climatechange
0.31|victoria provide warm accept environment ideal make large sustainable
0.35|environment increasingly bombard electromagnetic frequency
0.03|exxon know melt arctic
0.31|thewfot healthyageing priority action ensure everyone grow old age friendly environment
0.32|find matter nscorp community safety csr environment
Retrieved 8 new auxiliary tweets.
0.0|polar bear new enemy italian oil giant vow drill arctic alternet
0.0|article dolphin behave thecove
0.0|exxon know melt arctic
0.0|scary truth face paint uniteblue
0.0|retweeted organic view independent research use determine
0.0|nickatfp crocodile sleep one eye open accord study australia
0.0|profit die agriculture poison soil human health
0.0|chinese charge smuggle elephant tusk
()
Aux F1 - Iteration-7=0.57
Precision=0.52
Recall=0.74
Aux F1 - ConfusionMatrix:
10.0  13.0  
5.0   14.0  

Best F1 so far - 0.67 at iteration:1


0.0|corpdelta buy bc tomato chance deltabc deltafarmers
0.27|hurricane patricia hit pacific coast mph wind nhc environment
0.3|examine review procedure initiative create best work environment ensure right behavior happen every
0.31|environment agency pension decision invest line degree world
0.33|despite complex regulatory environment investment scope iraq
0.0|caribbean cultural heritage unique closely tie drum example
0.19|snow leopard risk himalaya face climate change mountain
0.13|benthic invertebrate indicator water quality via theorganicview
0.1|indonesia fire emission one day entire independent
0.04|chinese charge smuggle elephant tusk
0.05|romaniannews romania romania end dependence russian christian science monitor
0.24|education department education release report school environment listen tour
0.32|god damn reptile try ruin environment ill tell ya hwhat
0.07|space create turlington
0.11|activist promise large climate civil disobedience ever paris summit keepitintheground
0.17|merrill matthew say remove crude oil export ban sure way dramatically low balance
0.32|natural gas state play card naturalgas environment oilandgas fracking
0.29|thank retweets view riversdrinage put effort environment make river state
0.44|product smoke environment
0.14|wildlife photographer year winner picture
Retrieved 9 new auxiliary tweets.
0.0|caribbean cultural heritage unique closely tie drum example
0.0|activist promise large climate civil disobedience ever paris summit keepitintheground
1.0|product smoke environment
0.0|space create turlington
0.0|romaniannews romania romania end dependence russian christian science monitor
0.0|corpdelta buy bc tomato chance deltabc deltafarmers
0.0|benthic invertebrate indicator water quality via theorganicview
0.0|indonesia fire emission one day entire independent
0.0|chinese charge smuggle elephant tusk
()
Aux F1 - Iteration-8=0.52
Precision=0.47
Recall=0.47
Aux F1 - ConfusionMatrix:
13.0  10.0  
10.0  9.0   

Best F1 so far - 0.67 at iteration:1


0.15|wildlife photographer year war fox take prize photography wildlifephotographeroftheyear
0.11|one world one take care quote nature
0.32|good reader young environment dystopian humor satire free kindleunlimited humanity
0.07|graduate sustainability recruitment consultant london supergrad
0.13|ocean need protection tpp read former governor
0.18|bbc news fossil teeth place ancient human asia year ago yr early prev think
0.25|go see wknd besides huff think environment thischanges doc bell lightbox planetinfocus film fest
0.27|surround within green environment tau campus equip different facility support academic
0.02|bernie sander want doj investigate exxon uniteblue
0.08|europe russia plan moon mission european russian space agency send first spacecraft
0.32|eurekamag environment disease land use settlement apurimac department peru
0.47|see new environment
0.09|bring every protect protect
-0.03|terrible
0.3|indoresmartcity provide clean environment people away insect mosquito indoresmartcity
0.08|flood disaster flood fire slide expert seattle summit brace disaster seattle time
0.0|please help rescue poor cat stick folk music
0.36|eurekamag effect environment growth survival transplant
0.35|whole environment sadly oh
0.29|sirzaidhamid madhukishwar modi govt make bad environment secular speak freely
Retrieved 10 new auxiliary tweets.
0.0|flood disaster flood fire slide expert seattle summit brace disaster seattle time
0.0|please help rescue poor cat stick folk music
1.0|see new environment
0.0|ocean need protection tpp read former governor
0.0|bring every protect protect
0.0|graduate sustainability recruitment consultant london supergrad
0.0|terrible
0.0|one world one take care quote nature
0.0|bernie sander want doj investigate exxon uniteblue
0.0|europe russia plan moon mission european russian space agency send first spacecraft
()
Aux F1 - Iteration-9=0.57
Precision=0.52
Recall=0.63
Aux F1 - ConfusionMatrix:
12.0  11.0  
7.0   12.0  

Best F1 so far - 0.67 at iteration:1


0.04|bsburks leave beaver california join state embrace rodent
0.38|beef eat bad environment expert economic time
0.17|world pas crucial global warm limit expert warn
0.11|video energy store october via mikejulietbravo
0.1|joycecaroloates amandafortini montana bear roam hall bozeman high school
0.28|certainly gp towards office environment untidy scruffy
0.05|asbestos rule lag behind rest country federal minimum standard
0.17|eu beat emission target raise without via euractiv eupol
0.02|watchmaking
0.24|nealmcquaid well starter secure environment fingerprint scanner mobile device
-0.01|pilgrim walk popular
0.35|retweeted guardian environment bank pledge extra poor nation
0.15|glasgow lead way energy save lead light
0.0|crown shred amp recycle morefunz page
0.28|yogye arunjaitley sushmaswaraj zeenews create environment law make country come stand
0.01|rare footage endanger snow leopard release
0.25|crowd place bother auspicious environment rank joyhojomerjoy enofastrelief
0.11|think dairy farm tax dollar pay animal abuse environmental destruction vegan
0.38|outofgotze care environment weirdo
0.31|ministry environment mary polak reinstate conservation officer bryce casavant sign via cdnchange
Retrieved 9 new auxiliary tweets.
0.0|pilgrim walk popular
0.0|crown shred amp recycle morefunz page
0.0|rare footage endanger snow leopard release
0.0|think dairy farm tax dollar pay animal abuse environmental destruction vegan
0.0|video energy store october via mikejulietbravo
0.0|watchmaking
0.0|bsburks leave beaver california join state embrace rodent
0.0|joycecaroloates amandafortini montana bear roam hall bozeman high school
0.0|asbestos rule lag behind rest country federal minimum standard
()
Aux F1 - Iteration-10=0.57
Precision=0.52
Recall=0.58
Aux F1 - ConfusionMatrix:
13.0  10.0  
8.0   11.0  

Best F1 so far - 0.67 at iteration:1


0.38|kill shark bad news impact environment loss predator
0.33|immigration environment four thing know canadian election
0.33|nro biofuels terrible environment
0.08|rush solar power buy late
0.34|isteconnects brainstorm way transform classroom activelearning environment weekendpd
0.09|benthic community structure assessment valuable tool evaluate sediment quality via theorganicview
0.02|simonlporter hybrid cloud optimize cloud msp smb
0.45|need create environment collaboration thrive
0.18|two dozen state sue obama coal plant emission rule
0.36|create spiritual work environment consciousness
0.27|watch true trend follow legend summarize current trade environment trade forex
0.1|middlesex county resident think local food take
0.26|toddbbatesapp strong gusty wind possible nj today via asburyparkpress weather nj njwx environment
0.27|bird soar high soar wing blake nature environment
0.31|ni awr design environment update available niawrsoftware
0.08|climatehour cash question dominate climate talk climatehour
0.26|vic vicfire advice advice message issue department environment land water plan
0.34|arvindkejriwal political dance front medium good sud provide safe environment
0.13|bbcworld crocodile sleep one eye open tend around human
0.25|master fact fracking kvcclibrary newbooks oilandgas petroleum environment fossilfuel
Retrieved 7 new auxiliary tweets.
1.0|need create environment collaboration thrive
0.0|bbcworld crocodile sleep one eye open tend around human
0.0|middlesex county resident think local food take
0.0|climatehour cash question dominate climate talk climatehour
0.0|benthic community structure assessment valuable tool evaluate sediment quality via theorganicview
0.0|rush solar power buy late
0.0|simonlporter hybrid cloud optimize cloud msp smb
()
Aux F1 - Iteration-11=0.52
Precision=0.48
Recall=0.63
Aux F1 - ConfusionMatrix:
10.0  13.0  
7.0   12.0  

Best F1 so far - 0.67 at iteration:1


0.08|look
0.33|proper live good environment protect environmental hazard like chemical smoke
0.1|kirwangamestore give aways always glad part kirwan
0.31|put end toxic export develop country ghanaian journo winner africanjournoawards environment category say
0.25|cbcnews next tory environment right harper ally
0.15|theweathernetuk hubble reveal cloud storm like never richard
0.47|state health disease really reflection environment live environment
0.35|robinage bring easy way go projecthelper environment
0.06|drop new mixtape philly pa
0.19|world pas crucial global warm limit expert
0.14|wildlife photographer year winner picture
0.31|methoswolf exxcee yes post thing like lead dangerous environment cyclist like
0.04|government finally admit subsidise nuclear cut help renewables
0.34|engineer nature help reduce flood environment
0.0|video wolf introduce
0.14|year great indian bustard population fall rajasthan edit rachnasingh
0.23|cameron craig hire director health safety environment chicago il job chicago
0.08|warmists use word would nothing
0.32|student rediscover relationship human environment wildlife week ru daily targum
0.09|smh asleep patchy military response climate change
Retrieved 8 new auxiliary tweets.
0.0|government finally admit subsidise nuclear cut help renewables
0.0|smh asleep patchy military response climate change
0.0|video wolf introduce
0.0|drop new mixtape philly pa
1.0|state health disease really reflection environment live environment
0.0|look
0.0|kirwangamestore give aways always glad part kirwan
0.0|warmists use word would nothing
()
Aux F1 - Iteration-12=0.5
Precision=0.45
Recall=0.53
Aux F1 - ConfusionMatrix:
11.0  12.0  
9.0   10.0  

Best F1 so far - 0.67 at iteration:1


0.43|roudhamohd deal bad environment ever
0.06|carbonfeet solarenergy rush solar power buy late guardian
0.13|apple announce dramatic new solar plan china office store china
0.11|judy chu want expand san gabriel mountain national monument
-0.02|thank everyone special
0.33|environment venture launch villaments entryway bangalore ofetzg
0.17|four carmaker join diesel emission row honda mazda mitsubishi
0.14|need help life cycle help protect
0.11|guardianeco week wildlife picture
0.37|earthquake readiness time bayarea environment
0.31|knicks try model stability professional work environment really mess
0.1|kudos justintrudeau give canadian benefit resource elizabethmay cdnpoli
0.35|go try relax stable environment right
0.17|climate finance global north fail via euractiv eupol
0.35|amazon ask employee speak work environment
0.31|jobsearch human resource generalist entry level recruiter environment control kent wa find job
0.08|australia must double decarbonisation rate meet goal report find coalition claim nation
0.47|change environment need
0.24|cagbc gala event sponsor brookfieldgis keynote speaker glen murray minister environment climate
0.14|black cab go green little help china
Retrieved 8 new auxiliary tweets.
0.0|guardianeco week wildlife picture
1.0|change environment need
0.0|kudos justintrudeau give canadian benefit resource elizabethmay cdnpoli
0.0|australia must double decarbonisation rate meet goal report find coalition claim nation
0.0|apple announce dramatic new solar plan china office store china
0.0|thank everyone special
0.0|carbonfeet solarenergy rush solar power buy late guardian
0.0|judy chu want expand san gabriel mountain national monument
()
Aux F1 - Iteration-13=0.5
Precision=0.45
Recall=0.47
Aux F1 - ConfusionMatrix:
12.0  11.0  
10.0  9.0   

Best F1 so far - 0.67 at iteration:1


0.29|school environment society fuck mess reason many teen experience depression mental issue
0.29|lahi njud ang environment karon maski way ah na dayon ka
0.14|poland go climatepolicy backtothefuture
0.17|clock tick bid block epa water rule ever rule deserve kill new water rule
0.3|bbc news northern ireland bath water quality best record level water environment green
0.05|csmonitor wildlife advocate decry kill mature bull elephant another
0.29|great panel political environment migration narrative consulmexhou anoorani natimmforum julianescutia
0.12|energy minister uk solar subsidy
0.15|bolivia last solution climate crisis must destroy
0.14|bear cub jordan athena via please help donation
0.27|lplindz ive attend port huron school know difference environment soo different
0.31|orgone radionics reiki wellness yoga read live feng shui lifestyle create harmonious environment
0.38|culture environment always say dim light talentconnect
0.28|gregorymckenna domaincomau purchase mill riskeee environment although someone gotta buy top
0.36|justin trudeau elizabeth may minister environment via cdnchange
0.08|bbc news mysterious ripple discover around nearby star
0.15|potus scotus flotus business million find dead ontario canada plant large gmo corn field
0.12|amaze image wildlife photographer year winner
0.0|reuters wildfire central texas percent contain
0.06|get back track mind body spirit healthy exercise expertadvice
Retrieved 6 new auxiliary tweets.
0.0|bbc news mysterious ripple discover around nearby star
0.0|csmonitor wildlife advocate decry kill mature bull elephant another
0.0|energy minister uk solar subsidy
0.0|get back track mind body spirit healthy exercise expertadvice
0.0|amaze image wildlife photographer year winner
0.0|reuters wildfire central texas percent contain
()
Aux F1 - Iteration-14=0.48
Precision=0.44
Recall=0.58
Aux F1 - ConfusionMatrix:
9.0  14.0  
8.0  11.0  

Best F1 so far - 0.67 at iteration:1


0.18|guardianeco story hope guardian launch phase ii climate change campaign
0.19|world pas crucial global warm limit expert
0.3|kinda hurt get legal environment business essay heal pain
0.08|exomars rover land preference oxia planum
0.12|comradebornath google authenticator get free pc app
0.12|scotus invalidate one big electricity innovation tef
0.29|impose ce environment common ppl punish treat opportunity reduce cost people rail terminal ppp project
0.12|national geographic roundup endocrine disruptor cost gmo via natgeo
0.08|thousand exotic animal ship seattle year
0.04|bbcscienceclub ancient foetus discover
0.12|librathatsme libra know roll change situation really able adapt
0.26|tomorrow ukhouseoflords select policy build environment discus role build
0.3|hey environment artist work mad render town suikoden
0.23|caliph take land produce rich caliph muslim kingdom harm environment
0.11|drink cooper much care cooper product ban house auspol
0.29|femijacobs god graciously plant someone immediate environment consistently produce result study bebig
0.06|north yorkshire face new pressure reject late fracking bid
0.29|push legal right regain power fracking via desmogblog environment
0.06|adorably cute froggy rl earthjustice frog extinction due pesticide log
0.33|environment dozen company sign pledge climate change white house
Retrieved 10 new auxiliary tweets.
0.0|national geographic roundup endocrine disruptor cost gmo via natgeo
0.0|thousand exotic animal ship seattle year
0.0|north yorkshire face new pressure reject late fracking bid
0.0|adorably cute froggy rl earthjustice frog extinction due pesticide log
0.0|drink cooper much care cooper product ban house auspol
0.0|scotus invalidate one big electricity innovation tef
0.0|librathatsme libra know roll change situation really able adapt
0.0|comradebornath google authenticator get free pc app
0.0|exomars rover land preference oxia planum
0.0|bbcscienceclub ancient foetus discover
()
Aux F1 - Iteration-15=0.6
Precision=0.55
Recall=0.63
Aux F1 - ConfusionMatrix:
13.0  10.0  
7.0   12.0  

Best F1 so far - 0.67 at iteration:1


0.28|katatachii streak individual head straight towards freeze flash brighten light fill environment joy
0.25|release man hold peaceful demonstration exxonmobil drop charge environment oil
0.39|thebellaguy format environment present
0.33|job economy environment end canadian value mean
0.1|carlsiegrist california lead quiet revolution via nytimes renewableenergy climatechange
0.28|go good climateangels six hour occupy roof australian environment
0.32|macdailynews yardstick people use environment excellence job
0.12|need system feed everyone nutritiously steward get
0.13|greenlibdems imagine exxon tell truth climate change bill
0.07|war fox take top photo prize
0.46|green environment raban podi rasulgarh due environment concern time wild planet earth
0.13|avoid want keep thyroid healthy via mercola
0.41|difference life city human live environment extremely
0.06|oxfordclassics dna reveal origin ancient minoan culture
0.08|awesome bbc news europe russia mission ass moon settlement space exploration politics technology
0.07|video energy store sustainable energy project northern ireland prove
0.13|million wipe uk local government pension due coal crash analysis show keepitintheground
0.33|watchdogsniffer nobody respect environment back prejudice
0.18|native environment foreign loan agent wherefore service la mode fukmvyzg
0.07|bbc news coral worldwide threaten bleach noaa
Retrieved 11 new auxiliary tweets.
1.0|green environment raban podi rasulgarh due environment concern time wild planet earth
0.0|avoid want keep thyroid healthy via mercola
0.0|oxfordclassics dna reveal origin ancient minoan culture
0.0|awesome bbc news europe russia mission ass moon settlement space exploration politics technology
0.0|greenlibdems imagine exxon tell truth climate change bill
0.0|war fox take top photo prize
0.0|need system feed everyone nutritiously steward get
0.0|video energy store sustainable energy project northern ireland prove
0.0|million wipe uk local government pension due coal crash analysis show keepitintheground
0.0|bbc news coral worldwide threaten bleach noaa
0.0|carlsiegrist california lead quiet revolution via nytimes renewableenergy climatechange
()
Aux F1 - Iteration-16=0.64
Precision=0.59
Recall=0.68
Aux F1 - ConfusionMatrix:
14.0  9.0   
6.0   13.0  

Best F1 so far - 0.67 at iteration:1


0.35|warm water terrorize coral reef science monitor environment
0.13|hey business owner planet business lawsuit pile climate rule news climatechange
0.05|bbc news activate brain cell
0.33|stephanievasqu please dispose nonsense nudity allow environment
0.28|pregnancy early postpartum life baby program nutritionally adapt environment laurel wilson
0.09|colorado hot via theorganicview pesticide neonicotinoids
0.29|giant squid writ small juvenile monster deep capture japan environment guardian
0.04|pack europe russia mission ass moon settlement
0.36|hate go uncomfortable environment
0.07|manager ishymullerrrr take create fun
0.07|game dan team para peserta dapat memilih kategori pembuatan proposal ide dan pembuatan aplikasi lewat cod
0.08|climatenexus antarctic ice melt fast whole continent may risk
0.14|inland empire water district try save endanger fish
0.16|climaterealists alex newman climate alarmist cheer ouster canada pm
0.08|low water level reservoir chiapas mexico reveal ruin century temple
0.28|occurrence diversity clinically important vibrio specie aquatic environment georgia tamar
0.07|bbc news ancestor le
0.09|davidcoltart mismanagement go thing wild life
0.09|one climatejustice milestone pakistani court accept petition climate inaction
0.0|ancestor le
Retrieved 12 new auxiliary tweets.
0.0|pack europe russia mission ass moon settlement
0.0|climatenexus antarctic ice melt fast whole continent may risk
0.0|hey business owner planet business lawsuit pile climate rule news climatechange
0.0|manager ishymullerrrr take create fun
0.0|game dan team para peserta dapat memilih kategori pembuatan proposal ide dan pembuatan aplikasi lewat cod
0.0|davidcoltart mismanagement go thing wild life
0.0|one climatejustice milestone pakistani court accept petition climate inaction
0.0|ancestor le
0.0|low water level reservoir chiapas mexico reveal ruin century temple
0.0|bbc news ancestor le
0.0|bbc news activate brain cell
0.0|colorado hot via theorganicview pesticide neonicotinoids
()
Aux F1 - Iteration-17=0.57
Precision=0.52
Recall=0.68
Aux F1 - ConfusionMatrix:
11.0  12.0  
6.0   13.0  

Best F1 so far - 0.67 at iteration:1


0.04|neonicotinoids divert attention profit via theorganicview garden
0.34|sampottorff love sam care environment
0.34|altravelproject effort worth help save environment happy anniversaryyy
0.06|jonahpmix english learn specific language grow certain social
0.1|codydavis one favorite place gotta love hostile good luck red raider wreckou
0.29|theywillgo friend inform watch stable environment also scar
0.08|sweetharturbald grow violence product grow gay
0.31|nixon use improve international environment address topic nuclear
0.09|new york job entry level sale market fun
0.32|sure break change relationship environment change people
0.36|people think actually care people work clandestine environment think day meet
0.07|white house put hfc crosshairs new initiative
0.13|ggod relationship wivh printer invaluable help save money
0.09|lovewhitefield sad see people little regard hall lane early
0.32|storm water pollution prevention plan water environment green
0.36|flower bloom fix environment grow
0.29|policelawprof current environment disincentivizes see people advocate police use fire dept model
0.36|qt look seriously hardcore climate mentality fit environment
0.32|world pas crucial global warm limit expert warn carbon pledge nation environment
0.09|wish mean concert focus effective union doubt
Retrieved 9 new auxiliary tweets.
0.0|codydavis one favorite place gotta love hostile good luck red raider wreckou
0.0|white house put hfc crosshairs new initiative
0.0|neonicotinoids divert attention profit via theorganicview garden
0.0|lovewhitefield sad see people little regard hall lane early
0.0|wish mean concert focus effective union doubt
0.0|ggod relationship wivh printer invaluable help save money
0.0|jonahpmix english learn specific language grow certain social
0.0|new york job entry level sale market fun
0.0|sweetharturbald grow violence product grow gay
()
Aux F1 - Iteration-18=0.59
Precision=0.54
Recall=0.74
Aux F1 - ConfusionMatrix:
11.0  12.0  
5.0   14.0  

Best F1 so far - 0.67 at iteration:1


0.04|tetchy tweet suggest fray temper uk energy department andrealeadsom reminder
0.4|sad mentality environment
0.31|fly bathroom mean insect survive dynamic environment
0.35|connect community environment public art sxsweco
0.31|jackwallington jack hugely damage environment many good way genuinely green
0.16|thechinagap china visit seal deal project via bbcworld
0.17|congressional skeptic global warm demand record climate scientist
0.05|video track wolf french alp
0.31|nigga stupid say multiple factor cause harm environment one
0.05|big monkey voice le
0.14|zip line cloud forest save orangutan via motherjones
0.25|web developer role warwick hire superb developer role vibrant work environment itjob
0.11|shayla lecture good bad
0.32|thegooglecar china step effort tackle curtailment renewable energy environment
0.09|delicate staff would always talk universe milky way galaxy
0.17|mikebellwrites live near ouse read weep get thirsty get lewes uckfield
0.08|content write ashwinivachakal slogan save writingjobs
0.37|environment believer world grow together knowledge
0.22|berniesanders environment self correct mechanism inherent meteor crash kill everything come back
0.33|olivianuzzi sure party top candidate get secret service make sense environment live
Retrieved 6 new auxiliary tweets.
0.0|big monkey voice le
0.0|delicate staff would always talk universe milky way galaxy
0.0|video track wolf french alp
0.0|content write ashwinivachakal slogan save writingjobs
0.0|shayla lecture good bad
0.0|tetchy tweet suggest fray temper uk energy department andrealeadsom reminder
()
Aux F1 - Iteration-19=0.62
Precision=0.57
Recall=0.68
Aux F1 - ConfusionMatrix:
13.0  10.0  
6.0   13.0  

Best F1 so far - 0.67 at iteration:1


0.31|diannelwatts call question student environment highly load whiterock
0.12|oteachjohn ddt go away next gen pesticide head fda epafor approval
0.12|marine food chain risk collapse extensive study ocean find
0.07|young professional keen break mould come work
0.18|sac bee health official warn people pet away water
0.31|anyone ask pipeline diversity film production class environment may inclusive
0.01|reward mar instantfollow autofollowback ifollowback instantfollowback
0.33|vanguardngrnews provide enable environment growth tennis san advise govt
0.36|kidzone compel provide learn environment stimulate
0.23|consumer prevent food euronews consumer food environment
0.38|study abroad japanese learn environment almost
0.15|glad think problem adapt new
0.3|explore complex change relationship mineral company community environment
0.04|theburnageblue call cunt
0.04|wail height feature transmorphing hipster vampire hipster bat change see
0.32|tobiasmenzies victim ttip agriculture water public service environment
0.33|winner photo contest theme new art environment
0.34|clear skin tip part environment
0.02|bbbt unique
0.13|bear hunt prove boon wildlife commission coffer
Retrieved 8 new auxiliary tweets.
0.0|wail height feature transmorphing hipster vampire hipster bat change see
0.0|marine food chain risk collapse extensive study ocean find
0.0|young professional keen break mould come work
0.0|bear hunt prove boon wildlife commission coffer
0.0|bbbt unique
0.0|theburnageblue call cunt
0.0|oteachjohn ddt go away next gen pesticide head fda epafor approval
0.0|reward mar instantfollow autofollowback ifollowback instantfollowback
()
Aux F1 - Iteration-20=0.55
Precision=0.5
Recall=0.58
Aux F1 - ConfusionMatrix:
12.0  11.0  
8.0   11.0  

Best F1 so far - 0.67 at iteration:1


Total time taken for experiment:547.13 seconds.
				************* SAVE THE RESULTS ******************
Ending experiment at 2017-04-08T16:20:09.930-04:00
