Starting experiment at 2017-04-02T10:37:10.265-04:00
Reset successful
***************** Parameters used for EXPERIMENT *****************
	filterToUse = CosineSim
	minSimilarityThreshold = 0.5
	cosineSimilarityWindowSize= 0.2
	minWmDistanceThreshold = 0.49
	vectorType= google
	webWord2VecBaseUri = http://localhost:5000/getvector/
	cnnClassifierBaseUri = http://localhost:5000/cnn_train_and_get_prediction_labels
	maxFpmWordsToPick = 35
	minFpmWordsDetected = 0
	refreshLocalWordVectors = false
	maxExperimentIterations = 20
	maxAuxTweetsToAddEachIteration = 20
	thresholdF1 = 0.98
	classifierType = LogisticRegression
	folderNameForCnnClassifier = 
	auxiliaryThresholdExpectation = 0.01
	fileDelimiter = ,
	experimentSet = obesity
	experimentSetNumber = 2
	trainingDataFile = data/final/obesity_training_data2.txt
	validationDataFile = data/final/obesity_validation_data.txt
	auxiliaryDataFile = data/final/obesity_auxiliary_data.txt
	supplementedCleanAuxiliaryFile = data/final/obesity_auxiliary_data.txt

***************** Parameters used for EXPERIMENT *****************


Initial F1=0.75
Precision=0.64
Recall=0.96
Initial - ConfusionMatrix:
63.0  42.0  
3.0   76.0  

Issue with Tweet External:, 597
Issue with Tweet External:, 598
Issue with Tweet External:, 599
Issue with Tweet External:, 600
0.24|hurricane sandy sleepover letsgetexposing randydole
0.28|hurricane sandy ct ny nj east coast state ass region deadly storm massive storm
0.31|drdaliah month hurricane sandy nj see baby
0.29|petsmart charity relief effort hurricane sandy ravage east coast last october leave
0.23|raf cover hurricane sign battle britain ace sandy sander dfc
0.33|love keep highlight star citizen hurricane nice unexpected bkcyclones
0.28|winkyboo list hurricane sandy donation drop location
0.27|sandy damage bike nyc
0.31|damn hurricane sandy ruin new york city dirty
0.25|look photo effect hurricane kalungkot
0.31|task force convene president obama late last year determine best rebuild hurricane
0.22|hurricane sandy view
0.22|hurricane sandy information file claim
0.26|hurricane sandy disrespect nigga swear
0.29|power hurricane sandy destroy also god bless
0.28|deadline set state buyout staten island neighborhood hit hurricane sandy statenisland
0.17|hurricane sandy
0.38|hurricane sandy probably best thing could happen obama right gonna aid shit reelection
0.22|update hurricane sandy video
0.38|thought everyone affect hurricane stay
Retrieved 14 new auxiliary tweets.
0.0|hurricane sandy
0.0|hurricane sandy view
0.0|update hurricane sandy video
0.0|hurricane sandy information file claim
0.0|hurricane sandy disrespect nigga swear
0.0|raf cover hurricane sign battle britain ace sandy sander dfc
0.0|winkyboo list hurricane sandy donation drop location
0.0|power hurricane sandy destroy also god bless
0.0|deadline set state buyout staten island neighborhood hit hurricane sandy statenisland
0.0|hurricane sandy sleepover letsgetexposing randydole
0.0|sandy damage bike nyc
0.0|look photo effect hurricane kalungkot
0.0|hurricane sandy ct ny nj east coast state ass region deadly storm massive storm
0.0|petsmart charity relief effort hurricane sandy ravage east coast last october leave
()Adding 14 auxiliary tweets to the training data.

Aux F1 - Iteration-1=0.87
Precision=0.79
Recall=0.97
Aux F1 - ConfusionMatrix:
84.0  21.0  
2.0   77.0  

Best F1 so far - 0.87 at iteration:1


Issue with Tweet External:, 597
Issue with Tweet External:, 598
Issue with Tweet External:, 599
Issue with Tweet External:, 600
0.29|street view car start map sandy damage
0.15|jayroduh hurricane hurricane
0.35|todayinthesky sure bad go outside hurricane airport day hurricane sandy yikes
0.34|elm look something hurricane sandy make
0.39|follower may affect hurricane sandy hope safety
0.25|hurricane sandy new jersey rebuild ahead thoughtful via huffingtonpost
0.33|watch live hurricane sandy cause partial crane collapse midtown manhattan
0.17|hamradionow hurricane sandy
0.38|climate change cause hurricane
0.33|go since hurricane sandy bet still look lmao
0.33|armanidope name hurricane gay name like name ish hurricane death megatron guarantee nigga evacuate like need
0.34|bill mckibben hurricane sandy climate change ever call
0.38|habitat plan chevrolet donation make real help hurricane sandy recovery
0.28|storm gain strength churn north hurricane sandy
0.15|sougofollow maria remove photo
0.33|snooki say hurricane get
0.3|join effort help hurricane sandy see help
0.25|story behind new york hurricane sandy cover nahumg
0.27|hurricane sandy lol imagine hurricane
0.23|hurricane atlantic tropical weather outlook sandy
Retrieved 10 new auxiliary tweets.
0.0|street view car start map sandy damage
0.0|jayroduh hurricane hurricane
0.0|hurricane sandy lol imagine hurricane
0.0|hurricane atlantic tropical weather outlook sandy
0.0|story behind new york hurricane sandy cover nahumg
0.0|sougofollow maria remove photo
0.0|hamradionow hurricane sandy
0.0|storm gain strength churn north hurricane sandy
0.0|join effort help hurricane sandy see help
0.0|hurricane sandy new jersey rebuild ahead thoughtful via huffingtonpost
()
Aux F1 - Iteration-2=0.87
Precision=0.8
Recall=0.94
Aux F1 - ConfusionMatrix:
86.0  19.0  
5.0   74.0  

Best F1 so far - 0.87 at iteration:1


Issue with Tweet External:, 597
Issue with Tweet External:, 598
Issue with Tweet External:, 599
Issue with Tweet External:, 600
0.3|davidcjacks hurricane sandy prediction bad expect
0.33|hurricane sandy destroy medical research hurricane sandy destroy medical research
0.31|even argue piss gonna hurricane sandy
0.3|update aac close class cancel tuesday october due hurricane stay safe monctopa
0.29|fire ravage jersey shore boardwalk rebuild hurricane sandy flame begin ice cream shop
0.3|roommate go hard tonight throw bed floor guy towel hurricane
0.32|roll call effect hurricane sandy family please like comment
0.3|hurricane sandy need piss right
0.28|fayobserver fort bragg soldier generate power hurricane sandy victim ocpa
0.29|weatherchannel evacuate irene sandy come family live new
0.4|think suffer loss hurricane thought
0.24|nubsanimalwatch allanimalrights animal rescue hurricane sandy october sandyaid
0.32|hurricane sandy afford keep kennel somewhere oregon mygirl
0.35|hurricane sandy really williams make whole thing
0.35|new jersey insurance industry show sign change wake hurricane sandy industry reform
0.27|ticket info announce massive hurricane sandy benefit msg paul mccartney kanye west bruce springsteen
0.34|go school otherwilljames amaze writer long island coast unexpected gift hurricane sandy
0.3|njdotcom bad hurricane sandy expect late njsandy
0.3|hurricane sandy tweet goin since yesterday still go
0.3|tlc great cake bos best show sweet help hurricane sandy cakebosskickoff cakebossbuddy tlc
Retrieved 12 new auxiliary tweets.
0.0|hurricane sandy need piss right
0.0|fayobserver fort bragg soldier generate power hurricane sandy victim ocpa
0.0|weatherchannel evacuate irene sandy come family live new
0.0|njdotcom bad hurricane sandy expect late njsandy
0.0|update aac close class cancel tuesday october due hurricane stay safe monctopa
0.0|fire ravage jersey shore boardwalk rebuild hurricane sandy flame begin ice cream shop
0.0|davidcjacks hurricane sandy prediction bad expect
0.0|nubsanimalwatch allanimalrights animal rescue hurricane sandy october sandyaid
0.0|ticket info announce massive hurricane sandy benefit msg paul mccartney kanye west bruce springsteen
0.0|hurricane sandy tweet goin since yesterday still go
0.0|tlc great cake bos best show sweet help hurricane sandy cakebosskickoff cakebossbuddy tlc
0.0|roommate go hard tonight throw bed floor guy towel hurricane
()Adding 12 auxiliary tweets to the training data.

Aux F1 - Iteration-3=0.91
Precision=0.87
Recall=0.94
Aux F1 - ConfusionMatrix:
94.0  11.0  
5.0   74.0  

Best F1 so far - 0.91 at iteration:3


Issue with Tweet External:, 597
Issue with Tweet External:, 598
Issue with Tweet External:, 599
Issue with Tweet External:, 600
0.26|hurricane sandy warm world end december
0.34|new art world ass impact hurricane sandy
0.3|new york aquarium devastate hurricane sandy donation page
0.21|photo magnitude earthquake strike offshore northern california wednesday rattle
0.27|urgent major earthquake spark tsunami warn pacific
0.33|jarrodcombs believe miss good happen get back doitagain
0.15|shakingearth earthquake mb fiji region
0.28|haiti earthquake relief fund canadian red cross say
0.2|earthquake tremor peshawar along chitral low dir
0.25|earthquake minute ago know wasnt trip
0.21|earthquake rock mexico city mexicocity via ecanadanow
0.2|din earthquake go
0.15|usgs redoubt volcano alaska sm
0.31|series small earthquake china may aftershock major quake way back
0.33|havin homeroom shake like earthquake
0.31|download link tyga rack city bubble bubble reggaeton shake earthquake
0.38|really think god warn get earthquake nvr see summer la like least recent year
0.18|earthquake omg wtf
0.18|earthquake dah map dawg
0.08|sismo nne burney california csismica
Retrieved 14 new auxiliary tweets.
0.0|earthquake minute ago know wasnt trip
0.0|earthquake dah map dawg
0.0|sismo nne burney california csismica
0.0|usgs redoubt volcano alaska sm
0.0|earthquake omg wtf
0.0|new york aquarium devastate hurricane sandy donation page
0.0|photo magnitude earthquake strike offshore northern california wednesday rattle
0.0|urgent major earthquake spark tsunami warn pacific
0.0|shakingearth earthquake mb fiji region
0.0|earthquake rock mexico city mexicocity via ecanadanow
0.0|din earthquake go
0.0|haiti earthquake relief fund canadian red cross say
0.0|earthquake tremor peshawar along chitral low dir
0.0|hurricane sandy warm world end december
()
Aux F1 - Iteration-4=0.91
Precision=0.85
Recall=0.97
Aux F1 - ConfusionMatrix:
91.0  14.0  
2.0   77.0  

Best F1 so far - 0.91 at iteration:3


Issue with Tweet External:, 597
Issue with Tweet External:, 598
Issue with Tweet External:, 599
Issue with Tweet External:, 600
0.22|earthquake indonesian archipelago indonesia tual preliminary report earthquake
0.14|deprem northern california january gmt earthquake
0.28|fish eagle otter star late usgs geohealth newsletter
0.15|sismo nne badger alaska usgs
0.19|newearthquake earthquake near coast northern jul epicenter ago depth
0.27|really thoight earthquake
0.26|green earthquake alert depth indonesia utc people
0.22|eartquake valdez alaska
0.23|possible na maging parehas tayo sa earthquake would become
0.08|update dominique collier kcrungmc reggierankin bowncewithme
0.17|ima get january january
0.24|come intel chromebook flood best via
0.33|lol nerpp blame since know shes like last one im name lol
0.17|ericalynnloper live asf
0.27|flood warn issue april cdt may cdt nw wxtx
0.2|unesco project flood management ayutthaya
0.27|flood warn issue september mdt september mdt nw national weather
0.28|shv cancel flood warn rabbit creek kilgore
0.29|beaufort flood victim need send contact detail themimpa bank
0.29|thing look inside carpet clean company
Retrieved 19 new auxiliary tweets.
0.0|shv cancel flood warn rabbit creek kilgore
0.0|beaufort flood victim need send contact detail themimpa bank
0.0|thing look inside carpet clean company
0.0|earthquake indonesian archipelago indonesia tual preliminary report earthquake
0.0|deprem northern california january gmt earthquake
0.0|come intel chromebook flood best via
0.0|ericalynnloper live asf
0.0|flood warn issue april cdt may cdt nw wxtx
0.0|newearthquake earthquake near coast northern jul epicenter ago depth
0.0|really thoight earthquake
0.0|green earthquake alert depth indonesia utc people
0.0|eartquake valdez alaska
0.0|possible na maging parehas tayo sa earthquake would become
0.0|unesco project flood management ayutthaya
0.0|flood warn issue september mdt september mdt nw national weather
0.0|update dominique collier kcrungmc reggierankin bowncewithme
0.0|ima get january january
0.0|fish eagle otter star late usgs geohealth newsletter
0.0|sismo nne badger alaska usgs
()Adding 19 auxiliary tweets to the training data.

Aux F1 - Iteration-5=0.95
Precision=0.97
Recall=0.91
Aux F1 - ConfusionMatrix:
103.0  2.0   
7.0    72.0  

Best F1 so far - 0.95 at iteration:5


Issue with Tweet External:, 597
Issue with Tweet External:, 598
Issue with Tweet External:, 599
Issue with Tweet External:, 600
0.27|cree lead work light bar spot flood suv atv boat truck lamp
0.15|flood
0.33|set straggler title deed inflooding healthfulness flood insurance yvulejq
0.23|badliontryhard flood ur house ur sweat
0.26|surely day raya instagram flood colourful baju raya timeline
0.45|flood fg release tackle food health crisis raise
0.25|check story catoosa deputy save mother son
0.31|mmda flood alert blumentrit towards ust direction knee passable light vehicle expect heavy
0.3|new flood alert morning harper brook willow brook river start rise check detail
0.34|vikiwatsonflr garthbrooks amaliearena safety consideration normalize relation terrorism sponsor country
0.25|amybeccaaaron dorothyofisrael fionnmacky terrorism jew commit kill christian
0.19|three men arrest swoop terrorpolice centrallondon
0.23|sweden socialdemokrat carlbildt defend mb crime
0.31|uk men jail plan terrorism three british men include former police community support officer
0.32|mayor tower hamlet give mosque agree wiv terrorism dont give jack shit right
0.3|illuminazealia grammyless fucktyler terrorism child
0.28|travel abroad safely age terrorism via yahootravel
0.42|founder turkish school around world believe education antidote ignorance terrorism
0.39|sharemarket damage financial coal mine serious risk non violent protest ok
0.21|love westgate come illuminati jah bless mbusii hakunambrrrrcha
Retrieved 12 new auxiliary tweets.
0.0|flood
0.0|badliontryhard flood ur house ur sweat
0.0|travel abroad safely age terrorism via yahootravel
0.0|love westgate come illuminati jah bless mbusii hakunambrrrrcha
0.0|amybeccaaaron dorothyofisrael fionnmacky terrorism jew commit kill christian
0.0|cree lead work light bar spot flood suv atv boat truck lamp
0.0|three men arrest swoop terrorpolice centrallondon
0.0|sweden socialdemokrat carlbildt defend mb crime
0.0|illuminazealia grammyless fucktyler terrorism child
0.0|surely day raya instagram flood colourful baju raya timeline
0.0|check story catoosa deputy save mother son
0.0|new flood alert morning harper brook willow brook river start rise check detail
()
Aux F1 - Iteration-6=0.94
Precision=0.94
Recall=0.92
Aux F1 - ConfusionMatrix:
100.0  5.0   
6.0    73.0  

Best F1 so far - 0.95 at iteration:5


Issue with Tweet External:, 597
Issue with Tweet External:, 598
Issue with Tweet External:, 599
Issue with Tweet External:, 600
0.0|georgegalloway
0.28|sign understand terrorism terrorist threat
0.33|million violent muslim death fee cycle terrorism nbc news
0.29|discover cruel fact behind illegalivorytrade
0.33|artmous ollyneville aarondarkwood le traffic great threat human terrorism
0.35|go store buy cheese give five minute lecture cashier teenage fgp iwantmydamndonuts
0.56|health soy protein cancer obesity cardiovascular disease
0.5|take obesity issue ad campaign canada shine take obesity issue
0.32|jamieoliver please follow journey depression thank
0.43|daughter argue heart attack go kill obesity go kill
0.57|top story obesity big threat hunger obesity big health crisis globally hunger
0.53|iffoodcouldtalkthen obesity could fight good
0.53|know country pandemic obesity epidemic skinny jean twitterlesstom
0.51|factsinyourface nowadays people die obesity
0.49|watch horror movie reduce risk brain body tend burn calorie watch scary fact fuck
0.57|check back resolution tip weightloss diet obesity health
0.5|obesity low use cannabis user
0.51|breathe problem child age year approximately ten obesity news
0.43|little sleep big waistline
0.47|viewpoint curb obesity viewpoint whether one simple solution
Retrieved 10 new auxiliary tweets.
1.0|check back resolution tip weightloss diet obesity health
1.0|breathe problem child age year approximately ten obesity news
0.0|sign understand terrorism terrorist threat
0.0|discover cruel fact behind illegalivorytrade
1.0|know country pandemic obesity epidemic skinny jean twitterlesstom
1.0|factsinyourface nowadays people die obesity
1.0|health soy protein cancer obesity cardiovascular disease
1.0|top story obesity big threat hunger obesity big health crisis globally hunger
0.0|georgegalloway
1.0|iffoodcouldtalkthen obesity could fight good
()
Aux F1 - Iteration-7=0.87
Precision=0.79
Recall=0.96
Aux F1 - ConfusionMatrix:
85.0  20.0  
3.0   76.0  

Best F1 so far - 0.95 at iteration:5


Issue with Tweet External:, 597
Issue with Tweet External:, 598
Issue with Tweet External:, 599
Issue with Tweet External:, 600
0.21|terrific conversation today healthyweightcommitmentfoundation togethercounts
0.42|thank dare push im grateful sometimes wish die obesity
0.44|actual internal picture obesity computer
0.49|doctor chiropractic serve frontlines battle childhood obesity
0.52|breast cancer obesity link prostate cancer may vary race
0.53|triplecure cancer diabetes obesity
0.56|avert obesity type diabetes india beverage taxation
0.27|japan lift evacuation order fukushima town naraha government japan tokyo news
0.32|huge local hurdle restart nuclear reactor japan year reaction fukushima close
0.31|fukushima falsify cancer report expose
0.31|long ago tepco admit thousand gallon radioactive water flow pacific fukushima
0.32|pump cool damage reactor fukushima plant stop tokyo pump use cool tscent
0.24|news fukushima old remain nuclear plant shut
0.11|fukushima le journal est sorti de le unes via suretenucleaire
0.35|fukushima local resident say near point fukushima japan radiation green water
0.29|fukushima inside dangerous room world via time
0.18|learn
0.2|taiwan former taiwan president lee visit tokyo fukushima disaster area south china morning post
0.32|freaky fukushima friday reminder fish bioaccumulating radionuclides thatarcher
0.36|fukushima radiation level time high previously disco aquatic radiation plume report hit west coast
Retrieved 10 new auxiliary tweets.
1.0|avert obesity type diabetes india beverage taxation
0.0|japan lift evacuation order fukushima town naraha government japan tokyo news
0.0|fukushima le journal est sorti de le unes via suretenucleaire
0.0|terrific conversation today healthyweightcommitmentfoundation togethercounts
0.0|news fukushima old remain nuclear plant shut
0.0|learn
0.0|taiwan former taiwan president lee visit tokyo fukushima disaster area south china morning post
1.0|triplecure cancer diabetes obesity
0.0|fukushima inside dangerous room world via time
1.0|breast cancer obesity link prostate cancer may vary race
()Replacing fukushima with nuclear. Choices [nuclear,fukushima].

Aux F1 - Iteration-8=0.86
Precision=0.78
Recall=0.96
Aux F1 - ConfusionMatrix:
83.0  22.0  
3.0   76.0  

Best F1 so far - 0.95 at iteration:5


Issue with Tweet External:, 597
Issue with Tweet External:, 598
Issue with Tweet External:, 599
Issue with Tweet External:, 600
0.29|dailymirror study show fukushima plutonium playground km nuclear plant savefukuchildren
0.35|fun game japan gov tepco fukushima clean close rid
0.16|fukushima ultima un plan experimental para contener fugas de agua radiactiva
0.33|year fukushima japan open big solar plant reach national milestone renewable energy
0.27|cidrap texas contact trace identify ebola fever monitor
0.34|say ebola case report guinea sierraleone last week drop low total yr
0.3|sapdevcenter could big data solution
0.31|tech ebola detect computer software nin computersoftware ebola flaggedoff health healthmap map
0.36|back home liberia stanford physician continue help fight ebola
0.29|gomerblog man claim catch ebola flu shoot
0.16|wereldgezondheidsorganisatie verzweeg uitbraak ebola twee maanden lang ebola
0.39|ebola case make stock market crash much would pandemic
0.35|ebola infect five new people every hour sierra leone figure show liberia worldnews sierraleone africa
0.29|ebola death toll surpass west africa glv
0.18|lesechos un robot pour lutter contre ebola
0.39|forget ebola fear people year die car accident terrible mass call
0.19|drama queen icebucketchallenge ebola joycetanks paris bath robe
0.4|low per caput medical workforce world produce new liberian drs kill ebola
0.28|itg ebola many people head liberia liberia kenyaairways ebola
0.25|ebola ebola patient dr kent brantley recover discharge kent
Retrieved 11 new auxiliary tweets.
0.0|itg ebola many people head liberia liberia kenyaairways ebola
0.0|ebola ebola patient dr kent brantley recover discharge kent
0.0|dailymirror study show fukushima plutonium playground km nuclear plant savefukuchildren
0.0|wereldgezondheidsorganisatie verzweeg uitbraak ebola twee maanden lang ebola
0.0|gomerblog man claim catch ebola flu shoot
0.0|cidrap texas contact trace identify ebola fever monitor
0.0|sapdevcenter could big data solution
0.0|fukushima ultima un plan experimental para contener fugas de agua radiactiva
0.0|drama queen icebucketchallenge ebola joycetanks paris bath robe
0.0|ebola death toll surpass west africa glv
0.0|lesechos un robot pour lutter contre ebola
()
Aux F1 - Iteration-9=0.94
Precision=0.97
Recall=0.89
Aux F1 - ConfusionMatrix:
103.0  2.0   
9.0    70.0  

Best F1 so far - 0.95 at iteration:5


Issue with Tweet External:, 597
Issue with Tweet External:, 598
Issue with Tweet External:, 599
Issue with Tweet External:, 600
0.19|nigerian man quarantine ebola hong kong nigerian man quarantine today hong kong
0.33|skynewsbreak petition whitehouse ban flight ebola affect sign
0.44|important change come global health security realm ebola must read
0.4|ebola exist low level intact rainforest emerge destroy bushmeat eat
0.28|reaction see winter storm forecast pax scwx gawx
0.33|inyo national forest prepare weekend storm may implement winter closure road
0.31|nwsnewyorkny convert winter storm watch advisory admit uncertainty snow
0.21|winter storm warn issue march edt march edt nw wxny
0.24|winter storm warn penobscot county issue march edt march edt nw
0.27|resident deal power winter storm greensboro
0.31|markjweather winter storm warn heavy snow move northern ohio early sunday ohwx wews
0.33|winter look like feel like snow storm come
0.28|winter storm watch whole view area tomorrow night monday morning
0.29|chance go winter storm warn ice storm
0.21|winter storm warn issue january mst january mst nw wxid
0.36|call crazy start wonder whole winter storm call kid want snow
0.25|season winter chicago history
0.35|love still call winter storm yeah think weld brace
0.3|get ready second winter storm expect inch far top inch get last
0.3|winter storm warn early storm warn still bronx
Retrieved 11 new auxiliary tweets.
0.0|resident deal power winter storm greensboro
0.0|winter storm watch whole view area tomorrow night monday morning
0.0|chance go winter storm warn ice storm
0.0|winter storm warn issue january mst january mst nw wxid
0.0|get ready second winter storm expect inch far top inch get last
0.0|winter storm warn early storm warn still bronx
0.0|nigerian man quarantine ebola hong kong nigerian man quarantine today hong kong
0.0|winter storm warn issue march edt march edt nw wxny
0.0|winter storm warn penobscot county issue march edt march edt nw
0.0|reaction see winter storm forecast pax scwx gawx
0.0|season winter chicago history
()
Aux F1 - Iteration-10=0.91
Precision=0.85
Recall=0.95
Aux F1 - ConfusionMatrix:
92.0  13.0  
4.0   75.0  

Best F1 so far - 0.95 at iteration:5


Issue with Tweet External:, 597
Issue with Tweet External:, 598
Issue with Tweet External:, 599
Issue with Tweet External:, 600
0.35|britain track bumper fruit vegetable crop mild wet winter via skynews
0.19|update winter storm
0.2|winter storm warn issue february mst february mst nw wxmt
0.34|harsh winter storm across much usa mother government
0.33|haha yeah gonna rough winter like last yr storm bad next week apparently snow
0.24|winter storm postpone game northeast
0.24|winter storm warn issue april mdt april mdt nw wxsd
0.2|severe thunderstorm warn issue june edt june edt nw
0.26|severe weather statement issue july cdt july cdt nw severe
0.26|severe thunderstorm watch issue june cdt june cdt nw severe
0.23|severe weather weather service nashville cdt thu apr
0.25|heavy rain flood part florida alabama
0.32|current situation pink tornado watch yellow severe
0.25|severe thunderstorm warn issue july cdt july cdt nw wxne
0.32|nwsseveretstorm severe thunderstorm warn include ralph sd ludlow sd pm mdt
0.32|due threat strong severe storm today weekly noaa weather radio test move
0.39|weather alert nw issue severe thunderstorm warn part seek strong shelter risk
0.32|french teacher talk severe french class weather class
0.32|severe weather warn much bahamas via bahamas department
0.31|severe weather move wind tune whohd whoweather stream online get late
Retrieved 10 new auxiliary tweets.
0.0|heavy rain flood part florida alabama
0.0|severe thunderstorm warn issue july cdt july cdt nw wxne
0.0|severe thunderstorm watch issue june cdt june cdt nw severe
0.0|winter storm postpone game northeast
0.0|severe weather weather service nashville cdt thu apr
0.0|winter storm warn issue february mst february mst nw wxmt
0.0|severe weather statement issue july cdt july cdt nw severe
0.0|update winter storm
0.0|winter storm warn issue april mdt april mdt nw wxsd
0.0|severe thunderstorm warn issue june edt june edt nw
()
Aux F1 - Iteration-11=0.8
Precision=0.7
Recall=0.96
Aux F1 - ConfusionMatrix:
72.0  33.0  
3.0   76.0  

Best F1 so far - 0.95 at iteration:5


Issue with Tweet External:, 597
Issue with Tweet External:, 598
Issue with Tweet External:, 599
Issue with Tweet External:, 600
0.32|twister possible plain tornado hail high wind may break central southern plain
0.29|severe weather warn cold snap strike via
0.34|check brand new severe weather go link start scroll
0.32|joecioffi severe weather threat afternoon local flood shower possible
0.33|severe thunderstorm warn pm cdt issue county
0.24|severe thunderstorm warn issue june cdt june cdt nw iawx
0.3|severe wx alert storm warn replace winter weather advisory
0.37|severe weather threaten midsection severe storm already take toll part michigan
0.36|brian study radar live air severe weather coverage monday take quietfun
0.35|advisory public storm warn signal capiz per severe weather bulletin issue dec rubyph
0.16|hoye kisi nay protest kia hai ya nai hamaray molve nai hain taliban inhon nay palay hoye hain muhammadmylife
0.27|need vacation
0.15|militer pakistan sebut heli jatuh karena kerusakan mesin bukan taliban
0.16|un mensaje para news
0.24|ayeshaspeaksnow mqm terrorist fund taliban without
0.23|one page
0.24|taliban chief demand foreign troop leave
0.08|nati esta enojada conmigo pero cabe ninguna le voy hablar la voy cargosiar jajaa la quiero una banda esta piba
0.24|kirtaner dzwooo americankevin naacp ill fuck taliban idgaf
0.37|troop tell ignore taliban bring rap young boy military base crime
Retrieved 12 new auxiliary tweets.
0.0|taliban chief demand foreign troop leave
0.0|nati esta enojada conmigo pero cabe ninguna le voy hablar la voy cargosiar jajaa la quiero una banda esta piba
0.0|kirtaner dzwooo americankevin naacp ill fuck taliban idgaf
0.0|ayeshaspeaksnow mqm terrorist fund taliban without
0.0|one page
0.0|un mensaje para news
0.0|severe weather warn cold snap strike via
0.0|hoye kisi nay protest kia hai ya nai hamaray molve nai hain taliban inhon nay palay hoye hain muhammadmylife
0.0|severe thunderstorm warn issue june cdt june cdt nw iawx
0.0|severe wx alert storm warn replace winter weather advisory
0.0|need vacation
0.0|militer pakistan sebut heli jatuh karena kerusakan mesin bukan taliban
()
Aux F1 - Iteration-12=0.93
Precision=0.9
Recall=0.94
Aux F1 - ConfusionMatrix:
97.0  8.0   
5.0   74.0  

Best F1 so far - 0.95 at iteration:5


Issue with Tweet External:, 597
Issue with Tweet External:, 598
Issue with Tweet External:, 599
Issue with Tweet External:, 600
0.22|religious extremism mischief dajjal antichrist isi taliban alshabab islam kyaapkopatahai
0.25|afghan team due pakistan discus revive taliban peace talk reuters
0.34|atiyajhs every day pressure increase raheel sharif cojco govt enjoy taliban bless
0.12|pasti akn btggjawab kes pengeboman antaranya alqaeda taliban dan
0.21|islamic militant group isi taliban bokoharam must recognise
0.22|teeveezalbundi get taliban boko haram hezbollah hamas findingthesense
0.38|hang taliban want blood small child
0.15|mischief isi daesh alqaeda aqap alshabab wahhabism saudiarabia taliban alshabab
0.15|message leader islamic republic cia
0.37|nathantimpano skynews way taliban say go dangerous everyone leave
0.28|new spokesman mujmash write fancifully draw attention deplorable
0.25|pakistan fight back taliban bullet proof
0.23|rednationrising dbargen lance look like taiban flag
0.26|new taliban leader move fast heal rift afghan insurgency
0.36|therealjuiceeee true feel always come good term
0.33|actually derby least car confederate flag top cheap general lee imitation one minion
0.21|watson cover general confederate flag
0.27|south carolina house vote remove confederate flag statehouse ground
0.33|cold truth black live matter past
0.33|fair foul kid cuss storm share fact confederate flag via bossip
Retrieved 13 new auxiliary tweets.
0.0|afghan team due pakistan discus revive taliban peace talk reuters
0.0|pasti akn btggjawab kes pengeboman antaranya alqaeda taliban dan
0.0|islamic militant group isi taliban bokoharam must recognise
0.0|message leader islamic republic cia
0.0|new spokesman mujmash write fancifully draw attention deplorable
0.0|pakistan fight back taliban bullet proof
0.0|teeveezalbundi get taliban boko haram hezbollah hamas findingthesense
0.0|mischief isi daesh alqaeda aqap alshabab wahhabism saudiarabia taliban alshabab
0.0|rednationrising dbargen lance look like taiban flag
0.0|new taliban leader move fast heal rift afghan insurgency
0.0|religious extremism mischief dajjal antichrist isi taliban alshabab islam kyaapkopatahai
0.0|watson cover general confederate flag
0.0|south carolina house vote remove confederate flag statehouse ground
()
Aux F1 - Iteration-13=0.93
Precision=0.96
Recall=0.87
Aux F1 - ConfusionMatrix:
102.0  3.0   
10.0   69.0  

Best F1 so far - 0.95 at iteration:5


Issue with Tweet External:, 597
Issue with Tweet External:, 598
Issue with Tweet External:, 599
Issue with Tweet External:, 600
0.32|kkk hold sad confederate flag rally south carolina even though flag already go
0.34|heymanhustle wwe cmpunk come back punk lmao may even wave confederate flag lol
0.23|support confederate flag unfollow
0.34|drive home wife day truck confederate flag go say look hon
0.26|percent approve removal confederate flag
0.35|kid geom everytime see kid confederate flag hoodie feel obligate set fire
0.15|yelawolf defend confederate flag
0.17|dependentclause uhhhh
0.27|poll majority see confederate flag southern symbol
0.27|orchestrate takedown confederate flag sc raise national profile
0.21|saw confederate flag disappoint upset angry
0.31|whyiwouldmakeagreatpresident bring back confederate flag close border make every day
0.29|sup bro ur look great ah confederate flag belt buckle compliment
0.32|tearjerker must sc gop rep jenny horne say take confederate flag
0.3|supporter rally accuse flash knife gun black live matter
0.3|like youtube video kkk member confederate flag rally confront wear fubu shoe
0.18|fitter edinburgh falkirk stirling today splashbacktuesday
0.26|festival draw people three day year organizer edinburgh
0.23|pair admit stab takeaway owner
0.04|edinburgh
Retrieved 14 new auxiliary tweets.
0.0|supporter rally accuse flash knife gun black live matter
0.0|like youtube video kkk member confederate flag rally confront wear fubu shoe
0.0|pair admit stab takeaway owner
0.0|edinburgh
0.0|sup bro ur look great ah confederate flag belt buckle compliment
0.0|orchestrate takedown confederate flag sc raise national profile
0.0|saw confederate flag disappoint upset angry
0.0|dependentclause uhhhh
0.0|poll majority see confederate flag southern symbol
0.0|support confederate flag unfollow
0.0|percent approve removal confederate flag
0.0|yelawolf defend confederate flag
0.0|fitter edinburgh falkirk stirling today splashbacktuesday
0.0|festival draw people three day year organizer edinburgh
()
Aux F1 - Iteration-14=0.92
Precision=0.93
Recall=0.87
Aux F1 - ConfusionMatrix:
100.0  5.0   
10.0   69.0  

Best F1 so far - 0.95 at iteration:5


Issue with Tweet External:, 597
Issue with Tweet External:, 598
Issue with Tweet External:, 599
Issue with Tweet External:, 600
0.29|aerlingus disenchant customer lose bag edinburgh dublin promise next
0.12|hello intercambio edinburgh scotland
0.31|super rich scot jim mellon address investor edinburgh first time say
0.22|harristweetride expect bring together stylish
0.26|market data analyst edinburgh competitive salary job job hire itjobs
0.25|account job night auditor holiday inn edinburgh ihgjobs ihg hoteljobs job
0.31|chill pedaltrill expect get everything anything
0.22|susandalgety euanmccolm daily record call
0.3|heaven company libation tightfisted cover waggon lease good understand edinburgh kbxjxe
0.2|deserve christmas
0.19|edinburgh look forward tomorrow
0.28|pay someone come edinburgh deal bin
0.21|annie mac corn exchange edinburgh saturday nov
0.21|edinburgh look gorgeous tonight
0.19|junior cad technician edinburgh matchtech aerospace job
0.23|bad serial
0.27|get one tall flagpole flag
0.32|tomorrow land come see woodland creature waverley arch piano
0.1|din edinburgh scotland via taranoland
0.24|mate home scotland say take pic edinburgh wrongtatts
Retrieved 17 new auxiliary tweets.
0.0|get one tall flagpole flag
0.0|din edinburgh scotland via taranoland
0.0|mate home scotland say take pic edinburgh wrongtatts
0.0|account job night auditor holiday inn edinburgh ihgjobs ihg hoteljobs job
0.0|susandalgety euanmccolm daily record call
0.0|junior cad technician edinburgh matchtech aerospace job
0.0|bad serial
0.0|edinburgh look forward tomorrow
0.0|pay someone come edinburgh deal bin
0.0|harristweetride expect bring together stylish
0.0|market data analyst edinburgh competitive salary job job hire itjobs
0.0|heaven company libation tightfisted cover waggon lease good understand edinburgh kbxjxe
0.0|deserve christmas
0.0|annie mac corn exchange edinburgh saturday nov
0.0|edinburgh look gorgeous tonight
0.0|aerlingus disenchant customer lose bag edinburgh dublin promise next
0.0|hello intercambio edinburgh scotland
()
Aux F1 - Iteration-15=0.92
Precision=0.96
Recall=0.86
Aux F1 - ConfusionMatrix:
102.0  3.0   
11.0   68.0  

Best F1 so far - 0.95 at iteration:5


Issue with Tweet External:, 597
Issue with Tweet External:, 598
Issue with Tweet External:, 599
Issue with Tweet External:, 600
0.2|anniversary bear comiston rd edinburgh name donald william gray ancestry
0.25|hurricane sandy attention whore
0.25|billion sandy billion katrina almost aid
0.27|survivor tree hurricane irene superstorm one memorial
0.32|dark water year hurricane sandy new york time new york time dark water year
0.32|solar company seek way build oasis electricity hurricane sandy wipe power area
0.35|jakeamadorr hurricane sandy account start repeat long funny unfollowing
0.32|see album post jersey shore still reel effect hurricane
0.31|frankenstorm hurricane sandy space big vid discovery news
0.24|hurricane sandy apple ipad mspmentor
0.27|watch live president obama deliver statement hurricane sandy barack obama schedule
0.36|thought prayer affect hurricane sad
0.24|vdem mcdonnell request federal emergency assistance response hurricane sandy vasandy sandy
0.35|delta extend customer ability change travel plan affect hurricane sandy
0.23|watch perform hurricane sandy
0.26|dear hurricane sandy wel newyork kindly wash dirt da street fill makeitfast bye
0.32|roosevelt island youth program garden still look great hurricane sandy pas th roosevelt island
0.16|hurricane sandy photo via newyorker
0.37|destruction hurricane sandy law could come critical time new york bloomberg
0.26|hurricane sandy rare nyse nasdaq close monday damage storm forbes ibnlivehurricane sandy rare
Retrieved 11 new auxiliary tweets.
0.0|hurricane sandy attention whore
0.0|dear hurricane sandy wel newyork kindly wash dirt da street fill makeitfast bye
0.0|billion sandy billion katrina almost aid
0.0|survivor tree hurricane irene superstorm one memorial
0.0|anniversary bear comiston rd edinburgh name donald william gray ancestry
0.0|vdem mcdonnell request federal emergency assistance response hurricane sandy vasandy sandy
0.0|watch perform hurricane sandy
0.0|watch live president obama deliver statement hurricane sandy barack obama schedule
0.0|hurricane sandy apple ipad mspmentor
0.0|hurricane sandy photo via newyorker
0.0|hurricane sandy rare nyse nasdaq close monday damage storm forbes ibnlivehurricane sandy rare
()
Aux F1 - Iteration-16=0.84
Precision=0.75
Recall=0.95
Aux F1 - ConfusionMatrix:
80.0  25.0  
4.0   75.0  

Best F1 so far - 0.95 at iteration:5


Issue with Tweet External:, 597
Issue with Tweet External:, 598
Issue with Tweet External:, 599
Issue with Tweet External:, 600
0.27|halloween hurricane sandy wreck shit
0.27|fish catch fence hurricane
0.31|lifelivenets harvardbiz morning advantage high cost hurricane sandy
0.32|call hurricane sandy slut blow everything use picture sandy cheek original
0.18|new earthquake southern california wednesday april utcwednesday april
0.17|mag depth km utc pm offshore northern california emsc info
0.33|feel medium blow earthquake proportion tiny
0.06|sismo ne mucuchies venezuela utc
0.25|eartquake mammoth lake california
0.15|kay mahuman jud ka ana imong earthquake cgeg dhaa
0.19|magnitude ese talkeetna alaska
0.35|read earthquake strong change brain
0.1|jordanjansen rock
0.26|earthquake preliminary magnitude hit eastern japan saturday tsunami warn forex
0.25|im wait next earthquake happen
0.31|major tremor minor felt sharjah ceiling lamp everything firmly bolt shake pretty
0.27|ii know earthquake
0.15|selama di aceh aku ga pernah soalnya pa lagi tidur felt
0.35|tsunami earthquake soon bitch want die young
0.21|new head cera white male
Retrieved 14 new auxiliary tweets.
0.0|eartquake mammoth lake california
0.0|kay mahuman jud ka ana imong earthquake cgeg dhaa
0.0|selama di aceh aku ga pernah soalnya pa lagi tidur felt
0.0|new head cera white male
0.0|magnitude ese talkeetna alaska
0.0|im wait next earthquake happen
0.0|ii know earthquake
0.0|halloween hurricane sandy wreck shit
0.0|jordanjansen rock
0.0|earthquake preliminary magnitude hit eastern japan saturday tsunami warn forex
0.0|fish catch fence hurricane
0.0|new earthquake southern california wednesday april utcwednesday april
0.0|mag depth km utc pm offshore northern california emsc info
0.0|sismo ne mucuchies venezuela utc
()
Aux F1 - Iteration-17=0.91
Precision=0.87
Recall=0.92
Aux F1 - ConfusionMatrix:
94.0  11.0  
6.0   73.0  

Best F1 so far - 0.95 at iteration:5


Issue with Tweet External:, 597
Issue with Tweet External:, 598
Issue with Tweet External:, 599
Issue with Tweet External:, 600
0.22|display recent earthquake near eastern sichuan magnitude
0.26|npr news order release fmr egypt prez mubarak strong earthquake shake mexico word yet damage
0.22|opisrael dead terrorism since december
0.24|opisrael dead terrorism since july
0.19|anonymous ops new frontier protest
0.25|pls vigil wednesday ministry interior say terrorism hezbollah
0.35|way leave try explain away terrorism say look
0.22|opisrael dead terrorism since december
0.29|gmtalba execute people two day report afp quote justice ministry
0.3|spend morning configure server raspberry talk cyber terrorism
0.36|kiddcaptain abcnews murder environ staff cause amount act terrorism
0.36|new prime vow fight corruption terrorism via foxnews time well
0.37|carnojoe know terrorist get weapon america fight war terrorism isnt time take
0.24|heysmm bomb civilian stop work jisforjeeda juchemane
0.21|austrian police arrest terrorist suspect austrian police arrest couple seek germany suspicion terrorism
0.28|yes terrorism
0.32|ok nurse home worker claim joke behead charge terrorism act
0.39|dighsx lol good call talk terrorism get scar think hand data nsa precaution
0.34|teach talk yr old apartheid state terrorism frgn plcy
0.3|vaidyalingamput victoryfornamo colonelsharotri sambitswaraj good channel channel make aware abt terrorism
Retrieved 13 new auxiliary tweets.
0.0|spend morning configure server raspberry talk cyber terrorism
0.0|opisrael dead terrorism since july
0.0|anonymous ops new frontier protest
0.0|pls vigil wednesday ministry interior say terrorism hezbollah
0.0|opisrael dead terrorism since december
0.0|gmtalba execute people two day report afp quote justice ministry
0.0|npr news order release fmr egypt prez mubarak strong earthquake shake mexico word yet damage
0.0|opisrael dead terrorism since december
0.0|yes terrorism
0.0|vaidyalingamput victoryfornamo colonelsharotri sambitswaraj good channel channel make aware abt terrorism
0.0|display recent earthquake near eastern sichuan magnitude
0.0|heysmm bomb civilian stop work jisforjeeda juchemane
0.0|austrian police arrest terrorist suspect austrian police arrest couple seek germany suspicion terrorism
()
Aux F1 - Iteration-18=0.93
Precision=0.93
Recall=0.9
Aux F1 - ConfusionMatrix:
100.0  5.0   
8.0    71.0  

Best F1 so far - 0.95 at iteration:5


Issue with Tweet External:, 597
Issue with Tweet External:, 598
Issue with Tweet External:, 599
Issue with Tweet External:, 600
0.17|anysub charlesfrith define
0.26|russia nato hold vigilant sky exercise russian nato unit simulate
0.4|still believe candidate republican debate say best way end global terrorism pure military action
0.32|terrorism tool use government achieve political
0.34|islamist terrorist follow wahhabi ideology root cause global malikishaq solution
0.37|okay normal israel invade muslim something automatically consider terrorism
0.37|never admit want support terrorism disrespect people freedom
0.59|obesity infertility weight affect conception obesity infertility weight affect
0.44|mt participaction many way take stand agaist childhood inactivity ymcastrongkids
0.34|love whitneyhouston heffer tub much biggie die cocaineisapowerfuldrug
0.47|dec coulthard way past obesity
0.36|seriously think average promote
0.47|european regulator recommend approve gsk injectable asthma drug obesity
0.55|die obesity bye fat
0.51|diet fitness best weight loss diet plan avoid redsox getfit
0.28|bojangles aid life except
0.46|list gastrectomy cancer fundo sleeve gastrectomy wt obesity pt see physician surgeon
0.38|news obesity bristolmyers squibb celldex therapeutic announce clinical trial collaboration evaluate
0.58|san francisco proposal tax sugary soda pop drink reduce obesity health diabetes
0.47|caramel color contain worrisome level carcinogenic chemical accord watchdog group obesity
Retrieved 7 new auxiliary tweets.
1.0|san francisco proposal tax sugary soda pop drink reduce obesity health diabetes
1.0|diet fitness best weight loss diet plan avoid redsox getfit
0.0|russia nato hold vigilant sky exercise russian nato unit simulate
0.0|bojangles aid life except
1.0|die obesity bye fat
0.0|anysub charlesfrith define
1.0|obesity infertility weight affect conception obesity infertility weight affect
()
Aux F1 - Iteration-19=0.92
Precision=0.89
Recall=0.92
Aux F1 - ConfusionMatrix:
96.0  9.0   
6.0   73.0  

Best F1 so far - 0.95 at iteration:5


Issue with Tweet External:, 597
Issue with Tweet External:, 598
Issue with Tweet External:, 599
Issue with Tweet External:, 600
0.31|sit play xbox month time lead soopermexican fasonk bayareagn forrespect
0.56|cannot believe obesity consider obesity decision lifestyle choice takecontrolofyourhealth
0.49|shout obesity
0.55|reason obesity
0.47|bariatric surgery patient best tip part obesity via healthcentral
0.48|political root american obesity
0.54|weightloss obesity prove weighty strain economy cost trillion year new study please
0.51|coca cola cure obesity exercise drink coke cocacolaobese
0.46|pupil cookery lesson obesity call
0.55|allthewaymayhem like could get snack obesity always issue
0.54|water mealtime drink say child public health england pose new guideline cut sugar
0.57|childhood obesity
0.51|fat people intent justify morbid obesity invent something call
0.63|health fitness obesity control obesity one big problem
0.53|portion size cat could share one extra large meal satisfy obesity fat america
0.39|gym teacher might go philippine week help tsunami victim
0.11|esto si una tsunami tormenta de arena jajajajaj de la
0.12|encanta la cancion que estoy tsunami
0.23|geo lil tryna bring
0.25|thestephmidolo like tsunami tide
Retrieved 14 new auxiliary tweets.
1.0|water mealtime drink say child public health england pose new guideline cut sugar
1.0|childhood obesity
1.0|fat people intent justify morbid obesity invent something call
0.0|geo lil tryna bring
0.0|thestephmidolo like tsunami tide
1.0|reason obesity
1.0|weightloss obesity prove weighty strain economy cost trillion year new study please
0.0|esto si una tsunami tormenta de arena jajajajaj de la
0.0|encanta la cancion que estoy tsunami
1.0|coca cola cure obesity exercise drink coke cocacolaobese
1.0|allthewaymayhem like could get snack obesity always issue
1.0|health fitness obesity control obesity one big problem
1.0|portion size cat could share one extra large meal satisfy obesity fat america
1.0|cannot believe obesity consider obesity decision lifestyle choice takecontrolofyourhealth
()
Aux F1 - Iteration-20=0.82
Precision=0.71
Recall=0.96
Aux F1 - ConfusionMatrix:
74.0  31.0  
3.0   76.0  

Best F1 so far - 0.95 at iteration:5


Total time taken for experiment:4863.855 seconds.
				************* SAVE THE RESULTS ******************
Ending experiment at 2017-04-02T11:58:14.440-04:00
