Starting experiment at 2017-04-01T16:49:19.849-04:00
Reset successful
***************** Parameters used for EXPERIMENT *****************
	filterToUse = CosineSim
	minSimilarityThreshold = 0.55
	cosineSimilarityWindowSize= 0.2
	minWmDistanceThreshold = 0.49
	vectorType= google
	webWord2VecBaseUri = http://localhost:5000/getvector/
	cnnClassifierBaseUri = http://localhost:5000/cnn_train_and_get_prediction_labels
	maxFpmWordsToPick = 35
	minFpmWordsDetected = 0
	refreshLocalWordVectors = false
	maxExperimentIterations = 20
	maxAuxTweetsToAddEachIteration = 20
	thresholdF1 = 0.98
	classifierType = Cnn
	folderNameForCnnClassifier = 
	auxiliaryThresholdExpectation = 0.01
	fileDelimiter = ,
	experimentSet = severeweather
	experimentSetNumber = 3
	trainingDataFile = data/final/severeweather_training_data3.txt
	validationDataFile = data/final/severeweather_validation_data.txt
	auxiliaryDataFile = data/final/severeweather_auxiliary_data.txt
	supplementedCleanAuxiliaryFile = data/final/severeweather_auxiliary_data.txt

***************** Parameters used for EXPERIMENT *****************

Getting CNN classification labels from http://localhost:5000/cnn_train_and_get_prediction_labels?trainingFolder=686f30df-b398-4a30-b241-14a25f9e5590-severeweather-Iteration-0&ngram=1

Initial F1=0.94
Precision=1.0
Recall=0.88
Initial - ConfusionMatrix:
51.0  0.0   
5.0   35.0  

Replacing fukushima with nuclear. Choices [nuclear,fukushima].
0.46|clinton matt bai first storm punish white mountain
0.66|winter weather storm warn go effect afternoon sunday
0.53|look window nice little snow plenty winter
0.61|winter storm titan good turn doe
0.15|occupywallstreet favorited information tweet
0.33|bernie sander unite state verge become oligarchy occupy ows occupywallstreet
0.25|spotlight shin palestinian collaborator occupy ows occupywallstreet occupyhq grassroots
0.43|occupywallstreet new trinity church force cancel halloween fest occupy wall fox news
0.34|world focus russia nato buildup military asset near russia occupy ows occupywallstreet
0.45|nyc forecast fri night mostly low temp get smart occupywallstreet sgp glennbeck
0.37|april day awareness political prisoner leonard peltier change topprog occupywallstreet ows occupy anarchist uspolitics
0.41|february day fight back mass surveillance occupyinfo owsinfo revolution anonymous
0.29|occupywallst need say gamergate politicise sociology occupywallstreet globalism
0.32|argentina investigate police action hospital protest occupy ows occupywallstreet occupyhq grassroots
0.39|nyc forecast thu night low temp occupywallstreet tcot ocra
0.27|neworganizing see article member add context
0.39|obama unveil historic climate change plan cut carbon pollution occupy ows occupywallstreet
0.43|nyc forecast sit night low temp occupywallstreet tpp
0.4|nyc forecast tue night low temp occupywallstreet teaparty ocra
0.5|five question face market occupy ows occupywallstreet occupyhq grassroots0winter storm warn union county il issue march cst march cst nw
Retrieved 9 new auxiliary tweets.
1.0|winter storm titan good turn doe
0.0|argentina investigate police action hospital protest occupy ows occupywallstreet occupyhq grassroots
0.0|neworganizing see article member add context
0.0|occupywallst need say gamergate politicise sociology occupywallstreet globalism
0.0|world focus russia nato buildup military asset near russia occupy ows occupywallstreet
0.0|occupywallstreet favorited information tweet
0.0|spotlight shin palestinian collaborator occupy ows occupywallstreet occupyhq grassroots
0.0|bernie sander unite state verge become oligarchy occupy ows occupywallstreet
1.0|winter weather storm warn go effect afternoon sunday
()Getting CNN classification labels from http://localhost:5000/cnn_train_and_get_prediction_labels?trainingFolder=a5259901-4081-4737-9279-b4258e1736a4-severeweather-Iteration-1&ngram=1

Aux F1 - Iteration-1=0.91
Precision=1.0
Recall=0.8
Aux F1 - ConfusionMatrix:
51.0  0.0   
8.0   32.0  

Best F1 so far - 0.94 at iteration:0


0.48|zaydtariq winter michael
0.64|environment canada continue winter storm storm surge warn call cm risk
0.62|get winter storm watch least lol
0.57|new winter storm head toward east coast via
0.62|poconorecord winter storm warn extend wednesday
0.52|winter storm warn issue february cst february cst nw
0.62|reminder winter storm warn effect much missouri southern illinois include
0.61|winter storm cullman like never see
0.64|update winter storm warn effect cedar louisa muscatine county ia midnight iawx
0.64|winter storm warn monday
0.51|dec email ross pacific portion fence blow wind storm ten
0.52|another long night ahead ground crew work clean campus another winter please say
0.63|wkyc city cleveland prepare winter storm via wkyc
0.46|storm store bread milk egg lord know survive without french
0.64|take long way home snow storm could listen biggigantic winter chill nah
0.53|winter storm watch warn interior essex co middlesex co worcester co inland southern nh
0.64|major winter storm please like share get word storm
0.55|live dashcam fee storm one cbcnl news van carry zachgoudie storm
0.33|ebola blame rise malaria death west africa conversationedu
0.0|vofnhealth
Retrieved 13 new auxiliary tweets.
1.0|environment canada continue winter storm storm surge warn call cm risk
1.0|update winter storm warn effect cedar louisa muscatine county ia midnight iawx
1.0|winter storm warn monday
1.0|get winter storm watch least lol
1.0|new winter storm head toward east coast via
0.0|ebola blame rise malaria death west africa conversationedu
0.0|vofnhealth
1.0|take long way home snow storm could listen biggigantic winter chill nah
1.0|major winter storm please like share get word storm
1.0|wkyc city cleveland prepare winter storm via wkyc
1.0|reminder winter storm warn effect much missouri southern illinois include
1.0|winter storm cullman like never see
1.0|poconorecord winter storm warn extend wednesday
()Getting CNN classification labels from http://localhost:5000/cnn_train_and_get_prediction_labels?trainingFolder=bc70cef5-03ce-41f6-87a3-0ec422cfa872-severeweather-Iteration-2&ngram=1

Aux F1 - Iteration-2=0.93
Precision=0.95
Recall=0.9
Aux F1 - ConfusionMatrix:
49.0  2.0   
4.0   36.0  

Best F1 so far - 0.94 at iteration:0


0.11|pno ebola
0.28|shutdown laboratory sierra leone healthcare worker infect ebola
0.4|watch inspire short film kingsslp team work fight ebola sierra leone
0.36|ebola quarantine likely negative consequence say health official
0.28|algorithm spot ebola outbreak human johnpaul via fastcolabs
0.41|ebola liberian police shoot disperse west point protest death toll hit
0.4|talk take action good safe case point dont
0.28|inkrunirma everyone help ebola donate
0.35|shemarmoore stop ebola source help african get care directrelief link
0.24|real imaginary friend dailypost ebola via moondustwriter
0.25|ebola website owner website score big payday othertech
0.24|ebola path health
0.38|listen triplejhack today hear interview ebola richard record west africa
0.35|pet play open come play inside rvasnow winterstorm
0.35|harrystylesfacts win winterstorm wine killer karate move learn quickly easily take vicious
0.41|noaa image late noaa nw watch warn noreaster
0.49|poor woodpecker hide snow winterstorm bird snow itstoodamnearly
0.26|sentonywilliams septum announce service change due read winterstorm septum senahw
0.51|adorable little snow mouse run around pop burrow heavy snow winterstorm
0.35|bostonlogan cancel flight due winterstorm morning report jmonecn
Retrieved 12 new auxiliary tweets.
0.0|harrystylesfacts win winterstorm wine killer karate move learn quickly easily take vicious
0.0|shemarmoore stop ebola source help african get care directrelief link
0.0|real imaginary friend dailypost ebola via moondustwriter
0.0|shutdown laboratory sierra leone healthcare worker infect ebola
0.0|algorithm spot ebola outbreak human johnpaul via fastcolabs
0.0|inkrunirma everyone help ebola donate
0.0|ebola path health
0.0|pet play open come play inside rvasnow winterstorm
0.0|ebola website owner website score big payday othertech
0.0|sentonywilliams septum announce service change due read winterstorm septum senahw
0.0|bostonlogan cancel flight due winterstorm morning report jmonecn
0.0|pno ebola
()Getting CNN classification labels from http://localhost:5000/cnn_train_and_get_prediction_labels?trainingFolder=ea1381b4-d043-4ad4-a1a7-d6a30ae455d8-severeweather-Iteration-3&ngram=1

Aux F1 - Iteration-3=0.74
Precision=1.0
Recall=0.48
Aux F1 - ConfusionMatrix:
51.0  0.0   
21.0  19.0  

Best F1 so far - 0.94 at iteration:0


0.31|duke unc postpone due winterstorm accord mthompsonnr acc
0.45|local roof wind york creoconstruction emergency roof winterstorm
0.27|itg ebola many people head liberia liberia kenyaairways ebola
0.25|ebola ebola patient dr kent brantley recover discharge kent
0.22|nigerian man quarantine ebola hong kong nigerian man quarantine today hong kong
0.33|skynewsbreak petition whitehouse ban flight ebola affect sign
0.38|important change come global health security realm ebola must read
0.34|ebola exist low level intact rainforest emerge destroy bushmeat eat
0.36|ebola ebola still stand new dawn liberia
0.31|support need child lose one parent ebola ebolaresponse
0.27|alertnet philippine repatriate worker west africa ebola
0.43|ebola wsj number people affect ebola could rise next month warn
0.41|ebola train tonight mikeneel thank god always leave home wear condom scenesafe bsi ppe
0.32|fukushima worker kill accident cleanup halt reuters
0.17|touch taboo fukushima daiichi
0.09|fukushima macht sich auf neuen taifun gefasst
0.19|eigenlijk nu pa het grootste gevaar van fukushima voorbij
0.35|wtfukushima joke still fukushima april
0.37|swarm intelligence crisis boston quote tom
0.16|fukushima dailynews story via arevagroup fascaso tachitotec
Retrieved 14 new auxiliary tweets.
0.0|itg ebola many people head liberia liberia kenyaairways ebola
0.0|alertnet philippine repatriate worker west africa ebola
0.0|ebola ebola patient dr kent brantley recover discharge kent
0.0|fukushima macht sich auf neuen taifun gefasst
0.0|eigenlijk nu pa het grootste gevaar van fukushima voorbij
0.0|ebola exist low level intact rainforest emerge destroy bushmeat eat
0.0|support need child lose one parent ebola ebolaresponse
0.0|duke unc postpone due winterstorm accord mthompsonnr acc
0.0|fukushima worker kill accident cleanup halt reuters
0.0|touch taboo fukushima daiichi
0.0|nigerian man quarantine ebola hong kong nigerian man quarantine today hong kong
0.0|skynewsbreak petition whitehouse ban flight ebola affect sign
0.0|wtfukushima joke still fukushima april
0.0|fukushima dailynews story via arevagroup fascaso tachitotec
()Getting CNN classification labels from http://localhost:5000/cnn_train_and_get_prediction_labels?trainingFolder=a9f68e7d-1952-4abe-ad15-76cc9602076f-severeweather-Iteration-4&ngram=1

Aux F1 - Iteration-4=0.74
Precision=1.0
Recall=0.48
Aux F1 - ConfusionMatrix:
51.0  0.0   
21.0  19.0  

Best F1 so far - 0.94 at iteration:0


0.32|fukushima year behind schedule fukushima
0.19|msmilkytheclown truth bomb twitterstorm fukushima truthbomb
0.4|expect press release tepco minute claim typhoon totally improve situation fukushima
0.4|nuclear fukushima go make live little long
0.24|fukushima tepco crisi non risolta contestata valutazione fatta da premier abe ad assemblea tutto
0.16|jepang protes kartun fukushima jepang protes kartun di koran perancis yang mengaitkan penunjukan olimpiade
0.31|dr peter kinesa fukushima radiation invest oil news yale bbc
0.43|jammeh tourism year affect ebola scare lgbt rhetoric human right record eu cut aid
0.28|haben den schlimmsten fall
0.39|need thyroid big deal get benghazi go
0.27|mostdangerous truescale problem face
0.38|jj abrams direct miss nigerian girl would aboard way fukushima alternate
0.35|rainwater fukushima plant repeatedly leak sea fukushima rainwater contain
0.41|huffingtonpost japan build ice wall stop nuclear reactor leak sound bite gameofthrones
0.44|japan tell tepco operator fukushima daiichi nuclear power plant activate new water treatment system next month nikkei
0.31|japanese robot work clean debris fukushima daiichi reactor
0.37|epa drop radiation detection equipt ocean foresee possible via fxnscitech
0.14|zutpetje na ruim jaar wanbeleid toegeven en de aarde fukushima hulp buitenland nodig
0.35|hypothyroidmom child thyroid cancer thyroid cancer suspect total find fukushima district summer
0.17|antiatom au fukushima im westlichen pazifik gefunden
Retrieved 12 new auxiliary tweets.
0.0|jepang protes kartun fukushima jepang protes kartun di koran perancis yang mengaitkan penunjukan olimpiade
0.0|zutpetje na ruim jaar wanbeleid toegeven en de aarde fukushima hulp buitenland nodig
0.0|hypothyroidmom child thyroid cancer thyroid cancer suspect total find fukushima district summer
0.0|antiatom au fukushima im westlichen pazifik gefunden
0.0|fukushima year behind schedule fukushima
0.0|rainwater fukushima plant repeatedly leak sea fukushima rainwater contain
0.0|japanese robot work clean debris fukushima daiichi reactor
0.0|msmilkytheclown truth bomb twitterstorm fukushima truthbomb
0.0|fukushima tepco crisi non risolta contestata valutazione fatta da premier abe ad assemblea tutto
0.0|mostdangerous truescale problem face
0.0|dr peter kinesa fukushima radiation invest oil news yale bbc
0.0|haben den schlimmsten fall
()Getting CNN classification labels from http://localhost:5000/cnn_train_and_get_prediction_labels?trainingFolder=456cf814-d92c-4027-8a8a-2b616cb7bdc0-severeweather-Iteration-5&ngram=1

Aux F1 - Iteration-5=0.87
Precision=1.0
Recall=0.73
Aux F1 - ConfusionMatrix:
51.0  0.0   
11.0  29.0  

Best F1 so far - 0.94 at iteration:0


0.38|sensimeliajah think go away fukushima wont go away aint thing make go away wakeup
0.2|fukushima fallout
0.19|prettyweirddude flower fukushima
0.38|andrew late fukushima disaster preventable study suggest exercise
0.15|encuentran margarita en alrededores de fukushima tecnologia
0.37|wtfukushima fukushima radiation map pacific could bolster climate science
0.31|ff round upd usual suspect politibunny wtfukushima scoopit
0.31|blog post increase cancer birth defect fukushima say un report
0.33|contender tokyo paula hancock report tokyo question fukushima nuclear
0.07|kebocoran radioaktif kembali terjadi di pltn fukushima kebocoran radioaktif kembali terdeteksi di
0.28|deform daisy fukushima via enjoy
0.14|interview japanese novelist write
0.16|jepang protes kartun fukushima jepang protes kartun di koran perancis yang mengaitkan penunjukan olimpiade
0.38|point kaplan markov robot ready tackle disaster machine replace dirty tough job milkeninstitute
0.42|rabbit hole popeye mid est fukushima update curb police militarization
0.27|rahul gandhi deja reza charles inworld conspiracy fukushima expose disinformers follow realdatill news
0.32|atomic energy team visit fukushima power plant international atomic energy agency team begin
0.32|xpertwirschaft doubt government would anything right solve anything
0.32|radioactive ocean impact fukushima pacific
0.16|luzsmellado ante de eclipsarme participo que rosell un autentico fukushima ni en caso de catastrofe radioactiva
Retrieved 15 new auxiliary tweets.
0.0|atomic energy team visit fukushima power plant international atomic energy agency team begin
0.0|xpertwirschaft doubt government would anything right solve anything
0.0|prettyweirddude flower fukushima
0.0|encuentran margarita en alrededores de fukushima tecnologia
0.0|jepang protes kartun fukushima jepang protes kartun di koran perancis yang mengaitkan penunjukan olimpiade
0.0|rahul gandhi deja reza charles inworld conspiracy fukushima expose disinformers follow realdatill news
0.0|fukushima fallout
0.0|ff round upd usual suspect politibunny wtfukushima scoopit
0.0|blog post increase cancer birth defect fukushima say un report
0.0|radioactive ocean impact fukushima pacific
0.0|luzsmellado ante de eclipsarme participo que rosell un autentico fukushima ni en caso de catastrofe radioactiva
0.0|contender tokyo paula hancock report tokyo question fukushima nuclear
0.0|kebocoran radioaktif kembali terjadi di pltn fukushima kebocoran radioaktif kembali terdeteksi di
0.0|deform daisy fukushima via enjoy
0.0|interview japanese novelist write
()Getting CNN classification labels from http://localhost:5000/cnn_train_and_get_prediction_labels?trainingFolder=463c9a19-3bfb-4e1b-a328-c25661a1ea23-severeweather-Iteration-6&ngram=1

Aux F1 - Iteration-6=0.82
Precision=1.0
Recall=0.63
Aux F1 - ConfusionMatrix:
51.0  0.0   
15.0  25.0  

Best F1 so far - 0.94 at iteration:0


0.25|lucy occupy read share fukushima nuclear
0.25|fukushima industry mascot cause stir name
0.33|martin use high shit show
0.2|peringati tahun tsunami jepang adakan konser amal maret yang lalu gempa dan tsunami
0.24|dikasi tsunami seneng mpo retnohayuning akhirnya priok hujan jugaa
0.25|museum tsunami aceh aceh
0.38|wait even offensive lmao
0.0|nomypti roznamapatwarkhana roznamapatwarkhana roznamapatwarkhana roznamapatwarkhana
0.3|kenapa byk sgt eh jerawat tetiba naik nak tsunami hihi kelakar nya good night
0.25|cfr japan tsunami fukushima earthquake nazism zionism occupy nwo
0.37|misskrisbenten actual tsunami outside school
0.38|tsunami study find southern california risk
0.22|miguelcader para conocimiento general se descarta alerta de tsunami para costa argentina por terremoto en antartida
0.22|tankengliang najibrazak kesian india dan melayu yg vote depa nak dilabel tsunami hahaha
0.26|shehzadsiddiqui arjumand azhar right ary news
0.46|robertliefeld marvel go new look seriously duck cuz tsunami crush
0.28|niconicolettexx hot video preview niconicolettexx manyvids camgirl manyvids
0.26|finish second paper senior food fourpages thirtyminutes endingseniorfoodsright
0.24|state rank obesity
0.35|focus obesity school may encourage eat lead doctor warn
Retrieved 16 new auxiliary tweets.
0.0|niconicolettexx hot video preview niconicolettexx manyvids camgirl manyvids
0.0|finish second paper senior food fourpages thirtyminutes endingseniorfoodsright
0.0|dikasi tsunami seneng mpo retnohayuning akhirnya priok hujan jugaa
0.0|museum tsunami aceh aceh
0.0|cfr japan tsunami fukushima earthquake nazism zionism occupy nwo
0.0|miguelcader para conocimiento general se descarta alerta de tsunami para costa argentina por terremoto en antartida
0.0|martin use high shit show
0.0|peringati tahun tsunami jepang adakan konser amal maret yang lalu gempa dan tsunami
0.0|lucy occupy read share fukushima nuclear
0.0|fukushima industry mascot cause stir name
0.0|tankengliang najibrazak kesian india dan melayu yg vote depa nak dilabel tsunami hahaha
0.0|shehzadsiddiqui arjumand azhar right ary news
0.0|nomypti roznamapatwarkhana roznamapatwarkhana roznamapatwarkhana roznamapatwarkhana
0.0|kenapa byk sgt eh jerawat tetiba naik nak tsunami hihi kelakar nya good night
0.0|state rank obesity
0.0|focus obesity school may encourage eat lead doctor warn
()Getting CNN classification labels from http://localhost:5000/cnn_train_and_get_prediction_labels?trainingFolder=ad232e6b-66b1-4ddc-a003-37df26134b19-severeweather-Iteration-7&ngram=1

Aux F1 - Iteration-7=0.88
Precision=1.0
Recall=0.75
Aux F1 - ConfusionMatrix:
51.0  0.0   
10.0  30.0  

Best F1 so far - 0.94 at iteration:0


0.31|drernieward national pet obesity survey result dog cat overweight obese accord
0.37|meet old friend suddenly realise go like time obesity
0.3|ayurvedicdiet plan personalise consult health problem obesity weight reduction diabetes arthritis stress
0.33|bad appetizer america health obesity nutrionalfacts
0.29|zestnutrition one disagree decision ama decision without
0.4|twinkie come know great country would anything jeopardize obesity
0.38|avertadisaster several healthy food drive come wale childhood obesity rat avertadisaster
0.25|lose weight teal episode weight loss
0.29|lenasiberian fat city obesity nyc nanny
0.22|googlenews opinion obesity market failure lithuaniatribune lithuaniatribune opinion obesity
0.24|weight loss program obesity chronic disease
0.29|average child consume calorie day
0.41|pretty sure ive eat obesity today alone
0.33|competitive food beverage policy find reduce childhood obesity policy adopt regulate
0.27|theobesitytrap belviq target fat mass spar lean diet obesity
0.42|kansa city home unironic camo hat dead tree obesity slow painful conversation stranger distant relative
0.33|damn childhood obesity ruin snack remember size
0.4|jefferson tell america danger mo say obesity great stick
0.31|walk work cut risk obesity
0.41|seriously every person see pic two right indiana obesity
Retrieved 13 new auxiliary tweets.
0.0|damn childhood obesity ruin snack remember size
0.0|walk work cut risk obesity
0.0|average child consume calorie day
0.0|lose weight teal episode weight loss
0.0|lenasiberian fat city obesity nyc nanny
0.0|ayurvedicdiet plan personalise consult health problem obesity weight reduction diabetes arthritis stress
0.0|bad appetizer america health obesity nutrionalfacts
0.0|googlenews opinion obesity market failure lithuaniatribune lithuaniatribune opinion obesity
0.0|weight loss program obesity chronic disease
0.0|competitive food beverage policy find reduce childhood obesity policy adopt regulate
0.0|theobesitytrap belviq target fat mass spar lean diet obesity
0.0|zestnutrition one disagree decision ama decision without
0.0|drernieward national pet obesity survey result dog cat overweight obese accord
()Getting CNN classification labels from http://localhost:5000/cnn_train_and_get_prediction_labels?trainingFolder=9b3888e4-b3ab-49df-bc18-105133327277-severeweather-Iteration-8&ngram=1

Aux F1 - Iteration-8=0.92
Precision=1.0
Recall=0.83
Aux F1 - ConfusionMatrix:
51.0  0.0   
7.0   33.0  

Best F1 so far - 0.94 at iteration:0


0.38|watch shepard smith compare obesity climate denial
0.33|nyc fast food worker oh shit obesity rate
0.32|cut food stamp hamper obesity fight via healthnewsfl
0.33|weigh obesity fight hartford business
0.35|peanut butter bacon milkshake please take moment silence pray obesity
0.22|deal childhood obesity
0.3|lack sleep increase risk heart disease diabetes
0.27|organicbabygift obesogens avoid chemical link child obesity
0.42|obesity poverty pride really make southern football south
0.29|toendobesity chelseaclinton offer tip battle childhood obesity
0.25|obesity link problem pregnancy pregnancyhealthproblems pregnancydiet via
0.18|lyrapro support ttmc support mio support teenage obesity
0.24|act love blog
0.34|nyphospital treat obesity need public health approach policy environmental change abcdrbchat
0.27|give antibiotic baby may lead obesity researcher claim mouse give antibiotic first
0.4|last week post article sit time kill seem
0.3|prioritize weight cost obesity disease accompany cost government
0.29|oldpicsarchive yet accord doctor obesity exist
0.26|view obesity report today
0.31|stevestfler son die due childhood fat kid eat
Retrieved 17 new auxiliary tweets.
0.0|obesity link problem pregnancy pregnancyhealthproblems pregnancydiet via
0.0|lyrapro support ttmc support mio support teenage obesity
0.0|act love blog
0.0|nyphospital treat obesity need public health approach policy environmental change abcdrbchat
0.0|deal childhood obesity
0.0|lack sleep increase risk heart disease diabetes
0.0|nyc fast food worker oh shit obesity rate
0.0|cut food stamp hamper obesity fight via healthnewsfl
0.0|organicbabygift obesogens avoid chemical link child obesity
0.0|toendobesity chelseaclinton offer tip battle childhood obesity
0.0|give antibiotic baby may lead obesity researcher claim mouse give antibiotic first
0.0|prioritize weight cost obesity disease accompany cost government
0.0|weigh obesity fight hartford business
0.0|peanut butter bacon milkshake please take moment silence pray obesity
0.0|oldpicsarchive yet accord doctor obesity exist
0.0|view obesity report today
0.0|stevestfler son die due childhood fat kid eat
()Getting CNN classification labels from http://localhost:5000/cnn_train_and_get_prediction_labels?trainingFolder=3c87610a-99c7-4ebe-9ab2-7b9cbadc432c-severeweather-Iteration-9&ngram=1

Aux F1 - Iteration-9=0.91
Precision=1.0
Recall=0.8
Aux F1 - ConfusionMatrix:
51.0  0.0   
8.0   32.0  

Best F1 so far - 0.94 at iteration:0


0.35|baby owl sleep like study could help researcher understand function rem sleep obesity
0.39|twloha second big killer develop bet even mention disorder
0.27|therapeutic bacteria prevent obesity mouse study find
0.26|inflammation link obesity gum disease accord literature review journal general
0.25|live obesity world
0.36|hope alexis texas girl finally get obesity surgery
0.32|obesity overweight rat jump worldwide report find
0.37|study nyc good la cut obesity usa today nbc new yorkstudy nyc good la
0.33|eat much junk food cause
0.29|texas flood lagu yang sering kamu dengar
0.35|dig mission hill tho
0.45|alert acadia parish kplc flood warn issue january cst
0.44|georgian capital flood kill zoo animal escape several shoot dead georgia
0.38|spam simplysharita imma flood yall tl drake lyric fall asleep
0.28|ty sa flood bhest
0.47|news hard believe em may due flood fund
0.45|tbeckett nw flash flood warn henderson buncombe flood occur location avlnews hvlnews
0.39|open dey flood gate heaven let
0.4|texas flood show fuel rock club cardiff wls concert
0.41|problem email administration downtime bring flood help call follow
Retrieved 9 new auxiliary tweets.
0.0|texas flood lagu yang sering kamu dengar
0.0|dig mission hill tho
0.0|ty sa flood bhest
0.0|inflammation link obesity gum disease accord literature review journal general
0.0|obesity overweight rat jump worldwide report find
0.0|therapeutic bacteria prevent obesity mouse study find
0.0|live obesity world
0.0|baby owl sleep like study could help researcher understand function rem sleep obesity
0.0|eat much junk food cause
()Getting CNN classification labels from http://localhost:5000/cnn_train_and_get_prediction_labels?trainingFolder=1da99fd9-e44c-421a-83e4-5d5f50f7dcd5-severeweather-Iteration-10&ngram=1

Aux F1 - Iteration-10=0.87
Precision=1.0
Recall=0.73
Aux F1 - ConfusionMatrix:
51.0  0.0   
11.0  29.0  

Best F1 so far - 0.94 at iteration:0


0.42|flood yes know stop worry
0.4|house fire natomas homeowner find flood law sacramento
0.4|start flood tl
0.36|report healthy chesapeake bay worth billion year virginia
0.42|missouri valley flood victim ass damage
0.58|final snowfall flood fear late band wintry weather begin heavy
0.45|new areal flood warn pm mdt weld read
0.18|flood yung text ko sakanya tawag pa siya isang text
0.56|storm tree flood road across chicago area
0.52|national weather service issue flash flood warn lee hancock henderson mcdonough
0.4|thousand flood camp central african republic
0.36|dis lil cool bitch im fuckin ona marble flood
0.39|open flood gate heavan let
0.41|actually ok lately usually always flood thought love go wrong relationship
0.34|brunohlpires flood
0.37|westgate mfg fl pl flood flood light westgate mfg pl flood light
0.37|affilirovannyj market flood house business cash six easy step ebook
0.29|ibnlive assam flood every assam
0.48|flood advisory continue follow river sw low sycamore creek holt affect
0.36|lupefiasco talk bout flood
Retrieved 5 new auxiliary tweets.
1.0|storm tree flood road across chicago area
1.0|final snowfall flood fear late band wintry weather begin heavy
0.0|brunohlpires flood
0.0|flood yung text ko sakanya tawag pa siya isang text
0.0|ibnlive assam flood every assam
()Getting CNN classification labels from http://localhost:5000/cnn_train_and_get_prediction_labels?trainingFolder=35ed0210-e6e8-4522-9d58-7c8f095beed0-severeweather-Iteration-11&ngram=1

Aux F1 - Iteration-11=0.94
Precision=1.0
Recall=0.88
Aux F1 - ConfusionMatrix:
51.0  0.0   
5.0   35.0  

Best F1 so far - 0.94 at iteration:0


0.45|sandy new threat soar flood insurance via wsj
0.33|paniconaband flood msm
0.37|flash flood warn phone
0.1|wagas sa wechat hahahahahhahaaha
0.43|flash flood warn issue june edt june edt nw state college
0.34|support biafra right save country stress refugee
0.4|sumerian king list span year great flood
0.38|join worry flood
0.35|oomf use flood da iswearrrr
0.26|tell baby shiiiieeet
0.46|bad news bird democracy gm crop flood eu unless meps vote via
0.39|flood aid spend slow labour
0.39|flood movie haha forget
0.46|road full idiot oahu flood advisory issue honolulupolice
0.27|lafuzzynoir come blood
0.43|tell secret give friend let good time flood
0.34|open flood gate pat
0.4|tolt river near carnation ft jan flood phase
0.27|match report tunis al ahly cafchampionsleague football soccer africa
0.21|monaeltahawy female journalist savagely attack cairo egypt
Retrieved 9 new auxiliary tweets.
0.0|open flood gate pat
0.0|wagas sa wechat hahahahahhahaaha
0.0|oomf use flood da iswearrrr
0.0|match report tunis al ahly cafchampionsleague football soccer africa
0.0|monaeltahawy female journalist savagely attack cairo egypt
0.0|tell baby shiiiieeet
0.0|support biafra right save country stress refugee
0.0|paniconaband flood msm
0.0|lafuzzynoir come blood
()Getting CNN classification labels from http://localhost:5000/cnn_train_and_get_prediction_labels?trainingFolder=103f5ea4-0a03-40a1-96a5-c4612bec7bf3-severeweather-Iteration-12&ngram=1

Aux F1 - Iteration-12=0.86
Precision=1.0
Recall=0.7
Aux F1 - ConfusionMatrix:
51.0  0.0   
12.0  28.0  

Best F1 so far - 0.94 at iteration:0


0.17|egypt alien
0.43|another question head referendum committee hour leave round egypt
0.2|proud egyptian fb tahrir egypt
0.19|per ogni sorpresina di oggi dobbiamo sempre ringraziare tantawi per quella notte tragica cui sciolse il parlamento per egypt
0.31|photography update anti muslim brotherhood protest egypt mb ikhwan morsi
0.36|egypt fat black girl get spank big cock lol
0.32|ianinegypt scene outside presidential egypt
0.16|egypt
0.27|egypt salafists order coptic church land egypt salafist copt
0.31|translate egypt clash alexandria phase referendum egyptian
0.34|egypt protest morsi power grab first flower arabspring shalom cohen
0.3|eyeoncambodia egypt right obama egypt murder violation human right eh
0.23|brotherhood become psychiatrist via ahramonline morsi islamist salafists egypt
0.55|miss summer weather sky instaweather instaweatherpro outdoors nature el dokki egypt day autumn
0.23|ibrahim eissa host hamdeen sabbahi tonight al qahera wal na egypt
0.37|say gaddafi take state full tahrir egypt
0.31|tt nilenewschannel greek president israel take gas oil resource
0.21|love hate egyptian
0.27|egypt islamist moron proudly present item threaten book christ cartridge
0.4|vote period extend due high turnout say sec lack egypt
Retrieved 15 new auxiliary tweets.
0.0|translate egypt clash alexandria phase referendum egyptian
0.0|egypt protest morsi power grab first flower arabspring shalom cohen
0.0|eyeoncambodia egypt right obama egypt murder violation human right eh
0.0|brotherhood become psychiatrist via ahramonline morsi islamist salafists egypt
0.0|egypt
0.0|egypt salafists order coptic church land egypt salafist copt
0.0|photography update anti muslim brotherhood protest egypt mb ikhwan morsi
0.0|ianinegypt scene outside presidential egypt
0.0|egypt alien
0.0|ibrahim eissa host hamdeen sabbahi tonight al qahera wal na egypt
0.0|tt nilenewschannel greek president israel take gas oil resource
0.0|love hate egyptian
0.0|egypt islamist moron proudly present item threaten book christ cartridge
0.0|proud egyptian fb tahrir egypt
0.0|per ogni sorpresina di oggi dobbiamo sempre ringraziare tantawi per quella notte tragica cui sciolse il parlamento per egypt
()Getting CNN classification labels from http://localhost:5000/cnn_train_and_get_prediction_labels?trainingFolder=459e3350-daee-431a-a150-74027cf73508-severeweather-Iteration-13&ngram=1

Aux F1 - Iteration-13=0.72
Precision=1.0
Recall=0.45
Aux F1 - ConfusionMatrix:
51.0  0.0   
22.0  18.0  

Best F1 so far - 0.94 at iteration:0


0.28|shalandawilkers flagman egypt camel israel give terrorist
0.37|mt koertdebeuf baradei cnn ready national first postpone dialogue damoclese egypt
0.24|egypt draw
0.25|egypt masr april leader quit constituent assembly sinai
0.28|antonywahba protest firework laser egypt palace
0.28|safarkhan art egypt november exhibition wael darwish pm till november
0.26|egypt footage wow nostalgia
0.31|egypt love much hahaha
0.21|egypt semi retard
0.4|egypt little reason celebrate south first birthday
0.24|muslim hq set ablaze office egypt ikhwan
0.35|morsy talk hand create presidential palace civil war egypt
0.17|ankh british museum hieroglyphic egypt ankh
0.17|islamist egypt morsi tahrir auc
0.36|destruction heritage sit syria raise question cost democracy occupy ows occupywallstreet
0.41|nyc forecast overnight partly low temp occupywallstreet tpp
0.41|nyc forecast afternoon high temp occupywallstreet tpp sgp
0.39|link city underwater year occupy ows occupywallstreet occupyhq grassroots usa
0.28|vietnamese lawyer face obstruction ahead trial occupy ows occupywallstreet occupyhq grassroots
0.24|andrew curtin photo selfie occupy ows occupywallstreet occupyhq grassroots
Retrieved 14 new auxiliary tweets.
0.0|ankh british museum hieroglyphic egypt ankh
0.0|islamist egypt morsi tahrir auc
0.0|egypt draw
0.0|egypt masr april leader quit constituent assembly sinai
0.0|muslim hq set ablaze office egypt ikhwan
0.0|morsy talk hand create presidential palace civil war egypt
0.0|antonywahba protest firework laser egypt palace
0.0|safarkhan art egypt november exhibition wael darwish pm till november
0.0|egypt semi retard
0.0|egypt footage wow nostalgia
0.0|egypt love much hahaha
0.0|shalandawilkers flagman egypt camel israel give terrorist
0.0|vietnamese lawyer face obstruction ahead trial occupy ows occupywallstreet occupyhq grassroots
0.0|andrew curtin photo selfie occupy ows occupywallstreet occupyhq grassroots
()Getting CNN classification labels from http://localhost:5000/cnn_train_and_get_prediction_labels?trainingFolder=f68ae728-7dea-48ef-83eb-045e7d0e5e53-severeweather-Iteration-14&ngram=1

Aux F1 - Iteration-14=0.74
Precision=1.0
Recall=0.48
Aux F1 - ConfusionMatrix:
51.0  0.0   
21.0  19.0  

Best F1 so far - 0.94 at iteration:0


0.41|nyc forecast wed night low temp occupywallstreet glennbeck tcot
0.33|alex schaefer burn bank occupy ows occupywallstreet occupyhq grassroots
0.25|study economic inequality lead downfall civilization
0.33|dome special slideshow occupy ows occupywallstreet occupyhq grassroots
0.26|cme break occupy ows occupywallstreet occupyhq
0.42|nyc forecast mon high temp get smart occupywallstreet sgp
0.36|preview death bin lade revisted nightly news video occupy ows occupywallstreet occupyhq
0.31|irs rule bitcoin property subject capital gain tax occupy ows occupywallstreet occupyhq grassroots
0.22|confession juiced journalist occupy ows occupywallstreet occupyhq grassroots
0.27|ows kitchen nostalgia submit
0.44|nyc forecast sit night partly low temp occupywallstreet tcot
0.4|nyc forecast fri night low temp occupywallstreet topprog glennbeck
0.3|israel gaza big picture occupy ows occupywallstreet occupyhq grassroots usa canada europe
0.46|nyc forecast sun night mostly low temp occupywallstreet tpp glennbeck
0.28|secretive turkish movement buy influence occupy ows occupywallstreet occupyhq grassroots usa
0.44|nyc forecast sit night mostly low temp occupywallstreet tcot tcot
0.41|nyc forecast afternoon high temp occupywallstreet tpp
0.34|buy custom nyc street sign may suggest
0.35|jesse jackson call symbolic protest clipper player occupy ows occupywallstreet occupyhq
0.33|brussels conference un stress need approach stabilize mali occupy ows occupywallstreet
Retrieved 12 new auxiliary tweets.
0.0|buy custom nyc street sign may suggest
0.0|irs rule bitcoin property subject capital gain tax occupy ows occupywallstreet occupyhq grassroots
0.0|confession juiced journalist occupy ows occupywallstreet occupyhq grassroots
0.0|jesse jackson call symbolic protest clipper player occupy ows occupywallstreet occupyhq
0.0|brussels conference un stress need approach stabilize mali occupy ows occupywallstreet
0.0|cme break occupy ows occupywallstreet occupyhq
0.0|ows kitchen nostalgia submit
0.0|alex schaefer burn bank occupy ows occupywallstreet occupyhq grassroots
0.0|israel gaza big picture occupy ows occupywallstreet occupyhq grassroots usa canada europe
0.0|secretive turkish movement buy influence occupy ows occupywallstreet occupyhq grassroots usa
0.0|study economic inequality lead downfall civilization
0.0|dome special slideshow occupy ows occupywallstreet occupyhq grassroots
()Getting CNN classification labels from http://localhost:5000/cnn_train_and_get_prediction_labels?trainingFolder=d8725cf0-cca2-4f85-bbd3-7922c0ae7793-severeweather-Iteration-15&ngram=1

Aux F1 - Iteration-15=0.66
Precision=1.0
Recall=0.35
Aux F1 - ConfusionMatrix:
51.0  0.0   
26.0  14.0  

Best F1 so far - 0.94 at iteration:0


0.33|occupywallstreet give nypd perfect excuse crack elderly veteran
0.3|colombia justice peace law failure expert say occupy ows occupywallstreet occupyhq grassroots
0.27|soil association disown say resign trustee occupy ows occupywallstreet occupyhq
0.3|cull human herd century occupy ows occupywallstreet occupyhq grassroots
0.17|support brother sister occupygezi reoccupy zuccotti occupywallstreet
0.29|may ga reid park occupy ows occupywallstreet occupyhq grassroots usa canada
0.28|unhcr urge prevent refugee expulsion uae occupy ows occupywallstreet occupyhq grassroots
0.34|new corvette spytech record conversation video occupy ows occupywallstreet occupyhq grassroots usa
0.27|hilaryclinton run president hilary care olsx teamster occupywallstreet
0.36|japan next economic domino occupy ows occupywallstreet occupyhq grassroots
0.38|dear state department moral authority tell country treat protest occupywallstreet
0.28|together jefferson airplane occupywallstreet
0.29|politico rand paul marco rubio differ iraq action occupy ows occupywallstreet occupyhq grassroots
0.45|nyc forecast fri night mostly low temp get smart occupywallstreet tlot tlot
0.27|banky bbc news occupy ows occupywallstreet occupyhq grassroots
0.4|nyc forecast tue night low temp occupywallstreet teaparty
0.25|alliancebl give bank tab occupywallstreet
0.38|ban kettle hairdryers help climate change occupy ows occupywallstreet
0.34|fin fraud jp morgan agree pay record settle charge toxic mortgage occupywallstreet
0.31|shooter moncton phone report part video occupy ows occupywallstreet occupyhq
Retrieved 15 new auxiliary tweets.
0.0|occupywallstreet give nypd perfect excuse crack elderly veteran
0.0|cull human herd century occupy ows occupywallstreet occupyhq grassroots
0.0|support brother sister occupygezi reoccupy zuccotti occupywallstreet
0.0|banky bbc news occupy ows occupywallstreet occupyhq grassroots
0.0|alliancebl give bank tab occupywallstreet
0.0|may ga reid park occupy ows occupywallstreet occupyhq grassroots usa canada
0.0|unhcr urge prevent refugee expulsion uae occupy ows occupywallstreet occupyhq grassroots
0.0|fin fraud jp morgan agree pay record settle charge toxic mortgage occupywallstreet
0.0|shooter moncton phone report part video occupy ows occupywallstreet occupyhq
0.0|colombia justice peace law failure expert say occupy ows occupywallstreet occupyhq grassroots
0.0|soil association disown say resign trustee occupy ows occupywallstreet occupyhq
0.0|together jefferson airplane occupywallstreet
0.0|politico rand paul marco rubio differ iraq action occupy ows occupywallstreet occupyhq grassroots
0.0|new corvette spytech record conversation video occupy ows occupywallstreet occupyhq grassroots usa
0.0|hilaryclinton run president hilary care olsx teamster occupywallstreet
()Getting CNN classification labels from http://localhost:5000/cnn_train_and_get_prediction_labels?trainingFolder=0bb49bc1-bacd-410f-bb59-6a528147dd86-severeweather-Iteration-16&ngram=1

Aux F1 - Iteration-16=0.87
Precision=1.0
Recall=0.73
Aux F1 - ConfusionMatrix:
51.0  0.0   
11.0  29.0  

Best F1 so far - 0.94 at iteration:0


0.29|reason question investigate anniversary occupy ows occupywallstreet occupyhq
0.23|government privatization support inequality occupy ows opesr occupyhq
0.36|welcome back lobbyist obama save seat capitol hill occupy ows occupywallstreet occupyhq
0.31|surveillance camera soon read lip video occupy ows occupywallstreet occupyhq grassroots
0.31|rand woman problem occupy ows occupywallstreet occupyhq grassroots
0.34|unhcr condemn deadly attack homs collective shelter occupy ows occupywallstreet occupyhq grassroots
0.41|nyc forecast wed high temp get smart occupywallstreet ocra teaparty
0.29|rat meat sell lamb china occupy ows occupywallstreet occupyhq grassroots
0.21|gunfail ix occupy ows occupywallstreet occupyhq grassroots
0.33|work poor welcome occupy ows occupywallstreet occupyhq grassroots usa canada
0.46|nyc forecast mon night low temp get smart occupywallstreet topprog glennbeck
0.29|maddowblog agenda reek radicalism turn notch
0.41|nyc forecast wed night low temp occupywallstreet sgp
0.3|green group accuse trash reputation overseas occupy ows occupywallstreet occupyhq
0.14|noamchomsky quote mymanatee ows occupywallstreet
0.26|santa give present rich occupywallstreet perpetuatingpoverty
0.13|il movimento mondiale osservato anche da nel andremo micah white
0.34|texas appalachia put body line occupy ows occupywallstreet occupyhq grassroots
0.1|shugdenlibrary dalai lama slave owner dalailama lamagate occupywallstreet
0.2|include contradiction democracy centralism leadership lead ows occupywallstreet
Retrieved 16 new auxiliary tweets.
0.0|shugdenlibrary dalai lama slave owner dalailama lamagate occupywallstreet
0.0|include contradiction democracy centralism leadership lead ows occupywallstreet
0.0|gunfail ix occupy ows occupywallstreet occupyhq grassroots
0.0|work poor welcome occupy ows occupywallstreet occupyhq grassroots usa canada
0.0|surveillance camera soon read lip video occupy ows occupywallstreet occupyhq grassroots
0.0|rand woman problem occupy ows occupywallstreet occupyhq grassroots
0.0|maddowblog agenda reek radicalism turn notch
0.0|green group accuse trash reputation overseas occupy ows occupywallstreet occupyhq
0.0|unhcr condemn deadly attack homs collective shelter occupy ows occupywallstreet occupyhq grassroots
0.0|rat meat sell lamb china occupy ows occupywallstreet occupyhq grassroots
0.0|reason question investigate anniversary occupy ows occupywallstreet occupyhq
0.0|government privatization support inequality occupy ows opesr occupyhq
0.0|il movimento mondiale osservato anche da nel andremo micah white
0.0|texas appalachia put body line occupy ows occupywallstreet occupyhq grassroots
0.0|noamchomsky quote mymanatee ows occupywallstreet
0.0|santa give present rich occupywallstreet perpetuatingpoverty
()Getting CNN classification labels from http://localhost:5000/cnn_train_and_get_prediction_labels?trainingFolder=8dc41a4a-bc40-4912-909d-5dd7001dcceb-severeweather-Iteration-17&ngram=1

Aux F1 - Iteration-17=0.75
Precision=1.0
Recall=0.5
Aux F1 - ConfusionMatrix:
51.0  0.0   
20.0  20.0  

Best F1 so far - 0.94 at iteration:0


0.37|global may day protest austerity death bangladeshi worker via youtube ows occupywallstreet
0.25|decolonize pipeline resistance interview freda huson occupy ows occupywallstreet occupyhq grassroots
0.41|nyc forecast thu night mostly low temp occupywallstreet tpp topprog
0.23|win mt gaypatriot occupywallstreet communist occupyhongkong
0.39|may day la schedule occupy ows occupywallstreet occupyhq grassroots
0.22|kelly thomas verdict cop license murder filmthepolice anonfamily opsafewinter occupywallstreet
0.31|hqoccupy sudanese trader kill south sudan ambush occupy ows occupywallstreet occupyhq grassroots
0.41|nyc forecast wed night low temp occupywallstreet ocra topprog
0.32|iran two ahwazi arab men risk imminent execution occupy ows occupywallstreet occupyhq grassroots
0.23|amateur activist occupy ows occupywallstreet occupyhq grassroots usa canada
0.41|nyc forecast sun high temp occupywallstreet tpp tpp
0.25|greek police arrest editor weekly magazine dissent ows occupygreece occupywallstreet
0.27|news november occupy ows occupywallstreet occupyhq grassroots usa canada
0.27|malala receive liberty medal occupy ows occupywallstreet occupyhq grassroots usa canada
0.32|pentagon ready train syrian rebel occupy ows occupywallstreet occupyhq grassroots usa
0.42|nyc forecast wed night mostly low temp occupywallstreet tpp topprog
0.39|turkey withstand hostage ordeal say turkish pm occupy ows occupywallstreet occupyhq grassroots usa
0.28|hardliner impeach moderate minister green movement protest occupy ows occupywallstreet
0.33|silent crisis bahrain opposition seek support international attention russia occupy ows occupywallstreet
0.3|celente world currency trouble occupy ows occupywallstreet occupyhq grassroots
Retrieved 13 new auxiliary tweets.
0.0|silent crisis bahrain opposition seek support international attention russia occupy ows occupywallstreet
0.0|celente world currency trouble occupy ows occupywallstreet occupyhq grassroots
0.0|malala receive liberty medal occupy ows occupywallstreet occupyhq grassroots usa canada
0.0|pentagon ready train syrian rebel occupy ows occupywallstreet occupyhq grassroots usa
0.0|hardliner impeach moderate minister green movement protest occupy ows occupywallstreet
0.0|iran two ahwazi arab men risk imminent execution occupy ows occupywallstreet occupyhq grassroots
0.0|greek police arrest editor weekly magazine dissent ows occupygreece occupywallstreet
0.0|news november occupy ows occupywallstreet occupyhq grassroots usa canada
0.0|hqoccupy sudanese trader kill south sudan ambush occupy ows occupywallstreet occupyhq grassroots
0.0|decolonize pipeline resistance interview freda huson occupy ows occupywallstreet occupyhq grassroots
0.0|win mt gaypatriot occupywallstreet communist occupyhongkong
0.0|amateur activist occupy ows occupywallstreet occupyhq grassroots usa canada
0.0|kelly thomas verdict cop license murder filmthepolice anonfamily opsafewinter occupywallstreet
()Getting CNN classification labels from http://localhost:5000/cnn_train_and_get_prediction_labels?trainingFolder=1d3b35d8-c77c-4d5c-b99a-65d95886fc43-severeweather-Iteration-18&ngram=1

Aux F1 - Iteration-18=0.77
Precision=1.0
Recall=0.53
Aux F1 - ConfusionMatrix:
51.0  0.0   
19.0  21.0  

Best F1 so far - 0.94 at iteration:0


0.18|return pluribus occupy opesr ows
0.39|bureau reclamation release additional flow avert klamath river fish occupy ows
0.41|nyc forecast mon night low temp occupywallstreet tlot sgp
0.37|phoenix last night cop kill unarm black man afraid prescription bottle occupy
0.43|nyc forecast mon night mostly low temp occupywallstreet topprog tcot
0.32|syria meet end solution occupy ows occupywallstreet occupyhq grassroots
0.27|giovalenzi il natale vince su tutto capodanno nella grande happy new year
0.43|nyc forecast sit night low temp occupywallstreet ocra sgp
0.42|nyc forecast wed night mostly low temp occupywallstreet tpp
0.15|alle reden zur deutsche bank hauptversammlung frankfurt occupy ows
0.43|nyc forecast fri partly high temp get smart occupywallstreet tlot topprog
0.32|qe backfire dividend quest usurp growth cut research quantitative ease may make
0.41|crisis southern new part occupy ows occupywallstreet occupyhq grassroots
0.28|egypt wassssssuuuuuupppp ur horny watch lol
0.32|get egypt
0.24|sumofmind sumofmind sumofmind archive sexually harass keep amman cairo egypt jordan sexu
0.25|egypt serious
0.32|egypt jordan work hard employ disable worker tahrir
0.32|sun truth europe
0.23|bbm pin add mufc manchesterunited bbmshare bbpins egypt blackberrypins blackberrymessenger dubai manchesterbbmpins
Retrieved 12 new auxiliary tweets.
0.0|get egypt
0.0|sumofmind sumofmind sumofmind archive sexually harass keep amman cairo egypt jordan sexu
0.0|egypt serious
0.0|syria meet end solution occupy ows occupywallstreet occupyhq grassroots
0.0|giovalenzi il natale vince su tutto capodanno nella grande happy new year
0.0|egypt jordan work hard employ disable worker tahrir
0.0|return pluribus occupy opesr ows
0.0|alle reden zur deutsche bank hauptversammlung frankfurt occupy ows
0.0|qe backfire dividend quest usurp growth cut research quantitative ease may make
0.0|egypt wassssssuuuuuupppp ur horny watch lol
0.0|sun truth europe
0.0|bbm pin add mufc manchesterunited bbmshare bbpins egypt blackberrypins blackberrymessenger dubai manchesterbbmpins
()Getting CNN classification labels from http://localhost:5000/cnn_train_and_get_prediction_labels?trainingFolder=91667b1f-649e-4a25-a7bd-98fde21ee1e3-severeweather-Iteration-19&ngram=1

Aux F1 - Iteration-19=0.62
Precision=1.0
Recall=0.3
Aux F1 - ConfusionMatrix:
51.0  0.0   
28.0  12.0  

Best F1 so far - 0.94 at iteration:0


0.29|sharm el sheikh egypt weather fair sharm egypt
0.21|riiiiiposo morsi polipo itihadeya egypt os circondato da csf army
0.36|alexandria egypt weather fair alexandria egypt
0.3|egypt giggle rear end ofhttp
0.32|egypt masr uk move towards syria opposition sinai
0.27|spanish court uphold decision hand salem spain egypt
0.26|usa russia fsa gain grind putin obama eu uk turkey lebanon egypt
0.17|palestinianleadership overseasleadership hamas page iran mqmtelevision
0.35|askliam ok go sometime go egypt
0.25|egypt uae oxycodone liver toxicity buy tramadol glitter antique saudi ksa bhr
0.34|notice tomorrow safar make egypt islam
0.34|egypt two son make cry
0.27|egypt visit place
0.24|egypt condition cairo eg eet egyweather
0.27|egyindependent four egyptian activist gaza injure israeli fire convoy palestine egypt
0.23|egypt douche bag mousterbates pic alien lol
0.26|remember place kuwait egypt london lebanon syria instapic instaphoto instamood
0.37|break central bank governor resign post news aswat masriya egypt
0.32|mrsedky dear unite state bitch dictator morsi obama egypt politics tahrir
0.29|beautiful sunset cairo egypt
Retrieved 18 new auxiliary tweets.
0.0|egypt visit place
0.0|remember place kuwait egypt london lebanon syria instapic instaphoto instamood
0.0|mrsedky dear unite state bitch dictator morsi obama egypt politics tahrir
0.0|beautiful sunset cairo egypt
0.0|egypt condition cairo eg eet egyweather
0.0|egyindependent four egyptian activist gaza injure israeli fire convoy palestine egypt
0.0|egypt douche bag mousterbates pic alien lol
0.0|egypt giggle rear end ofhttp
0.0|egypt masr uk move towards syria opposition sinai
0.0|sharm el sheikh egypt weather fair sharm egypt
0.0|riiiiiposo morsi polipo itihadeya egypt os circondato da csf army
0.0|notice tomorrow safar make egypt islam
0.0|egypt two son make cry
0.0|palestinianleadership overseasleadership hamas page iran mqmtelevision
0.0|askliam ok go sometime go egypt
0.0|egypt uae oxycodone liver toxicity buy tramadol glitter antique saudi ksa bhr
0.0|spanish court uphold decision hand salem spain egypt
0.0|usa russia fsa gain grind putin obama eu uk turkey lebanon egypt
()Getting CNN classification labels from http://localhost:5000/cnn_train_and_get_prediction_labels?trainingFolder=00952eec-5189-4e25-8ba8-a32469635401-severeweather-Iteration-20&ngram=1

Aux F1 - Iteration-20=0.74
Precision=1.0
Recall=0.48
Aux F1 - ConfusionMatrix:
51.0  0.0   
21.0  19.0  

Best F1 so far - 0.94 at iteration:0


Total time taken for experiment:1507.745 seconds.
				************* SAVE THE RESULTS ******************
Ending experiment at 2017-04-01T16:49:19.849-04:00
