Hello World!11
Reset successful
***************** Parameters used for EXPERIMENT *****************
	filterToUse = CosineSim
	minSimilarityThreshold = 0.55
	cosineSimilarityWindowSize= 0.2
	minWmDistanceThreshold = 0.49
	vectorType= google
	webWord2VecBaseUri = http://localhost:5000/getvector/
	cnnClassifierBaseUri = http://localhost:5000/cnn_train_and_get_prediction_labels
	maxFpmWordsToPick = 35
	minFpmWordsDetected = 0
	refreshLocalWordVectors = false
	maxExperimentIterations = 20
	maxAuxTweetsToAddEachIteration = 20
	thresholdF1 = 0.98
	classifierType = Cnn
	folderNameForCnnClassifier = 
	auxiliaryThresholdExpectation = 0.01
	fileDelimiter = ,
	experimentSet = severeweather
	experimentSetNumber = 
	trainingDataFile = data/final/severeweather_training_data.txt
	validationDataFile = data/final/severeweather_validation_data.txt
	auxiliaryDataFile = data/final/severeweather_auxiliary_data.txt
	supplementedCleanAuxiliaryFile = data/final/severeweather_auxiliary_data.txt

***************** Parameters used for EXPERIMENT *****************

Getting CNN classification labels from http://localhost:5000/cnn_train_and_get_prediction_labels?trainingFolder=bd22d115-0747-4e3d-a1e5-7777607e0e87-severeweather-Iteration-0&ngram=1

Initial F1=1.0
Precision=1.0
Recall=1.0
Initial - ConfusionMatrix:
51.0  0.0   
0.0   40.0  

Total time taken for experiment:4.513 seconds.
				************* SAVE THE RESULTS ******************
