Hello World!11
Reset successful
***************** Parameters used for EXPERIMENT *****************
	filterToUse = CosineSim
	minSimilarityThreshold = 0.4
	cosineSimilarityWindowSize= 0.2
	minWmDistanceThreshold = 0.49
	vectorType= google
	webWord2VecBaseUri = http://localhost:5000/getvector/
	cnnClassifierBaseUri = http://localhost:5000/cnn_train_and_get_prediction_labels
	maxFpmWordsToPick = 35
	minFpmWordsDetected = 0
	refreshLocalWordVectors = false
	maxExperimentIterations = 20
	maxAuxTweetsToAddEachIteration = 20
	thresholdF1 = 0.98
	classifierType = Cnn
	folderNameForCnnClassifier = 
	auxiliaryThresholdExpectation = 0.01
	fileDelimiter = ,
	experimentSet = winterstorm
	experimentSetNumber = 1
	trainingDataFile = data/final/winterstorm_training_data1.txt
	validationDataFile = data/final/winterstorm_validation_data.txt
	auxiliaryDataFile = data/final/winterstorm_auxiliary_data.txt
	supplementedCleanAuxiliaryFile = data/final/winterstorm_auxiliary_data.txt

***************** Parameters used for EXPERIMENT *****************

Getting CNN classification labels from http://localhost:5000/cnn_train_and_get_prediction_labels?trainingFolder=7f295fb0-0660-44a6-a770-3c5b8591cc48-winterstorm-Iteration-0&ngram=1

Initial F1=0.4
Precision=0.6
Recall=1.0
Initial - ConfusionMatrix:
1.0  35.0  
0.0  52.0  

Issue with Tweet:, 257
Replacing winterstorm with snow. Choices [snow,winterstorm].
0.53|sea storm cloudy yesterday winter morning
0.43|houstonpatsfans memo dictator forget shit storm
0.52|winter storm watch issue cheyenne kit carson yuma county co cowx
0.31|difference year look like compare
0.57|weather whiplash east coast go spring winter day
0.56|winter storm wait bad
0.56|winter storm watch portion area nh nhwx
0.42|track storm
0.3|wrong snowplow dummy kill injure winterstorm
0.56|winter storm octavia ice storm carolinasgeorgiasnow snowandice winterstorm winterstormcentraloctavia
0.52|winter storm bozeman forecast lakeeffectsnow pacificnorthwest winterstorm winterweatherforecast
0.49|winter storm warn issue northeastgeorgiaupdates theupstate westernnorthcarolina winterstorm
0.45|come along new excite sand art toddler time edinburgh parent
0.24|service technician survey equipment edinburgh
0.19|avg edinburgh meck cnty
0.45|get go see wicked last night theatre playhouse
0.37|love cool place visit photo heartstone scotland
0.25|recruit sale ltd hire regional sale manager apply edinburgh job
0.22|jobstoday senior commercial consultant edinburgh apply job
0.34|want insight edinburgh comic silly time spin
Retrieved 13 new auxiliary tweets.
1.0|track storm
1.0|winter storm octavia ice storm carolinasgeorgiasnow snowandice winterstorm winterstormcentraloctavia
1.0|weather whiplash east coast go spring winter day
1.0|houstonpatsfans memo dictator forget shit storm
1.0|winter storm watch issue cheyenne kit carson yuma county co cowx
1.0|winter storm wait bad
1.0|winter storm watch portion area nh nhwx
1.0|sea storm cloudy yesterday winter morning
0.0|avg edinburgh meck cnty
1.0|get go see wicked last night theatre playhouse
1.0|winter storm warn issue northeastgeorgiaupdates theupstate westernnorthcarolina winterstorm
1.0|come along new excite sand art toddler time edinburgh parent
1.0|winter storm bozeman forecast lakeeffectsnow pacificnorthwest winterstorm winterweatherforecast
()Getting CNN classification labels from http://localhost:5000/cnn_train_and_get_prediction_labels?trainingFolder=a1660b83-b38d-4bb1-a35a-18face6ed5a8-winterstorm-Iteration-1&ngram=1

Aux F1 - Iteration-1=0.4
Precision=0.6
Recall=1.0
Aux F1 - ConfusionMatrix:
1.0  35.0  
0.0  52.0  

Best F1 so far - 0.4 at iteration:0


Issue with Tweet:, 257
0.35|job edinburgh senior operator sameday tnt return log back
0.41|year edfringe somenews extra info come see
0.31|phone sex honey kinky news edinburgh london birmingham inverness liverpool brighton
0.26|professional pet portrait edinburgh pet photography ltd dog cat horse
0.42|saw edinburgh snap chat story happy glasgow good enough fur world
0.36|watch dundee star edinburgh capital unite kingdom elite league live stream
0.31|great gig edinburgh ukfoofighters deserve glastofest
0.28|handmadeburger one edinburgh
0.24|edinburgh beer weekly craftbeer ukbeer
0.34|edinburgh job fine din wait staff reed hospitality job description
0.38|another great find edinburgh small impressive restaurant congrats gordon craig team achieve aa rosette
0.23|ellen kent opera ballet international la traviata edinburgh
0.36|kid wish adult pray blow neighbor winterstorm minnesotaproblems
0.6|wintr storm remus snow sock south midwest inch northcarolina snowreports stormremus winterstorm
0.2|london winterstorm
0.0|beantownguygreg summerville chsnews winterstorm
0.6|snow possible south midweek storm
0.49|ap photo selection northeast snowstorm image northeastsnowstorm snow winterstorm
0.31|visalia motorcross likesforlikes winterstorm michele secret formula book write course discover sh
0.55|wake long nap snow yet another weekend kind winterstorm
Retrieved 8 new auxiliary tweets.
1.0|wintr storm remus snow sock south midwest inch northcarolina snowreports stormremus winterstorm
1.0|wake long nap snow yet another weekend kind winterstorm
0.0|london winterstorm
1.0|year edfringe somenews extra info come see
0.0|beantownguygreg summerville chsnews winterstorm
1.0|snow possible south midweek storm
1.0|ap photo selection northeast snowstorm image northeastsnowstorm snow winterstorm
1.0|saw edinburgh snap chat story happy glasgow good enough fur world
()Getting CNN classification labels from http://localhost:5000/cnn_train_and_get_prediction_labels?trainingFolder=9722bf5e-f1bd-46ad-9f8e-f9d4b7c41582-winterstorm-Iteration-2&ngram=1

Aux F1 - Iteration-2=0.4
Precision=0.6
Recall=1.0
Aux F1 - ConfusionMatrix:
1.0  35.0  
0.0  52.0  

Best F1 so far - 0.4 at iteration:0


Issue with Tweet:, 257
0.34|break medic need near al injury egypt
0.32|vianney nsimbe time caf president hayatou friday go africa egypt
0.34|oritperlov nervous nile minority fear end secularism egypt via spiegelonline
0.17|bahrain ksa kuwait uae oman qatar iraq syria egypt tunisia morroco libya yemen iran
0.33|egypt democrat reid leave hospital crash tahrir
0.25|sherinet alert egypt
0.24|egypt court sentence atheist year imprisonment insult religion religion atheism freedomofexpression
0.28|egypt make cry
0.24|egyptian passport kaman bardo lazem el destor abl ah aw think egypt
0.25|ajelive egypt president morsi appeal people evidence trust elect
0.3|morsi protect islamist hijack constitution egypt crisis morsi give army arrest power vote
0.31|egypt photo gallery worshipper fill mosque courtyard start eid tahrir
0.17|egypt realestate
0.34|protester sing egypt national anthem march get close presidential palace
0.31|new content pinterest board global economy financial egypt italy oil
0.34|morsi speak egypt reminder similar speech bad
0.32|breakingnews judge across egypt refuse oversee controversial constitutional referendum
0.36|come back egypt
0.35|difference mubarak morsi people get choose latter justsaying egypt
0.3|egypt afghan presidential vote due april tahrir
Retrieved 2 new auxiliary tweets.
0.0|egypt realestate
0.0|bahrain ksa kuwait uae oman qatar iraq syria egypt tunisia morroco libya yemen iran
()Getting CNN classification labels from http://localhost:5000/cnn_train_and_get_prediction_labels?trainingFolder=b12e40c6-a6b7-4654-8e58-cd07d387ec16-winterstorm-Iteration-3&ngram=1
Adding 2 auxiliary tweets to the training data.

Aux F1 - Iteration-3=0.51
Precision=0.63
Recall=1.0
Aux F1 - ConfusionMatrix:
5.0  31.0  
0.0  52.0  

Best F1 so far - 0.51 at iteration:3


Issue with Tweet:, 257
0.3|seriously egypt alber saber hosni tell way tora
0.21|hamadeabdulla history ottoman woman turkey egypt uae bahrain saudi oman qatar kuwait
0.29|bahrain pathetic see show low alwefaq egypt gcc kuwait ksa uk usa
0.34|winterstorm hat color one size fit newhampshireknits via etsy
0.47|let enjoy sunshine warm temp mother nature smack ne ohio ohwx winterstorm vulcan
0.65|winter snow storm strike usa plow clear church square park snow fall start winterstorm
0.35|way mistresscarrie worcester winterstorm thearmyrocks sixstringsoldiers assignguy awesome
0.36|church great spite winterstorm pastor ricky bring home
0.17|sunsetlovers follow winterstorm wine bassgitarre bass technik bassgitarre selbst bauen
0.43|airline cancel flight ahead monster storm flightcancellations winterstorm
0.3|winterstorm halloweencostumes light interiorstyling guide swing trade stock swing trade free
0.37|really think sham get past backwards move public health
0.42|aw new american patter tesco goiny send obesity level sky high peanutbutter marshmallow fat
0.3|gonna die
0.34|nh mobile fitness app aim beat obesity good
0.35|krambam assume announce cure obesity let fat one
0.33|unlimited supply chocolate milk would drink
0.24|obesity american epidemic worldwide concern
0.3|food addiction obesity first study world give answer
0.33|obesity disease smh another outlet ppl claim
Retrieved 5 new auxiliary tweets.
1.0|airline cancel flight ahead monster storm flightcancellations winterstorm
1.0|aw new american patter tesco goiny send obesity level sky high peanutbutter marshmallow fat
0.0|sunsetlovers follow winterstorm wine bassgitarre bass technik bassgitarre selbst bauen
1.0|let enjoy sunshine warm temp mother nature smack ne ohio ohwx winterstorm vulcan
1.0|winter snow storm strike usa plow clear church square park snow fall start winterstorm
()Getting CNN classification labels from http://localhost:5000/cnn_train_and_get_prediction_labels?trainingFolder=f720edd3-a1d9-44c9-8649-40c586ad206a-winterstorm-Iteration-4&ngram=1

Aux F1 - Iteration-4=0.43
Precision=0.6
Recall=1.0
Aux F1 - ConfusionMatrix:
2.0  34.0  
0.0  52.0  

Best F1 so far - 0.51 at iteration:3


Issue with Tweet:, 257
0.26|mrcvsonline equine obesity rise accord new study publish equine veterinary journal
0.31|uk news hide obesity epidemic
0.25|healthy nutrition obesity major health problem giant fitness
0.31|nh show significant decrease pediatric obesity
0.29|diet doc hormone diet weight loss plan reveal new obesity statist
0.28|one man china briefcase replace
0.33|muhibshadan seem taliban try improve abduct passenger name daesh release late name
0.2|message leader islamic republic alqaeda
0.33|pakistan afghanistan say taliban leader dead urge peace talk reuters hinduafghanistan say
0.25|schulbrezel christian republican taliban evil sucker
0.3|cchristinefair binashah aishafsarwari ignore close tie pal army taliban
0.32|jonnybraham mlkstudios taliban rule rural area afghanistan pakistan
0.35|fecking green demented world wide drag stage praise taliban fighter kill
0.28|need indian curry nan taliban taco
0.17|zalmayx jamhoriat awr taliban alag alag cheezain waisay bhi haram khilafat zindabad
0.32|taliban force villager fee house instead lot
0.47|winterstorm heatwave preparedness find need know winter
0.48|freeze rain fall winterstorm
0.21|dallas dallasweather winterstorm
0.25|iran dismiss terrorism accusation late iranusterrorism
Retrieved 4 new auxiliary tweets.
0.0|zalmayx jamhoriat awr taliban alag alag cheezain waisay bhi haram khilafat zindabad
1.0|freeze rain fall winterstorm
1.0|winterstorm heatwave preparedness find need know winter
0.0|message leader islamic republic alqaeda
()Getting CNN classification labels from http://localhost:5000/cnn_train_and_get_prediction_labels?trainingFolder=424679b7-5ea6-4c4d-8229-7100ea7bef18-winterstorm-Iteration-5&ngram=1
Adding 4 auxiliary tweets to the training data.

Aux F1 - Iteration-5=0.67
Precision=0.69
Recall=1.0
Aux F1 - ConfusionMatrix:
13.0  23.0  
0.0   52.0  

Best F1 so far - 0.67 at iteration:5


Issue with Tweet:, 257
0.24|activist post former cia agent charge terrorism murder drone strike news via activistpost
0.36|ur logic skew seem start hear terrorism post recent paper terrorism motivate factor
0.35|glenn amaze pie chart nyt say make first
0.31|break news french police hunt man stab soldier
0.31|iraq displace find restriction refuge via almonitor
0.23|arrest moroccan editor face terrorism investigation
0.21|kelliwardaz azcentral scheuer school neocon shill senjohnmccain terrorism motivation
0.3|ridiculousness dangerroom urban exploration help terrorism counterterrorism agency warn
0.35|ap break police say shoot capitol isolate incident congress
0.26|distinguish one type islamic jihadic terrorism isi bokoharam
0.36|leethurman wire terrorism base pretty sure find white male terrorism lead charge
0.35|florida police run terrorism drill sovereign citizen gun sight shock drillcrazy
0.35|surprise lesson palestinian jew suicide bomb find tennesee high school textbook
0.59|lakeeffectsnow snowscenes winterstorm wintr storm bozeman forecast snow ice oregon idaho rockies
0.36|winterstorm pax stick inside today check open visit open job
0.35|javeednusrat sir great column merely pressure tactic sami influence taliban afghanistan know
0.2|smeetsfrans chnoella noordkaapfujin maar je kan niet al de taliban eisen dat vrouwen die zichzelf graag naakt fotograferen dat niet doen
0.29|push come ultimatum mullah omar isi gain afg pak army perforce side ana
0.3|afghan army take taliban first solo offensive via
0.26|taliban death derail peace effort
Retrieved 2 new auxiliary tweets.
0.0|smeetsfrans chnoella noordkaapfujin maar je kan niet al de taliban eisen dat vrouwen die zichzelf graag naakt fotograferen dat niet doen
1.0|lakeeffectsnow snowscenes winterstorm wintr storm bozeman forecast snow ice oregon idaho rockies
()Getting CNN classification labels from http://localhost:5000/cnn_train_and_get_prediction_labels?trainingFolder=bb8933db-4d3d-4eb4-8751-3ce7297cc9a3-winterstorm-Iteration-6&ngram=1
Adding 2 auxiliary tweets to the training data.

Aux F1 - Iteration-6=0.69
Precision=0.7
Recall=1.0
Aux F1 - ConfusionMatrix:
14.0  22.0  
0.0   52.0  

Best F1 so far - 0.69 at iteration:6


Issue with Tweet:, 257
0.24|death taliban leader roil afghan politics
0.37|local resident government official see evacuate taliban close afghanistan
0.25|berghdal say torture taliban captor army bowe bergdahl say torture repeatedly
0.3|travesty utter evil taliban nation especially
0.17|equality message
0.19|afghan taliban right activist
0.29|taliban new supreme leader criticize low quality project pledge support
0.26|taliban say leadership struggle resolve
0.31|british library turn taliban archive uk terror law library decline offer archive
0.18|taliban bunuh tentara afghanistan beberapa dipancung kelompok gerilyawan membunuh tentara
0.49|crazy winterstorm wind blow hard kind scary lol much rain pacoima ca
0.37|wonder road check traffic camera head
0.24|baltimore baltimoreriots baltimoreuprising blacklivesmatter
0.32|nathan bedford forest father kkk proud baltimoreriots democrat control since
0.19|trewhonesty arrestmade funnyvines funny racisminamerica racism baltimoreriots
0.27|isi fighter supporter hijack baltimoreriots twitter hashtag discus race issue urge attack policeman
0.35|ampersandalways maybe blacklivesmatter seem like ferguson baltimoreriots whine factory
0.23|cgpb baltimoreriots blackrage loot curfew incendiary thuggery destruction gangrelated blackpanthers
0.39|wkyc breloverdict dream think cleveland different ferguson baltimoreriots go bad
0.23|prediction charge connection death freddiegray resident accept renew baltimoreriots
Retrieved 5 new auxiliary tweets.
0.0|equality message
1.0|crazy winterstorm wind blow hard kind scary lol much rain pacoima ca
0.0|taliban bunuh tentara afghanistan beberapa dipancung kelompok gerilyawan membunuh tentara
0.0|trewhonesty arrestmade funnyvines funny racisminamerica racism baltimoreriots
0.0|afghan taliban right activist
()Getting CNN classification labels from http://localhost:5000/cnn_train_and_get_prediction_labels?trainingFolder=b2105c4c-4677-4f76-8740-67e50334326c-winterstorm-Iteration-7&ngram=1
Adding 5 auxiliary tweets to the training data.

Aux F1 - Iteration-7=0.76
Precision=0.74
Recall=1.0
Aux F1 - ConfusionMatrix:
18.0  18.0  
0.0   52.0  

Best F1 so far - 0.76 at iteration:7


Issue with Tweet:, 257
Replacing baltimoreriots with baltimore. Choices [baltimore,baltimoreriots].
0.35|retiredfirecapt course set narrative city baltimoreriots globalwarming cause loot
0.37|darrelanderson baltimoreriots congrats madam socialist take year destroy city well
0.17|spread baltimoreriots baltimoreuprising freddiegray blacklivesmatter
0.3|baltimoreriots come soon
0.42|please advise moncton branch delay open due weather winterstorm
0.36|sportsday beauty winterstorm wine beauty feast day perfect skin hot niche compreh
0.41|every day vindicate either fight taliban afghanistan inside india three year
0.18|indonesiahealth pemerintah afghanistan konfirmasi kematian pemimpin taliban
0.17|thetariqjameel peshawar bachoon qatiloun tehreek taliban pe lanat nahi bejhi hadeesen bachon ki quote krehe
0.26|militarycourt announce death sentence terrorist taliban tauheed jesh mohammad aps attack safoora incident
0.19|hoye kisi nay protest kia hai ya nai hamaray molve nai hain taliban inhon nay palay hoye hain muhammadmylife
0.3|need vacation
0.23|militer pakistan sebut heli jatuh karena kerusakan mesin bukan taliban
0.19|un mensaje para news
0.26|ayeshaspeaksnow mqm terrorist fund taliban without
0.24|one page
0.26|taliban chief demand foreign troop leave
0.11|nati esta enojada conmigo pero cabe ninguna le voy hablar la voy cargosiar jajaa la quiero una banda esta piba
0.28|kirtaner dzwooo americankevin naacp ill fuck taliban idgaf
0.37|troop tell ignore taliban bring rap young boy military base crime
Retrieved 8 new auxiliary tweets.
0.0|nati esta enojada conmigo pero cabe ninguna le voy hablar la voy cargosiar jajaa la quiero una banda esta piba
0.0|thetariqjameel peshawar bachoon qatiloun tehreek taliban pe lanat nahi bejhi hadeesen bachon ki quote krehe
0.0|hoye kisi nay protest kia hai ya nai hamaray molve nai hain taliban inhon nay palay hoye hain muhammadmylife
1.0|please advise moncton branch delay open due weather winterstorm
1.0|every day vindicate either fight taliban afghanistan inside india three year
0.0|un mensaje para news
0.0|spread baltimoreriots baltimoreuprising freddiegray blacklivesmatter
0.0|indonesiahealth pemerintah afghanistan konfirmasi kematian pemimpin taliban
()Getting CNN classification labels from http://localhost:5000/cnn_train_and_get_prediction_labels?trainingFolder=5ddb7b0f-61e8-463e-919b-71c9cb0c6a5b-winterstorm-Iteration-8&ngram=1

Aux F1 - Iteration-8=0.73
Precision=0.72
Recall=1.0
Aux F1 - ConfusionMatrix:
16.0  20.0  
0.0   52.0  

Best F1 so far - 0.76 at iteration:7


Issue with Tweet:, 257
0.22|religious extremism mischief dajjal antichrist isi taliban alshabab islam kyaapkopatahai
0.37|cityof baltimore become detroit lawsuit city bankrupt free rid baltimoreriots
0.13|icantbreathe baltimoreriots sandrabland blacklivesmatter walterscott bodycameras accountability
0.13|phxmosque baltimoreriots racism
0.31|asaleahhh rft tripinatweet never show news baltimoreriots
0.24|also good control watercannon baltimoreriots
0.28|white slavery america baltimore baltimoreriots baltimoreuprising ferguson
0.33|lelandvittert foxnews shame leland police let baltimoreriots loot violence
0.0|blackbusiness baltimoreriots
0.35|sanddragger milk end baltimore baltimoreuprising baltimoreriots noshame
0.0|hattiesburgshooting baltimoreriots
0.24|baltimoreriots baltimoreuprising baltimore baltimorelootcrew
0.39|danegerus baltimoreriots prepare receive syrian feed help isi get apartment job
0.38|blysslyss confederate fuck flag bath find huge racist white ppl outlet idk
0.27|sick confederate flag bro
0.26|ken burn confederate flag resistance civil
0.2|son confederate veteran weigh confederate flag controversy christiansburg confederaterights
0.32|thank gm stand behind kidrock support decision fly confederate flag takeastand
0.4|donnylumpkins goodbye confederate flag hello cool hope everybody great day
0.32|notice confederate flag breakfast club realize john lennon
Retrieved 5 new auxiliary tweets.
0.0|hattiesburgshooting baltimoreriots
0.0|icantbreathe baltimoreriots sandrabland blacklivesmatter walterscott bodycameras accountability
0.0|phxmosque baltimoreriots racism
0.0|blackbusiness baltimoreriots
0.0|son confederate veteran weigh confederate flag controversy christiansburg confederaterights
()Getting CNN classification labels from http://localhost:5000/cnn_train_and_get_prediction_labels?trainingFolder=1f98ca8e-223b-4745-a30e-f7a24a913f35-winterstorm-Iteration-9&ngram=1
Adding 5 auxiliary tweets to the training data.

Aux F1 - Iteration-9=0.79
Precision=0.76
Recall=1.0
Aux F1 - ConfusionMatrix:
20.0  16.0  
0.0   52.0  

Best F1 so far - 0.79 at iteration:9


Issue with Tweet:, 257
Replacing blacklivesmatter with baltimoreriots. Choices [blacklivesmatter,baltimoreriots].
0.35|sheila jackson lee use wrong confederate flag house floor protest
0.39|rawstory watch south carolina republican jenny horne give impassioned speech confederate flag
0.16|dear confederate flag supporter
0.34|tothrive day need confederate
0.53|nw weather winterstorm exit northeast warm weather move eastern
0.56|winter storm nika watch warn colorado maine centralstates snowfallforecast winterstorm
0.19|inside butstillworkin winterstorm whoneedbeatz
0.39|caltrans gear another mountain winterstorm vvdailypress
0.65|snow tire winter wonderland like winter winterstorm snow ottawa
0.42|iansireland carerclare ruthdavidsonmsp outside light hubby job tomorrow afternoon
0.26|september john menzies bookshop prince street doctorwho
0.26|woman strike car
0.33|rock gannet colony world large bass rock firth forth large colony
0.19|letyouknow woman rob knifepoint attack woman rob knifepoint
0.25|new scot geographer royal appoint
0.32|aw would see co uni edinburgh id glasgow cumbernauld edinburgh time haha
0.12|jouwbaan vacature software engineer quality
0.33|look light light sunset edinburgh scotland liveandloveeverywhere
0.34|thank edinchamber divinoed great network fab food service edinburgh network italian
0.58|winter storm midwesterners expect winter storm winterstorm
Retrieved 9 new auxiliary tweets.
1.0|snow tire winter wonderland like winter winterstorm snow ottawa
1.0|iansireland carerclare ruthdavidsonmsp outside light hubby job tomorrow afternoon
0.0|letyouknow woman rob knifepoint attack woman rob knifepoint
0.0|jouwbaan vacature software engineer quality
1.0|winter storm midwesterners expect winter storm winterstorm
1.0|nw weather winterstorm exit northeast warm weather move eastern
1.0|winter storm nika watch warn colorado maine centralstates snowfallforecast winterstorm
0.0|inside butstillworkin winterstorm whoneedbeatz
0.0|dear confederate flag supporter
()Getting CNN classification labels from http://localhost:5000/cnn_train_and_get_prediction_labels?trainingFolder=ff9f8cec-25a5-404f-969d-8f161fb81abb-winterstorm-Iteration-10&ngram=1
Adding 9 auxiliary tweets to the training data.

Aux F1 - Iteration-10=0.85
Precision=0.83
Recall=0.96
Aux F1 - ConfusionMatrix:
26.0  10.0  
2.0   50.0  

Best F1 so far - 0.85 at iteration:10


Issue with Tweet:, 257
0.35|fly la vega new maybe ethan miller getty due winterstorm
0.32|warren candy astronomy winterstorm balance body chemistry unleash abundant energy spe
0.53|traffic ban weird see street nyc juno winter winterstorm
0.29|va governor ban confederate flag license plat get flag
0.37|edinburgh rush hour joke move minute radio pish
0.36|city region rival say murphy
0.34|edcentrallib sir walter scott bear today old town edinburgh
0.25|job edinburgh virtualisation project manager edinburgh job infrastructure project manager job
0.34|hundred attend funeral edinburgh unidentified baby boy find dead
0.41|actually buzz foo fighter edinburgh wish tomorrow next year
0.19|edinburgh global undergraduate mathematics scholarship university edinburgh uk scholarship
0.36|busy morning tribalgroup interest breakfast brief edinburgh oct
0.4|stepram great response leafleting edinburgh south west snp joannaccherry today votesnp
0.44|dispatchdemon txwx flash flood warn real uvalde county till aug pm cdt
0.33|flash flood warn issue july pdt july pdt nw sandiego
0.42|cree lead work light bar flood combo beam fog drive lamp suv
0.4|graphic detail winterstorm total sleet freezingrain arkansas via nwslittlerock arwx
0.55|update snow ahead rockies plain midwest accumulatingsnow weatherchannel winterstorm
0.21|winterstorm musicaltheatre demilovatoedit bestoftheday carp fish secret bible carp fish book
0.49|blizzard hit central head northeast blizzardwarning metropolitanareas winterstorm winterstormwarning
Retrieved 7 new auxiliary tweets.
1.0|update snow ahead rockies plain midwest accumulatingsnow weatherchannel winterstorm
1.0|dispatchdemon txwx flash flood warn real uvalde county till aug pm cdt
0.0|edinburgh global undergraduate mathematics scholarship university edinburgh uk scholarship
1.0|traffic ban weird see street nyc juno winter winterstorm
1.0|cree lead work light bar flood combo beam fog drive lamp suv
1.0|actually buzz foo fighter edinburgh wish tomorrow next year
1.0|blizzard hit central head northeast blizzardwarning metropolitanareas winterstorm winterstormwarning
()Getting CNN classification labels from http://localhost:5000/cnn_train_and_get_prediction_labels?trainingFolder=7025297c-5c48-4a37-94b4-db1ed6d8f715-winterstorm-Iteration-11&ngram=1

Aux F1 - Iteration-11=0.76
Precision=0.75
Recall=0.98
Aux F1 - ConfusionMatrix:
19.0  17.0  
1.0   51.0  

Best F1 so far - 0.85 at iteration:10


Issue with Tweet:, 257
0.19|bolsa de paris fecha em alta de
0.32|new film chronicle float school bangladesh via educationweek wsugen edchat
0.34|bloody hell bus drive boatonwheels
0.42|vamonosla need water supply dry year well good flood also need price
0.4|problem flood life drown teach swim rise let nothing hold
0.32|flood advisory issue march edt march edt nw
0.37|flood warn issue july cdt july cdt nw wxil
0.42|well phone guess miss flood christmas text
0.32|questionerr feel nooo
0.36|earthquake quake strike offshore near vandenberg air force base
0.39|seriously hate people tweet boston bomb sichuan earthquake sake get retweet
0.36|earthquake russell good news series episode bbc one via youtube
0.38|earthquake earthquake bismarck sea nov utc
0.34|death toll philippine earthquake top cbs news
0.36|bloody hell delhi earthquake
0.34|quake eastern coast japan
0.28|earthquake iquique chile tuesday december utcmonday december
0.24|usgs nne camalu mexico earthquake tremor
0.2|ene bunobogu indonesia jst earthquake sismo jishin
0.62|wintr storm titan forecast snow ice spread east monday forecastsnow winterstorm winterstormtitan
Retrieved 5 new auxiliary tweets.
1.0|wintr storm titan forecast snow ice spread east monday forecastsnow winterstorm winterstormtitan
1.0|vamonosla need water supply dry year well good flood also need price
0.0|bolsa de paris fecha em alta de
0.0|ene bunobogu indonesia jst earthquake sismo jishin
1.0|well phone guess miss flood christmas text
()Getting CNN classification labels from http://localhost:5000/cnn_train_and_get_prediction_labels?trainingFolder=d9d50f42-11c8-4f65-8327-463799c3047a-winterstorm-Iteration-12&ngram=1

Aux F1 - Iteration-12=0.81
Precision=0.78
Recall=0.98
Aux F1 - ConfusionMatrix:
22.0  14.0  
1.0   51.0  

Best F1 so far - 0.85 at iteration:10


Issue with Tweet:, 257
0.51|boston break record snowy day winterstorm bossnow snowday
0.3|novembernight morningmist winterstorm glaze work well contemporary color
0.37|quick reminder facebook full racist garbage include weird defense confederate
0.38|saw like men freeway come take flag confederate flag impeach obama sign texas merica
0.38|fairlyfemme like someone believe confederate flag gonna give fuck say theyre still gonna believe
0.33|gun shop team zimmerman sell confederate flag sound like contest winner outrageous fake
0.28|drive past lift flag
0.21|confederate flag rally since
0.35|snare band support confederate flag im pretty sure donald trump need quit
0.41|kid park lot get trouble confederate flag sticker let people want gosh
0.38|say like people think ban confederate flag would magically end racism
0.34|quakefactor island hawaii hawaii sunday july utcsaturday earthquake quake
0.26|earthquakenews earthquake ryukyu island japan
0.45|last quake aftershock say dear earthquake know love nepal want keep visit plz small
0.3|thank lcbo help raise money earthquake
0.28|prayforboholandcebu intensity earthquake record lahat ng timbal sa bohol pray ur
0.34|alone nuh feel nuh earthquake lastnight
0.4|death toll guatemala earthquake many still shake continue aftershock count myfoxla
0.39|winterstorm dc expect additional inch start nw
0.28|mbta service bus end mbta winterstorm
Retrieved 3 new auxiliary tweets.
1.0|last quake aftershock say dear earthquake know love nepal want keep visit plz small
1.0|kid park lot get trouble confederate flag sticker let people want gosh
1.0|boston break record snowy day winterstorm bossnow snowday
()Getting CNN classification labels from http://localhost:5000/cnn_train_and_get_prediction_labels?trainingFolder=4e4527ae-4f95-45df-9e47-1e67fc69720c-winterstorm-Iteration-13&ngram=1

Aux F1 - Iteration-13=0.73
Precision=0.72
Recall=1.0
Aux F1 - ConfusionMatrix:
16.0  20.0  
0.0   52.0  

Best F1 so far - 0.85 at iteration:10


Issue with Tweet:, 257
Issue with Tweet:, 257
0.41|kid park lot get trouble confederate flag sticker let people want gosh
0.38|say like people think ban confederate flag would magically end racism
0.36|man make flower bloom cnn ireport philaflowershow drewbecher
0.4|potential major winterstorm hit sunday night monday ffxstorm
0.42|problem wiz wanna know many snap send kid tomorrow winterstorm
0.27|winterstorm cause damage preventative tip severeweather
0.53|snowstorm mottola puglia italy snowstorm winterstorm mottola
0.31|sdge outage stay safe winterstorm safety
0.35|winterstorm tip bring furry friend pet prep tip
0.53|snow yet worcester check icicle apartment quincy masnow necn winterstorm
0.19|hello
Retrieved 5 new auxiliary tweets.
1.0|kid park lot get trouble confederate flag sticker let people want gosh
0.0|hello
1.0|snow yet worcester check icicle apartment quincy masnow necn winterstorm
1.0|snowstorm mottola puglia italy snowstorm winterstorm mottola
1.0|problem wiz wanna know many snap send kid tomorrow winterstorm
()Getting CNN classification labels from http://localhost:5000/cnn_train_and_get_prediction_labels?trainingFolder=bf8fbb1f-66d4-4cb4-8977-2975d1aeadc6-winterstorm-Iteration-14&ngram=1

Aux F1 - Iteration-14=0.78
Precision=0.75
Recall=1.0
Aux F1 - ConfusionMatrix:
19.0  17.0  
0.0   52.0  

Best F1 so far - 0.85 at iteration:10


Issue with Tweet:, 257
