Hello World!11
Reset successful
***************** Parameters used for EXPERIMENT *****************
	filterToUse = CosineSim
	minSimilarityThreshold = 0.4
	cosineSimilarityWindowSize= 0.2
	minWmDistanceThreshold = 0.49
	vectorType= google
	webWord2VecBaseUri = http://localhost:5000/getvector/
	cnnClassifierBaseUri = http://localhost:5000/cnn_train_and_get_prediction_labels
	maxFpmWordsToPick = 35
	minFpmWordsDetected = 0
	refreshLocalWordVectors = false
	maxExperimentIterations = 20
	maxAuxTweetsToAddEachIteration = 20
	thresholdF1 = 0.98
	classifierType = Cnn
	folderNameForCnnClassifier = 
	auxiliaryThresholdExpectation = 0.01
	fileDelimiter = ,
	experimentSet = winterstorm
	experimentSetNumber = 
	trainingDataFile = data/final/winterstorm_training_data.txt
	validationDataFile = data/final/winterstorm_validation_data.txt
	auxiliaryDataFile = data/final/winterstorm_auxiliary_data.txt
	supplementedCleanAuxiliaryFile = data/final/winterstorm_auxiliary_data.txt

***************** Parameters used for EXPERIMENT *****************

Getting CNN classification labels from http://localhost:5000/cnn_train_and_get_prediction_labels?trainingFolder=b651698b-c1a9-474c-9955-f33b5913a014-winterstorm-Iteration-0&ngram=3

Initial F1=0.77
Precision=0.76
Recall=0.96
Initial - ConfusionMatrix:
20.0  16.0  
2.0   50.0  

Issue with Tweet:, 257
Replacing winterstorm with snow. Choices [snow,winterstorm].
Replacing baltimoreriots with baltimore. Choices [baltimore,baltimoreriots].
0.47|sea storm cloudy yesterday winter morning
0.4|houstonpatsfans memo dictator forget shit storm
0.5|winter storm watch issue cheyenne kit carson yuma county co cowx
0.32|difference year look like compare
0.55|weather whiplash east coast go spring winter day
0.52|winter storm wait bad
0.51|winter storm watch portion area nh nhwx
0.39|track storm
0.34|wrong snowplow dummy kill injure winterstorm
0.46|winter storm octavia ice storm carolinasgeorgiasnow snowandice winterstorm winterstormcentraloctavia
0.44|winter storm bozeman forecast lakeeffectsnow pacificnorthwest winterstorm winterweatherforecast
0.44|winter storm warn issue northeastgeorgiaupdates theupstate westernnorthcarolina winterstorm
0.42|come along new excite sand art toddler time edinburgh parent
0.29|service technician survey equipment edinburgh
0.2|avg edinburgh meck cnty
0.47|get go see wicked last night theatre playhouse
0.36|love cool place visit photo heartstone scotland
0.3|recruit sale ltd hire regional sale manager apply edinburgh job
0.27|jobstoday senior commercial consultant edinburgh apply job
0.33|want insight edinburgh comic silly time spin
Retrieved 11 new auxiliary tweets.
1.0|winter storm watch issue cheyenne kit carson yuma county co cowx
1.0|winter storm watch portion area nh nhwx
1.0|winter storm octavia ice storm carolinasgeorgiasnow snowandice winterstorm winterstormcentraloctavia
1.0|winter storm bozeman forecast lakeeffectsnow pacificnorthwest winterstorm winterweatherforecast
1.0|winter storm warn issue northeastgeorgiaupdates theupstate westernnorthcarolina winterstorm
1.0|come along new excite sand art toddler time edinburgh parent
0.0|avg edinburgh meck cnty
1.0|get go see wicked last night theatre playhouse
1.0|weather whiplash east coast go spring winter day
1.0|winter storm wait bad
1.0|sea storm cloudy yesterday winter morning
()Getting CNN classification labels from http://localhost:5000/cnn_train_and_get_prediction_labels?trainingFolder=035cca7b-448b-4512-ba63-f9179528e105-winterstorm-Iteration-1&ngram=3

Aux F1 - Iteration-1=0.74
Precision=0.73
Recall=1.0
Aux F1 - ConfusionMatrix:
17.0  19.0  
0.0   52.0  

Best F1 so far - 0.77 at iteration:0


Issue with Tweet:, 257
0.4|job edinburgh senior operator sameday tnt return log back
0.43|year edfringe somenews extra info come see
0.3|phone sex honey kinky news edinburgh london birmingham inverness liverpool brighton
0.27|professional pet portrait edinburgh pet photography ltd dog cat horse
0.39|saw edinburgh snap chat story happy glasgow good enough fur world
0.35|watch dundee star edinburgh capital unite kingdom elite league live stream
0.32|great gig edinburgh ukfoofighters deserve glastofest
0.27|handmadeburger one edinburgh
0.24|edinburgh beer weekly craftbeer ukbeer
0.37|edinburgh job fine din wait staff reed hospitality job description
0.38|another great find edinburgh small impressive restaurant congrats gordon craig team achieve aa rosette
0.22|ellen kent opera ballet international la traviata edinburgh
0.37|kid wish adult pray blow neighbor winterstorm minnesotaproblems
0.51|wintr storm remus snow sock south midwest inch northcarolina snowreports stormremus winterstorm
0.21|london winterstorm
0.0|beantownguygreg summerville chsnews winterstorm
0.54|snow possible south midweek storm
0.45|ap photo selection northeast snowstorm image northeastsnowstorm snow winterstorm
0.35|visalia motorcross likesforlikes winterstorm michele secret formula book write course discover sh
0.51|wake long nap snow yet another weekend kind winterstorm
Retrieved 6 new auxiliary tweets.
1.0|year edfringe somenews extra info come see
1.0|wake long nap snow yet another weekend kind winterstorm
1.0|ap photo selection northeast snowstorm image northeastsnowstorm snow winterstorm
1.0|wintr storm remus snow sock south midwest inch northcarolina snowreports stormremus winterstorm
0.0|beantownguygreg summerville chsnews winterstorm
1.0|snow possible south midweek storm
()Getting CNN classification labels from http://localhost:5000/cnn_train_and_get_prediction_labels?trainingFolder=63d51e88-6867-499e-8622-58652e41553f-winterstorm-Iteration-2&ngram=3

Aux F1 - Iteration-2=0.76
Precision=0.74
Recall=1.0
Aux F1 - ConfusionMatrix:
18.0  18.0  
0.0   52.0  

Best F1 so far - 0.77 at iteration:0


Issue with Tweet:, 257
0.36|break medic need near al injury egypt
0.37|vianney nsimbe time caf president hayatou friday go africa egypt
0.29|oritperlov nervous nile minority fear end secularism egypt via spiegelonline
0.15|bahrain ksa kuwait uae oman qatar iraq syria egypt tunisia morroco libya yemen iran
0.34|egypt democrat reid leave hospital crash tahrir
0.23|sherinet alert egypt
0.27|egypt court sentence atheist year imprisonment insult religion religion atheism freedomofexpression
0.3|egypt make cry
0.24|egyptian passport kaman bardo lazem el destor abl ah aw think egypt
0.25|ajelive egypt president morsi appeal people evidence trust elect
0.32|morsi protect islamist hijack constitution egypt crisis morsi give army arrest power vote
0.31|egypt photo gallery worshipper fill mosque courtyard start eid tahrir
0.19|egypt realestate
0.36|protester sing egypt national anthem march get close presidential palace
0.28|new content pinterest board global economy financial egypt italy oil
0.33|morsi speak egypt reminder similar speech bad
0.32|breakingnews judge across egypt refuse oversee controversial constitutional referendum
0.37|come back egypt
0.35|difference mubarak morsi people get choose latter justsaying egypt
0.3|egypt afghan presidential vote due april tahrir
Retrieved 2 new auxiliary tweets.
0.0|egypt realestate
0.0|bahrain ksa kuwait uae oman qatar iraq syria egypt tunisia morroco libya yemen iran
()Getting CNN classification labels from http://localhost:5000/cnn_train_and_get_prediction_labels?trainingFolder=0bc19d79-cb7c-4a94-b0df-7b59741ece91-winterstorm-Iteration-3&ngram=3
Adding 2 auxiliary tweets to the training data.

Aux F1 - Iteration-3=0.91
Precision=0.94
Recall=0.9
Aux F1 - ConfusionMatrix:
33.0  3.0   
5.0   47.0  

Best F1 so far - 0.91 at iteration:3


Issue with Tweet:, 257
0.31|seriously egypt alber saber hosni tell way tora
0.19|hamadeabdulla history ottoman woman turkey egypt uae bahrain saudi oman qatar kuwait
0.27|bahrain pathetic see show low alwefaq egypt gcc kuwait ksa uk usa
0.31|winterstorm hat color one size fit newhampshireknits via etsy
0.43|let enjoy sunshine warm temp mother nature smack ne ohio ohwx winterstorm vulcan
0.63|winter snow storm strike usa plow clear church square park snow fall start winterstorm
0.33|way mistresscarrie worcester winterstorm thearmyrocks sixstringsoldiers assignguy awesome
0.39|church great spite winterstorm pastor ricky bring home
0.12|sunsetlovers follow winterstorm wine bassgitarre bass technik bassgitarre selbst bauen
0.43|airline cancel flight ahead monster storm flightcancellations winterstorm
0.3|winterstorm halloweencostumes light interiorstyling guide swing trade stock swing trade free
0.39|really think sham get past backwards move public health
0.38|aw new american patter tesco goiny send obesity level sky high peanutbutter marshmallow fat
0.27|gonna die
0.35|nh mobile fitness app aim beat obesity good
0.34|krambam assume announce cure obesity let fat one
0.3|unlimited supply chocolate milk would drink
0.2|obesity american epidemic worldwide concern
0.31|food addiction obesity first study world give answer
0.32|obesity disease smh another outlet ppl claim
Retrieved 6 new auxiliary tweets.
0.0|hamadeabdulla history ottoman woman turkey egypt uae bahrain saudi oman qatar kuwait
1.0|let enjoy sunshine warm temp mother nature smack ne ohio ohwx winterstorm vulcan
1.0|airline cancel flight ahead monster storm flightcancellations winterstorm
0.0|sunsetlovers follow winterstorm wine bassgitarre bass technik bassgitarre selbst bauen
0.0|obesity american epidemic worldwide concern
1.0|winter snow storm strike usa plow clear church square park snow fall start winterstorm
()Getting CNN classification labels from http://localhost:5000/cnn_train_and_get_prediction_labels?trainingFolder=87606090-3ab1-4d15-848e-f864d0ab8b53-winterstorm-Iteration-4&ngram=3

Aux F1 - Iteration-4=0.9
Precision=0.88
Recall=0.98
Aux F1 - ConfusionMatrix:
29.0  7.0   
1.0   51.0  

Best F1 so far - 0.91 at iteration:3


Issue with Tweet:, 257
0.26|mrcvsonline equine obesity rise accord new study publish equine veterinary journal
0.28|uk news hide obesity epidemic
0.25|healthy nutrition obesity major health problem giant fitness
0.29|nh show significant decrease pediatric obesity
0.27|diet doc hormone diet weight loss plan reveal new obesity statist
0.3|one man china briefcase replace
0.35|muhibshadan seem taliban try improve abduct passenger name daesh release late name
0.2|message leader islamic republic alqaeda
0.34|pakistan afghanistan say taliban leader dead urge peace talk reuters hinduafghanistan say
0.23|schulbrezel christian republican taliban evil sucker
0.3|cchristinefair binashah aishafsarwari ignore close tie pal army taliban
0.33|jonnybraham mlkstudios taliban rule rural area afghanistan pakistan
0.33|fecking green demented world wide drag stage praise taliban fighter kill
0.26|need indian curry nan taliban taco
0.15|zalmayx jamhoriat awr taliban alag alag cheezain waisay bhi haram khilafat zindabad
0.35|taliban force villager fee house instead lot
0.46|winterstorm heatwave preparedness find need know winter
0.42|freeze rain fall winterstorm
0.22|dallas dallasweather winterstorm
0.24|iran dismiss terrorism accusation late iranusterrorism
Retrieved 4 new auxiliary tweets.
0.0|message leader islamic republic alqaeda
1.0|winterstorm heatwave preparedness find need know winter
1.0|freeze rain fall winterstorm
0.0|zalmayx jamhoriat awr taliban alag alag cheezain waisay bhi haram khilafat zindabad
()Getting CNN classification labels from http://localhost:5000/cnn_train_and_get_prediction_labels?trainingFolder=50ef3e1d-b53d-4ec5-a653-92aed70102f1-winterstorm-Iteration-5&ngram=3

Aux F1 - Iteration-5=0.9
Precision=0.88
Recall=0.98
Aux F1 - ConfusionMatrix:
29.0  7.0   
1.0   51.0  

Best F1 so far - 0.91 at iteration:3


Issue with Tweet:, 257
0.26|activist post former cia agent charge terrorism murder drone strike news via activistpost
0.37|ur logic skew seem start hear terrorism post recent paper terrorism motivate factor
0.35|glenn amaze pie chart nyt say make first
0.35|break news french police hunt man stab soldier
0.3|iraq displace find restriction refuge via almonitor
0.25|arrest moroccan editor face terrorism investigation
0.27|kelliwardaz azcentral scheuer school neocon shill senjohnmccain terrorism motivation
0.31|ridiculousness dangerroom urban exploration help terrorism counterterrorism agency warn
0.4|ap break police say shoot capitol isolate incident congress
0.25|distinguish one type islamic jihadic terrorism isi bokoharam
0.36|leethurman wire terrorism base pretty sure find white male terrorism lead charge
0.38|florida police run terrorism drill sovereign citizen gun sight shock drillcrazy
0.4|surprise lesson palestinian jew suicide bomb find tennesee high school textbook
0.52|lakeeffectsnow snowscenes winterstorm wintr storm bozeman forecast snow ice oregon idaho rockies
0.37|winterstorm pax stick inside today check open visit open job
0.34|javeednusrat sir great column merely pressure tactic sami influence taliban afghanistan know
0.19|smeetsfrans chnoella noordkaapfujin maar je kan niet al de taliban eisen dat vrouwen die zichzelf graag naakt fotograferen dat niet doen
0.31|push come ultimatum mullah omar isi gain afg pak army perforce side ana
0.33|afghan army take taliban first solo offensive via
0.26|taliban death derail peace effort
Retrieved 2 new auxiliary tweets.
1.0|lakeeffectsnow snowscenes winterstorm wintr storm bozeman forecast snow ice oregon idaho rockies
0.0|smeetsfrans chnoella noordkaapfujin maar je kan niet al de taliban eisen dat vrouwen die zichzelf graag naakt fotograferen dat niet doen
()Getting CNN classification labels from http://localhost:5000/cnn_train_and_get_prediction_labels?trainingFolder=0d0c094f-9576-429c-8bd0-83c980fd0aaf-winterstorm-Iteration-6&ngram=3
Adding 2 auxiliary tweets to the training data.

Aux F1 - Iteration-6=0.92
Precision=0.92
Recall=0.94
Aux F1 - ConfusionMatrix:
32.0  4.0   
3.0   49.0  

Best F1 so far - 0.92 at iteration:6


Issue with Tweet:, 257
0.23|death taliban leader roil afghan politics
0.38|local resident government official see evacuate taliban close afghanistan
0.26|berghdal say torture taliban captor army bowe bergdahl say torture repeatedly
0.28|travesty utter evil taliban nation especially
0.16|equality message
0.2|afghan taliban right activist
0.26|taliban new supreme leader criticize low quality project pledge support
0.26|taliban say leadership struggle resolve
0.33|british library turn taliban archive uk terror law library decline offer archive
0.19|taliban bunuh tentara afghanistan beberapa dipancung kelompok gerilyawan membunuh tentara
0.45|crazy winterstorm wind blow hard kind scary lol much rain pacoima ca
0.42|wonder road check traffic camera head
0.26|baltimore baltimoreriots baltimoreuprising blacklivesmatter
0.36|nathan bedford forest father kkk proud baltimoreriots democrat control since
0.18|trewhonesty arrestmade funnyvines funny racisminamerica racism baltimoreriots
0.28|isi fighter supporter hijack baltimoreriots twitter hashtag discus race issue urge attack policeman
0.35|ampersandalways maybe blacklivesmatter seem like ferguson baltimoreriots whine factory
0.25|cgpb baltimoreriots blackrage loot curfew incendiary thuggery destruction gangrelated blackpanthers
0.4|wkyc breloverdict dream think cleveland different ferguson baltimoreriots go bad
0.27|prediction charge connection death freddiegray resident accept renew baltimoreriots
Retrieved 6 new auxiliary tweets.
1.0|wonder road check traffic camera head
1.0|crazy winterstorm wind blow hard kind scary lol much rain pacoima ca
0.0|afghan taliban right activist
0.0|taliban bunuh tentara afghanistan beberapa dipancung kelompok gerilyawan membunuh tentara
0.0|trewhonesty arrestmade funnyvines funny racisminamerica racism baltimoreriots
0.0|equality message
()Getting CNN classification labels from http://localhost:5000/cnn_train_and_get_prediction_labels?trainingFolder=0d4cfad6-bbe2-4d97-b15c-c5d8d25b8f01-winterstorm-Iteration-7&ngram=3
Adding 6 auxiliary tweets to the training data.

Aux F1 - Iteration-7=0.95
Precision=0.94
Recall=0.98
Aux F1 - ConfusionMatrix:
33.0  3.0   
1.0   51.0  

Best F1 so far - 0.95 at iteration:7


Issue with Tweet:, 257
0.36|retiredfirecapt course set narrative city baltimoreriots globalwarming cause loot
0.42|darrelanderson baltimoreriots congrats madam socialist take year destroy city well
0.14|spread baltimoreriots baltimoreuprising freddiegray blacklivesmatter
0.3|baltimoreriots come soon
0.4|please advise moncton branch delay open due weather winterstorm
0.31|sportsday beauty winterstorm wine beauty feast day perfect skin hot niche compreh
0.41|every day vindicate either fight taliban afghanistan inside india three year
0.19|indonesiahealth pemerintah afghanistan konfirmasi kematian pemimpin taliban
0.18|thetariqjameel peshawar bachoon qatiloun tehreek taliban pe lanat nahi bejhi hadeesen bachon ki quote krehe
0.26|militarycourt announce death sentence terrorist taliban tauheed jesh mohammad aps attack safoora incident
0.2|hoye kisi nay protest kia hai ya nai hamaray molve nai hain taliban inhon nay palay hoye hain muhammadmylife
0.33|need vacation
0.23|militer pakistan sebut heli jatuh karena kerusakan mesin bukan taliban
0.18|un mensaje para news
0.27|ayeshaspeaksnow mqm terrorist fund taliban without
0.25|one page
0.27|taliban chief demand foreign troop leave
0.11|nati esta enojada conmigo pero cabe ninguna le voy hablar la voy cargosiar jajaa la quiero una banda esta piba
0.29|kirtaner dzwooo americankevin naacp ill fuck taliban idgaf
0.39|troop tell ignore taliban bring rap young boy military base crime
Retrieved 8 new auxiliary tweets.
0.0|un mensaje para news
1.0|every day vindicate either fight taliban afghanistan inside india three year
0.0|nati esta enojada conmigo pero cabe ninguna le voy hablar la voy cargosiar jajaa la quiero una banda esta piba
0.0|thetariqjameel peshawar bachoon qatiloun tehreek taliban pe lanat nahi bejhi hadeesen bachon ki quote krehe
1.0|darrelanderson baltimoreriots congrats madam socialist take year destroy city well
0.0|indonesiahealth pemerintah afghanistan konfirmasi kematian pemimpin taliban
0.0|hoye kisi nay protest kia hai ya nai hamaray molve nai hain taliban inhon nay palay hoye hain muhammadmylife
0.0|spread baltimoreriots baltimoreuprising freddiegray blacklivesmatter
()Getting CNN classification labels from http://localhost:5000/cnn_train_and_get_prediction_labels?trainingFolder=2ead3c9d-22a7-48a8-8692-44fb86bde70b-winterstorm-Iteration-8&ngram=3

Aux F1 - Iteration-8=0.92
Precision=0.89
Recall=0.98
Aux F1 - ConfusionMatrix:
30.0  6.0   
1.0   51.0  

Best F1 so far - 0.95 at iteration:7


Issue with Tweet:, 257
0.21|religious extremism mischief dajjal antichrist isi taliban alshabab islam kyaapkopatahai
0.37|cityof baltimore become detroit lawsuit city bankrupt free rid baltimoreriots
0.13|icantbreathe baltimoreriots sandrabland blacklivesmatter walterscott bodycameras accountability
0.12|phxmosque baltimoreriots racism
0.31|asaleahhh rft tripinatweet never show news baltimoreriots
0.25|also good control watercannon baltimoreriots
0.28|white slavery america baltimore baltimoreriots baltimoreuprising ferguson
0.37|lelandvittert foxnews shame leland police let baltimoreriots loot violence
0.0|blackbusiness baltimoreriots
0.34|sanddragger milk end baltimore baltimoreuprising baltimoreriots noshame
0.0|hattiesburgshooting baltimoreriots
0.25|baltimoreriots baltimoreuprising baltimore baltimorelootcrew
0.42|danegerus baltimoreriots prepare receive syrian feed help isi get apartment job
0.38|blysslyss confederate fuck flag bath find huge racist white ppl outlet idk
0.29|sick confederate flag bro
0.27|ken burn confederate flag resistance civil
0.23|son confederate veteran weigh confederate flag controversy christiansburg confederaterights
0.32|thank gm stand behind kidrock support decision fly confederate flag takeastand
0.39|donnylumpkins goodbye confederate flag hello cool hope everybody great day
0.36|notice confederate flag breakfast club realize john lennon
Retrieved 5 new auxiliary tweets.
0.0|icantbreathe baltimoreriots sandrabland blacklivesmatter walterscott bodycameras accountability
1.0|danegerus baltimoreriots prepare receive syrian feed help isi get apartment job
0.0|hattiesburgshooting baltimoreriots
0.0|phxmosque baltimoreriots racism
0.0|blackbusiness baltimoreriots
()Getting CNN classification labels from http://localhost:5000/cnn_train_and_get_prediction_labels?trainingFolder=5d866a75-4aaf-475f-ab94-e858f368039c-winterstorm-Iteration-9&ngram=3

Aux F1 - Iteration-9=0.93
Precision=0.93
Recall=0.96
Aux F1 - ConfusionMatrix:
32.0  4.0   
2.0   50.0  

Best F1 so far - 0.95 at iteration:7


Issue with Tweet:, 257
0.36|sheila jackson lee use wrong confederate flag house floor protest
0.38|rawstory watch south carolina republican jenny horne give impassioned speech confederate flag
0.17|dear confederate flag supporter
0.35|tothrive day need confederate
0.48|nw weather winterstorm exit northeast warm weather move eastern
0.5|winter storm nika watch warn colorado maine centralstates snowfallforecast winterstorm
0.17|inside butstillworkin winterstorm whoneedbeatz
0.38|caltrans gear another mountain winterstorm vvdailypress
0.58|snow tire winter wonderland like winter winterstorm snow ottawa
0.42|iansireland carerclare ruthdavidsonmsp outside light hubby job tomorrow afternoon
0.31|september john menzies bookshop prince street doctorwho
0.3|woman strike car
0.29|rock gannet colony world large bass rock firth forth large colony
0.21|letyouknow woman rob knifepoint attack woman rob knifepoint
0.26|new scot geographer royal appoint
0.35|aw would see co uni edinburgh id glasgow cumbernauld edinburgh time haha
0.16|jouwbaan vacature software engineer quality
0.33|look light light sunset edinburgh scotland liveandloveeverywhere
0.34|thank edinchamber divinoed great network fab food service edinburgh network italian
0.5|winter storm midwesterners expect winter storm winterstorm
Retrieved 8 new auxiliary tweets.
1.0|winter storm nika watch warn colorado maine centralstates snowfallforecast winterstorm
0.0|dear confederate flag supporter
1.0|snow tire winter wonderland like winter winterstorm snow ottawa
1.0|winter storm midwesterners expect winter storm winterstorm
0.0|inside butstillworkin winterstorm whoneedbeatz
1.0|iansireland carerclare ruthdavidsonmsp outside light hubby job tomorrow afternoon
0.0|jouwbaan vacature software engineer quality
1.0|nw weather winterstorm exit northeast warm weather move eastern
()Getting CNN classification labels from http://localhost:5000/cnn_train_and_get_prediction_labels?trainingFolder=f4e320f9-e28c-4bca-9a88-57caba3282d9-winterstorm-Iteration-10&ngram=3

Aux F1 - Iteration-10=0.93
Precision=0.91
Recall=0.98
Aux F1 - ConfusionMatrix:
31.0  5.0   
1.0   51.0  

Best F1 so far - 0.95 at iteration:7


Issue with Tweet:, 257
0.36|fly la vega new maybe ethan miller getty due winterstorm
0.31|warren candy astronomy winterstorm balance body chemistry unleash abundant energy spe
0.53|traffic ban weird see street nyc juno winter winterstorm
0.32|va governor ban confederate flag license plat get flag
0.38|edinburgh rush hour joke move minute radio pish
0.38|city region rival say murphy
0.38|edcentrallib sir walter scott bear today old town edinburgh
0.29|job edinburgh virtualisation project manager edinburgh job infrastructure project manager job
0.36|hundred attend funeral edinburgh unidentified baby boy find dead
0.41|actually buzz foo fighter edinburgh wish tomorrow next year
0.23|edinburgh global undergraduate mathematics scholarship university edinburgh uk scholarship
0.36|busy morning tribalgroup interest breakfast brief edinburgh oct
0.38|stepram great response leafleting edinburgh south west snp joannaccherry today votesnp
0.43|dispatchdemon txwx flash flood warn real uvalde county till aug pm cdt
0.33|flash flood warn issue july pdt july pdt nw sandiego
0.43|cree lead work light bar flood combo beam fog drive lamp suv
0.38|graphic detail winterstorm total sleet freezingrain arkansas via nwslittlerock arwx
0.52|update snow ahead rockies plain midwest accumulatingsnow weatherchannel winterstorm
0.18|winterstorm musicaltheatre demilovatoedit bestoftheday carp fish secret bible carp fish book
0.43|blizzard hit central head northeast blizzardwarning metropolitanareas winterstorm winterstormwarning
Retrieved 7 new auxiliary tweets.
1.0|traffic ban weird see street nyc juno winter winterstorm
1.0|blizzard hit central head northeast blizzardwarning metropolitanareas winterstorm winterstormwarning
0.0|winterstorm musicaltheatre demilovatoedit bestoftheday carp fish secret bible carp fish book
1.0|cree lead work light bar flood combo beam fog drive lamp suv
1.0|actually buzz foo fighter edinburgh wish tomorrow next year
1.0|dispatchdemon txwx flash flood warn real uvalde county till aug pm cdt
1.0|update snow ahead rockies plain midwest accumulatingsnow weatherchannel winterstorm
()Getting CNN classification labels from http://localhost:5000/cnn_train_and_get_prediction_labels?trainingFolder=65a6bdaa-4c7b-4091-b064-ead338093124-winterstorm-Iteration-11&ngram=3

Aux F1 - Iteration-11=0.79
Precision=0.77
Recall=0.98
Aux F1 - ConfusionMatrix:
21.0  15.0  
1.0   51.0  

Best F1 so far - 0.95 at iteration:7


Issue with Tweet:, 257
0.17|bolsa de paris fecha em alta de
0.35|new film chronicle float school bangladesh via educationweek wsugen edchat
0.42|bloody hell bus drive boatonwheels
0.4|vamonosla need water supply dry year well good flood also need price
0.41|problem flood life drown teach swim rise let nothing hold
0.3|flood advisory issue march edt march edt nw
0.35|flood warn issue july cdt july cdt nw wxil
0.44|well phone guess miss flood christmas text
0.33|questionerr feel nooo
0.32|earthquake quake strike offshore near vandenberg air force base
0.42|seriously hate people tweet boston bomb sichuan earthquake sake get retweet
0.36|earthquake russell good news series episode bbc one via youtube
0.33|earthquake earthquake bismarck sea nov utc
0.35|death toll philippine earthquake top cbs news
0.36|bloody hell delhi earthquake
0.3|quake eastern coast japan
0.28|earthquake iquique chile tuesday december utcmonday december
0.21|usgs nne camalu mexico earthquake tremor
0.21|ene bunobogu indonesia jst earthquake sismo jishin
0.54|wintr storm titan forecast snow ice spread east monday forecastsnow winterstorm winterstormtitan
Retrieved 6 new auxiliary tweets.
1.0|well phone guess miss flood christmas text
1.0|bloody hell bus drive boatonwheels
1.0|wintr storm titan forecast snow ice spread east monday forecastsnow winterstorm winterstormtitan
1.0|problem flood life drown teach swim rise let nothing hold
1.0|seriously hate people tweet boston bomb sichuan earthquake sake get retweet
0.0|bolsa de paris fecha em alta de
()Getting CNN classification labels from http://localhost:5000/cnn_train_and_get_prediction_labels?trainingFolder=736e4239-d883-4994-8ccc-dba6f7633174-winterstorm-Iteration-12&ngram=3

Aux F1 - Iteration-12=0.81
Precision=0.78
Recall=0.98
Aux F1 - ConfusionMatrix:
22.0  14.0  
1.0   51.0  

Best F1 so far - 0.95 at iteration:7


Issue with Tweet:, 257
0.5|boston break record snowy day winterstorm bossnow snowday
0.29|novembernight morningmist winterstorm glaze work well contemporary color
0.4|quick reminder facebook full racist garbage include weird defense confederate
0.41|saw like men freeway come take flag confederate flag impeach obama sign texas merica
0.39|fairlyfemme like someone believe confederate flag gonna give fuck say theyre still gonna believe
0.36|gun shop team zimmerman sell confederate flag sound like contest winner outrageous fake
0.3|drive past lift flag
0.22|confederate flag rally since
0.38|snare band support confederate flag im pretty sure donald trump need quit
0.45|kid park lot get trouble confederate flag sticker let people want gosh
0.37|say like people think ban confederate flag would magically end racism
0.34|quakefactor island hawaii hawaii sunday july utcsaturday earthquake quake
0.24|earthquakenews earthquake ryukyu island japan
0.45|last quake aftershock say dear earthquake know love nepal want keep visit plz small
0.3|thank lcbo help raise money earthquake
0.28|prayforboholandcebu intensity earthquake record lahat ng timbal sa bohol pray ur
0.33|alone nuh feel nuh earthquake lastnight
0.38|death toll guatemala earthquake many still shake continue aftershock count myfoxla
0.38|winterstorm dc expect additional inch start nw
0.34|mbta service bus end mbta winterstorm
Retrieved 4 new auxiliary tweets.
1.0|kid park lot get trouble confederate flag sticker let people want gosh
1.0|saw like men freeway come take flag confederate flag impeach obama sign texas merica
1.0|last quake aftershock say dear earthquake know love nepal want keep visit plz small
1.0|boston break record snowy day winterstorm bossnow snowday
()Getting CNN classification labels from http://localhost:5000/cnn_train_and_get_prediction_labels?trainingFolder=f70ee80a-0bb0-49e9-abd5-a16f1c7ad794-winterstorm-Iteration-13&ngram=3

Aux F1 - Iteration-13=0.81
Precision=0.78
Recall=0.98
Aux F1 - ConfusionMatrix:
22.0  14.0  
1.0   51.0  

Best F1 so far - 0.95 at iteration:7


Issue with Tweet:, 257
Issue with Tweet:, 257
0.45|kid park lot get trouble confederate flag sticker let people want gosh
0.37|say like people think ban confederate flag would magically end racism
0.37|man make flower bloom cnn ireport philaflowershow drewbecher
0.39|potential major winterstorm hit sunday night monday ffxstorm
0.44|problem wiz wanna know many snap send kid tomorrow winterstorm
0.25|winterstorm cause damage preventative tip severeweather
0.46|snowstorm mottola puglia italy snowstorm winterstorm mottola
0.31|sdge outage stay safe winterstorm safety
0.36|winterstorm tip bring furry friend pet prep tip
0.52|snow yet worcester check icicle apartment quincy masnow necn winterstorm
0.2|hello
Retrieved 5 new auxiliary tweets.
0.0|hello
1.0|kid park lot get trouble confederate flag sticker let people want gosh
1.0|snow yet worcester check icicle apartment quincy masnow necn winterstorm
1.0|snowstorm mottola puglia italy snowstorm winterstorm mottola
1.0|problem wiz wanna know many snap send kid tomorrow winterstorm
()Getting CNN classification labels from http://localhost:5000/cnn_train_and_get_prediction_labels?trainingFolder=1371d587-d826-487b-a213-6b3aad82e58a-winterstorm-Iteration-14&ngram=3

Aux F1 - Iteration-14=0.88
Precision=0.84
Recall=1.0
Aux F1 - ConfusionMatrix:
26.0  10.0  
0.0   52.0  

Best F1 so far - 0.95 at iteration:7


Issue with Tweet:, 257
