Using Spark's default log4j profile: org/apache/spark/log4j-defaults.properties
17/03/25 19:02:25 INFO Remoting: Starting remoting
17/03/25 19:02:25 INFO Remoting: Remoting started; listening on addresses :[akka.tcp://sparkDriver@172.30.204.173:62660]
Hello World!11

***************** Parameters used for EXPERIMENT *****************
	filterToUse = CosineSim
	minSimilarityThreshold = 0.55
	cosineSimilarityWindowSize= 0.15
	minWmDistanceThreshold = 0.0199
	maxFpmWordsToPick = 35
	minFpmWordsDetected = 0
	refreshLocalWordVectors = false
	maxExperimentIterations = 20
	maxAuxTweetsToAddEachIteration = 10
	thresholdF1 = 0.98
	classifierType = Cnn
	folderNameForCnnClassifier = 
	auxiliaryThresholdExpectation = 0.01
	fileDelimiter = ,
	trainingDataFile = data/final/ebola_training_data.txt
	validationDataFile = data/final/ebola_validation_data.txt
	auxiliaryDataFile = data/final/ebola_auxiliary_data.txt
	supplementedCleanAuxiliaryFile = data/final/ebola_auxiliary_data_clean.txt

***************** Parameters used for EXPERIMENT *****************

[Stage 1:>                                                          (0 + 0) / 8]                                                                                
Initial F1=0.94
Precision=0.89
Recall=1.0
Initial - ConfusionMatrix:
23.0  3.0   
0.0   25.0  

0.18|air radioaktif fukushima bocor lagus pekerja terpapar air radioaktif fukushima boco
0.22|fukushima rod get close can still fire create chain reaction
0.29|tokyo electric say earthquake fukushima damage prefecture trouble nuclear plant
0.27|new spot find fukushima plant yahoo health
0.3|tour fukushima daiichus nuclear power plant via
0.25|festival plan saturday child fukushima japan fukushima kid welcome festival will hold
0.27|map share facebook regard radiation spread across pacific fukushima
0.29|petition address single important issue planet right now fukushima radiation leak
0.22|extraen peligrosa barras combustible accidentada central nuclear fukushima
0.11|nzz will wieder atomstrom erzeugen antiakw
Retrieved 10 new auxiliary tweets.
0.0|new spot find fukushima plant yahoo health
0.0|tour fukushima daiichus nuclear power plant via
0.0|extraen peligrosa barras combustible accidentada central nuclear fukushima
0.0|nzz will wieder atomstrom erzeugen antiakw
0.0|fukushima rod get close can still fire create chain reaction
0.0|petition address single important issue planet right now fukushima radiation leak
0.0|air radioaktif fukushima bocor lagus pekerja terpapar air radioaktif fukushima boco
0.0|map share facebook regard radiation spread across pacific fukushima
0.0|tokyo electric say earthquake fukushima damage prefecture trouble nuclear plant
0.0|festival plan saturday child fukushima japan fukushima kid welcome festival will hold
()
Aux F1 - Iteration-1=0.94
Precision=0.89
Recall=1.0
Aux F1 - ConfusionMatrix:
23.0  3.0   
0.0   25.0  

0.22|disaster spiral control fukushima japan prime minister ask global help alternet
-0.04|ozawa ichiro japanese bureaucrat massmedium japanese
0.24|perspective chernobyl fukushima health effect can learn eastern european theatomicage
0.33|fukushima radiation hit west coast fukushima
0.21|radioactive reality december fukushima fuel melt unprecedented scale
0.18|god help will big consequence
0.29|live world watcher current event fukushima japan news
0.4|liberium record ebolum death despite declare ebolum
0.31|hunger kill ebolum consider significant problem since rich people can die
0.18|southafrica will allow entry arrive country
Retrieved 10 new auxiliary tweets.
0.0|ozawa ichiro japanese bureaucrat massmedium japanese
0.0|god help will big consequence
0.0|live world watcher current event fukushima japan news
0.0|hunger kill ebolum consider significant problem since rich people can die
0.0|southafrica will allow entry arrive country
0.0|perspective chernobyl fukushima health effect can learn eastern european theatomicage
0.0|liberium record ebolum death despite declare ebolum
0.0|fukushima radiation hit west coast fukushima
0.0|radioactive reality december fukushima fuel melt unprecedented scale
0.0|disaster spiral control fukushima japan prime minister ask global help alternet
()
Aux F1 - Iteration-2=0.94
Precision=0.89
Recall=1.0
Aux F1 - ConfusionMatrix:
23.0  3.0   
0.0   25.0  

0.29|ebolum threat real allow african conference nyc risky stupid wrong
0.26|ebolum diagnose texa first case find
0.37|just front page news mean important ebolum
0.33|can get medical food aid gaza earth anyone think west africa ebolum
0.36|fkr ebolum
0.34|nobody count run away also mean number will come ebolum
0.23|vaccin possible contre virus ebolum
0.09|fajr daily story via
0.29|tritium level rise fukushima groundwater jijus nuclear
0.23|japan raise severity radioactive leak nuke plant china daily
Retrieved 10 new auxiliary tweets.
0.0|ebolum threat real allow african conference nyc risky stupid wrong
0.0|tritium level rise fukushima groundwater jijus nuclear
0.0|japan raise severity radioactive leak nuke plant china daily
0.0|can get medical food aid gaza earth anyone think west africa ebolum
0.0|fkr ebolum
0.0|fajr daily story via
0.0|nobody count run away also mean number will come ebolum
0.0|vaccin possible contre virus ebolum
0.0|ebolum diagnose texa first case find
0.0|just front page news mean important ebolum
()
Aux F1 - Iteration-3=0.94
Precision=0.89
Recall=1.0
Aux F1 - ConfusionMatrix:
23.0  3.0   
0.0   25.0  

0.06|welp look like cali trip outta question think video
0.18|sorry seem come across lot worry info fukushima keep calm carry type stuff
0.27|storage tank fukushima daiichus nuclear power plant leak gallon contaminate water
0.27|elite frighten coverup protest ourwallstreet fukushima show world people power think
0.32|latest leak japan fukushima plant contaminate worker tokyo reuter six worker japan fukushima nuclear plant
0.17|sailor response fukushima emergency result cancer
0.28|malus now ebola free health minister say day without new case disease
0.27|frieden keep lie ebolum transmission low possibility spread
0.34|great news ebolum front
0.35|article hold emergency ebolum meeting ebolum afrika security council will hold article
Retrieved 10 new auxiliary tweets.
0.0|storage tank fukushima daiichus nuclear power plant leak gallon contaminate water
0.0|frieden keep lie ebolum transmission low possibility spread
0.0|great news ebolum front
0.0|article hold emergency ebolum meeting ebolum afrika security council will hold article
0.0|malus now ebola free health minister say day without new case disease
0.0|sailor response fukushima emergency result cancer
0.0|welp look like cali trip outta question think video
0.0|sorry seem come across lot worry info fukushima keep calm carry type stuff
0.0|elite frighten coverup protest ourwallstreet fukushima show world people power think
0.0|latest leak japan fukushima plant contaminate worker tokyo reuter six worker japan fukushima nuclear plant
()
Aux F1 - Iteration-4=0.94
Precision=0.89
Recall=1.0
Aux F1 - ConfusionMatrix:
23.0  3.0   
0.0   25.0  

0.22|learn ocular complication ebolum
0.34|panic ebolum expert michaelsteuer say
0.45|hard hit ebolum ebolum eboflip
0.31|decide safe enough travel somewhere via ebolum ttot
0.23|japan remove fukushima fuel rod
0.19|fukushima descubren fuga casi dos toneladas agua contaminada cuba
0.27|now take closer look radioactive leak fukushima japan impact environment worldview
0.15|denuncian por negligencium operadora fukushima ciudadano japonese presentan denuncus madero tampico
0.3|well ocean boil now coast japan runaway core fukushima daiichus wonder
0.25|fukushima radioactive cloud expect reach
Retrieved 9 new auxiliary tweets.
0.0|denuncian por negligencium operadora fukushima ciudadano japonese presentan denuncus madero tampico
0.0|now take closer look radioactive leak fukushima japan impact environment worldview
0.0|well ocean boil now coast japan runaway core fukushima daiichus wonder
0.0|fukushima radioactive cloud expect reach
0.0|fukushima descubren fuga casi dos toneladas agua contaminada cuba
0.0|panic ebolum expert michaelsteuer say
0.0|learn ocular complication ebolum
0.0|decide safe enough travel somewhere via ebolum ttot
0.0|japan remove fukushima fuel rod
()
Aux F1 - Iteration-5=0.94
Precision=0.89
Recall=1.0
Aux F1 - ConfusionMatrix:
23.0  3.0   
0.0   25.0  

0.2|nacional descubren una nueva fuga cuatro toneladas agua radiactiva fukushima
0.21|well point know never get see japan guess good thing bucket list fukushima
0.12|fukishima watch worse ever imagine forget fix one know fish get freaky
0.09|satu harapan pltn fukushima tidak terpengaruh gempa
0.28|fukushima worker
0.19|super excite join see fukushima geiger counter
0.18|fukushima operator start dangerous removal
0.27|ghana difficulty disinformation president put shoe fukushima follow realdatill now news
0.23|fukushima plant brace
-0.01|terrifying
Retrieved 10 new auxiliary tweets.
0.0|well point know never get see japan guess good thing bucket list fukushima
0.0|nacional descubren una nueva fuga cuatro toneladas agua radiactiva fukushima
0.0|fukushima plant brace
0.0|terrifying
0.0|ghana difficulty disinformation president put shoe fukushima follow realdatill now news
0.0|fukishima watch worse ever imagine forget fix one know fish get freaky
0.0|satu harapan pltn fukushima tidak terpengaruh gempa
0.0|fukushima worker
0.0|fukushima operator start dangerous removal
0.0|super excite join see fukushima geiger counter
()
Aux F1 - Iteration-6=0.94
Precision=0.89
Recall=1.0
Aux F1 - ConfusionMatrix:
23.0  3.0   
0.0   25.0  

0.24|well make feel warm fuzzy smgdh real fukushima danger washington blog
0.31|nuclear radiation effect fukushima update fukushima
0.14|remove regulatead area fukushima safe
0.28|fukushima radiation reach coast safe level nrc say bloomberg via
0.26|fukushima worker low morale plague health woe say insider shit sherlock
0.28|japan issue warn fukushima leak
0.25|woah tepco plan dump radioactive water store fukushima ocean instead contain
0.16|happen alaska fukushima responsible mass animal death
0.16|fukushima una bomba radioattiva fuori controllo mondo tempo reale
0.23|scientist want fukushima everywhere throughout world
Retrieved 10 new auxiliary tweets.
0.0|woah tepco plan dump radioactive water store fukushima ocean instead contain
0.0|well make feel warm fuzzy smgdh real fukushima danger washington blog
0.0|nuclear radiation effect fukushima update fukushima
0.0|fukushima una bomba radioattiva fuori controllo mondo tempo reale
0.0|scientist want fukushima everywhere throughout world
0.0|remove regulatead area fukushima safe
0.0|happen alaska fukushima responsible mass animal death
0.0|japan issue warn fukushima leak
0.0|fukushima radiation reach coast safe level nrc say bloomberg via
0.0|fukushima worker low morale plague health woe say insider shit sherlock
()
Aux F1 - Iteration-7=0.94
Precision=0.89
Recall=1.0
Aux F1 - ConfusionMatrix:
23.0  3.0   
0.0   25.0  

0.17|sterilize planet read fukushima update itk ele forget
0.22|fukushima daiichus operator handle shutdown say govern party
0.01|fodeo negada fodeo
0.3|really hope people get message fukushima away can get worse make agenda
0.21|will stop tepco iaea gorvernment japan
0.23|japan remove fukushima fuel rod
0.24|tokyo host olympics will feature meter fukushima nuclear puddle jump newest olympic gold medal sport
0.3|jellyfish baby birth defect nuclear radiation fukushima nonuke radiation
0.12|comienza retirarse combustible gastado del reactor fukushima
0.17|sunday closer brink fukushima tepco allhandsondeck
Retrieved 10 new auxiliary tweets.
0.0|tokyo host olympics will feature meter fukushima nuclear puddle jump newest olympic gold medal sport
0.0|fukushima daiichus operator handle shutdown say govern party
0.0|japan remove fukushima fuel rod
0.0|jellyfish baby birth defect nuclear radiation fukushima nonuke radiation
0.0|sterilize planet read fukushima update itk ele forget
0.0|comienza retirarse combustible gastado del reactor fukushima
0.0|sunday closer brink fukushima tepco allhandsondeck
0.0|fodeo negada fodeo
0.0|really hope people get message fukushima away can get worse make agenda
0.0|will stop tepco iaea gorvernment japan
()
Aux F1 - Iteration-8=0.94
Precision=0.89
Recall=1.0
Aux F1 - ConfusionMatrix:
23.0  3.0   
0.0   25.0  

0.31|japan work massive project keep damage fukushima nuclear plant leak
0.24|please sign share petition crisis fukushima let voice hear
0.22|like video fukushima san francisco human mural
0.29|just turner horror show end can get ride now fukushima fuck doom tepco
0.2|fukushima diary washington via
0.24|forecast show fukushima get eye wall typhoon wipha meteorologyjapan
0.2|inicium tepco paso cleave para desmantelar central fukushima elmundo
0.25|abductee tell comet ison impact fukushima disaster
0.19|conspiracy theory jesse ventura category hurricane aim fukushima
0.3|water piece nuclear fuel come ocean floor fukushima coast tokyo professor
Retrieved 10 new auxiliary tweets.
0.0|like video fukushima san francisco human mural
0.0|inicium tepco paso cleave para desmantelar central fukushima elmundo
0.0|abductee tell comet ison impact fukushima disaster
0.0|conspiracy theory jesse ventura category hurricane aim fukushima
0.0|water piece nuclear fuel come ocean floor fukushima coast tokyo professor
0.0|forecast show fukushima get eye wall typhoon wipha meteorologyjapan
0.0|japan work massive project keep damage fukushima nuclear plant leak
0.0|just turner horror show end can get ride now fukushima fuck doom tepco
0.0|fukushima diary washington via
0.0|please sign share petition crisis fukushima let voice hear
()
Aux F1 - Iteration-9=0.94
Precision=0.89
Recall=1.0
Aux F1 - ConfusionMatrix:
23.0  3.0   
0.0   25.0  

