Using Spark's default log4j profile: org/apache/spark/log4j-defaults.properties
17/03/24 16:15:56 INFO Remoting: Starting remoting
17/03/24 16:15:56 INFO Remoting: Remoting started; listening on addresses :[akka.tcp://sparkDriver@172.30.200.142:64339]
Hello World!11

***************** Parameters used for EXPERIMENT *****************
	filterToUse = CosineSim
	minSimilarityThreshold = 0.55
	cosineSimilarityWindowSize= 0.15
	minWmDistanceThreshold = 0.0199
	maxFpmWordsToPick = 30
	minFpmWordsDetected = 0
	refreshLocalWordVectors = false
	maxExperimentIterations = 20
	maxAuxTweetsToAddEachIteration = 10
	thresholdF1 = 0.98
	auxiliaryThresholdExpectation = 0.01
	fileDelimiter = ,
	trainingDataFile = data/final/ebola_training_data.txt
	validationDataFile = data/final/ebola_validation_data.txt
	auxiliaryDataFile = data/final/ebola_auxiliary_data.txt
	supplementedCleanAuxiliaryFile = data/final/ebola_auxiliary_data_clean.txt

***************** Parameters used for EXPERIMENT *****************

Adding annotator tokenize
Adding annotator ssplit
Adding annotator pos
Adding annotator lemma

Initial F1=0.27
Precision=0.37
Recall=0.56
Initial - ConfusionMatrix:
2.0   24.0  
11.0  14.0  

0.19|air radioaktif fukushima bocor lagus pekerja terpapar air radioaktif fukushima boco
0.21|fukushima rod get close can still fire create chain reaction
0.28|tokyo electric say earthquake fukushima damage prefecture trouble nuclear plant
0.27|new spot find fukushima plant yahoo health
0.29|tour fukushima daiichus nuclear power plant via
0.25|festival plan saturday child fukushima japan fukushima kid welcome festival will hold
0.26|map share facebook regard radiation spread across pacific fukushima
0.28|petition address single important issue planet right now fukushima radiation leak
0.22|extraen peligrosa barras combustible accidentada central nuclear fukushima
0.1|nzz will wieder atomstrom erzeugen antiakw
Retrieved 10 new auxiliary tweets.
0.0|new spot find fukushima plant yahoo health
0.0|tour fukushima daiichus nuclear power plant via
0.0|air radioaktif fukushima bocor lagus pekerja terpapar air radioaktif fukushima boco
0.0|map share facebook regard radiation spread across pacific fukushima
0.0|tokyo electric say earthquake fukushima damage prefecture trouble nuclear plant
0.0|extraen peligrosa barras combustible accidentada central nuclear fukushima
0.0|nzz will wieder atomstrom erzeugen antiakw
0.0|festival plan saturday child fukushima japan fukushima kid welcome festival will hold
0.0|petition address single important issue planet right now fukushima radiation leak
0.0|fukushima rod get close can still fire create chain reaction
()Adding 10 auxiliary tweets to the training data.

Aux F1 - Iteration-1=0.48
Precision=0.55
Recall=0.24
Aux F1 - ConfusionMatrix:
21.0  5.0  
19.0  6.0  

0.22|disaster spiral control fukushima japan prime minister ask global help alternet
-0.04|ozawa ichiro japanese bureaucrat massmedium japanese
0.23|perspective chernobyl fukushima health effect can learn eastern european theatomicage
0.32|fukushima radiation hit west coast fukushima
0.2|radioactive reality december fukushima fuel melt unprecedented scale
0.17|god help will big consequence
0.29|live world watcher current event fukushima japan news
0.39|liberium record ebolum death despite declare ebolum
0.3|hunger kill ebolum consider significant problem since rich people can die
0.16|southafrica will allow entry arrive country
Retrieved 10 new auxiliary tweets.
0.0|fukushima radiation hit west coast fukushima
0.0|radioactive reality december fukushima fuel melt unprecedented scale
0.0|hunger kill ebolum consider significant problem since rich people can die
0.0|southafrica will allow entry arrive country
0.0|perspective chernobyl fukushima health effect can learn eastern european theatomicage
0.0|disaster spiral control fukushima japan prime minister ask global help alternet
0.0|god help will big consequence
0.0|liberium record ebolum death despite declare ebolum
0.0|live world watcher current event fukushima japan news
0.0|ozawa ichiro japanese bureaucrat massmedium japanese
()Adding 10 auxiliary tweets to the training data.

Aux F1 - Iteration-2=0.5
Precision=0.71
Recall=0.2
Aux F1 - ConfusionMatrix:
24.0  2.0  
20.0  5.0  

0.27|ebolum threat real allow african conference nyc risky stupid wrong
0.24|ebolum diagnose texa first case find
0.36|just front page news mean important ebolum
0.31|can get medical food aid gaza earth anyone think west africa ebolum
0.36|fkr ebolum
0.32|nobody count run away also mean number will come ebolum
0.23|vaccin possible contre virus ebolum
0.07|fajr daily story via
0.28|tritium level rise fukushima groundwater jijus nuclear
0.22|japan raise severity radioactive leak nuke plant china daily
Retrieved 10 new auxiliary tweets.
0.0|just front page news mean important ebolum
0.0|can get medical food aid gaza earth anyone think west africa ebolum
0.0|fkr ebolum
0.0|nobody count run away also mean number will come ebolum
0.0|ebolum threat real allow african conference nyc risky stupid wrong
0.0|fajr daily story via
0.0|tritium level rise fukushima groundwater jijus nuclear
0.0|japan raise severity radioactive leak nuke plant china daily
0.0|vaccin possible contre virus ebolum
0.0|ebolum diagnose texa first case find
()Adding 10 auxiliary tweets to the training data.

Aux F1 - Iteration-3=0.51
Precision=0.83
Recall=0.2
Aux F1 - ConfusionMatrix:
25.0  1.0  
20.0  5.0  

0.06|welp look like cali trip outta question think video
0.18|sorry seem come across lot worry info fukushima keep calm carry type stuff
0.26|storage tank fukushima daiichus nuclear power plant leak gallon contaminate water
0.25|elite frighten coverup protest ourwallstreet fukushima show world people power think
0.31|latest leak japan fukushima plant contaminate worker tokyo reuter six worker japan fukushima nuclear plant
0.18|sailor response fukushima emergency result cancer
0.25|malus now ebola free health minister say day without new case disease
0.25|frieden keep lie ebolum transmission low possibility spread
0.33|great news ebolum front
0.34|article hold emergency ebolum meeting ebolum afrika security council will hold article
Retrieved 10 new auxiliary tweets.
0.0|sorry seem come across lot worry info fukushima keep calm carry type stuff
0.0|sailor response fukushima emergency result cancer
0.0|frieden keep lie ebolum transmission low possibility spread
0.0|malus now ebola free health minister say day without new case disease
0.0|storage tank fukushima daiichus nuclear power plant leak gallon contaminate water
0.0|welp look like cali trip outta question think video
0.0|elite frighten coverup protest ourwallstreet fukushima show world people power think
0.0|latest leak japan fukushima plant contaminate worker tokyo reuter six worker japan fukushima nuclear plant
0.0|great news ebolum front
0.0|article hold emergency ebolum meeting ebolum afrika security council will hold article
()
Aux F1 - Iteration-4=0.48
Precision=0.8
Recall=0.16
Aux F1 - ConfusionMatrix:
25.0  1.0  
21.0  4.0  

0.22|learn ocular complication ebolum
0.33|panic ebolum expert michaelsteuer say
0.44|hard hit ebolum ebolum eboflip
0.29|decide safe enough travel somewhere via ebolum ttot
0.23|japan remove fukushima fuel rod
0.19|fukushima descubren fuga casi dos toneladas agua contaminada cuba
0.26|now take closer look radioactive leak fukushima japan impact environment worldview
0.16|denuncian por negligencium operadora fukushima ciudadano japonese presentan denuncus madero tampico
0.28|well ocean boil now coast japan runaway core fukushima daiichus wonder
0.25|fukushima radioactive cloud expect reach
Retrieved 9 new auxiliary tweets.
0.0|decide safe enough travel somewhere via ebolum ttot
0.0|well ocean boil now coast japan runaway core fukushima daiichus wonder
0.0|fukushima radioactive cloud expect reach
0.0|panic ebolum expert michaelsteuer say
0.0|fukushima descubren fuga casi dos toneladas agua contaminada cuba
0.0|learn ocular complication ebolum
0.0|denuncian por negligencium operadora fukushima ciudadano japonese presentan denuncus madero tampico
0.0|japan remove fukushima fuel rod
0.0|now take closer look radioactive leak fukushima japan impact environment worldview
()
Aux F1 - Iteration-5=0.48
Precision=0.8
Recall=0.16
Aux F1 - ConfusionMatrix:
25.0  1.0  
21.0  4.0  

0.2|nacional descubren una nueva fuga cuatro toneladas agua radiactiva fukushima
0.2|well point know never get see japan guess good thing bucket list fukushima
0.1|fukishima watch worse ever imagine forget fix one know fish get freaky
0.09|satu harapan pltn fukushima tidak terpengaruh gempa
0.28|fukushima worker
0.2|super excite join see fukushima geiger counter
0.18|fukushima operator start dangerous removal
0.26|ghana difficulty disinformation president put shoe fukushima follow realdatill now news
0.23|fukushima plant brace
-0.01|terrifying
Retrieved 10 new auxiliary tweets.
0.0|nacional descubren una nueva fuga cuatro toneladas agua radiactiva fukushima
0.0|fukushima plant brace
0.0|terrifying
0.0|ghana difficulty disinformation president put shoe fukushima follow realdatill now news
0.0|fukushima operator start dangerous removal
0.0|super excite join see fukushima geiger counter
0.0|fukishima watch worse ever imagine forget fix one know fish get freaky
0.0|well point know never get see japan guess good thing bucket list fukushima
0.0|satu harapan pltn fukushima tidak terpengaruh gempa
0.0|fukushima worker
()
Aux F1 - Iteration-6=0.48
Precision=0.8
Recall=0.16
Aux F1 - ConfusionMatrix:
25.0  1.0  
21.0  4.0  

0.23|well make feel warm fuzzy smgdh real fukushima danger washington blog
0.3|nuclear radiation effect fukushima update fukushima
0.14|remove regulatead area fukushima safe
0.25|fukushima radiation reach coast safe level nrc say bloomberg via
0.24|fukushima worker low morale plague health woe say insider shit sherlock
0.28|japan issue warn fukushima leak
0.24|woah tepco plan dump radioactive water store fukushima ocean instead contain
0.15|happen alaska fukushima responsible mass animal death
0.16|fukushima una bomba radioattiva fuori controllo mondo tempo reale
0.22|scientist want fukushima everywhere throughout world
Retrieved 10 new auxiliary tweets.
0.0|fukushima una bomba radioattiva fuori controllo mondo tempo reale
0.0|scientist want fukushima everywhere throughout world
0.0|woah tepco plan dump radioactive water store fukushima ocean instead contain
0.0|remove regulatead area fukushima safe
0.0|well make feel warm fuzzy smgdh real fukushima danger washington blog
0.0|japan issue warn fukushima leak
0.0|happen alaska fukushima responsible mass animal death
0.0|fukushima radiation reach coast safe level nrc say bloomberg via
0.0|fukushima worker low morale plague health woe say insider shit sherlock
0.0|nuclear radiation effect fukushima update fukushima
()
Aux F1 - Iteration-7=0.43
Precision=0.6
Recall=0.12
Aux F1 - ConfusionMatrix:
24.0  2.0  
22.0  3.0  

0.17|sterilize planet read fukushima update itk ele forget
0.21|fukushima daiichus operator handle shutdown say govern party
0.01|fodeo negada fodeo
0.28|really hope people get message fukushima away can get worse make agenda
0.19|will stop tepco iaea gorvernment japan
0.23|japan remove fukushima fuel rod
0.23|tokyo host olympics will feature meter fukushima nuclear puddle jump newest olympic gold medal sport
0.28|jellyfish baby birth defect nuclear radiation fukushima nonuke radiation
0.12|comienza retirarse combustible gastado del reactor fukushima
0.18|sunday closer brink fukushima tepco allhandsondeck
Retrieved 10 new auxiliary tweets.
0.0|fodeo negada fodeo
0.0|comienza retirarse combustible gastado del reactor fukushima
0.0|sunday closer brink fukushima tepco allhandsondeck
0.0|jellyfish baby birth defect nuclear radiation fukushima nonuke radiation
0.0|tokyo host olympics will feature meter fukushima nuclear puddle jump newest olympic gold medal sport
0.0|sterilize planet read fukushima update itk ele forget
0.0|fukushima daiichus operator handle shutdown say govern party
0.0|japan remove fukushima fuel rod
0.0|really hope people get message fukushima away can get worse make agenda
0.0|will stop tepco iaea gorvernment japan
()Adding 10 auxiliary tweets to the training data.

Aux F1 - Iteration-8=0.54
Precision=0.86
Recall=0.24
Aux F1 - ConfusionMatrix:
25.0  1.0  
19.0  6.0  

0.3|japan work massive project keep damage fukushima nuclear plant leak
0.23|please sign share petition crisis fukushima let voice hear
0.22|like video fukushima san francisco human mural
0.27|just turner horror show end can get ride now fukushima fuck doom tepco
0.19|fukushima diary washington via
0.24|forecast show fukushima get eye wall typhoon wipha meteorologyjapan
0.19|inicium tepco paso cleave para desmantelar central fukushima elmundo
0.25|abductee tell comet ison impact fukushima disaster
0.19|conspiracy theory jesse ventura category hurricane aim fukushima
0.28|water piece nuclear fuel come ocean floor fukushima coast tokyo professor
Retrieved 10 new auxiliary tweets.
0.0|just turner horror show end can get ride now fukushima fuck doom tepco
0.0|fukushima diary washington via
0.0|conspiracy theory jesse ventura category hurricane aim fukushima
0.0|water piece nuclear fuel come ocean floor fukushima coast tokyo professor
0.0|abductee tell comet ison impact fukushima disaster
0.0|please sign share petition crisis fukushima let voice hear
0.0|inicium tepco paso cleave para desmantelar central fukushima elmundo
0.0|like video fukushima san francisco human mural
0.0|japan work massive project keep damage fukushima nuclear plant leak
0.0|forecast show fukushima get eye wall typhoon wipha meteorologyjapan
()
Aux F1 - Iteration-9=0.48
Precision=0.8
Recall=0.16
Aux F1 - ConfusionMatrix:
25.0  1.0  
21.0  4.0  

0.17|fukushima lay cloud prepare rain toxic poison upon reality
0.19|fukushima begin fuel rod removal
0.24|fukushima erdbeben
0.28|fukushima first time core nuclear reactor ever liquified fukushima three meltdown
0.3|sign west coast absolutely fry nuclear radiation fukushima via
0.29|earthquake hit japan fukushima
0.26|typhoon stoke fear japan cripple fukushima nuclear plant australian via
0.25|fukushima day eat pacific ocean fish via
0.1|pray someone somewhere take note global issue
0.17|massive radioactive steam detect fukushima reactor
Retrieved 10 new auxiliary tweets.
0.0|fukushima erdbeben
0.0|fukushima first time core nuclear reactor ever liquified fukushima three meltdown
0.0|sign west coast absolutely fry nuclear radiation fukushima via
0.0|typhoon stoke fear japan cripple fukushima nuclear plant australian via
0.0|fukushima day eat pacific ocean fish via
0.0|earthquake hit japan fukushima
0.0|fukushima lay cloud prepare rain toxic poison upon reality
0.0|pray someone somewhere take note global issue
0.0|massive radioactive steam detect fukushima reactor
0.0|fukushima begin fuel rod removal
()
Aux F1 - Iteration-10=0.51
Precision=0.83
Recall=0.2
Aux F1 - ConfusionMatrix:
25.0  1.0  
20.0  5.0  

0.25|fukushima come clean editorial unthinkable think britain plan new generation
0.23|fukushima harm commerce russium reject radioactive japanese car via
0.24|japan brace tepco prepare critical phase fukushima youtube news
0.19|durch atomkatastrophe fukushima transatlantisch fre via
0.29|fukushima business usual japan nuclear industry turkey purchase new plant
0.2|hay nueva fuga radiactiva fukushima muy interesante
0.27|october fukushima japan tepco say combine read just outside
0.17|terremoto fukushima forte scossa vicino alla centrale niente danni
0.22|worry californium toxic water will hit fukushima dilute enough wink wink
0.19|magnitude earthquake shake tokyo halt train nerve fray fukushima decomission
Retrieved 10 new auxiliary tweets.
0.0|fukushima come clean editorial unthinkable think britain plan new generation
0.0|durch atomkatastrophe fukushima transatlantisch fre via
0.0|fukushima business usual japan nuclear industry turkey purchase new plant
0.0|japan brace tepco prepare critical phase fukushima youtube news
0.0|terremoto fukushima forte scossa vicino alla centrale niente danni
0.0|hay nueva fuga radiactiva fukushima muy interesante
0.0|fukushima harm commerce russium reject radioactive japanese car via
0.0|october fukushima japan tepco say combine read just outside
0.0|worry californium toxic water will hit fukushima dilute enough wink wink
0.0|magnitude earthquake shake tokyo halt train nerve fray fukushima decomission
()
Aux F1 - Iteration-11=0.48
Precision=0.8
Recall=0.16
Aux F1 - ConfusionMatrix:
25.0  1.0  
21.0  4.0  

0.24|crisis fukushima unit demand global common dream
0.29|abe tell lie world radioactive contamination water fukushima nuclear power plant control
0.22|energy cost keep japan focus nuclear abc news economy
0.28|fukushima worker order cover detection device downplay radiation level vibes fukushima worke
0.28|earthquake hit japan fukushima via
0.21|fukushima pill official hang ask potassium iodide purchase
0.2|colore fukushima yorokobuyorokobu
0.19|fallout researcher fukushima worst case scenario result billion death letshopenot
0.02|onomen ngono mbh kinjeng ibukne mbah kinjeng jangkrikk kok mbah kupu kupu haha loh eman
0.28|hurt especially japan pass bill need embarrassed fukushima let world help fukushima
Retrieved 10 new auxiliary tweets.
0.0|onomen ngono mbh kinjeng ibukne mbah kinjeng jangkrikk kok mbah kupu kupu haha loh eman
0.0|hurt especially japan pass bill need embarrassed fukushima let world help fukushima
0.0|fukushima worker order cover detection device downplay radiation level vibes fukushima worke
0.0|earthquake hit japan fukushima via
0.0|energy cost keep japan focus nuclear abc news economy
0.0|fukushima pill official hang ask potassium iodide purchase
0.0|fallout researcher fukushima worst case scenario result billion death letshopenot
0.0|abe tell lie world radioactive contamination water fukushima nuclear power plant control
0.0|crisis fukushima unit demand global common dream
0.0|colore fukushima yorokobuyorokobu
()
Aux F1 - Iteration-12=0.51
Precision=0.83
Recall=0.2
Aux F1 - ConfusionMatrix:
25.0  1.0  
20.0  5.0  

0.24|soar radiation fukushima groundwater common dream
0.25|fukushima poursuite criminelle contre les dirigeants tepco
0.22|tepco verliest controle fukushima
0.22|epicenter fukushima coast max shindo earthquake jpquake
0.28|fukushima npp accident nuclear disaster even one die acute radiation sickness via
0.16|experto internacionale analizan radiactividad del mar fukushima
0.16|photo urajirus odaka city fukushima
0.31|fukushima failure decontamination system stop function article fukushima nuclear
0.22|apparently fukushima release enough radioactive shit pacific ocean put know wtf mode
0.16|broken life fukushima adventure serial trespasserbroken life fukushimathe first photothe
Retrieved 10 new auxiliary tweets.
0.0|soar radiation fukushima groundwater common dream
0.0|apparently fukushima release enough radioactive shit pacific ocean put know wtf mode
0.0|broken life fukushima adventure serial trespasserbroken life fukushimathe first photothe
0.0|fukushima failure decontamination system stop function article fukushima nuclear
0.0|photo urajirus odaka city fukushima
0.0|fukushima poursuite criminelle contre les dirigeants tepco
0.0|experto internacionale analizan radiactividad del mar fukushima
0.0|epicenter fukushima coast max shindo earthquake jpquake
0.0|fukushima npp accident nuclear disaster even one die acute radiation sickness via
0.0|tepco verliest controle fukushima
()
Aux F1 - Iteration-13=0.54
Precision=0.86
Recall=0.24
Aux F1 - ConfusionMatrix:
25.0  1.0  
19.0  6.0  

0.24|check date effort fukushima nuclear crisis separate fact fiction via
0.26|mind unleash fukushima now state emergency leak
0.3|japan protest french fukushima toon
0.28|fukushima nuclear disaster warn world say power company boss via
0.17|gafe rajoy dice temore sobre fukushima son infundado detecta una fuga quesequede
0.26|connect dot fukushima year nuclear yet faq frequently ask
0.23|tell secgen world expert must oversee fukushima decommission irresponsible
0.26|horrible radioactivity fukushima will poison world millennium time face truth
0.22|fukushima world fuel melt
0.27|abe make nuclear power plant disaster fukushima forget please forget means
Retrieved 10 new auxiliary tweets.
0.0|fukushima world fuel melt
0.0|abe make nuclear power plant disaster fukushima forget please forget means
0.0|tell secgen world expert must oversee fukushima decommission irresponsible
0.0|connect dot fukushima year nuclear yet faq frequently ask
0.0|check date effort fukushima nuclear crisis separate fact fiction via
0.0|horrible radioactivity fukushima will poison world millennium time face truth
0.0|fukushima nuclear disaster warn world say power company boss via
0.0|gafe rajoy dice temore sobre fukushima son infundado detecta una fuga quesequede
0.0|japan protest french fukushima toon
0.0|mind unleash fukushima now state emergency leak
()
Aux F1 - Iteration-14=0.51
Precision=0.83
Recall=0.2
Aux F1 - ConfusionMatrix:
25.0  1.0  
20.0  5.0  

0.26|fukushima threaten hiroshima tell obama redirect new nuke plant crisis
0.2|implement paul stamet plan mycological remediation fukushima official respon
0.3|fukushima suffer another setback tokyo operator japan cripple fukushima nuclear plant say
0.2|number one concern humanity radioactivity level find fukushima plant well ajw asahi shimbun
0.22|dot earth blog fukushima radiation still pose californium risk
0.24|fukushima break news warn pacific genocide typhoon kevin blanch
0.26|removal fuel rod begin fukushima daiichus nuclear plant
0.24|world action now fukushima harvey wasserman via
-0.01|pcv pressure suddenly decrease half reason verify
0.23|fukushima nuclear evacuation zone photo available online
Retrieved 10 new auxiliary tweets.
0.0|pcv pressure suddenly decrease half reason verify
0.0|fukushima nuclear evacuation zone photo available online
0.0|fukushima suffer another setback tokyo operator japan cripple fukushima nuclear plant say
0.0|removal fuel rod begin fukushima daiichus nuclear plant
0.0|fukushima threaten hiroshima tell obama redirect new nuke plant crisis
0.0|implement paul stamet plan mycological remediation fukushima official respon
0.0|world action now fukushima harvey wasserman via
0.0|number one concern humanity radioactivity level find fukushima plant well ajw asahi shimbun
0.0|dot earth blog fukushima radiation still pose californium risk
0.0|fukushima break news warn pacific genocide typhoon kevin blanch
()Adding 10 auxiliary tweets to the training data.

Aux F1 - Iteration-15=0.57
Precision=0.88
Recall=0.28
Aux F1 - ConfusionMatrix:
25.0  1.0  
18.0  7.0  

0.22|fukushima disaster advocate argue safe nuclear power none
0.29|fukushima radiation hit west coast hit feel canadian mexican citizen alike
0.0|
0.21|question toxic fukushima fish octomom think tossup
0.28|fukushima
0.24|fukushima industry just make unfortunate brand choice via
0.25|record radiation fukushima detect via
0.29|wtf fukushima japan bad enuf radiation also spray chemtrail
0.18|post edit fukushima syrium cyrus
0.3|fukushima new normal nuclear reactor via
Retrieved 10 new auxiliary tweets.
0.0|fukushima radiation hit west coast hit feel canadian mexican citizen alike
0.0|wtf fukushima japan bad enuf radiation also spray chemtrail
0.0|fukushima disaster advocate argue safe nuclear power none
0.0|post edit fukushima syrium cyrus
0.0|fukushima new normal nuclear reactor via
0.0|record radiation fukushima detect via
0.0|fukushima industry just make unfortunate brand choice via
0.0|
0.0|question toxic fukushima fish octomom think tossup
0.0|fukushima
()
Aux F1 - Iteration-16=0.57
Precision=0.88
Recall=0.28
Aux F1 - ConfusionMatrix:
25.0  1.0  
18.0  7.0  

0.18|msm tell fukushima death climate global kxl fracking tarsand
0.21|fukushima human mural ocean beach san francisco
0.2|bbc news fukushima leak much worse lead believe
0.3|japan marine expert fukushima radioactive tank may already empty pacific ocean xinhua
0.19|tokyo governor slam fukushima coverage eve olympics vote
0.25|mislead public inaccurate information fukushima
0.24|enough fukushima economics jwssfblfa
0.15|fukushima fish unsafe human pacific whale apparently witness incredible suffering death shameonus
0.22|next fukushima responsibility
0.2|apaajanew kebocoran reaktor nuklir fukushima memburuk
Retrieved 10 new auxiliary tweets.
0.0|fukushima human mural ocean beach san francisco
0.0|fukushima fish unsafe human pacific whale apparently witness incredible suffering death shameonus
0.0|msm tell fukushima death climate global kxl fracking tarsand
0.0|next fukushima responsibility
0.0|apaajanew kebocoran reaktor nuklir fukushima memburuk
0.0|enough fukushima economics jwssfblfa
0.0|mislead public inaccurate information fukushima
0.0|japan marine expert fukushima radioactive tank may already empty pacific ocean xinhua
0.0|tokyo governor slam fukushima coverage eve olympics vote
0.0|bbc news fukushima leak much worse lead believe
()
Aux F1 - Iteration-17=0.54
Precision=0.86
Recall=0.24
Aux F1 - ConfusionMatrix:
25.0  1.0  
19.0  6.0  

0.24|scion japan spend store radioactive fukushima watch hot girl
0.28|fukushima
0.16|anyone else worried fukushima genuinely just japansfuck
0.18|las empresas japonesas contratan indigente para limpiar zona del desastre nuclear fukushima
0.18|massive expensive untested wall ice keep fukushima check via
0.27|fukushima leak problem bbc nuclear
0.23|fukushima reactor well water seawall thousand becquerel via
0.23|new think fukushima new emergency wake shun propaganda get
0.24|fukushima news decontamination ineffective duh iaea dispatch via
0.23|tornade entre fukushima tokyo
Retrieved 10 new auxiliary tweets.
0.0|fukushima news decontamination ineffective duh iaea dispatch via
0.0|tornade entre fukushima tokyo
0.0|new think fukushima new emergency wake shun propaganda get
0.0|anyone else worried fukushima genuinely just japansfuck
0.0|fukushima reactor well water seawall thousand becquerel via
0.0|scion japan spend store radioactive fukushima watch hot girl
0.0|fukushima
0.0|las empresas japonesas contratan indigente para limpiar zona del desastre nuclear fukushima
0.0|massive expensive untested wall ice keep fukushima check via
0.0|fukushima leak problem bbc nuclear
()
Aux F1 - Iteration-18=0.54
Precision=0.86
Recall=0.24
Aux F1 - ConfusionMatrix:
25.0  1.0  
19.0  6.0  

0.2|fukushima fishery resume trial fishing sample prove safe japan time
0.19|giappone prima turbina eolica davanti alle coste fukushima via
0.23|demand global fukushima hit critical mass harvey wasserman
0.27|radiation level spike fukushima plant radiation reading near tank hold toxic water japan crippl
0.16|boss save pandora pull big gun pressure real cleanup fukushima savethepacific
0.26|may concern fukushima situation control
0.28|japan radiation reading spike fukushima nuclear plant bring company contaminate
0.03|amo esta noticia trucha
0.23|japan steuert auf fukushima via
0.24|report fukushima overwhelm radioactive water asiapacific
Retrieved 10 new auxiliary tweets.
0.0|demand global fukushima hit critical mass harvey wasserman
0.0|giappone prima turbina eolica davanti alle coste fukushima via
0.0|japan steuert auf fukushima via
0.0|report fukushima overwhelm radioactive water asiapacific
0.0|fukushima fishery resume trial fishing sample prove safe japan time
0.0|amo esta noticia trucha
0.0|japan radiation reading spike fukushima nuclear plant bring company contaminate
0.0|may concern fukushima situation control
0.0|radiation level spike fukushima plant radiation reading near tank hold toxic water japan crippl
0.0|boss save pandora pull big gun pressure real cleanup fukushima savethepacific
()
Aux F1 - Iteration-19=0.54
Precision=0.86
Recall=0.24
Aux F1 - ConfusionMatrix:
25.0  1.0  
19.0  6.0  

0.32|fukushima get point two year situation japan stricken nuclear power plant
0.2|will fukushima mutate sea life
0.23|fukushima story via
0.14|gaat nog raar worden daar fukushima dus rest van wereld
0.24|play japan fukushima squidcock uniform
0.17|accord pour surveiller fukushima tchernobyl science technologie
0.25|japan touch fukushima water crisis
0.2|world community must take charge fukushima worldhealth nucular
0.23|rate fukushima radiation spread also get king ghidorah mothra rodan whole lot
0.28|fukushima usa prepare nuclear holocaust kill pacific unimaginable
Retrieved 10 new auxiliary tweets.
0.0|rate fukushima radiation spread also get king ghidorah mothra rodan whole lot
0.0|fukushima usa prepare nuclear holocaust kill pacific unimaginable
0.0|world community must take charge fukushima worldhealth nucular
0.0|fukushima get point two year situation japan stricken nuclear power plant
0.0|accord pour surveiller fukushima tchernobyl science technologie
0.0|japan touch fukushima water crisis
0.0|gaat nog raar worden daar fukushima dus rest van wereld
0.0|play japan fukushima squidcock uniform
0.0|fukushima story via
0.0|will fukushima mutate sea life
()
Aux F1 - Iteration-20=0.57
Precision=0.88
Recall=0.28
Aux F1 - ConfusionMatrix:
25.0  1.0  
18.0  7.0  

