Using Spark's default log4j profile: org/apache/spark/log4j-defaults.properties
17/03/25 20:47:13 INFO Remoting: Starting remoting
17/03/25 20:47:13 INFO Remoting: Remoting started; listening on addresses :[akka.tcp://sparkDriver@172.30.204.173:57547]
Hello World!11

***************** Parameters used for EXPERIMENT *****************
	filterToUse = CosineSim
	minSimilarityThreshold = 0.55
	cosineSimilarityWindowSize= 0.15
	minWmDistanceThreshold = 0.0199
	maxFpmWordsToPick = 35
	minFpmWordsDetected = 0
	refreshLocalWordVectors = false
	maxExperimentIterations = 20
	maxAuxTweetsToAddEachIteration = 10
	thresholdF1 = 0.98
	classifierType = Cnn
	folderNameForCnnClassifier = 
	auxiliaryThresholdExpectation = 0.01
	fileDelimiter = ,
	trainingDataFile = data/final/egypt_training_data.txt
	validationDataFile = data/final/egypt_validation_data.txt
	auxiliaryDataFile = data/final/egypt_auxiliary_data.txt
	supplementedCleanAuxiliaryFile = data/final/egypt_auxiliary_data_clean.txt

***************** Parameters used for EXPERIMENT *****************


Initial F1=0.59
Precision=0.66
Recall=0.94
Initial - ConfusionMatrix:
6.0  15.0  
2.0  29.0  

[Stage 20:=============================>                            (1 + 1) / 2]                                                                                Adding annotator tokenize
Adding annotator ssplit
Adding annotator pos
Adding annotator lemma
Adding annotator tokenize
Adding annotator ssplit
Adding annotator pos
Adding annotator lemma
0.35|match report tuni tunisium ahly egypt cafchampionsleague final football soccer africa
0.42|female journalist savagely attack cairo egypt
0.52|egypt alien syberium
0.4|someone another question will head referendum committee now hour leave round egypt
0.48|proud egyptian tahrir egypt
0.52|per ognus sorpresina oggus dobbiamo sempre ringraziare tantawus per quellum notte tragica cuus sciolse parlamento per decreto egypt
0.42|photography update anti muslim brotherhood protest egypt ikhwan morsus
0.44|egypt fat black girl get spank big cock lol
0.43|scene now outside presidential palace egypt
0.43|egypt wtf real
Retrieved 2 new auxiliary tweets.
0.0|match report tuni tunisium ahly egypt cafchampionsleague final football soccer africa
0.0|someone another question will head referendum committee now hour leave round egypt
()Adding 2 auxiliary tweets to the training data.

Aux F1 - Iteration-1=0.69
Precision=0.8
Recall=0.65
Aux F1 - ConfusionMatrix:
16.0  5.0   
11.0  20.0  

0.49|egypt salafist order coptic church land egypt salafist copt
0.37|translate egypt clash alexandrium phase referendum egyptian
0.42|egypt protest morsus power grab first flower arabspring shalom cohen
0.46|egypt right obama egypt murder christian violation human rights
0.46|abused brotherhood become abuser psychiatrist via morsus islamist salafist egypt
0.37|miss summer weather sky instaweather instaweatherpro outdoors nature dokkus egypt day autumn
0.42|ibrahim eissa will host hamdeen sabbahus tonight qahera wal egypt
0.43|say gaddafus ago take state media full control tahrir egypt
0.31|greek president israel take egypt gas oil resource gov move
0.4|love egypt hate egyptian
Retrieved 4 new auxiliary tweets.
0.0|miss summer weather sky instaweather instaweatherpro outdoors nature dokkus egypt day autumn
0.0|greek president israel take egypt gas oil resource gov move
0.0|translate egypt clash alexandrium phase referendum egyptian
0.0|love egypt hate egyptian
()
Aux F1 - Iteration-2=0.48
Precision=1.0
Recall=0.19
Aux F1 - ConfusionMatrix:
21.0  0.0  
25.0  6.0  

0.44|egypt islamist moron proudly present item threaten egypt book christ cartridge alcohol pic arabeyya
0.41|voting period extend due high turnout say sec read lack judge egypt
0.38|flagman flagman egypt camel jockey israel give terrorist
0.27|baradei cnn ready national dialogue first postpone referendum dialogue damoclese sword egypt
0.44|egypt way draw can
0.35|egypt masr april leader quit constituent assembly sinaus
0.48|protest firework laser egypt palace
0.25|safarkhan art egypt november exhibition vivid memory wael darwish november till november
0.43|egypt footage wow nostalgia
0.4|egypt love much hahaha
Retrieved 5 new auxiliary tweets.
0.0|egypt love much hahaha
0.0|safarkhan art egypt november exhibition vivid memory wael darwish november till november
0.0|flagman flagman egypt camel jockey israel give terrorist
0.0|baradei cnn ready national dialogue first postpone referendum dialogue damoclese sword egypt
0.0|egypt masr april leader quit constituent assembly sinaus
()
Aux F1 - Iteration-3=0.48
Precision=1.0
Recall=0.19
Aux F1 - ConfusionMatrix:
21.0  0.0  
25.0  6.0  

0.48|egypt can semi retard
0.34|egypt little reason celebrate south sudan first birthday
0.38|muslim brotherhood set ablaze office burn whoa egypt ikhwan
0.36|morsy now talk hand create presidential palace civil war egypt
0.52|ankh british museum hieroglyphic egypt ankh
0.43|islamist egypt morsus tahrir auc muslimbrotherhood
0.31|destruction heritage site syrium raise question cost democracy occupy occupywallstreet occu
0.35|nyc forecast overnight partly cloudy low temp occupywallstreet tpp
0.34|nyc forecast afternoon sunny high temp occupywallstreet tpp sgp
0.4|link city will underwater year occupy occupywallstreet occupyhq grassroot usa
Retrieved 7 new auxiliary tweets.
0.0|egypt little reason celebrate south sudan first birthday
0.0|morsy now talk hand create presidential palace civil war egypt
0.0|destruction heritage site syrium raise question cost democracy occupy occupywallstreet occu
0.0|link city will underwater year occupy occupywallstreet occupyhq grassroot usa
0.0|nyc forecast overnight partly cloudy low temp occupywallstreet tpp
0.0|muslim brotherhood set ablaze office burn whoa egypt ikhwan
0.0|nyc forecast afternoon sunny high temp occupywallstreet tpp sgp
()
Aux F1 - Iteration-4=0.55
Precision=1.0
Recall=0.29
Aux F1 - ConfusionMatrix:
21.0  0.0  
22.0  9.0  

0.33|vietnamese dissident lawyer face obstruction ahead trial occupy occupywallstreet occupyhq grassroot
0.34|andrew curtin photo selfie occupy occupywallstreet occupyhq grassroot
0.38|nyc forecast wed night thunderstorm low temp occupywallstreet glennbeck tcot
0.38|alex schaefer burn bank occupy occupywallstreet occupyhq grassroot
0.17|study economic inequality will lead downfall civilization
0.36|fishy dome special slideshow occupy occupywallstreet occupyhq grassroot
0.36|cme break due technical issue occupy occupywallstreet occupyhq grassroot
0.38|nyc forecast mon sunny high temp get smart occupywallstreet sgp
0.37|preview death bin laden revisted nightly news video occupy occupywallstreet occupyhq
0.35|rule bitcoin property subject capital gain tax occupy occupywallstreet occupyhq grassroot
Retrieved 10 new auxiliary tweets.
0.0|andrew curtin photo selfie occupy occupywallstreet occupyhq grassroot
0.0|alex schaefer burn bank occupy occupywallstreet occupyhq grassroot
0.0|study economic inequality will lead downfall civilization
0.0|preview death bin laden revisted nightly news video occupy occupywallstreet occupyhq
0.0|rule bitcoin property subject capital gain tax occupy occupywallstreet occupyhq grassroot
0.0|fishy dome special slideshow occupy occupywallstreet occupyhq grassroot
0.0|cme break due technical issue occupy occupywallstreet occupyhq grassroot
0.0|vietnamese dissident lawyer face obstruction ahead trial occupy occupywallstreet occupyhq grassroot
0.0|nyc forecast mon sunny high temp get smart occupywallstreet sgp
0.0|nyc forecast wed night thunderstorm low temp occupywallstreet glennbeck tcot
()
Aux F1 - Iteration-5=0.55
Precision=0.75
Recall=0.39
Aux F1 - ConfusionMatrix:
17.0  4.0   
19.0  12.0  

0.34|confession juiced journalist occupy occupywallstreet occupyhq grassroot
0.07|kitchen nostalgia submit link comment
0.38|nyc forecast sit night partly cloudy low temp occupywallstreet tcot
0.36|nyc forecast frus night rain low temp occupywallstreet topprog glennbeck
0.39|israel gaza big picture occupy occupywallstreet occupyhq grassroot usa canada europe
0.36|nyc forecast sun night mostly clear low temp occupywallstreet tpp glennbeck
0.37|secretive turkish movement buy influence occupy occupywallstreet occupyhq grassroot usa
0.38|nyc forecast sit night mostly cloudy low temp occupywallstreet tcot tcot
0.35|nyc forecast afternoon sunny high temp occupywallstreet tpp
0.37|can now buy custom nyc street sign dot may suggest occupywallstreet
Retrieved 10 new auxiliary tweets.
0.0|nyc forecast frus night rain low temp occupywallstreet topprog glennbeck
0.0|israel gaza big picture occupy occupywallstreet occupyhq grassroot usa canada europe
0.0|nyc forecast afternoon sunny high temp occupywallstreet tpp
0.0|can now buy custom nyc street sign dot may suggest occupywallstreet
0.0|nyc forecast sit night mostly cloudy low temp occupywallstreet tcot tcot
0.0|kitchen nostalgia submit link comment
0.0|confession juiced journalist occupy occupywallstreet occupyhq grassroot
0.0|nyc forecast sit night partly cloudy low temp occupywallstreet tcot
0.0|secretive turkish movement buy influence occupy occupywallstreet occupyhq grassroot usa
0.0|nyc forecast sun night mostly clear low temp occupywallstreet tpp glennbeck
()
Aux F1 - Iteration-6=0.58
Precision=1.0
Recall=0.32
Aux F1 - ConfusionMatrix:
21.0  0.0   
21.0  10.0  

0.39|jesse jackson call symbolic protest clipper player occupy occupywallstreet occupyhq
0.29|brussels conference stress need approach stabilize malus occupy occupywallstreet
0.18|occupywallstreet give nypd perfect excuse crack elderly veteran
0.38|colombium justice peace law failure expert say occupy occupywallstreet occupyhq grassroot
0.37|soil association disown word say resign trustee occupy occupywallstreet occupyhq grassro
0.36|cull human herd century occupy occupywallstreet occupyhq grassroot
0.22|support brother sister occupygezus reoccupy zuccottus occupywallstreet
0.4|may will reid park occupy occupywallstreet occupyhq grassroot usa canada europe
0.32|unhcr urge prevent refugee joournalist expulsion occupy occupywallstreet occupyhq grassroot
0.41|new corvette spytech record conversation video occupy occupywallstreet occupyhq grassroot usa
Retrieved 9 new auxiliary tweets.
0.0|brussels conference stress need approach stabilize malus occupy occupywallstreet
0.0|may will reid park occupy occupywallstreet occupyhq grassroot usa canada europe
0.0|unhcr urge prevent refugee joournalist expulsion occupy occupywallstreet occupyhq grassroot
0.0|support brother sister occupygezus reoccupy zuccottus occupywallstreet
0.0|jesse jackson call symbolic protest clipper player occupy occupywallstreet occupyhq
0.0|colombium justice peace law failure expert say occupy occupywallstreet occupyhq grassroot
0.0|occupywallstreet give nypd perfect excuse crack elderly veteran
0.0|soil association disown word say resign trustee occupy occupywallstreet occupyhq grassro
0.0|cull human herd century occupy occupywallstreet occupyhq grassroot
()
Aux F1 - Iteration-7=0.52
Precision=0.62
Recall=0.84
Aux F1 - ConfusionMatrix:
5.0  16.0  
5.0  26.0  

0.28|hilaryclinton run president hilary will care olsx teamster occupywallstreet
0.37|japan next economic domino fall occupy occupywallstreet occupyhq grassroot
0.31|dear state department moral authority tell country treat protest occupation occupywallstreet
0.3|occupy together jefferson airplane occupywallstreet ocw
0.35|politico rand paul marco rubio differ iraq action occupy occupywallstreet occupyhq grassroot usa
0.4|nyc forecast frus night mostly cloudy low temp get smart occupywallstreet tlot tlot
0.37|banky occupy nigerium bbc news occupy occupywallstreet occupyhq grassroot
0.36|nyc forecast tue night rain low temp occupywallstreet teaparty
0.28|give bank tab debt occupywallstreet
0.34|will ban kettle hairdryer help climate change effort occupy occupywallstreet
Retrieved 10 new auxiliary tweets.
0.0|nyc forecast tue night rain low temp occupywallstreet teaparty
0.0|japan next economic domino fall occupy occupywallstreet occupyhq grassroot
0.0|occupy together jefferson airplane occupywallstreet ocw
0.0|politico rand paul marco rubio differ iraq action occupy occupywallstreet occupyhq grassroot usa
0.0|dear state department moral authority tell country treat protest occupation occupywallstreet
0.0|nyc forecast frus night mostly cloudy low temp get smart occupywallstreet tlot tlot
0.0|banky occupy nigerium bbc news occupy occupywallstreet occupyhq grassroot
0.0|hilaryclinton run president hilary will care olsx teamster occupywallstreet
0.0|give bank tab debt occupywallstreet
0.0|will ban kettle hairdryer help climate change effort occupy occupywallstreet
()
Aux F1 - Iteration-8=0.36
Precision=1.0
Recall=0.06
Aux F1 - ConfusionMatrix:
21.0  0.0  
29.0  2.0  

0.22|fine fraud morgan agree pay record settle charge toxic mortgage occupywallstreet
0.39|shooter moncton canada phone report part video occupy occupywallstreet occupyhq grassroot
0.36|reason question investigate anniversary occupy occupywallstreet occupyhq gra
0.32|government privatization support inequality occupy opesr occupyhq
0.32|welcome back lobbyist obama save seat capitol hill occupy occupywallstreet occupyhq grassro
0.38|surveillance camera will soon read lip video occupy occupywallstreet occupyhq grassroot
0.37|rand paul woman problem occupy occupywallstreet occupyhq grassroot
0.38|unhcr condemn deadly attack hom collective shelter occupy occupywallstreet occupyhq grassroot
0.37|nyc forecast wed thunderstorm high temp get smart occupywallstreet ocra teaparty
0.34|rat meat sell lamb china occupy occupywallstreet occupyhq grassroot
Retrieved 10 new auxiliary tweets.
0.0|reason question investigate anniversary occupy occupywallstreet occupyhq gra
0.0|rand paul woman problem occupy occupywallstreet occupyhq grassroot
0.0|fine fraud morgan agree pay record settle charge toxic mortgage occupywallstreet
0.0|surveillance camera will soon read lip video occupy occupywallstreet occupyhq grassroot
0.0|nyc forecast wed thunderstorm high temp get smart occupywallstreet ocra teaparty
0.0|rat meat sell lamb china occupy occupywallstreet occupyhq grassroot
0.0|government privatization support inequality occupy opesr occupyhq
0.0|welcome back lobbyist obama save seat capitol hill occupy occupywallstreet occupyhq grassro
0.0|unhcr condemn deadly attack hom collective shelter occupy occupywallstreet occupyhq grassroot
0.0|shooter moncton canada phone report part video occupy occupywallstreet occupyhq grassroot
()
Aux F1 - Iteration-9=0.29
Precision=0.0
Recall=0.0
Aux F1 - ConfusionMatrix:
21.0  0.0  
31.0  0.0  

0.38|gunfail occupy occupywallstreet occupyhq grassroot
0.37|work poor welcome walmart occupy occupywallstreet occupyhq grassroot usa canada eur
0.39|nyc forecast mon night thunderstorm low temp get smart occupywallstreet topprog glennbeck
0.09|romney agenda reek radicalism turn notch
0.37|nyc forecast wed night rain low temp occupywallstreet sgp
0.32|green group accuse trash queensland reputation overseas occupy occupywallstreet occupyhq gras
0.22|noamchomsky quote mymanatee occupywallstreet
0.21|santa give present rich kid occupywallstreet perpetuatingpoverty
0.15|movimento mondiale osservato anche occupywallstreet nel andremo oltre micah white
0.36|texa appalachium put body line occupy occupywallstreet occupyhq grassroot
Retrieved 10 new auxiliary tweets.
0.0|work poor welcome walmart occupy occupywallstreet occupyhq grassroot usa canada eur
0.0|green group accuse trash queensland reputation overseas occupy occupywallstreet occupyhq gras
0.0|movimento mondiale osservato anche occupywallstreet nel andremo oltre micah white
0.0|texa appalachium put body line occupy occupywallstreet occupyhq grassroot
0.0|santa give present rich kid occupywallstreet perpetuatingpoverty
0.0|gunfail occupy occupywallstreet occupyhq grassroot
0.0|noamchomsky quote mymanatee occupywallstreet
0.0|romney agenda reek radicalism turn notch
0.0|nyc forecast wed night rain low temp occupywallstreet sgp
0.0|nyc forecast mon night thunderstorm low temp get smart occupywallstreet topprog glennbeck
()Adding 10 auxiliary tweets to the training data.

Aux F1 - Iteration-10=0.71
Precision=0.9
Recall=0.58
Aux F1 - ConfusionMatrix:
19.0  2.0   
13.0  18.0  

0.19|dalaus lama slave owner dalailama lamagate occupywallstreet
0.22|include contradiction democracy centralism leadership lead occupywallstreet
0.39|global may day protest austerity death bangladeshi worker via occupywallstreet
0.34|decolonize pipeline resistance interview freda huson occupy occupywallstreet occupyhq grassroot
0.36|nyc forecast thu night mostly cloudy low temp occupywallstreet tpp topprog
0.18|win funny occupywallstreet communist occupyhongkong
0.4|may day schedule occupy occupywallstreet occupyhq grassroot
0.22|kelly thoma verdict cop now license murder filmthepolice anonfamily opsafewinter occupywallstreet
0.38|sudanese trader kill south sudan ambush occupy occupywallstreet occupyhq grassroot
0.36|nyc forecast wed night thunderstorm low temp occupywallstreet ocra topprog
Retrieved 10 new auxiliary tweets.
0.0|decolonize pipeline resistance interview freda huson occupy occupywallstreet occupyhq grassroot
0.0|nyc forecast thu night mostly cloudy low temp occupywallstreet tpp topprog
0.0|include contradiction democracy centralism leadership lead occupywallstreet
0.0|may day schedule occupy occupywallstreet occupyhq grassroot
0.0|kelly thoma verdict cop now license murder filmthepolice anonfamily opsafewinter occupywallstreet
0.0|dalaus lama slave owner dalailama lamagate occupywallstreet
0.0|win funny occupywallstreet communist occupyhongkong
0.0|sudanese trader kill south sudan ambush occupy occupywallstreet occupyhq grassroot
0.0|nyc forecast wed night thunderstorm low temp occupywallstreet ocra topprog
0.0|global may day protest austerity death bangladeshi worker via occupywallstreet
()
Aux F1 - Iteration-11=0.39
Precision=1.0
Recall=0.1
Aux F1 - ConfusionMatrix:
21.0  0.0  
28.0  3.0  

0.34|iran two ahwazus arab man risk imminent execution occupy occupywallstreet occupyhq grassroot
0.38|amateur activist occupy occupywallstreet occupyhq grassroot usa canada
0.31|nyc forecast sun snow high temp occupywallstreet tpp tpp
0.21|greek police arrest editor weekly magazine dissent occupygreece occupywallstreet
0.39|green news report november occupy occupywallstreet occupyhq grassroot usa canada
0.37|malalum receive liberty medal occupy occupywallstreet occupyhq grassroot usa canada
0.36|pentagon ready train syrian rebel occupy occupywallstreet occupyhq grassroot usa
0.36|nyc forecast wed night mostly clear low temp occupywallstreet tpp topprog
0.4|turkey withstand hostage ordeal say turkish occupy occupywallstreet occupyhq grassroot usa
0.34|iran hardliner impeach moderate minister green movement protest occupy occupywallstreet
Retrieved 10 new auxiliary tweets.
0.0|amateur activist occupy occupywallstreet occupyhq grassroot usa canada
0.0|nyc forecast wed night mostly clear low temp occupywallstreet tpp topprog
0.0|malalum receive liberty medal occupy occupywallstreet occupyhq grassroot usa canada
0.0|pentagon ready train syrian rebel occupy occupywallstreet occupyhq grassroot usa
0.0|iran two ahwazus arab man risk imminent execution occupy occupywallstreet occupyhq grassroot
0.0|greek police arrest editor weekly magazine dissent occupygreece occupywallstreet
0.0|green news report november occupy occupywallstreet occupyhq grassroot usa canada
0.0|nyc forecast sun snow high temp occupywallstreet tpp tpp
0.0|turkey withstand hostage ordeal say turkish occupy occupywallstreet occupyhq grassroot usa
0.0|iran hardliner impeach moderate minister green movement protest occupy occupywallstreet
()
Aux F1 - Iteration-12=0.55
Precision=1.0
Recall=0.29
Aux F1 - ConfusionMatrix:
21.0  0.0  
22.0  9.0  

0.0|
0.34|silent crisis bahrain opposition seek support international attention russium occupy occupywallstreet
0.36|celente world currency trouble occupy occupywallstreet occupyhq grassroot
0.21|return pluribus unum occupy opesr
0.3|bureau reclamation release additional flow avert klamath river fish kill occupy occupywallstreet
0.37|nyc forecast mon night overcast low temp occupywallstreet tlot sgp
0.31|phoenix last night cop kill unarmed black man afraid prescription bottle occupy
0.36|nyc forecast mon night mostly clear low temp occupywallstreet topprog tcot
0.39|syrium meet end solution occupy occupywallstreet occupyhq grassroot
0.28|natale vince tutto ahime occupywallstreet capodanno nellum grande melum happy new year
Retrieved 10 new auxiliary tweets.
0.0|nyc forecast mon night mostly clear low temp occupywallstreet topprog tcot
0.0|syrium meet end solution occupy occupywallstreet occupyhq grassroot
0.0|natale vince tutto ahime occupywallstreet capodanno nellum grande melum happy new year
0.0|silent crisis bahrain opposition seek support international attention russium occupy occupywallstreet
0.0|celente world currency trouble occupy occupywallstreet occupyhq grassroot
0.0|nyc forecast mon night overcast low temp occupywallstreet tlot sgp
0.0|phoenix last night cop kill unarmed black man afraid prescription bottle occupy
0.0|
0.0|return pluribus unum occupy opesr
0.0|bureau reclamation release additional flow avert klamath river fish kill occupy occupywallstreet
()
Aux F1 - Iteration-13=0.63
Precision=0.88
Recall=0.45
Aux F1 - ConfusionMatrix:
19.0  2.0   
17.0  14.0  

0.35|nyc forecast sit night rain low temp occupywallstreet ocra sgp
0.38|nyc forecast wed night mostly cloudy low temp occupywallstreet tpp
0.3|alle reden zur deutsche bank hauptversammlung frankfurt occupy occupywallstreet
0.39|nyc forecast frus partly cloudy high temp get smart occupywallstreet tlot topprog
0.16|backfire dividend quest usurp growth cut research worldwide quantitative easing may make invest
0.38|crisis viva southern europe new normal part occupy occupywallstreet occupyhq grassroot
0.42|egypt wassssssuuuuuupppp people wazzuppp horny watch lol
0.49|can get view egypt
0.45|sumofmind archive sexually harass keep quiet amman cairo egypt jordan sexu
0.43|egypt serious
Retrieved 6 new auxiliary tweets.
0.0|nyc forecast sit night rain low temp occupywallstreet ocra sgp
0.0|nyc forecast frus partly cloudy high temp get smart occupywallstreet tlot topprog
0.0|backfire dividend quest usurp growth cut research worldwide quantitative easing may make invest
0.0|nyc forecast wed night mostly cloudy low temp occupywallstreet tpp
0.0|alle reden zur deutsche bank hauptversammlung frankfurt occupy occupywallstreet
0.0|crisis viva southern europe new normal part occupy occupywallstreet occupyhq grassroot
()Adding 6 auxiliary tweets to the training data.

Aux F1 - Iteration-14=0.75
Precision=0.88
Recall=0.68
Aux F1 - ConfusionMatrix:
18.0  3.0   
10.0  21.0  

0.44|egypt jordan work hard employ disabled worker tahrir
0.02|sun truth
0.52|bbm pin add mufc manchesterunited bbmshare bbpin egypt blackberrypin blackberrymessenger dubaus manchesterbbmpin
0.42|sharm sheikh egypt weather fair sharm egypt
0.36|riiiiiposo morsus polipo dietro itihadeya egypt circondato csf army
0.46|alexandrium egypt weather fair alexandrium egypt
0.46|egypt giggling rear end ofhttp pogyph
0.39|egypt masr move towards syrium opposition sinaus
0.34|spanish court uphold decision hand salem spain egypt
0.4|usa russium panic mode fsa gain ground pacing diplomacy putin obama turkey lebanon egypt
Retrieved 5 new auxiliary tweets.
0.0|sun truth
0.0|spanish court uphold decision hand salem spain egypt
0.0|riiiiiposo morsus polipo dietro itihadeya egypt circondato csf army
0.0|usa russium panic mode fsa gain ground pacing diplomacy putin obama turkey lebanon egypt
0.0|egypt masr move towards syrium opposition sinaus
()
Aux F1 - Iteration-15=0.29
Precision=0.0
Recall=0.0
Aux F1 - ConfusionMatrix:
21.0  0.0  
31.0  0.0  

0.38|palestinianleadership overseasleadership hama page iran egypt
0.48|askliam can sometime egypt
0.36|egypt oxycodone liver toxicity buy tramadol glitter just antique saudus ksa bhr
0.4|notice tomorrow safar make beat egypt islam
0.39|egypt two son make cry
0.44|egypt visit place earth quick
0.48|egypt condition cairo eet egyweather
0.37|four egyptian activist gaza injure israeli fire convoy palestine egypt
0.38|egypt douche bag mousterbate pic alien lol
0.46|dob remember place egypt london lebanon syrium instapic instaphoto instamood
Retrieved 6 new auxiliary tweets.
0.0|egypt douche bag mousterbate pic alien lol
0.0|egypt oxycodone liver toxicity buy tramadol glitter just antique saudus ksa bhr
0.0|four egyptian activist gaza injure israeli fire convoy palestine egypt
0.0|palestinianleadership overseasleadership hama page iran egypt
0.0|egypt two son make cry
0.0|notice tomorrow safar make beat egypt islam
()
Aux F1 - Iteration-16=0.48
Precision=1.0
Recall=0.19
Aux F1 - ConfusionMatrix:
21.0  0.0  
25.0  6.0  

0.36|break central bank governor resign post news aswat masriya egypt
0.43|dear unite state bitch dictator obama egypt politics tahrir
0.48|thedrivehome beautiful sunset cairo egypt
0.37|egypt can believe can back
0.41|wasp date egypt insect rachidh nature photo
0.3|egypt child try follow study buy nfl football jersey saudus ksa bhr
0.27|chill beach class egypt alexandrium beach sunshine sand relax arabic egyptian
0.45|cairo contagion lethargy political conundrum egyconstitution egypt
0.41|must read egypt
0.45|call egypt sway palestinian end hostility official say gazaunderattack
Retrieved 4 new auxiliary tweets.
0.0|break central bank governor resign post news aswat masriya egypt
0.0|egypt child try follow study buy nfl football jersey saudus ksa bhr
0.0|egypt can believe can back
0.0|chill beach class egypt alexandrium beach sunshine sand relax arabic egyptian
()
Aux F1 - Iteration-17=0.67
Precision=0.89
Recall=0.52
Aux F1 - ConfusionMatrix:
19.0  2.0   
15.0  16.0  

0.4|tahrir just awe horizontal organization greed tyranny love egypt watchingandlearning
0.43|egypt must forget street child write via poverty
0.41|girl need spoil furniture offer egypt cairo
0.39|yes constitution sake divine paedophilia egypt
0.46|nothing make happier packed arrival hall cairo international airport tourism egypt backontopbitch
0.29|mubarak sentence prison base knowledge event lack action prevent death morsus egypt
0.38|elbaradeus moussa sabbahi press conf tgthr egypt
0.35|groppus bear rovio swiss board ship egypt early country full opportunity http
0.37|egypt flood wise leader time fill middle wide exhausting black hole lighten wait
0.41|egypt live pastor turn church near tahrir field hospital say police firing tearga
Retrieved 6 new auxiliary tweets.
0.0|egypt flood wise leader time fill middle wide exhausting black hole lighten wait
0.0|groppus bear rovio swiss board ship egypt early country full opportunity http
0.0|elbaradeus moussa sabbahi press conf tgthr egypt
0.0|yes constitution sake divine paedophilia egypt
0.0|tahrir just awe horizontal organization greed tyranny love egypt watchingandlearning
0.0|mubarak sentence prison base knowledge event lack action prevent death morsus egypt
()
Aux F1 - Iteration-18=0.48
Precision=1.0
Recall=0.19
Aux F1 - ConfusionMatrix:
21.0  0.0  
25.0  6.0  

0.33|wow end thousand myth remember maspero massacre egypt
0.37|esteem salafus know indecent sexual act car old now support egypt porn ban
0.37|world eye egypt tomorrow constitutional referendum peace globalpolitic canpolus
0.4|world australium urge ban cattle export egypt
0.36|rightfully change policy towards egypt stand universal rights peo
0.36|egypt masr egyptian stage mass rally sinaus
0.38|thousand demonstrator front presidential palace singing national anthem egypt dne via
0.34|anything interesting egypt today haha
0.42|clash cairo egypt plunge deeper crisis afp video
0.44|egypt country
Retrieved 8 new auxiliary tweets.
0.0|esteem salafus know indecent sexual act car old now support egypt porn ban
0.0|anything interesting egypt today haha
0.0|world eye egypt tomorrow constitutional referendum peace globalpolitic canpolus
0.0|wow end thousand myth remember maspero massacre egypt
0.0|egypt masr egyptian stage mass rally sinaus
0.0|thousand demonstrator front presidential palace singing national anthem egypt dne via
0.0|world australium urge ban cattle export egypt
0.0|rightfully change policy towards egypt stand universal rights peo
()
Aux F1 - Iteration-19=0.29
Precision=0.0
Recall=0.0
Aux F1 - ConfusionMatrix:
21.0  0.0  
31.0  0.0  

0.32|shit happen especially egypt
0.46|demonstration surround presidential palace tahrir cairo egypt morsus ikh
0.4|can hear president will see soon auc marchtomorsus tuesday egypt
0.44|must quite sight egypt presidential palace cairo tonight
0.36|mom long time ago egypt time travel adventure
0.36|follow new baby new update way foodiesinthehouse review egypt yallabreak
0.44|egypt receive support presidency via
0.41|egypt lord sexy
0.36|egypt matt receive quit class regard publish stacyi photo
0.4|first info website arab spring youth egypt tahrir bahrain syrium
Retrieved 6 new auxiliary tweets.
0.0|first info website arab spring youth egypt tahrir bahrain syrium
0.0|shit happen especially egypt
0.0|egypt matt receive quit class regard publish stacyi photo
0.0|can hear president will see soon auc marchtomorsus tuesday egypt
0.0|follow new baby new update way foodiesinthehouse review egypt yallabreak
0.0|mom long time ago egypt time travel adventure
()
Aux F1 - Iteration-20=0.36
Precision=1.0
Recall=0.06
Aux F1 - ConfusionMatrix:
21.0  0.0  
29.0  2.0  

